{"/Users/zhigulingo/Downloads/Cursor/dream-analyzer/bot/functions/analyses-history.js": {"path":"/Users/zhigulingo/Downloads/Cursor/dream-analyzer/bot/functions/analyses-history.js","statementMap":{"0":{"start":{"line":3,"column":25},"end":{"line":3,"column":57}},"1":{"start":{"line":4,"column":51},"end":{"line":4,"column":87}},"2":{"start":{"line":5,"column":15},"end":{"line":5,"column":32}},"3":{"start":{"line":6,"column":12},"end":{"line":6,"column":35}},"4":{"start":{"line":8,"column":21},"end":{"line":8,"column":45}},"5":{"start":{"line":9,"column":29},"end":{"line":9,"column":66}},"6":{"start":{"line":10,"column":18},"end":{"line":10,"column":39}},"7":{"start":{"line":11,"column":27},"end":{"line":11,"column":57}},"8":{"start":{"line":12,"column":27},"end":{"line":12,"column":57}},"9":{"start":{"line":13,"column":19},"end":{"line":13,"column":41}},"10":{"start":{"line":17,"column":4},"end":{"line":20,"column":5}},"11":{"start":{"line":18,"column":8},"end":{"line":18,"column":76}},"12":{"start":{"line":19,"column":8},"end":{"line":19,"column":83}},"13":{"start":{"line":21,"column":19},"end":{"line":21,"column":48}},"14":{"start":{"line":22,"column":17},"end":{"line":22,"column":35}},"15":{"start":{"line":23,"column":4},"end":{"line":26,"column":5}},"16":{"start":{"line":24,"column":8},"end":{"line":24,"column":75}},"17":{"start":{"line":25,"column":8},"end":{"line":25,"column":70}},"18":{"start":{"line":27,"column":4},"end":{"line":27,"column":26}},"19":{"start":{"line":28,"column":25},"end":{"line":28,"column":27}},"20":{"start":{"line":29,"column":4},"end":{"line":29,"column":18}},"21":{"start":{"line":30,"column":4},"end":{"line":30,"column":73}},"22":{"start":{"line":30,"column":35},"end":{"line":30,"column":71}},"23":{"start":{"line":31,"column":28},"end":{"line":31,"column":51}},"24":{"start":{"line":32,"column":4},"end":{"line":44,"column":94}},"25":{"start":{"line":33,"column":26},"end":{"line":33,"column":93}},"26":{"start":{"line":34,"column":26},"end":{"line":34,"column":102}},"27":{"start":{"line":35,"column":8},"end":{"line":43,"column":79}},"28":{"start":{"line":36,"column":35},"end":{"line":36,"column":53}},"29":{"start":{"line":37,"column":12},"end":{"line":37,"column":100}},"30":{"start":{"line":37,"column":35},"end":{"line":37,"column":98}},"31":{"start":{"line":38,"column":12},"end":{"line":42,"column":108}},"32":{"start":{"line":39,"column":33},"end":{"line":39,"column":79}},"33":{"start":{"line":40,"column":16},"end":{"line":40,"column":149}},"34":{"start":{"line":40,"column":71},"end":{"line":40,"column":147}},"35":{"start":{"line":41,"column":16},"end":{"line":41,"column":68}},"36":{"start":{"line":42,"column":35},"end":{"line":42,"column":106}},"37":{"start":{"line":43,"column":17},"end":{"line":43,"column":77}},"38":{"start":{"line":44,"column":22},"end":{"line":44,"column":92}},"39":{"start":{"line":48,"column":28},"end":{"line":56,"column":1}},"40":{"start":{"line":49,"column":26},"end":{"line":49,"column":91}},"41":{"start":{"line":50,"column":5},"end":{"line":50,"column":105}},"42":{"start":{"line":51,"column":4},"end":{"line":55,"column":6}},"43":{"start":{"line":58,"column":0},"end":{"line":172,"column":2}},"44":{"start":{"line":59,"column":25},"end":{"line":59,"column":69}},"45":{"start":{"line":60,"column":27},"end":{"line":60,"column":83}},"46":{"start":{"line":61,"column":26},"end":{"line":61,"column":70}},"47":{"start":{"line":62,"column":24},"end":{"line":66,"column":5}},"48":{"start":{"line":69,"column":4},"end":{"line":72,"column":5}},"49":{"start":{"line":70,"column":8},"end":{"line":70,"column":72}},"50":{"start":{"line":71,"column":8},"end":{"line":71,"column":67}},"51":{"start":{"line":75,"column":4},"end":{"line":78,"column":5}},"52":{"start":{"line":76,"column":9},"end":{"line":76,"column":83}},"53":{"start":{"line":77,"column":8},"end":{"line":77,"column":155}},"54":{"start":{"line":81,"column":5},"end":{"line":84,"column":6}},"55":{"start":{"line":82,"column":8},"end":{"line":82,"column":134}},"56":{"start":{"line":83,"column":8},"end":{"line":83,"column":164}},"57":{"start":{"line":87,"column":23},"end":{"line":87,"column":27}},"58":{"start":{"line":88,"column":19},"end":{"line":88,"column":23}},"59":{"start":{"line":90,"column":27},"end":{"line":90,"column":64}},"60":{"start":{"line":91,"column":23},"end":{"line":91,"column":53}},"61":{"start":{"line":93,"column":4},"end":{"line":125,"column":5}},"62":{"start":{"line":95,"column":8},"end":{"line":95,"column":83}},"63":{"start":{"line":96,"column":33},"end":{"line":96,"column":80}},"64":{"start":{"line":98,"column":8},"end":{"line":101,"column":9}},"65":{"start":{"line":99,"column":12},"end":{"line":99,"column":125}},"66":{"start":{"line":100,"column":12},"end":{"line":100,"column":205}},"67":{"start":{"line":102,"column":8},"end":{"line":102,"column":48}},"68":{"start":{"line":103,"column":8},"end":{"line":103,"column":88}},"69":{"start":{"line":105,"column":11},"end":{"line":125,"column":5}},"70":{"start":{"line":107,"column":8},"end":{"line":107,"column":78}},"71":{"start":{"line":108,"column":22},"end":{"line":108,"column":45}},"72":{"start":{"line":110,"column":8},"end":{"line":120,"column":9}},"73":{"start":{"line":111,"column":28},"end":{"line":111,"column":57}},"74":{"start":{"line":113,"column":12},"end":{"line":113,"column":40}},"75":{"start":{"line":114,"column":12},"end":{"line":114,"column":38}},"76":{"start":{"line":115,"column":12},"end":{"line":115,"column":113}},"77":{"start":{"line":118,"column":12},"end":{"line":118,"column":88}},"78":{"start":{"line":119,"column":12},"end":{"line":119,"column":180}},"79":{"start":{"line":123,"column":8},"end":{"line":123,"column":89}},"80":{"start":{"line":124,"column":8},"end":{"line":124,"column":174}},"81":{"start":{"line":128,"column":4},"end":{"line":171,"column":5}},"82":{"start":{"line":129,"column":25},"end":{"line":129,"column":82}},"83":{"start":{"line":130,"column":26},"end":{"line":130,"column":55}},"84":{"start":{"line":134,"column":8},"end":{"line":155,"column":9}},"85":{"start":{"line":136,"column":12},"end":{"line":136,"column":105}},"86":{"start":{"line":137,"column":12},"end":{"line":137,"column":74}},"87":{"start":{"line":141,"column":12},"end":{"line":141,"column":108}},"88":{"start":{"line":143,"column":32},"end":{"line":143,"column":76}},"89":{"start":{"line":144,"column":12},"end":{"line":151,"column":13}},"90":{"start":{"line":145,"column":16},"end":{"line":145,"column":101}},"91":{"start":{"line":146,"column":16},"end":{"line":150,"column":18}},"92":{"start":{"line":153,"column":12},"end":{"line":153,"column":38}},"93":{"start":{"line":154,"column":12},"end":{"line":154,"column":74}},"94":{"start":{"line":157,"column":8},"end":{"line":157,"column":114}},"95":{"start":{"line":158,"column":8},"end":{"line":162,"column":10}},"96":{"start":{"line":165,"column":8},"end":{"line":165,"column":132}},"97":{"start":{"line":166,"column":8},"end":{"line":170,"column":10}}},"fnMap":{"0":{"name":"validateTelegramData","decl":{"start":{"line":16,"column":9},"end":{"line":16,"column":29}},"loc":{"start":{"line":16,"column":50},"end":{"line":45,"column":1}},"line":16},"1":{"name":"(anonymous_1)","decl":{"start":{"line":30,"column":19},"end":{"line":30,"column":20}},"loc":{"start":{"line":30,"column":35},"end":{"line":30,"column":71}},"line":30},"2":{"name":"(anonymous_2)","decl":{"start":{"line":48,"column":28},"end":{"line":48,"column":29}},"loc":{"start":{"line":48,"column":39},"end":{"line":56,"column":1}},"line":48},"3":{"name":"(anonymous_3)","decl":{"start":{"line":58,"column":18},"end":{"line":58,"column":19}},"loc":{"start":{"line":58,"column":35},"end":{"line":172,"column":1}},"line":58}},"branchMap":{"0":{"loc":{"start":{"line":17,"column":4},"end":{"line":20,"column":5}},"type":"if","locations":[{"start":{"line":17,"column":4},"end":{"line":20,"column":5}},{"start":{},"end":{}}],"line":17},"1":{"loc":{"start":{"line":17,"column":8},"end":{"line":17,"column":30}},"type":"binary-expr","locations":[{"start":{"line":17,"column":8},"end":{"line":17,"column":17}},{"start":{"line":17,"column":21},"end":{"line":17,"column":30}}],"line":17},"2":{"loc":{"start":{"line":23,"column":4},"end":{"line":26,"column":5}},"type":"if","locations":[{"start":{"line":23,"column":4},"end":{"line":26,"column":5}},{"start":{},"end":{}}],"line":23},"3":{"loc":{"start":{"line":35,"column":8},"end":{"line":43,"column":79}},"type":"if","locations":[{"start":{"line":35,"column":8},"end":{"line":43,"column":79}},{"start":{"line":43,"column":15},"end":{"line":43,"column":79}}],"line":35},"4":{"loc":{"start":{"line":37,"column":12},"end":{"line":37,"column":100}},"type":"if","locations":[{"start":{"line":37,"column":12},"end":{"line":37,"column":100}},{"start":{},"end":{}}],"line":37},"5":{"loc":{"start":{"line":40,"column":16},"end":{"line":40,"column":149}},"type":"if","locations":[{"start":{"line":40,"column":16},"end":{"line":40,"column":149}},{"start":{},"end":{}}],"line":40},"6":{"loc":{"start":{"line":40,"column":20},"end":{"line":40,"column":67}},"type":"binary-expr","locations":[{"start":{"line":40,"column":20},"end":{"line":40,"column":29}},{"start":{"line":40,"column":33},"end":{"line":40,"column":67}}],"line":40},"7":{"loc":{"start":{"line":49,"column":26},"end":{"line":49,"column":91}},"type":"cond-expr","locations":[{"start":{"line":49,"column":35},"end":{"line":49,"column":60}},{"start":{"line":49,"column":65},"end":{"line":49,"column":90}}],"line":49},"8":{"loc":{"start":{"line":49,"column":35},"end":{"line":49,"column":60}},"type":"binary-expr","locations":[{"start":{"line":49,"column":35},"end":{"line":49,"column":53}},{"start":{"line":49,"column":57},"end":{"line":49,"column":60}}],"line":49},"9":{"loc":{"start":{"line":49,"column":65},"end":{"line":49,"column":90}},"type":"binary-expr","locations":[{"start":{"line":49,"column":65},"end":{"line":49,"column":83}},{"start":{"line":49,"column":87},"end":{"line":49,"column":90}}],"line":49},"10":{"loc":{"start":{"line":61,"column":26},"end":{"line":61,"column":70}},"type":"binary-expr","locations":[{"start":{"line":61,"column":26},"end":{"line":61,"column":46}},{"start":{"line":61,"column":50},"end":{"line":61,"column":70}}],"line":61},"11":{"loc":{"start":{"line":63,"column":39},"end":{"line":63,"column":120}},"type":"cond-expr","locations":[{"start":{"line":63,"column":80},"end":{"line":63,"column":93}},{"start":{"line":63,"column":96},"end":{"line":63,"column":120}}],"line":63},"12":{"loc":{"start":{"line":63,"column":96},"end":{"line":63,"column":120}},"type":"binary-expr","locations":[{"start":{"line":63,"column":96},"end":{"line":63,"column":113}},{"start":{"line":63,"column":117},"end":{"line":63,"column":120}}],"line":63},"13":{"loc":{"start":{"line":69,"column":4},"end":{"line":72,"column":5}},"type":"if","locations":[{"start":{"line":69,"column":4},"end":{"line":72,"column":5}},{"start":{},"end":{}}],"line":69},"14":{"loc":{"start":{"line":75,"column":4},"end":{"line":78,"column":5}},"type":"if","locations":[{"start":{"line":75,"column":4},"end":{"line":78,"column":5}},{"start":{},"end":{}}],"line":75},"15":{"loc":{"start":{"line":81,"column":5},"end":{"line":84,"column":6}},"type":"if","locations":[{"start":{"line":81,"column":5},"end":{"line":84,"column":6}},{"start":{},"end":{}}],"line":81},"16":{"loc":{"start":{"line":81,"column":9},"end":{"line":81,"column":124}},"type":"binary-expr","locations":[{"start":{"line":81,"column":9},"end":{"line":81,"column":22}},{"start":{"line":81,"column":26},"end":{"line":81,"column":47}},{"start":{"line":81,"column":51},"end":{"line":81,"column":61}},{"start":{"line":81,"column":65},"end":{"line":81,"column":76}},{"start":{"line":81,"column":81},"end":{"line":81,"column":100}},{"start":{"line":81,"column":104},"end":{"line":81,"column":123}}],"line":81},"17":{"loc":{"start":{"line":93,"column":4},"end":{"line":125,"column":5}},"type":"if","locations":[{"start":{"line":93,"column":4},"end":{"line":125,"column":5}},{"start":{"line":105,"column":11},"end":{"line":125,"column":5}}],"line":93},"18":{"loc":{"start":{"line":98,"column":8},"end":{"line":101,"column":9}},"type":"if","locations":[{"start":{"line":98,"column":8},"end":{"line":101,"column":9}},{"start":{},"end":{}}],"line":98},"19":{"loc":{"start":{"line":98,"column":12},"end":{"line":98,"column":112}},"type":"binary-expr","locations":[{"start":{"line":98,"column":12},"end":{"line":98,"column":35}},{"start":{"line":98,"column":39},"end":{"line":98,"column":61}},{"start":{"line":98,"column":65},"end":{"line":98,"column":112}}],"line":98},"20":{"loc":{"start":{"line":99,"column":76},"end":{"line":99,"column":121}},"type":"binary-expr","locations":[{"start":{"line":99,"column":76},"end":{"line":99,"column":98}},{"start":{"line":99,"column":102},"end":{"line":99,"column":121}}],"line":99},"21":{"loc":{"start":{"line":105,"column":11},"end":{"line":125,"column":5}},"type":"if","locations":[{"start":{"line":105,"column":11},"end":{"line":125,"column":5}},{"start":{"line":121,"column":11},"end":{"line":125,"column":5}}],"line":105},"22":{"loc":{"start":{"line":105,"column":15},"end":{"line":105,"column":61}},"type":"binary-expr","locations":[{"start":{"line":105,"column":15},"end":{"line":105,"column":25}},{"start":{"line":105,"column":29},"end":{"line":105,"column":61}}],"line":105},"23":{"loc":{"start":{"line":134,"column":8},"end":{"line":155,"column":9}},"type":"if","locations":[{"start":{"line":134,"column":8},"end":{"line":155,"column":9}},{"start":{"line":138,"column":15},"end":{"line":155,"column":9}}],"line":134},"24":{"loc":{"start":{"line":144,"column":12},"end":{"line":151,"column":13}},"type":"if","locations":[{"start":{"line":144,"column":12},"end":{"line":151,"column":13}},{"start":{},"end":{}}],"line":144},"25":{"loc":{"start":{"line":157,"column":90},"end":{"line":157,"column":110}},"type":"binary-expr","locations":[{"start":{"line":157,"column":90},"end":{"line":157,"column":105}},{"start":{"line":157,"column":109},"end":{"line":157,"column":110}}],"line":157},"26":{"loc":{"start":{"line":161,"column":33},"end":{"line":161,"column":46}},"type":"binary-expr","locations":[{"start":{"line":161,"column":33},"end":{"line":161,"column":40}},{"start":{"line":161,"column":44},"end":{"line":161,"column":46}}],"line":161}},"s":{"0":0,"1":0,"2":0,"3":0,"4":0,"5":0,"6":0,"7":0,"8":0,"9":0,"10":0,"11":0,"12":0,"13":0,"14":0,"15":0,"16":0,"17":0,"18":0,"19":0,"20":0,"21":0,"22":0,"23":0,"24":0,"25":0,"26":0,"27":0,"28":0,"29":0,"30":0,"31":0,"32":0,"33":0,"34":0,"35":0,"36":0,"37":0,"38":0,"39":0,"40":0,"41":0,"42":0,"43":0,"44":0,"45":0,"46":0,"47":0,"48":0,"49":0,"50":0,"51":0,"52":0,"53":0,"54":0,"55":0,"56":0,"57":0,"58":0,"59":0,"60":0,"61":0,"62":0,"63":0,"64":0,"65":0,"66":0,"67":0,"68":0,"69":0,"70":0,"71":0,"72":0,"73":0,"74":0,"75":0,"76":0,"77":0,"78":0,"79":0,"80":0,"81":0,"82":0,"83":0,"84":0,"85":0,"86":0,"87":0,"88":0,"89":0,"90":0,"91":0,"92":0,"93":0,"94":0,"95":0,"96":0,"97":0},"f":{"0":0,"1":0,"2":0,"3":0},"b":{"0":[0,0],"1":[0,0],"2":[0,0],"3":[0,0],"4":[0,0],"5":[0,0],"6":[0,0],"7":[0,0],"8":[0,0],"9":[0,0],"10":[0,0],"11":[0,0],"12":[0,0],"13":[0,0],"14":[0,0],"15":[0,0],"16":[0,0,0,0,0,0],"17":[0,0],"18":[0,0],"19":[0,0,0],"20":[0,0],"21":[0,0],"22":[0,0],"23":[0,0],"24":[0,0],"25":[0,0],"26":[0,0]}}
,"/Users/zhigulingo/Downloads/Cursor/dream-analyzer/bot/functions/analyze-dream.js": {"path":"/Users/zhigulingo/Downloads/Cursor/dream-analyzer/bot/functions/analyze-dream.js","statementMap":{"0":{"start":{"line":1,"column":25},"end":{"line":1,"column":57}},"1":{"start":{"line":2,"column":12},"end":{"line":2,"column":35}},"2":{"start":{"line":3,"column":31},"end":{"line":3,"column":63}},"3":{"start":{"line":4,"column":43},"end":{"line":4,"column":85}},"4":{"start":{"line":5,"column":55},"end":{"line":5,"column":99}},"5":{"start":{"line":7,"column":21},"end":{"line":7,"column":45}},"6":{"start":{"line":8,"column":29},"end":{"line":8,"column":66}},"7":{"start":{"line":9,"column":19},"end":{"line":9,"column":41}},"8":{"start":{"line":10,"column":23},"end":{"line":10,"column":49}},"9":{"start":{"line":11,"column":27},"end":{"line":11,"column":57}},"10":{"start":{"line":12,"column":27},"end":{"line":12,"column":57}},"11":{"start":{"line":16,"column":4},"end":{"line":21,"column":5}},"12":{"start":{"line":17,"column":8},"end":{"line":17,"column":68}},"13":{"start":{"line":19,"column":8},"end":{"line":19,"column":79}},"14":{"start":{"line":20,"column":8},"end":{"line":20,"column":20}},"15":{"start":{"line":26,"column":4},"end":{"line":26,"column":69}},"16":{"start":{"line":29,"column":23},"end":{"line":29,"column":53}},"17":{"start":{"line":30,"column":23},"end":{"line":30,"column":27}},"18":{"start":{"line":31,"column":19},"end":{"line":31,"column":23}},"19":{"start":{"line":32,"column":4},"end":{"line":43,"column":5}},"20":{"start":{"line":33,"column":8},"end":{"line":40,"column":9}},"21":{"start":{"line":34,"column":26},"end":{"line":34,"column":49}},"22":{"start":{"line":35,"column":28},"end":{"line":35,"column":57}},"23":{"start":{"line":36,"column":12},"end":{"line":36,"column":40}},"24":{"start":{"line":37,"column":12},"end":{"line":37,"column":38}},"25":{"start":{"line":39,"column":12},"end":{"line":39,"column":81}},"26":{"start":{"line":42,"column":8},"end":{"line":42,"column":66}},"27":{"start":{"line":47,"column":4},"end":{"line":52,"column":5}},"28":{"start":{"line":48,"column":21},"end":{"line":48,"column":43}},"29":{"start":{"line":49,"column":8},"end":{"line":49,"column":36}},"30":{"start":{"line":51,"column":8},"end":{"line":51,"column":56}},"31":{"start":{"line":53,"column":4},"end":{"line":55,"column":5}},"32":{"start":{"line":54,"column":8},"end":{"line":54,"column":68}},"33":{"start":{"line":58,"column":21},"end":{"line":58,"column":131}},"34":{"start":{"line":61,"column":4},"end":{"line":68,"column":5}},"35":{"start":{"line":62,"column":56},"end":{"line":63,"column":74}},"36":{"start":{"line":64,"column":8},"end":{"line":66,"column":9}},"37":{"start":{"line":65,"column":12},"end":{"line":65,"column":78}},"38":{"start":{"line":67,"column":8},"end":{"line":67,"column":31}},"39":{"start":{"line":69,"column":4},"end":{"line":71,"column":5}},"40":{"start":{"line":70,"column":8},"end":{"line":70,"column":68}},"41":{"start":{"line":74,"column":56},"end":{"line":75,"column":74}},"42":{"start":{"line":76,"column":4},"end":{"line":78,"column":5}},"43":{"start":{"line":77,"column":8},"end":{"line":77,"column":79}},"44":{"start":{"line":79,"column":4},"end":{"line":81,"column":5}},"45":{"start":{"line":80,"column":8},"end":{"line":80,"column":71}},"46":{"start":{"line":85,"column":4},"end":{"line":89,"column":5}},"47":{"start":{"line":86,"column":8},"end":{"line":86,"column":64}},"48":{"start":{"line":88,"column":8},"end":{"line":88,"column":71}},"49":{"start":{"line":92,"column":4},"end":{"line":101,"column":5}},"50":{"start":{"line":93,"column":39},"end":{"line":94,"column":112}},"51":{"start":{"line":95,"column":8},"end":{"line":97,"column":9}},"52":{"start":{"line":96,"column":12},"end":{"line":96,"column":87}},"53":{"start":{"line":99,"column":8},"end":{"line":99,"column":42}},"54":{"start":{"line":99,"column":30},"end":{"line":99,"column":42}},"55":{"start":{"line":100,"column":8},"end":{"line":100,"column":82}},"56":{"start":{"line":104,"column":4},"end":{"line":104,"column":80}},"57":{"start":{"line":108,"column":0},"end":{"line":112,"column":3}}},"fnMap":{"0":{"name":"getGeminiAnalysis","decl":{"start":{"line":15,"column":15},"end":{"line":15,"column":32}},"loc":{"start":{"line":15,"column":44},"end":{"line":22,"column":1}},"line":15},"1":{"name":"handleAnalyzeDream","decl":{"start":{"line":25,"column":15},"end":{"line":25,"column":33}},"loc":{"start":{"line":25,"column":63},"end":{"line":105,"column":1}},"line":25}},"branchMap":{"0":{"loc":{"start":{"line":32,"column":4},"end":{"line":43,"column":5}},"type":"if","locations":[{"start":{"line":32,"column":4},"end":{"line":43,"column":5}},{"start":{"line":41,"column":11},"end":{"line":43,"column":5}}],"line":32},"1":{"loc":{"start":{"line":32,"column":8},"end":{"line":32,"column":54}},"type":"binary-expr","locations":[{"start":{"line":32,"column":8},"end":{"line":32,"column":18}},{"start":{"line":32,"column":22},"end":{"line":32,"column":54}}],"line":32},"2":{"loc":{"start":{"line":53,"column":4},"end":{"line":55,"column":5}},"type":"if","locations":[{"start":{"line":53,"column":4},"end":{"line":55,"column":5}},{"start":{},"end":{}}],"line":53},"3":{"loc":{"start":{"line":53,"column":8},"end":{"line":53,"column":51}},"type":"binary-expr","locations":[{"start":{"line":53,"column":8},"end":{"line":53,"column":18}},{"start":{"line":53,"column":22},"end":{"line":53,"column":51}}],"line":53},"4":{"loc":{"start":{"line":61,"column":4},"end":{"line":68,"column":5}},"type":"if","locations":[{"start":{"line":61,"column":4},"end":{"line":68,"column":5}},{"start":{},"end":{}}],"line":61},"5":{"loc":{"start":{"line":61,"column":8},"end":{"line":61,"column":33}},"type":"binary-expr","locations":[{"start":{"line":61,"column":8},"end":{"line":61,"column":17}},{"start":{"line":61,"column":21},"end":{"line":61,"column":33}}],"line":61},"6":{"loc":{"start":{"line":64,"column":8},"end":{"line":66,"column":9}},"type":"if","locations":[{"start":{"line":64,"column":8},"end":{"line":66,"column":9}},{"start":{},"end":{}}],"line":64},"7":{"loc":{"start":{"line":64,"column":12},"end":{"line":64,"column":37}},"type":"binary-expr","locations":[{"start":{"line":64,"column":12},"end":{"line":64,"column":24}},{"start":{"line":64,"column":28},"end":{"line":64,"column":37}}],"line":64},"8":{"loc":{"start":{"line":69,"column":4},"end":{"line":71,"column":5}},"type":"if","locations":[{"start":{"line":69,"column":4},"end":{"line":71,"column":5}},{"start":{},"end":{}}],"line":69},"9":{"loc":{"start":{"line":76,"column":4},"end":{"line":78,"column":5}},"type":"if","locations":[{"start":{"line":76,"column":4},"end":{"line":78,"column":5}},{"start":{},"end":{}}],"line":76},"10":{"loc":{"start":{"line":79,"column":4},"end":{"line":81,"column":5}},"type":"if","locations":[{"start":{"line":79,"column":4},"end":{"line":81,"column":5}},{"start":{},"end":{}}],"line":79},"11":{"loc":{"start":{"line":88,"column":29},"end":{"line":88,"column":64}},"type":"binary-expr","locations":[{"start":{"line":88,"column":29},"end":{"line":88,"column":42}},{"start":{"line":88,"column":46},"end":{"line":88,"column":64}}],"line":88},"12":{"loc":{"start":{"line":95,"column":8},"end":{"line":97,"column":9}},"type":"if","locations":[{"start":{"line":95,"column":8},"end":{"line":97,"column":9}},{"start":{},"end":{}}],"line":95},"13":{"loc":{"start":{"line":99,"column":8},"end":{"line":99,"column":42}},"type":"if","locations":[{"start":{"line":99,"column":8},"end":{"line":99,"column":42}},{"start":{},"end":{}}],"line":99}},"s":{"0":4,"1":4,"2":4,"3":4,"4":4,"5":4,"6":4,"7":4,"8":4,"9":4,"10":4,"11":0,"12":0,"13":0,"14":0,"15":0,"16":0,"17":0,"18":0,"19":0,"20":0,"21":0,"22":0,"23":0,"24":0,"25":0,"26":0,"27":0,"28":0,"29":0,"30":0,"31":0,"32":0,"33":0,"34":0,"35":0,"36":0,"37":0,"38":0,"39":0,"40":0,"41":0,"42":0,"43":0,"44":0,"45":0,"46":0,"47":0,"48":0,"49":0,"50":0,"51":0,"52":0,"53":0,"54":0,"55":0,"56":0,"57":4},"f":{"0":0,"1":0},"b":{"0":[0,0],"1":[0,0],"2":[0,0],"3":[0,0],"4":[0,0],"5":[0,0],"6":[0,0],"7":[0,0],"8":[0,0],"9":[0,0],"10":[0,0],"11":[0,0],"12":[0,0],"13":[0,0]},"_coverageSchema":"1a1c01bbd47fc00a2c39e90264f33305004495a9","hash":"2ae06b2d43bb7a6765b71d15e859db3d92e1dfc9"}
,"/Users/zhigulingo/Downloads/Cursor/dream-analyzer/bot/functions/bot.js": {"path":"/Users/zhigulingo/Downloads/Cursor/dream-analyzer/bot/functions/bot.js","statementMap":{"0":{"start":{"line":4,"column":57},"end":{"line":4,"column":74}},"1":{"start":{"line":5,"column":25},"end":{"line":5,"column":57}},"2":{"start":{"line":8,"column":25},"end":{"line":8,"column":57}},"3":{"start":{"line":11,"column":20},"end":{"line":11,"column":58}},"4":{"start":{"line":12,"column":23},"end":{"line":12,"column":64}},"5":{"start":{"line":13,"column":24},"end":{"line":13,"column":66}},"6":{"start":{"line":16,"column":34},"end":{"line":16,"column":73}},"7":{"start":{"line":17,"column":40},"end":{"line":17,"column":85}},"8":{"start":{"line":18,"column":33},"end":{"line":18,"column":71}},"9":{"start":{"line":22,"column":4},"end":{"line":22,"column":46}},"10":{"start":{"line":25,"column":18},"end":{"line":25,"column":39}},"11":{"start":{"line":26,"column":21},"end":{"line":26,"column":45}},"12":{"start":{"line":27,"column":29},"end":{"line":27,"column":66}},"13":{"start":{"line":28,"column":23},"end":{"line":28,"column":49}},"14":{"start":{"line":29,"column":16},"end":{"line":29,"column":35}},"15":{"start":{"line":37,"column":26},"end":{"line":37,"column":30}},"16":{"start":{"line":38,"column":35},"end":{"line":38,"column":40}},"17":{"start":{"line":41,"column":15},"end":{"line":41,"column":55}},"18":{"start":{"line":43,"column":0},"end":{"line":132,"column":1}},"19":{"start":{"line":45,"column":26},"end":{"line":45,"column":56}},"20":{"start":{"line":47,"column":4},"end":{"line":50,"column":7}},"21":{"start":{"line":53,"column":4},"end":{"line":55,"column":5}},"22":{"start":{"line":54,"column":8},"end":{"line":54,"column":77}},"23":{"start":{"line":58,"column":4},"end":{"line":60,"column":7}},"24":{"start":{"line":61,"column":4},"end":{"line":61,"column":29}},"25":{"start":{"line":63,"column":4},"end":{"line":66,"column":7}},"26":{"start":{"line":69,"column":4},"end":{"line":69,"column":49}},"27":{"start":{"line":70,"column":4},"end":{"line":70,"column":49}},"28":{"start":{"line":71,"column":4},"end":{"line":71,"column":57}},"29":{"start":{"line":73,"column":4},"end":{"line":75,"column":7}},"30":{"start":{"line":78,"column":4},"end":{"line":78,"column":43}},"31":{"start":{"line":81,"column":4},"end":{"line":81,"column":90}},"32":{"start":{"line":82,"column":4},"end":{"line":82,"column":93}},"33":{"start":{"line":85,"column":4},"end":{"line":85,"column":108}},"34":{"start":{"line":88,"column":4},"end":{"line":88,"column":80}},"35":{"start":{"line":89,"column":4},"end":{"line":89,"column":102}},"36":{"start":{"line":92,"column":4},"end":{"line":122,"column":7}},"37":{"start":{"line":93,"column":20},"end":{"line":93,"column":27}},"38":{"start":{"line":94,"column":18},"end":{"line":94,"column":27}},"39":{"start":{"line":95,"column":25},"end":{"line":95,"column":47}},"40":{"start":{"line":96,"column":23},"end":{"line":96,"column":36}},"41":{"start":{"line":97,"column":23},"end":{"line":97,"column":36}},"42":{"start":{"line":99,"column":8},"end":{"line":121,"column":9}},"43":{"start":{"line":100,"column":12},"end":{"line":104,"column":15}},"44":{"start":{"line":105,"column":15},"end":{"line":121,"column":9}},"45":{"start":{"line":106,"column":12},"end":{"line":108,"column":15}},"46":{"start":{"line":109,"column":15},"end":{"line":121,"column":9}},"47":{"start":{"line":110,"column":12},"end":{"line":112,"column":15}},"48":{"start":{"line":114,"column":12},"end":{"line":120,"column":15}},"49":{"start":{"line":124,"column":4},"end":{"line":124,"column":61}},"50":{"start":{"line":125,"column":4},"end":{"line":125,"column":40}},"51":{"start":{"line":128,"column":4},"end":{"line":128,"column":65}},"52":{"start":{"line":129,"column":4},"end":{"line":129,"column":32}},"53":{"start":{"line":130,"column":4},"end":{"line":130,"column":15}},"54":{"start":{"line":131,"column":4},"end":{"line":131,"column":41}},"55":{"start":{"line":137,"column":28},"end":{"line":137,"column":32}},"56":{"start":{"line":138,"column":0},"end":{"line":152,"column":1}},"57":{"start":{"line":139,"column":4},"end":{"line":145,"column":5}},"58":{"start":{"line":140,"column":8},"end":{"line":140,"column":73}},"59":{"start":{"line":141,"column":8},"end":{"line":141,"column":61}},"60":{"start":{"line":143,"column":8},"end":{"line":143,"column":77}},"61":{"start":{"line":144,"column":8},"end":{"line":144,"column":44}},"62":{"start":{"line":147,"column":4},"end":{"line":151,"column":7}},"63":{"start":{"line":154,"column":0},"end":{"line":177,"column":2}},"64":{"start":{"line":155,"column":26},"end":{"line":155,"column":70}},"65":{"start":{"line":156,"column":4},"end":{"line":156,"column":42}},"66":{"start":{"line":158,"column":4},"end":{"line":161,"column":7}},"67":{"start":{"line":163,"column":4},"end":{"line":173,"column":5}},"68":{"start":{"line":164,"column":8},"end":{"line":168,"column":32}},"69":{"start":{"line":169,"column":8},"end":{"line":172,"column":10}},"70":{"start":{"line":175,"column":4},"end":{"line":175,"column":59}},"71":{"start":{"line":176,"column":4},"end":{"line":176,"column":40}},"72":{"start":{"line":179,"column":0},"end":{"line":179,"column":53}}},"fnMap":{"0":{"name":"(anonymous_0)","decl":{"start":{"line":92,"column":14},"end":{"line":92,"column":15}},"loc":{"start":{"line":92,"column":23},"end":{"line":122,"column":5}},"line":92},"1":{"name":"(anonymous_1)","decl":{"start":{"line":154,"column":18},"end":{"line":154,"column":19}},"loc":{"start":{"line":154,"column":35},"end":{"line":177,"column":1}},"line":154}},"branchMap":{"0":{"loc":{"start":{"line":49,"column":21},"end":{"line":49,"column":58}},"type":"binary-expr","locations":[{"start":{"line":49,"column":21},"end":{"line":49,"column":41}},{"start":{"line":49,"column":45},"end":{"line":49,"column":58}}],"line":49},"1":{"loc":{"start":{"line":53,"column":4},"end":{"line":55,"column":5}},"type":"if","locations":[{"start":{"line":53,"column":4},"end":{"line":55,"column":5}},{"start":{},"end":{}}],"line":53},"2":{"loc":{"start":{"line":53,"column":8},"end":{"line":53,"column":91}},"type":"binary-expr","locations":[{"start":{"line":53,"column":8},"end":{"line":53,"column":18}},{"start":{"line":53,"column":22},"end":{"line":53,"column":35}},{"start":{"line":53,"column":39},"end":{"line":53,"column":60}},{"start":{"line":53,"column":64},"end":{"line":53,"column":79}},{"start":{"line":53,"column":83},"end":{"line":53,"column":91}}],"line":53},"3":{"loc":{"start":{"line":64,"column":18},"end":{"line":64,"column":54}},"type":"cond-expr","locations":[{"start":{"line":64,"column":30},"end":{"line":64,"column":42}},{"start":{"line":64,"column":45},"end":{"line":64,"column":54}}],"line":64},"4":{"loc":{"start":{"line":65,"column":21},"end":{"line":65,"column":60}},"type":"cond-expr","locations":[{"start":{"line":65,"column":36},"end":{"line":65,"column":48}},{"start":{"line":65,"column":51},"end":{"line":65,"column":60}}],"line":65},"5":{"loc":{"start":{"line":99,"column":8},"end":{"line":121,"column":9}},"type":"if","locations":[{"start":{"line":99,"column":8},"end":{"line":121,"column":9}},{"start":{"line":105,"column":15},"end":{"line":121,"column":9}}],"line":99},"6":{"loc":{"start":{"line":105,"column":15},"end":{"line":121,"column":9}},"type":"if","locations":[{"start":{"line":105,"column":15},"end":{"line":121,"column":9}},{"start":{"line":109,"column":15},"end":{"line":121,"column":9}}],"line":105},"7":{"loc":{"start":{"line":109,"column":15},"end":{"line":121,"column":9}},"type":"if","locations":[{"start":{"line":109,"column":15},"end":{"line":121,"column":9}},{"start":{"line":113,"column":15},"end":{"line":121,"column":9}}],"line":109},"8":{"loc":{"start":{"line":138,"column":0},"end":{"line":152,"column":1}},"type":"if","locations":[{"start":{"line":138,"column":0},"end":{"line":152,"column":1}},{"start":{"line":146,"column":7},"end":{"line":152,"column":1}}],"line":138},"9":{"loc":{"start":{"line":138,"column":4},"end":{"line":138,"column":39}},"type":"binary-expr","locations":[{"start":{"line":138,"column":4},"end":{"line":138,"column":32}},{"start":{"line":138,"column":36},"end":{"line":138,"column":39}}],"line":138},"10":{"loc":{"start":{"line":163,"column":4},"end":{"line":173,"column":5}},"type":"if","locations":[{"start":{"line":163,"column":4},"end":{"line":173,"column":5}},{"start":{},"end":{}}],"line":163},"11":{"loc":{"start":{"line":163,"column":8},"end":{"line":163,"column":53}},"type":"binary-expr","locations":[{"start":{"line":163,"column":8},"end":{"line":163,"column":27}},{"start":{"line":163,"column":31},"end":{"line":163,"column":53}}],"line":163}},"s":{"0":0,"1":0,"2":0,"3":0,"4":0,"5":0,"6":0,"7":0,"8":0,"9":0,"10":0,"11":0,"12":0,"13":0,"14":0,"15":0,"16":0,"17":0,"18":0,"19":0,"20":0,"21":0,"22":0,"23":0,"24":0,"25":0,"26":0,"27":0,"28":0,"29":0,"30":0,"31":0,"32":0,"33":0,"34":0,"35":0,"36":0,"37":0,"38":0,"39":0,"40":0,"41":0,"42":0,"43":0,"44":0,"45":0,"46":0,"47":0,"48":0,"49":0,"50":0,"51":0,"52":0,"53":0,"54":0,"55":0,"56":0,"57":0,"58":0,"59":0,"60":0,"61":0,"62":0,"63":0,"64":0,"65":0,"66":0,"67":0,"68":0,"69":0,"70":0,"71":0,"72":0},"f":{"0":0,"1":0},"b":{"0":[0,0],"1":[0,0],"2":[0,0,0,0,0],"3":[0,0],"4":[0,0],"5":[0,0],"6":[0,0],"7":[0,0],"8":[0,0],"9":[0,0],"10":[0,0],"11":[0,0]}}
,"/Users/zhigulingo/Downloads/Cursor/dream-analyzer/bot/functions/business-metrics.js": {"path":"/Users/zhigulingo/Downloads/Cursor/dream-analyzer/bot/functions/business-metrics.js","statementMap":{"0":{"start":{"line":2,"column":25},"end":{"line":2,"column":57}},"1":{"start":{"line":3,"column":25},"end":{"line":3,"column":57}},"2":{"start":{"line":4,"column":27},"end":{"line":4,"column":69}},"3":{"start":{"line":7,"column":21},"end":{"line":7,"column":45}},"4":{"start":{"line":8,"column":29},"end":{"line":8,"column":66}},"5":{"start":{"line":10,"column":15},"end":{"line":10,"column":59}},"6":{"start":{"line":16,"column":4},"end":{"line":84,"column":5}},"7":{"start":{"line":17,"column":30},"end":{"line":17,"column":60}},"8":{"start":{"line":18,"column":8},"end":{"line":18,"column":47}},"9":{"start":{"line":20,"column":8},"end":{"line":22,"column":9}},"10":{"start":{"line":21,"column":12},"end":{"line":21,"column":62}},"11":{"start":{"line":24,"column":25},"end":{"line":26,"column":10}},"12":{"start":{"line":28,"column":26},"end":{"line":28,"column":36}},"13":{"start":{"line":31,"column":27},"end":{"line":31,"column":60}},"14":{"start":{"line":40,"column":12},"end":{"line":46,"column":10}},"15":{"start":{"line":48,"column":26},"end":{"line":48,"column":48}},"16":{"start":{"line":50,"column":29},"end":{"line":67,"column":9}},"17":{"start":{"line":69,"column":8},"end":{"line":77,"column":11}},"18":{"start":{"line":79,"column":8},"end":{"line":79,"column":28}},"19":{"start":{"line":82,"column":8},"end":{"line":82,"column":70}},"20":{"start":{"line":83,"column":8},"end":{"line":83,"column":20}},"21":{"start":{"line":91,"column":16},"end":{"line":91,"column":26}},"22":{"start":{"line":92,"column":23},"end":{"line":92,"column":30}},"23":{"start":{"line":94,"column":4},"end":{"line":114,"column":5}},"24":{"start":{"line":96,"column":12},"end":{"line":96,"column":72}},"25":{"start":{"line":97,"column":12},"end":{"line":97,"column":80}},"26":{"start":{"line":98,"column":12},"end":{"line":98,"column":18}},"27":{"start":{"line":100,"column":12},"end":{"line":100,"column":77}},"28":{"start":{"line":101,"column":12},"end":{"line":101,"column":85}},"29":{"start":{"line":102,"column":12},"end":{"line":102,"column":18}},"30":{"start":{"line":104,"column":12},"end":{"line":104,"column":81}},"31":{"start":{"line":105,"column":12},"end":{"line":105,"column":86}},"32":{"start":{"line":106,"column":12},"end":{"line":106,"column":18}},"33":{"start":{"line":108,"column":12},"end":{"line":108,"column":82}},"34":{"start":{"line":109,"column":12},"end":{"line":109,"column":86}},"35":{"start":{"line":110,"column":12},"end":{"line":110,"column":18}},"36":{"start":{"line":112,"column":12},"end":{"line":112,"column":77}},"37":{"start":{"line":113,"column":12},"end":{"line":113,"column":85}},"38":{"start":{"line":116,"column":4},"end":{"line":116,"column":22}},"39":{"start":{"line":123,"column":4},"end":{"line":171,"column":5}},"40":{"start":{"line":125,"column":38},"end":{"line":127,"column":56}},"41":{"start":{"line":130,"column":36},"end":{"line":133,"column":62}},"42":{"start":{"line":136,"column":44},"end":{"line":140,"column":61}},"43":{"start":{"line":143,"column":39},"end":{"line":147,"column":33}},"44":{"start":{"line":150,"column":39},"end":{"line":154,"column":54}},"45":{"start":{"line":157,"column":29},"end":{"line":157,"column":64}},"46":{"start":{"line":159,"column":8},"end":{"line":166,"column":10}},"47":{"start":{"line":169,"column":8},"end":{"line":169,"column":55}},"48":{"start":{"line":170,"column":8},"end":{"line":170,"column":40}},"49":{"start":{"line":178,"column":4},"end":{"line":224,"column":5}},"50":{"start":{"line":180,"column":41},"end":{"line":182,"column":56}},"51":{"start":{"line":185,"column":42},"end":{"line":188,"column":62}},"52":{"start":{"line":191,"column":44},"end":{"line":195,"column":61}},"53":{"start":{"line":198,"column":40},"end":{"line":201,"column":62}},"54":{"start":{"line":204,"column":45},"end":{"line":207,"column":62}},"55":{"start":{"line":209,"column":32},"end":{"line":209,"column":76}},"56":{"start":{"line":210,"column":33},"end":{"line":210,"column":73}},"57":{"start":{"line":212,"column":8},"end":{"line":219,"column":10}},"58":{"start":{"line":222,"column":8},"end":{"line":222,"column":62}},"59":{"start":{"line":223,"column":8},"end":{"line":223,"column":40}},"60":{"start":{"line":231,"column":4},"end":{"line":279,"column":5}},"61":{"start":{"line":233,"column":47},"end":{"line":236,"column":21}},"62":{"start":{"line":238,"column":8},"end":{"line":248,"column":9}},"63":{"start":{"line":240,"column":12},"end":{"line":247,"column":14}},"64":{"start":{"line":251,"column":47},"end":{"line":254,"column":35}},"65":{"start":{"line":257,"column":44},"end":{"line":260,"column":62}},"66":{"start":{"line":263,"column":50},"end":{"line":267,"column":62}},"67":{"start":{"line":269,"column":8},"end":{"line":274,"column":10}},"68":{"start":{"line":277,"column":8},"end":{"line":277,"column":71}},"69":{"start":{"line":278,"column":8},"end":{"line":278,"column":40}},"70":{"start":{"line":286,"column":4},"end":{"line":316,"column":5}},"71":{"start":{"line":288,"column":39},"end":{"line":292,"column":54}},"72":{"start":{"line":294,"column":8},"end":{"line":296,"column":9}},"73":{"start":{"line":295,"column":12},"end":{"line":295,"column":62}},"74":{"start":{"line":299,"column":28},"end":{"line":299,"column":74}},"75":{"start":{"line":299,"column":58},"end":{"line":299,"column":67}},"76":{"start":{"line":300,"column":34},"end":{"line":300,"column":53}},"77":{"start":{"line":301,"column":39},"end":{"line":301,"column":83}},"78":{"start":{"line":304,"column":28},"end":{"line":304,"column":65}},"79":{"start":{"line":306,"column":8},"end":{"line":311,"column":10}},"80":{"start":{"line":314,"column":8},"end":{"line":314,"column":64}},"81":{"start":{"line":315,"column":8},"end":{"line":315,"column":40}},"82":{"start":{"line":323,"column":4},"end":{"line":361,"column":5}},"83":{"start":{"line":325,"column":42},"end":{"line":328,"column":21}},"84":{"start":{"line":330,"column":8},"end":{"line":338,"column":9}},"85":{"start":{"line":331,"column":12},"end":{"line":337,"column":14}},"86":{"start":{"line":341,"column":41},"end":{"line":345,"column":62}},"87":{"start":{"line":347,"column":29},"end":{"line":347,"column":94}},"88":{"start":{"line":347,"column":64},"end":{"line":347,"column":85}},"89":{"start":{"line":348,"column":33},"end":{"line":348,"column":60}},"90":{"start":{"line":349,"column":35},"end":{"line":349,"column":93}},"91":{"start":{"line":351,"column":8},"end":{"line":356,"column":10}},"92":{"start":{"line":359,"column":8},"end":{"line":359,"column":61}},"93":{"start":{"line":360,"column":8},"end":{"line":360,"column":40}},"94":{"start":{"line":368,"column":4},"end":{"line":370,"column":5}},"95":{"start":{"line":369,"column":8},"end":{"line":369,"column":53}},"96":{"start":{"line":372,"column":23},"end":{"line":372,"column":25}},"97":{"start":{"line":373,"column":4},"end":{"line":375,"column":7}},"98":{"start":{"line":374,"column":8},"end":{"line":374,"column":79}},"99":{"start":{"line":377,"column":19},"end":{"line":377,"column":44}},"100":{"start":{"line":379,"column":4},"end":{"line":383,"column":6}},"101":{"start":{"line":380,"column":39},"end":{"line":380,"column":49}},"102":{"start":{"line":381,"column":39},"end":{"line":381,"column":62}},"103":{"start":{"line":382,"column":41},"end":{"line":382,"column":52}},"104":{"start":{"line":390,"column":4},"end":{"line":392,"column":5}},"105":{"start":{"line":391,"column":8},"end":{"line":391,"column":41}},"106":{"start":{"line":394,"column":23},"end":{"line":394,"column":25}},"107":{"start":{"line":395,"column":4},"end":{"line":397,"column":7}},"108":{"start":{"line":396,"column":8},"end":{"line":396,"column":79}},"109":{"start":{"line":399,"column":19},"end":{"line":399,"column":44}},"110":{"start":{"line":400,"column":20},"end":{"line":400,"column":81}},"111":{"start":{"line":400,"column":50},"end":{"line":400,"column":61}},"112":{"start":{"line":402,"column":4},"end":{"line":405,"column":6}},"113":{"start":{"line":412,"column":4},"end":{"line":412,"column":34}},"114":{"start":{"line":412,"column":24},"end":{"line":412,"column":34}},"115":{"start":{"line":414,"column":25},"end":{"line":414,"column":27}},"116":{"start":{"line":415,"column":4},"end":{"line":418,"column":7}},"117":{"start":{"line":416,"column":21},"end":{"line":416,"column":47}},"118":{"start":{"line":417,"column":8},"end":{"line":417,"column":59}},"119":{"start":{"line":420,"column":4},"end":{"line":420,"column":24}},"120":{"start":{"line":427,"column":4},"end":{"line":429,"column":5}},"121":{"start":{"line":428,"column":8},"end":{"line":428,"column":46}},"122":{"start":{"line":432,"column":25},"end":{"line":432,"column":27}},"123":{"start":{"line":433,"column":4},"end":{"line":438,"column":7}},"124":{"start":{"line":434,"column":8},"end":{"line":436,"column":9}},"125":{"start":{"line":435,"column":12},"end":{"line":435,"column":51}},"126":{"start":{"line":437,"column":8},"end":{"line":437,"column":81}},"127":{"start":{"line":440,"column":24},"end":{"line":440,"column":25}},"128":{"start":{"line":441,"column":27},"end":{"line":441,"column":28}},"129":{"start":{"line":443,"column":4},"end":{"line":453,"column":7}},"130":{"start":{"line":444,"column":8},"end":{"line":452,"column":9}},"131":{"start":{"line":445,"column":12},"end":{"line":445,"column":43}},"132":{"start":{"line":445,"column":36},"end":{"line":445,"column":41}},"133":{"start":{"line":446,"column":34},"end":{"line":446,"column":77}},"134":{"start":{"line":447,"column":12},"end":{"line":447,"column":28}},"135":{"start":{"line":448,"column":12},"end":{"line":448,"column":46}},"136":{"start":{"line":450,"column":12},"end":{"line":450,"column":28}},"137":{"start":{"line":451,"column":12},"end":{"line":451,"column":46}},"138":{"start":{"line":455,"column":4},"end":{"line":458,"column":6}},"139":{"start":{"line":465,"column":4},"end":{"line":467,"column":5}},"140":{"start":{"line":466,"column":8},"end":{"line":466,"column":37}},"141":{"start":{"line":468,"column":4},"end":{"line":468,"column":75}},"142":{"start":{"line":475,"column":4},"end":{"line":475,"column":42}},"143":{"start":{"line":475,"column":33},"end":{"line":475,"column":42}},"144":{"start":{"line":476,"column":4},"end":{"line":476,"column":62}},"145":{"start":{"line":483,"column":4},"end":{"line":488,"column":6}},"146":{"start":{"line":495,"column":19},"end":{"line":495,"column":35}},"147":{"start":{"line":496,"column":18},"end":{"line":496,"column":51}},"148":{"start":{"line":498,"column":4},"end":{"line":527,"column":5}},"149":{"start":{"line":499,"column":8},"end":{"line":508,"column":9}},"150":{"start":{"line":500,"column":30},"end":{"line":500,"column":54}},"151":{"start":{"line":501,"column":28},"end":{"line":501,"column":63}},"152":{"start":{"line":503,"column":12},"end":{"line":507,"column":14}},"153":{"start":{"line":510,"column":8},"end":{"line":514,"column":10}},"154":{"start":{"line":517,"column":8},"end":{"line":517,"column":66}},"155":{"start":{"line":519,"column":8},"end":{"line":526,"column":10}},"156":{"start":{"line":531,"column":0},"end":{"line":541,"column":3}},"157":{"start":{"line":544,"column":0},"end":{"line":544,"column":48}}},"fnMap":{"0":{"name":"getBusinessMetrics","decl":{"start":{"line":15,"column":15},"end":{"line":15,"column":33}},"loc":{"start":{"line":15,"column":53},"end":{"line":85,"column":1}},"line":15},"1":{"name":"getTimeRangeBoundaries","decl":{"start":{"line":90,"column":9},"end":{"line":90,"column":31}},"loc":{"start":{"line":90,"column":43},"end":{"line":117,"column":1}},"line":90},"2":{"name":"getUserMetrics","decl":{"start":{"line":122,"column":15},"end":{"line":122,"column":29}},"loc":{"start":{"line":122,"column":52},"end":{"line":172,"column":1}},"line":122},"3":{"name":"getAnalysisMetrics","decl":{"start":{"line":177,"column":15},"end":{"line":177,"column":33}},"loc":{"start":{"line":177,"column":56},"end":{"line":225,"column":1}},"line":177},"4":{"name":"getSubscriptionMetrics","decl":{"start":{"line":230,"column":15},"end":{"line":230,"column":37}},"loc":{"start":{"line":230,"column":60},"end":{"line":280,"column":1}},"line":230},"5":{"name":"getEngagementMetrics","decl":{"start":{"line":285,"column":15},"end":{"line":285,"column":35}},"loc":{"start":{"line":285,"column":58},"end":{"line":317,"column":1}},"line":285},"6":{"name":"(anonymous_6)","decl":{"start":{"line":299,"column":53},"end":{"line":299,"column":54}},"loc":{"start":{"line":299,"column":58},"end":{"line":299,"column":67}},"line":299},"7":{"name":"getRevenueMetrics","decl":{"start":{"line":322,"column":15},"end":{"line":322,"column":32}},"loc":{"start":{"line":322,"column":55},"end":{"line":362,"column":1}},"line":322},"8":{"name":"(anonymous_8)","decl":{"start":{"line":347,"column":52},"end":{"line":347,"column":53}},"loc":{"start":{"line":347,"column":64},"end":{"line":347,"column":85}},"line":347},"9":{"name":"calculateUserSegments","decl":{"start":{"line":367,"column":9},"end":{"line":367,"column":30}},"loc":{"start":{"line":367,"column":45},"end":{"line":384,"column":1}},"line":367},"10":{"name":"(anonymous_10)","decl":{"start":{"line":373,"column":25},"end":{"line":373,"column":26}},"loc":{"start":{"line":373,"column":37},"end":{"line":375,"column":5}},"line":373},"11":{"name":"(anonymous_11)","decl":{"start":{"line":380,"column":30},"end":{"line":380,"column":31}},"loc":{"start":{"line":380,"column":39},"end":{"line":380,"column":49}},"line":380},"12":{"name":"(anonymous_12)","decl":{"start":{"line":381,"column":30},"end":{"line":381,"column":31}},"loc":{"start":{"line":381,"column":39},"end":{"line":381,"column":62}},"line":381},"13":{"name":"(anonymous_13)","decl":{"start":{"line":382,"column":32},"end":{"line":382,"column":33}},"loc":{"start":{"line":382,"column":41},"end":{"line":382,"column":52}},"line":382},"14":{"name":"calculateAnalysesPerUser","decl":{"start":{"line":389,"column":9},"end":{"line":389,"column":33}},"loc":{"start":{"line":389,"column":54},"end":{"line":406,"column":1}},"line":389},"15":{"name":"(anonymous_15)","decl":{"start":{"line":395,"column":31},"end":{"line":395,"column":32}},"loc":{"start":{"line":395,"column":43},"end":{"line":397,"column":5}},"line":395},"16":{"name":"(anonymous_16)","decl":{"start":{"line":400,"column":34},"end":{"line":400,"column":35}},"loc":{"start":{"line":400,"column":50},"end":{"line":400,"column":61}},"line":400},"17":{"name":"calculateTypeDistribution","decl":{"start":{"line":411,"column":9},"end":{"line":411,"column":34}},"loc":{"start":{"line":411,"column":50},"end":{"line":421,"column":1}},"line":411},"18":{"name":"(anonymous_18)","decl":{"start":{"line":415,"column":26},"end":{"line":415,"column":27}},"loc":{"start":{"line":415,"column":38},"end":{"line":418,"column":5}},"line":415},"19":{"name":"calculateSessionMetrics","decl":{"start":{"line":426,"column":9},"end":{"line":426,"column":32}},"loc":{"start":{"line":426,"column":47},"end":{"line":459,"column":1}},"line":426},"20":{"name":"(anonymous_20)","decl":{"start":{"line":433,"column":25},"end":{"line":433,"column":26}},"loc":{"start":{"line":433,"column":40},"end":{"line":438,"column":5}},"line":433},"21":{"name":"(anonymous_21)","decl":{"start":{"line":443,"column":40},"end":{"line":443,"column":41}},"loc":{"start":{"line":443,"column":52},"end":{"line":453,"column":5}},"line":443},"22":{"name":"(anonymous_22)","decl":{"start":{"line":445,"column":26},"end":{"line":445,"column":27}},"loc":{"start":{"line":445,"column":36},"end":{"line":445,"column":41}},"line":445},"23":{"name":"calculateGrowthRate","decl":{"start":{"line":464,"column":9},"end":{"line":464,"column":28}},"loc":{"start":{"line":464,"column":48},"end":{"line":469,"column":1}},"line":464},"24":{"name":"calculateChurnRate","decl":{"start":{"line":474,"column":9},"end":{"line":474,"column":27}},"loc":{"start":{"line":474,"column":47},"end":{"line":477,"column":1}},"line":474},"25":{"name":"calculateTrends","decl":{"start":{"line":482,"column":9},"end":{"line":482,"column":24}},"loc":{"start":{"line":482,"column":45},"end":{"line":489,"column":1}},"line":482},"26":{"name":"handleBusinessMetrics","decl":{"start":{"line":494,"column":15},"end":{"line":494,"column":36}},"loc":{"start":{"line":494,"column":66},"end":{"line":528,"column":1}},"line":494}},"branchMap":{"0":{"loc":{"start":{"line":15,"column":34},"end":{"line":15,"column":51}},"type":"default-arg","locations":[{"start":{"line":15,"column":46},"end":{"line":15,"column":51}}],"line":15},"1":{"loc":{"start":{"line":20,"column":8},"end":{"line":22,"column":9}},"type":"if","locations":[{"start":{"line":20,"column":8},"end":{"line":22,"column":9}},{"start":{},"end":{}}],"line":20},"2":{"loc":{"start":{"line":20,"column":12},"end":{"line":20,"column":50}},"type":"binary-expr","locations":[{"start":{"line":20,"column":12},"end":{"line":20,"column":25}},{"start":{"line":20,"column":29},"end":{"line":20,"column":50}}],"line":20},"3":{"loc":{"start":{"line":94,"column":4},"end":{"line":114,"column":5}},"type":"switch","locations":[{"start":{"line":95,"column":8},"end":{"line":98,"column":18}},{"start":{"line":99,"column":8},"end":{"line":102,"column":18}},{"start":{"line":103,"column":8},"end":{"line":106,"column":18}},{"start":{"line":107,"column":8},"end":{"line":110,"column":18}},{"start":{"line":111,"column":8},"end":{"line":113,"column":85}}],"line":94},"4":{"loc":{"start":{"line":160,"column":19},"end":{"line":160,"column":34}},"type":"binary-expr","locations":[{"start":{"line":160,"column":19},"end":{"line":160,"column":29}},{"start":{"line":160,"column":33},"end":{"line":160,"column":34}}],"line":160},"5":{"loc":{"start":{"line":161,"column":17},"end":{"line":161,"column":30}},"type":"binary-expr","locations":[{"start":{"line":161,"column":17},"end":{"line":161,"column":25}},{"start":{"line":161,"column":29},"end":{"line":161,"column":30}}],"line":161},"6":{"loc":{"start":{"line":162,"column":25},"end":{"line":162,"column":46}},"type":"binary-expr","locations":[{"start":{"line":162,"column":25},"end":{"line":162,"column":41}},{"start":{"line":162,"column":45},"end":{"line":162,"column":46}}],"line":162},"7":{"loc":{"start":{"line":163,"column":20},"end":{"line":163,"column":36}},"type":"binary-expr","locations":[{"start":{"line":163,"column":20},"end":{"line":163,"column":31}},{"start":{"line":163,"column":35},"end":{"line":163,"column":36}}],"line":163},"8":{"loc":{"start":{"line":213,"column":19},"end":{"line":213,"column":37}},"type":"binary-expr","locations":[{"start":{"line":213,"column":19},"end":{"line":213,"column":32}},{"start":{"line":213,"column":36},"end":{"line":213,"column":37}}],"line":213},"9":{"loc":{"start":{"line":214,"column":19},"end":{"line":214,"column":38}},"type":"binary-expr","locations":[{"start":{"line":214,"column":19},"end":{"line":214,"column":33}},{"start":{"line":214,"column":37},"end":{"line":214,"column":38}}],"line":214},"10":{"loc":{"start":{"line":215,"column":22},"end":{"line":215,"column":43}},"type":"binary-expr","locations":[{"start":{"line":215,"column":22},"end":{"line":215,"column":38}},{"start":{"line":215,"column":42},"end":{"line":215,"column":43}}],"line":215},"11":{"loc":{"start":{"line":238,"column":8},"end":{"line":248,"column":9}},"type":"if","locations":[{"start":{"line":238,"column":8},"end":{"line":248,"column":9}},{"start":{},"end":{}}],"line":238},"12":{"loc":{"start":{"line":238,"column":12},"end":{"line":238,"column":61}},"type":"binary-expr","locations":[{"start":{"line":238,"column":12},"end":{"line":238,"column":17}},{"start":{"line":238,"column":21},"end":{"line":238,"column":61}}],"line":238},"13":{"loc":{"start":{"line":270,"column":20},"end":{"line":270,"column":44}},"type":"binary-expr","locations":[{"start":{"line":270,"column":20},"end":{"line":270,"column":39}},{"start":{"line":270,"column":43},"end":{"line":270,"column":44}}],"line":270},"14":{"loc":{"start":{"line":271,"column":17},"end":{"line":271,"column":38}},"type":"binary-expr","locations":[{"start":{"line":271,"column":17},"end":{"line":271,"column":33}},{"start":{"line":271,"column":37},"end":{"line":271,"column":38}}],"line":271},"15":{"loc":{"start":{"line":272,"column":23},"end":{"line":272,"column":50}},"type":"binary-expr","locations":[{"start":{"line":272,"column":23},"end":{"line":272,"column":45}},{"start":{"line":272,"column":49},"end":{"line":272,"column":50}}],"line":272},"16":{"loc":{"start":{"line":294,"column":8},"end":{"line":296,"column":9}},"type":"if","locations":[{"start":{"line":294,"column":8},"end":{"line":296,"column":9}},{"start":{},"end":{}}],"line":294},"17":{"loc":{"start":{"line":330,"column":8},"end":{"line":338,"column":9}},"type":"if","locations":[{"start":{"line":330,"column":8},"end":{"line":338,"column":9}},{"start":{},"end":{}}],"line":330},"18":{"loc":{"start":{"line":330,"column":12},"end":{"line":330,"column":61}},"type":"binary-expr","locations":[{"start":{"line":330,"column":12},"end":{"line":330,"column":17}},{"start":{"line":330,"column":21},"end":{"line":330,"column":61}}],"line":330},"19":{"loc":{"start":{"line":347,"column":29},"end":{"line":347,"column":94}},"type":"binary-expr","locations":[{"start":{"line":347,"column":29},"end":{"line":347,"column":89}},{"start":{"line":347,"column":93},"end":{"line":347,"column":94}}],"line":347},"20":{"loc":{"start":{"line":347,"column":71},"end":{"line":347,"column":84}},"type":"binary-expr","locations":[{"start":{"line":347,"column":71},"end":{"line":347,"column":79}},{"start":{"line":347,"column":83},"end":{"line":347,"column":84}}],"line":347},"21":{"loc":{"start":{"line":348,"column":33},"end":{"line":348,"column":60}},"type":"binary-expr","locations":[{"start":{"line":348,"column":33},"end":{"line":348,"column":55}},{"start":{"line":348,"column":59},"end":{"line":348,"column":60}}],"line":348},"22":{"loc":{"start":{"line":349,"column":35},"end":{"line":349,"column":93}},"type":"cond-expr","locations":[{"start":{"line":349,"column":58},"end":{"line":349,"column":89}},{"start":{"line":349,"column":92},"end":{"line":349,"column":93}}],"line":349},"23":{"loc":{"start":{"line":368,"column":4},"end":{"line":370,"column":5}},"type":"if","locations":[{"start":{"line":368,"column":4},"end":{"line":370,"column":5}},{"start":{},"end":{}}],"line":368},"24":{"loc":{"start":{"line":368,"column":8},"end":{"line":368,"column":50}},"type":"binary-expr","locations":[{"start":{"line":368,"column":8},"end":{"line":368,"column":21}},{"start":{"line":368,"column":25},"end":{"line":368,"column":50}}],"line":368},"25":{"loc":{"start":{"line":374,"column":40},"end":{"line":374,"column":73}},"type":"binary-expr","locations":[{"start":{"line":374,"column":40},"end":{"line":374,"column":68}},{"start":{"line":374,"column":72},"end":{"line":374,"column":73}}],"line":374},"26":{"loc":{"start":{"line":381,"column":39},"end":{"line":381,"column":62}},"type":"binary-expr","locations":[{"start":{"line":381,"column":39},"end":{"line":381,"column":49}},{"start":{"line":381,"column":53},"end":{"line":381,"column":62}}],"line":381},"27":{"loc":{"start":{"line":390,"column":4},"end":{"line":392,"column":5}},"type":"if","locations":[{"start":{"line":390,"column":4},"end":{"line":392,"column":5}},{"start":{},"end":{}}],"line":390},"28":{"loc":{"start":{"line":390,"column":8},"end":{"line":390,"column":62}},"type":"binary-expr","locations":[{"start":{"line":390,"column":8},"end":{"line":390,"column":27}},{"start":{"line":390,"column":31},"end":{"line":390,"column":62}}],"line":390},"29":{"loc":{"start":{"line":396,"column":40},"end":{"line":396,"column":73}},"type":"binary-expr","locations":[{"start":{"line":396,"column":40},"end":{"line":396,"column":68}},{"start":{"line":396,"column":72},"end":{"line":396,"column":73}}],"line":396},"30":{"loc":{"start":{"line":412,"column":4},"end":{"line":412,"column":34}},"type":"if","locations":[{"start":{"line":412,"column":4},"end":{"line":412,"column":34}},{"start":{},"end":{}}],"line":412},"31":{"loc":{"start":{"line":416,"column":21},"end":{"line":416,"column":47}},"type":"binary-expr","locations":[{"start":{"line":416,"column":21},"end":{"line":416,"column":34}},{"start":{"line":416,"column":38},"end":{"line":416,"column":47}}],"line":416},"32":{"loc":{"start":{"line":417,"column":30},"end":{"line":417,"column":53}},"type":"binary-expr","locations":[{"start":{"line":417,"column":30},"end":{"line":417,"column":48}},{"start":{"line":417,"column":52},"end":{"line":417,"column":53}}],"line":417},"33":{"loc":{"start":{"line":427,"column":4},"end":{"line":429,"column":5}},"type":"if","locations":[{"start":{"line":427,"column":4},"end":{"line":429,"column":5}},{"start":{},"end":{}}],"line":427},"34":{"loc":{"start":{"line":427,"column":8},"end":{"line":427,"column":50}},"type":"binary-expr","locations":[{"start":{"line":427,"column":8},"end":{"line":427,"column":21}},{"start":{"line":427,"column":25},"end":{"line":427,"column":50}}],"line":427},"35":{"loc":{"start":{"line":434,"column":8},"end":{"line":436,"column":9}},"type":"if","locations":[{"start":{"line":434,"column":8},"end":{"line":436,"column":9}},{"start":{},"end":{}}],"line":434},"36":{"loc":{"start":{"line":444,"column":8},"end":{"line":452,"column":9}},"type":"if","locations":[{"start":{"line":444,"column":8},"end":{"line":452,"column":9}},{"start":{"line":449,"column":15},"end":{"line":452,"column":9}}],"line":444},"37":{"loc":{"start":{"line":457,"column":23},"end":{"line":457,"column":105}},"type":"cond-expr","locations":[{"start":{"line":457,"column":43},"end":{"line":457,"column":101}},{"start":{"line":457,"column":104},"end":{"line":457,"column":105}}],"line":457},"38":{"loc":{"start":{"line":465,"column":4},"end":{"line":467,"column":5}},"type":"if","locations":[{"start":{"line":465,"column":4},"end":{"line":467,"column":5}},{"start":{},"end":{}}],"line":465},"39":{"loc":{"start":{"line":465,"column":8},"end":{"line":465,"column":35}},"type":"binary-expr","locations":[{"start":{"line":465,"column":8},"end":{"line":465,"column":17}},{"start":{"line":465,"column":21},"end":{"line":465,"column":35}}],"line":465},"40":{"loc":{"start":{"line":466,"column":15},"end":{"line":466,"column":36}},"type":"cond-expr","locations":[{"start":{"line":466,"column":29},"end":{"line":466,"column":32}},{"start":{"line":466,"column":35},"end":{"line":466,"column":36}}],"line":466},"41":{"loc":{"start":{"line":475,"column":4},"end":{"line":475,"column":42}},"type":"if","locations":[{"start":{"line":475,"column":4},"end":{"line":475,"column":42}},{"start":{},"end":{}}],"line":475},"42":{"loc":{"start":{"line":475,"column":8},"end":{"line":475,"column":31}},"type":"binary-expr","locations":[{"start":{"line":475,"column":8},"end":{"line":475,"column":15}},{"start":{"line":475,"column":19},"end":{"line":475,"column":31}}],"line":475},"43":{"loc":{"start":{"line":484,"column":20},"end":{"line":484,"column":45}},"type":"binary-expr","locations":[{"start":{"line":484,"column":20},"end":{"line":484,"column":40}},{"start":{"line":484,"column":44},"end":{"line":484,"column":45}}],"line":484},"44":{"loc":{"start":{"line":485,"column":24},"end":{"line":485,"column":52}},"type":"binary-expr","locations":[{"start":{"line":485,"column":24},"end":{"line":485,"column":47}},{"start":{"line":485,"column":51},"end":{"line":485,"column":52}}],"line":485},"45":{"loc":{"start":{"line":486,"column":25},"end":{"line":486,"column":91}},"type":"cond-expr","locations":[{"start":{"line":486,"column":78},"end":{"line":486,"column":82}},{"start":{"line":486,"column":85},"end":{"line":486,"column":91}}],"line":486},"46":{"loc":{"start":{"line":496,"column":18},"end":{"line":496,"column":51}},"type":"binary-expr","locations":[{"start":{"line":496,"column":18},"end":{"line":496,"column":45}},{"start":{"line":496,"column":49},"end":{"line":496,"column":51}}],"line":496},"47":{"loc":{"start":{"line":499,"column":8},"end":{"line":508,"column":9}},"type":"if","locations":[{"start":{"line":499,"column":8},"end":{"line":508,"column":9}},{"start":{},"end":{}}],"line":499},"48":{"loc":{"start":{"line":500,"column":30},"end":{"line":500,"column":54}},"type":"binary-expr","locations":[{"start":{"line":500,"column":30},"end":{"line":500,"column":45}},{"start":{"line":500,"column":49},"end":{"line":500,"column":54}}],"line":500}},"s":{"0":0,"1":0,"2":0,"3":0,"4":0,"5":0,"6":0,"7":0,"8":0,"9":0,"10":0,"11":0,"12":0,"13":0,"14":0,"15":0,"16":0,"17":0,"18":0,"19":0,"20":0,"21":0,"22":0,"23":0,"24":0,"25":0,"26":0,"27":0,"28":0,"29":0,"30":0,"31":0,"32":0,"33":0,"34":0,"35":0,"36":0,"37":0,"38":0,"39":0,"40":0,"41":0,"42":0,"43":0,"44":0,"45":0,"46":0,"47":0,"48":0,"49":0,"50":0,"51":0,"52":0,"53":0,"54":0,"55":0,"56":0,"57":0,"58":0,"59":0,"60":0,"61":0,"62":0,"63":0,"64":0,"65":0,"66":0,"67":0,"68":0,"69":0,"70":0,"71":0,"72":0,"73":0,"74":0,"75":0,"76":0,"77":0,"78":0,"79":0,"80":0,"81":0,"82":0,"83":0,"84":0,"85":0,"86":0,"87":0,"88":0,"89":0,"90":0,"91":0,"92":0,"93":0,"94":0,"95":0,"96":0,"97":0,"98":0,"99":0,"100":0,"101":0,"102":0,"103":0,"104":0,"105":0,"106":0,"107":0,"108":0,"109":0,"110":0,"111":0,"112":0,"113":0,"114":0,"115":0,"116":0,"117":0,"118":0,"119":0,"120":0,"121":0,"122":0,"123":0,"124":0,"125":0,"126":0,"127":0,"128":0,"129":0,"130":0,"131":0,"132":0,"133":0,"134":0,"135":0,"136":0,"137":0,"138":0,"139":0,"140":0,"141":0,"142":0,"143":0,"144":0,"145":0,"146":0,"147":0,"148":0,"149":0,"150":0,"151":0,"152":0,"153":0,"154":0,"155":0,"156":0,"157":0},"f":{"0":0,"1":0,"2":0,"3":0,"4":0,"5":0,"6":0,"7":0,"8":0,"9":0,"10":0,"11":0,"12":0,"13":0,"14":0,"15":0,"16":0,"17":0,"18":0,"19":0,"20":0,"21":0,"22":0,"23":0,"24":0,"25":0,"26":0},"b":{"0":[0],"1":[0,0],"2":[0,0],"3":[0,0,0,0,0],"4":[0,0],"5":[0,0],"6":[0,0],"7":[0,0],"8":[0,0],"9":[0,0],"10":[0,0],"11":[0,0],"12":[0,0],"13":[0,0],"14":[0,0],"15":[0,0],"16":[0,0],"17":[0,0],"18":[0,0],"19":[0,0],"20":[0,0],"21":[0,0],"22":[0,0],"23":[0,0],"24":[0,0],"25":[0,0],"26":[0,0],"27":[0,0],"28":[0,0],"29":[0,0],"30":[0,0],"31":[0,0],"32":[0,0],"33":[0,0],"34":[0,0],"35":[0,0],"36":[0,0],"37":[0,0],"38":[0,0],"39":[0,0],"40":[0,0],"41":[0,0],"42":[0,0],"43":[0,0],"44":[0,0],"45":[0,0],"46":[0,0],"47":[0,0],"48":[0,0]}}
,"/Users/zhigulingo/Downloads/Cursor/dream-analyzer/bot/functions/cache-monitoring.js": {"path":"/Users/zhigulingo/Downloads/Cursor/dream-analyzer/bot/functions/cache-monitoring.js","statementMap":{"0":{"start":{"line":4,"column":21},"end":{"line":4,"column":63}},"1":{"start":{"line":5,"column":25},"end":{"line":5,"column":72}},"2":{"start":{"line":6,"column":22},"end":{"line":6,"column":65}},"3":{"start":{"line":7,"column":33},"end":{"line":7,"column":88}},"4":{"start":{"line":8,"column":28},"end":{"line":8,"column":78}},"5":{"start":{"line":11,"column":23},"end":{"line":11,"column":73}},"6":{"start":{"line":17,"column":4},"end":{"line":22,"column":6}},"7":{"start":{"line":28,"column":0},"end":{"line":83,"column":2}},"8":{"start":{"line":29,"column":26},"end":{"line":29,"column":70}},"9":{"start":{"line":30,"column":24},"end":{"line":30,"column":53}},"10":{"start":{"line":33,"column":4},"end":{"line":39,"column":5}},"11":{"start":{"line":34,"column":8},"end":{"line":38,"column":10}},"12":{"start":{"line":41,"column":4},"end":{"line":82,"column":5}},"13":{"start":{"line":42,"column":21},"end":{"line":42,"column":37}},"14":{"start":{"line":43,"column":23},"end":{"line":43,"column":39}},"15":{"start":{"line":44,"column":28},"end":{"line":44,"column":61}},"16":{"start":{"line":46,"column":8},"end":{"line":46,"column":72}},"17":{"start":{"line":49,"column":8},"end":{"line":51,"column":9}},"18":{"start":{"line":50,"column":12},"end":{"line":50,"column":76}},"19":{"start":{"line":53,"column":8},"end":{"line":55,"column":9}},"20":{"start":{"line":54,"column":12},"end":{"line":54,"column":77}},"21":{"start":{"line":57,"column":8},"end":{"line":59,"column":9}},"22":{"start":{"line":58,"column":12},"end":{"line":58,"column":82}},"23":{"start":{"line":61,"column":8},"end":{"line":63,"column":9}},"24":{"start":{"line":62,"column":12},"end":{"line":62,"column":77}},"25":{"start":{"line":65,"column":8},"end":{"line":67,"column":9}},"26":{"start":{"line":66,"column":12},"end":{"line":66,"column":75}},"27":{"start":{"line":70,"column":8},"end":{"line":70,"column":55}},"28":{"start":{"line":73,"column":8},"end":{"line":73,"column":57}},"29":{"start":{"line":74,"column":8},"end":{"line":81,"column":10}},"30":{"start":{"line":89,"column":4},"end":{"line":95,"column":5}},"31":{"start":{"line":90,"column":8},"end":{"line":94,"column":10}},"32":{"start":{"line":97,"column":22},"end":{"line":97,"column":47}},"33":{"start":{"line":98,"column":16},"end":{"line":98,"column":18}},"34":{"start":{"line":100,"column":4},"end":{"line":126,"column":5}},"35":{"start":{"line":102,"column":12},"end":{"line":102,"column":40}},"36":{"start":{"line":103,"column":12},"end":{"line":103,"column":18}},"37":{"start":{"line":105,"column":12},"end":{"line":105,"column":57}},"38":{"start":{"line":106,"column":12},"end":{"line":106,"column":18}},"39":{"start":{"line":108,"column":12},"end":{"line":108,"column":50}},"40":{"start":{"line":109,"column":12},"end":{"line":109,"column":18}},"41":{"start":{"line":111,"column":12},"end":{"line":111,"column":68}},"42":{"start":{"line":112,"column":12},"end":{"line":112,"column":18}},"43":{"start":{"line":114,"column":12},"end":{"line":114,"column":58}},"44":{"start":{"line":115,"column":12},"end":{"line":115,"column":18}},"45":{"start":{"line":118,"column":12},"end":{"line":124,"column":14}},"46":{"start":{"line":125,"column":12},"end":{"line":125,"column":18}},"47":{"start":{"line":128,"column":4},"end":{"line":137,"column":6}},"48":{"start":{"line":144,"column":4},"end":{"line":150,"column":5}},"49":{"start":{"line":145,"column":8},"end":{"line":149,"column":10}},"50":{"start":{"line":152,"column":22},"end":{"line":152,"column":41}},"51":{"start":{"line":153,"column":20},"end":{"line":153,"column":55}},"52":{"start":{"line":156,"column":17},"end":{"line":156,"column":26}},"53":{"start":{"line":157,"column":19},"end":{"line":157,"column":21}},"54":{"start":{"line":159,"column":4},"end":{"line":162,"column":5}},"55":{"start":{"line":160,"column":8},"end":{"line":160,"column":28}},"56":{"start":{"line":161,"column":8},"end":{"line":161,"column":36}},"57":{"start":{"line":164,"column":4},"end":{"line":167,"column":5}},"58":{"start":{"line":165,"column":8},"end":{"line":165,"column":28}},"59":{"start":{"line":166,"column":8},"end":{"line":166,"column":41}},"60":{"start":{"line":169,"column":4},"end":{"line":172,"column":5}},"61":{"start":{"line":170,"column":8},"end":{"line":170,"column":27}},"62":{"start":{"line":171,"column":8},"end":{"line":171,"column":35}},"63":{"start":{"line":174,"column":24},"end":{"line":184,"column":5}},"64":{"start":{"line":186,"column":23},"end":{"line":187,"column":55}},"65":{"start":{"line":189,"column":4},"end":{"line":196,"column":6}},"66":{"start":{"line":203,"column":4},"end":{"line":209,"column":5}},"67":{"start":{"line":204,"column":8},"end":{"line":208,"column":10}},"68":{"start":{"line":212,"column":4},"end":{"line":220,"column":5}},"69":{"start":{"line":213,"column":8},"end":{"line":213,"column":47}},"70":{"start":{"line":215,"column":8},"end":{"line":219,"column":10}},"71":{"start":{"line":222,"column":54},"end":{"line":222,"column":65}},"72":{"start":{"line":223,"column":17},"end":{"line":223,"column":18}},"73":{"start":{"line":225,"column":4},"end":{"line":277,"column":5}},"74":{"start":{"line":226,"column":8},"end":{"line":252,"column":9}},"75":{"start":{"line":228,"column":16},"end":{"line":228,"column":86}},"76":{"start":{"line":228,"column":29},"end":{"line":228,"column":86}},"77":{"start":{"line":229,"column":16},"end":{"line":229,"column":112}},"78":{"start":{"line":230,"column":16},"end":{"line":230,"column":22}},"79":{"start":{"line":233,"column":16},"end":{"line":233,"column":91}},"80":{"start":{"line":233,"column":30},"end":{"line":233,"column":91}},"81":{"start":{"line":234,"column":16},"end":{"line":234,"column":65}},"82":{"start":{"line":235,"column":16},"end":{"line":235,"column":22}},"83":{"start":{"line":238,"column":16},"end":{"line":238,"column":82}},"84":{"start":{"line":238,"column":29},"end":{"line":238,"column":82}},"85":{"start":{"line":239,"column":16},"end":{"line":239,"column":60}},"86":{"start":{"line":240,"column":16},"end":{"line":240,"column":22}},"87":{"start":{"line":243,"column":16},"end":{"line":243,"column":72}},"88":{"start":{"line":244,"column":16},"end":{"line":244,"column":22}},"89":{"start":{"line":247,"column":16},"end":{"line":247,"column":49}},"90":{"start":{"line":248,"column":16},"end":{"line":248,"column":22}},"91":{"start":{"line":251,"column":16},"end":{"line":251,"column":70}},"92":{"start":{"line":254,"column":8},"end":{"line":265,"column":10}},"93":{"start":{"line":268,"column":8},"end":{"line":276,"column":10}},"94":{"start":{"line":284,"column":4},"end":{"line":290,"column":5}},"95":{"start":{"line":285,"column":8},"end":{"line":289,"column":10}},"96":{"start":{"line":293,"column":4},"end":{"line":301,"column":5}},"97":{"start":{"line":294,"column":8},"end":{"line":294,"column":47}},"98":{"start":{"line":296,"column":8},"end":{"line":300,"column":10}},"99":{"start":{"line":303,"column":41},"end":{"line":303,"column":52}},"100":{"start":{"line":305,"column":4},"end":{"line":350,"column":5}},"101":{"start":{"line":308,"column":8},"end":{"line":328,"column":9}},"102":{"start":{"line":310,"column":16},"end":{"line":310,"column":120}},"103":{"start":{"line":311,"column":16},"end":{"line":311,"column":22}},"104":{"start":{"line":314,"column":16},"end":{"line":314,"column":70}},"105":{"start":{"line":315,"column":16},"end":{"line":315,"column":22}},"106":{"start":{"line":318,"column":16},"end":{"line":318,"column":71}},"107":{"start":{"line":319,"column":16},"end":{"line":319,"column":22}},"108":{"start":{"line":322,"column":16},"end":{"line":322,"column":87}},"109":{"start":{"line":322,"column":29},"end":{"line":322,"column":87}},"110":{"start":{"line":323,"column":16},"end":{"line":323,"column":77}},"111":{"start":{"line":324,"column":16},"end":{"line":324,"column":22}},"112":{"start":{"line":327,"column":16},"end":{"line":327,"column":65}},"113":{"start":{"line":330,"column":8},"end":{"line":339,"column":10}},"114":{"start":{"line":342,"column":8},"end":{"line":349,"column":10}},"115":{"start":{"line":357,"column":4},"end":{"line":363,"column":5}},"116":{"start":{"line":358,"column":8},"end":{"line":362,"column":10}},"117":{"start":{"line":365,"column":20},"end":{"line":365,"column":46}},"118":{"start":{"line":366,"column":18},"end":{"line":366,"column":52}},"119":{"start":{"line":367,"column":26},"end":{"line":367,"column":55}},"120":{"start":{"line":369,"column":4},"end":{"line":409,"column":5}},"121":{"start":{"line":370,"column":21},"end":{"line":370,"column":63}},"122":{"start":{"line":371,"column":23},"end":{"line":376,"column":9}},"123":{"start":{"line":378,"column":8},"end":{"line":388,"column":9}},"124":{"start":{"line":379,"column":12},"end":{"line":379,"column":31}},"125":{"start":{"line":380,"column":12},"end":{"line":387,"column":15}},"126":{"start":{"line":381,"column":30},"end":{"line":381,"column":51}},"127":{"start":{"line":382,"column":16},"end":{"line":386,"column":18}},"128":{"start":{"line":390,"column":8},"end":{"line":398,"column":10}},"129":{"start":{"line":401,"column":8},"end":{"line":408,"column":10}},"130":{"start":{"line":416,"column":22},"end":{"line":449,"column":5}},"131":{"start":{"line":451,"column":4},"end":{"line":458,"column":6}}},"fnMap":{"0":{"name":"getCORSHeaders","decl":{"start":{"line":16,"column":9},"end":{"line":16,"column":23}},"loc":{"start":{"line":16,"column":32},"end":{"line":23,"column":1}},"line":16},"1":{"name":"(anonymous_1)","decl":{"start":{"line":28,"column":18},"end":{"line":28,"column":19}},"loc":{"start":{"line":28,"column":35},"end":{"line":83,"column":1}},"line":28},"2":{"name":"handleCacheStats","decl":{"start":{"line":88,"column":15},"end":{"line":88,"column":31}},"loc":{"start":{"line":88,"column":66},"end":{"line":138,"column":1}},"line":88},"3":{"name":"handleCacheHealth","decl":{"start":{"line":143,"column":15},"end":{"line":143,"column":32}},"loc":{"start":{"line":143,"column":67},"end":{"line":197,"column":1}},"line":143},"4":{"name":"handleCacheInvalidation","decl":{"start":{"line":202,"column":15},"end":{"line":202,"column":38}},"loc":{"start":{"line":202,"column":66},"end":{"line":278,"column":1}},"line":202},"5":{"name":"handleCacheWarming","decl":{"start":{"line":283,"column":15},"end":{"line":283,"column":33}},"loc":{"start":{"line":283,"column":61},"end":{"line":351,"column":1}},"line":283},"6":{"name":"handleCacheKeys","decl":{"start":{"line":356,"column":15},"end":{"line":356,"column":30}},"loc":{"start":{"line":356,"column":65},"end":{"line":410,"column":1}},"line":356},"7":{"name":"(anonymous_7)","decl":{"start":{"line":380,"column":25},"end":{"line":380,"column":26}},"loc":{"start":{"line":380,"column":32},"end":{"line":387,"column":13}},"line":380},"8":{"name":"handleCacheDashboard","decl":{"start":{"line":415,"column":15},"end":{"line":415,"column":35}},"loc":{"start":{"line":415,"column":49},"end":{"line":459,"column":1}},"line":415}},"branchMap":{"0":{"loc":{"start":{"line":18,"column":39},"end":{"line":18,"column":99}},"type":"cond-expr","locations":[{"start":{"line":18,"column":73},"end":{"line":18,"column":79}},{"start":{"line":18,"column":82},"end":{"line":18,"column":99}}],"line":18},"1":{"loc":{"start":{"line":29,"column":26},"end":{"line":29,"column":70}},"type":"binary-expr","locations":[{"start":{"line":29,"column":26},"end":{"line":29,"column":46}},{"start":{"line":29,"column":50},"end":{"line":29,"column":70}}],"line":29},"2":{"loc":{"start":{"line":33,"column":4},"end":{"line":39,"column":5}},"type":"if","locations":[{"start":{"line":33,"column":4},"end":{"line":39,"column":5}},{"start":{},"end":{}}],"line":33},"3":{"loc":{"start":{"line":42,"column":21},"end":{"line":42,"column":37}},"type":"binary-expr","locations":[{"start":{"line":42,"column":21},"end":{"line":42,"column":31}},{"start":{"line":42,"column":35},"end":{"line":42,"column":37}}],"line":42},"4":{"loc":{"start":{"line":44,"column":28},"end":{"line":44,"column":61}},"type":"binary-expr","locations":[{"start":{"line":44,"column":28},"end":{"line":44,"column":55}},{"start":{"line":44,"column":59},"end":{"line":44,"column":61}}],"line":44},"5":{"loc":{"start":{"line":49,"column":8},"end":{"line":51,"column":9}},"type":"if","locations":[{"start":{"line":49,"column":8},"end":{"line":51,"column":9}},{"start":{},"end":{}}],"line":49},"6":{"loc":{"start":{"line":53,"column":8},"end":{"line":55,"column":9}},"type":"if","locations":[{"start":{"line":53,"column":8},"end":{"line":55,"column":9}},{"start":{},"end":{}}],"line":53},"7":{"loc":{"start":{"line":57,"column":8},"end":{"line":59,"column":9}},"type":"if","locations":[{"start":{"line":57,"column":8},"end":{"line":59,"column":9}},{"start":{},"end":{}}],"line":57},"8":{"loc":{"start":{"line":61,"column":8},"end":{"line":63,"column":9}},"type":"if","locations":[{"start":{"line":61,"column":8},"end":{"line":63,"column":9}},{"start":{},"end":{}}],"line":61},"9":{"loc":{"start":{"line":65,"column":8},"end":{"line":67,"column":9}},"type":"if","locations":[{"start":{"line":65,"column":8},"end":{"line":67,"column":9}},{"start":{},"end":{}}],"line":65},"10":{"loc":{"start":{"line":89,"column":4},"end":{"line":95,"column":5}},"type":"if","locations":[{"start":{"line":89,"column":4},"end":{"line":95,"column":5}},{"start":{},"end":{}}],"line":89},"11":{"loc":{"start":{"line":97,"column":22},"end":{"line":97,"column":47}},"type":"binary-expr","locations":[{"start":{"line":97,"column":22},"end":{"line":97,"column":38}},{"start":{"line":97,"column":42},"end":{"line":97,"column":47}}],"line":97},"12":{"loc":{"start":{"line":100,"column":4},"end":{"line":126,"column":5}},"type":"switch","locations":[{"start":{"line":101,"column":8},"end":{"line":103,"column":18}},{"start":{"line":104,"column":8},"end":{"line":106,"column":18}},{"start":{"line":107,"column":8},"end":{"line":109,"column":18}},{"start":{"line":110,"column":8},"end":{"line":112,"column":18}},{"start":{"line":113,"column":8},"end":{"line":115,"column":18}},{"start":{"line":116,"column":8},"end":{"line":116,"column":19}},{"start":{"line":117,"column":8},"end":{"line":125,"column":18}}],"line":100},"13":{"loc":{"start":{"line":144,"column":4},"end":{"line":150,"column":5}},"type":"if","locations":[{"start":{"line":144,"column":4},"end":{"line":150,"column":5}},{"start":{},"end":{}}],"line":144},"14":{"loc":{"start":{"line":153,"column":20},"end":{"line":153,"column":55}},"type":"binary-expr","locations":[{"start":{"line":153,"column":20},"end":{"line":153,"column":50}},{"start":{"line":153,"column":54},"end":{"line":153,"column":55}}],"line":153},"15":{"loc":{"start":{"line":159,"column":4},"end":{"line":162,"column":5}},"type":"if","locations":[{"start":{"line":159,"column":4},"end":{"line":162,"column":5}},{"start":{},"end":{}}],"line":159},"16":{"loc":{"start":{"line":164,"column":4},"end":{"line":167,"column":5}},"type":"if","locations":[{"start":{"line":164,"column":4},"end":{"line":167,"column":5}},{"start":{},"end":{}}],"line":164},"17":{"loc":{"start":{"line":169,"column":4},"end":{"line":172,"column":5}},"type":"if","locations":[{"start":{"line":169,"column":4},"end":{"line":172,"column":5}},{"start":{},"end":{}}],"line":169},"18":{"loc":{"start":{"line":186,"column":23},"end":{"line":187,"column":55}},"type":"cond-expr","locations":[{"start":{"line":186,"column":46},"end":{"line":186,"column":49}},{"start":{"line":187,"column":22},"end":{"line":187,"column":55}}],"line":186},"19":{"loc":{"start":{"line":187,"column":22},"end":{"line":187,"column":55}},"type":"cond-expr","locations":[{"start":{"line":187,"column":46},"end":{"line":187,"column":49}},{"start":{"line":187,"column":52},"end":{"line":187,"column":55}}],"line":187},"20":{"loc":{"start":{"line":203,"column":4},"end":{"line":209,"column":5}},"type":"if","locations":[{"start":{"line":203,"column":4},"end":{"line":209,"column":5}},{"start":{},"end":{}}],"line":203},"21":{"loc":{"start":{"line":213,"column":33},"end":{"line":213,"column":45}},"type":"binary-expr","locations":[{"start":{"line":213,"column":33},"end":{"line":213,"column":37}},{"start":{"line":213,"column":41},"end":{"line":213,"column":45}}],"line":213},"22":{"loc":{"start":{"line":226,"column":8},"end":{"line":252,"column":9}},"type":"switch","locations":[{"start":{"line":227,"column":12},"end":{"line":230,"column":22}},{"start":{"line":232,"column":12},"end":{"line":235,"column":22}},{"start":{"line":237,"column":12},"end":{"line":240,"column":22}},{"start":{"line":242,"column":12},"end":{"line":244,"column":22}},{"start":{"line":246,"column":12},"end":{"line":248,"column":22}},{"start":{"line":250,"column":12},"end":{"line":251,"column":70}}],"line":226},"23":{"loc":{"start"
[...]
,"/Users/zhigulingo/Downloads/Cursor/dream-analyzer/bot/functions/shared/utils/logger.js": {"path":"/Users/zhigulingo/Downloads/Cursor/dream-analyzer/bot/functions/shared/utils/logger.js","statementMap":{"0":{"start":{"line":2,"column":16},"end":{"line":2,"column":34}},"1":{"start":{"line":3,"column":15},"end":{"line":3,"column":32}},"2":{"start":{"line":6,"column":19},"end":{"line":11,"column":1}},"3":{"start":{"line":13,"column":26},"end":{"line":13,"column":57}},"4":{"start":{"line":14,"column":33},"end":{"line":14,"column":69}},"5":{"start":{"line":15,"column":35},"end":{"line":15,"column":73}},"6":{"start":{"line":19,"column":2},"end":{"line":19,"column":47}},"7":{"start":{"line":23,"column":25},"end":{"line":45,"column":1}},"8":{"start":{"line":28,"column":22},"end":{"line":37,"column":5}},"9":{"start":{"line":39,"column":4},"end":{"line":41,"column":5}},"10":{"start":{"line":40,"column":6},"end":{"line":40,"column":30}},"11":{"start":{"line":43,"column":4},"end":{"line":43,"column":37}},"12":{"start":{"line":48,"column":19},"end":{"line":81,"column":1}},"13":{"start":{"line":57,"column":31},"end":{"line":59,"column":18}},"14":{"start":{"line":60,"column":12},"end":{"line":60,"column":98}},"15":{"start":{"line":84,"column":0},"end":{"line":98,"column":1}},"16":{"start":{"line":85,"column":31},"end":{"line":85,"column":54}},"17":{"start":{"line":86,"column":2},"end":{"line":97,"column":4}},"18":{"start":{"line":101,"column":19},"end":{"line":107,"column":2}},"19":{"start":{"line":112,"column":4},"end":{"line":112,"column":41}},"20":{"start":{"line":113,"column":4},"end":{"line":113,"column":30}},"21":{"start":{"line":118,"column":4},"end":{"line":118,"column":39}},"22":{"start":{"line":119,"column":4},"end":{"line":119,"column":16}},"23":{"start":{"line":124,"column":4},"end":{"line":124,"column":49}},"24":{"start":{"line":125,"column":4},"end":{"line":125,"column":30}},"25":{"start":{"line":130,"column":24},"end":{"line":133,"column":6}},"26":{"start":{"line":134,"column":4},"end":{"line":134,"column":51}},"27":{"start":{"line":135,"column":4},"end":{"line":135,"column":23}},"28":{"start":{"line":140,"column":20},"end":{"line":147,"column":5}},"29":{"start":{"line":149,"column":4},"end":{"line":155,"column":5}},"30":{"start":{"line":150,"column":6},"end":{"line":154,"column":8}},"31":{"start":{"line":157,"column":4},"end":{"line":157,"column":35}},"32":{"start":{"line":162,"column":4},"end":{"line":162,"column":48}},"33":{"start":{"line":166,"column":4},"end":{"line":166,"column":40}},"34":{"start":{"line":170,"column":4},"end":{"line":170,"column":40}},"35":{"start":{"line":174,"column":4},"end":{"line":174,"column":41}},"36":{"start":{"line":181,"column":4},"end":{"line":190,"column":7}},"37":{"start":{"line":195,"column":4},"end":{"line":202,"column":14}},"38":{"start":{"line":207,"column":4},"end":{"line":215,"column":7}},"39":{"start":{"line":220,"column":4},"end":{"line":226,"column":14}},"40":{"start":{"line":231,"column":4},"end":{"line":238,"column":7}},"41":{"start":{"line":243,"column":4},"end":{"line":250,"column":14}},"42":{"start":{"line":255,"column":4},"end":{"line":263,"column":7}},"43":{"start":{"line":268,"column":4},"end":{"line":273,"column":14}},"44":{"start":{"line":278,"column":4},"end":{"line":286,"column":7}},"45":{"start":{"line":291,"column":4},"end":{"line":298,"column":7}},"46":{"start":{"line":303,"column":4},"end":{"line":309,"column":14}},"47":{"start":{"line":314,"column":11},"end":{"line":314,"column":24}},"48":{"start":{"line":315,"column":13},"end":{"line":315,"column":28}},"49":{"start":{"line":317,"column":0},"end":{"line":324,"column":1}},"50":{"start":{"line":318,"column":18},"end":{"line":318,"column":50}},"51":{"start":{"line":319,"column":2},"end":{"line":321,"column":3}},"52":{"start":{"line":320,"column":4},"end":{"line":320,"column":47}},"53":{"start":{"line":323,"column":2},"end":{"line":323,"column":66}},"54":{"start":{"line":327,"column":0},"end":{"line":339,"column":2}},"55":{"start":{"line":332,"column":34},"end":{"line":332,"column":63}}},"fnMap":{"0":{"name":"generateCorrelationId","decl":{"start":{"line":18,"column":9},"end":{"line":18,"column":30}},"loc":{"start":{"line":18,"column":33},"end":{"line":20,"column":1}},"line":18},"1":{"name":"(anonymous_1)","decl":{"start":{"line":27,"column":24},"end":{"line":27,"column":25}},"loc":{"start":{"line":27,"column":99},"end":{"line":44,"column":3}},"line":27},"2":{"name":"(anonymous_2)","decl":{"start":{"line":56,"column":32},"end":{"line":56,"column":33}},"loc":{"start":{"line":56,"column":91},"end":{"line":61,"column":11}},"line":56},"3":{"name":"(anonymous_3)","decl":{"start":{"line":111,"column":2},"end":{"line":111,"column":3}},"loc":{"start":{"line":111,"column":35},"end":{"line":114,"column":3}},"line":111},"4":{"name":"(anonymous_4)","decl":{"start":{"line":117,"column":2},"end":{"line":117,"column":3}},"loc":{"start":{"line":117,"column":34},"end":{"line":120,"column":3}},"line":117},"5":{"name":"(anonymous_5)","decl":{"start":{"line":123,"column":2},"end":{"line":123,"column":3}},"loc":{"start":{"line":123,"column":26},"end":{"line":126,"column":3}},"line":123},"6":{"name":"(anonymous_6)","decl":{"start":{"line":129,"column":2},"end":{"line":129,"column":3}},"loc":{"start":{"line":129,"column":32},"end":{"line":136,"column":3}},"line":129},"7":{"name":"(anonymous_7)","decl":{"start":{"line":139,"column":2},"end":{"line":139,"column":3}},"loc":{"start":{"line":139,"column":51},"end":{"line":158,"column":3}},"line":139},"8":{"name":"(anonymous_8)","decl":{"start":{"line":161,"column":2},"end":{"line":161,"column":3}},"loc":{"start":{"line":161,"column":45},"end":{"line":163,"column":3}},"line":161},"9":{"name":"(anonymous_9)","decl":{"start":{"line":165,"column":2},"end":{"line":165,"column":3}},"loc":{"start":{"line":165,"column":30},"end":{"line":167,"column":3}},"line":165},"10":{"name":"(anonymous_10)","decl":{"start":{"line":169,"column":2},"end":{"line":169,"column":3}},"loc":{"start":{"line":169,"column":30},"end":{"line":171,"column":3}},"line":169},"11":{"name":"(anonymous_11)","decl":{"start":{"line":173,"column":2},"end":{"line":173,"column":3}},"loc":{"start":{"line":173,"column":31},"end":{"line":175,"column":3}},"line":173},"12":{"name":"(anonymous_12)","decl":{"start":{"line":180,"column":2},"end":{"line":180,"column":3}},"loc":{"start":{"line":180,"column":78},"end":{"line":191,"column":3}},"line":180},"13":{"name":"(anonymous_13)","decl":{"start":{"line":194,"column":2},"end":{"line":194,"column":3}},"loc":{"start":{"line":194,"column":61},"end":{"line":203,"column":3}},"line":194},"14":{"name":"(anonymous_14)","decl":{"start":{"line":206,"column":2},"end":{"line":206,"column":3}},"loc":{"start":{"line":206,"column":77},"end":{"line":216,"column":3}},"line":206},"15":{"name":"(anonymous_15)","decl":{"start":{"line":219,"column":2},"end":{"line":219,"column":3}},"loc":{"start":{"line":219,"column":49},"end":{"line":227,"column":3}},"line":219},"16":{"name":"(anonymous_16)","decl":{"start":{"line":230,"column":2},"end":{"line":230,"column":3}},"loc":{"start":{"line":230,"column":52},"end":{"line":239,"column":3}},"line":230},"17":{"name":"(anonymous_17)","decl":{"start":{"line":242,"column":2},"end":{"line":242,"column":3}},"loc":{"start":{"line":242,"column":73},"end":{"line":251,"column":3}},"line":242},"18":{"name":"(anonymous_18)","decl":{"start":{"line":254,"column":2},"end":{"line":254,"column":3}},"loc":{"start":{"line":254,"column":79},"end":{"line":264,"column":3}},"line":254},"19":{"name":"(anonymous_19)","decl":{"start":{"line":267,"column":2},"end":{"line":267,"column":3}},"loc":{"start":{"line":267,"column":46},"end":{"line":274,"column":3}},"line":267},"20":{"name":"(anonymous_20)","decl":{"start":{"line":277,"column":2},"end":{"line":277,"column":3}},"loc":{"start":{"line":277,"column":76},"end":{"line":287,"column":3}},"line":277},"21":{"name":"(anonymous_21)","decl":{"start":{"line":290,"column":2},"end":{"line":290,"column":3}},"loc":{"start":{"line":290,"column":49},"end":{"line":299,"column":3}},"line":290},"22":{"name":"(anonymous_22)","decl":{"start":{"line":302,"column":2},"end":{"line":302,"column":3}},"loc":{"start":{"line":302,"column":55},"end":{"line":310,"column":3}},"line":302},"23":{"name":"(anonymous_23)","decl":{"start":{"line":332,"column":16},"end":{"line":332,"column":17}},"loc":{"start":{"line":332,"column":34},"end":{"line":332,"column":63}},"line":332}},"branchMap":{"0":{"loc":{"start":{"line":13,"column":26},"end":{"line":13,"column":57}},"type":"binary-expr","locations":[{"start":{"line":13,"column":26},"end":{"line":13,"column":47}},{"start":{"line":13,"column":51},"end":{"line":13,"column":57}}],"line":13},"1":{"loc":{"start":{"line":32,"column":21},"end":{"line":32,"column":47}},"type":"binary-expr","locations":[{"start":{"line":32,"column":21},"end":{"line":32,"column":34}},{"start":{"line":32,"column":38},"end":{"line":32,"column":47}}],"line":32},"2":{"loc":{"start":{"line":34,"column":19},"end":{"line":34,"column":56}},"type":"binary-expr","locations":[{"start":{"line":34,"column":19},"end":{"line":34,"column":39}},{"start":{"line":34,"column":43},"end":{"line":34,"column":56}}],"line":34},"3":{"loc":{"start":{"line":35,"column":15},"end":{"line":35,"column":28}},"type":"binary-expr","locations":[{"start":{"line":35,"column":15},"end":{"line":35,"column":22}},{"start":{"line":35,"column":26},"end":{"line":35,"column":28}}],"line":35},"4":{"loc":{"start":{"line":39,"column":4},"end":{"line":41,"column":5}},"type":"if","locations":[{"start":{"line":39,"column":4},"end":{"line":41,"column":5}},{"start":{},"end":{}}],"line":39},"5":{"loc":{"start":{"line":52,"column":12},"end":{"line":63,"column":24}},"type":"cond-expr","locations":[{"start":{"line":53,"column":8},"end":{"line":62,"column":9}},{"start":{"line":63,"column":8},"end":{"line":63,"column":24}}],"line":52},"6":{"loc":{"start":{"line":57,"column":31},"end":{"line":59,"column":18}},"type":"cond-expr","locations":[{"start":{"line":58,"column":16},"end":{"line":58,"column":47}},{"start":{"line":59,"column":16},"end":{"line":59,"column":18}}],"line":57},"7":{"loc":{"start":{"line":57,"column":31},"end":{"line":57,"column":73}},"type":"binary-expr","locations":[{"start":{"line":57,"column":31},"end":{"line":57,"column":38}},{"start":{"line":57,"column":42},"end":{"line":57,"column":73}}],"line":57},"8":{"loc":{"start":{"line":60,"column":46},"end":{"line":60,"column":70}},"type":"binary-expr","locations":[{"start":{"line":60,"column":46},"end":{"line":60,"column":59}},{"start":{"line":60,"column":63},"end":{"line":60,"column":70}}],"line":60},"9":{"loc":{"start":{"line":84,"column":0},"end":{"line":98,"column":1}},"type":"if","locations":[{"start":{"line":84,"column":0},"end":{"line":98,"column":1}},{"start":{},"end":{}}],"line":84},"10":{"loc":{"start":{"line":84,"column":4},"end":{"line":84,"column":58}},"type":"binary-expr","locations":[{"start":{"line":84,"column":4},"end":{"line":84,"column":28}},{"start":{"line":84,"column":32},"end":{"line":84,"column":58}}],"line":84},"11":{"loc":{"start":{"line":89,"column":12},"end":{"line":89,"column":57}},"type":"binary-expr","locations":[{"start":{"line":89,"column":12},"end":{"line":89,"column":50}},{"start":{"line":89,"column":54},"end":{"line":89,"column":57}}],"line":89},"12":{"loc":{"start":{"line":111,"column":14},"end":{"line":111,"column":33}},"type":"default-arg","locations":[{"start":{"line":111,"column":31},"end":{"line":111,"column":33}}],"line":111},"13":{"loc":{"start":{"line":129,"column":8},"end":{"line":129,"column":30}},"type":"default-arg","locations":[{"start":{"line":129,"column":28},"end":{"line":129,"column":30}}],"line":129},"14":{"loc":{"start":{"line":139,"column":23},"end":{"line":139,"column":35}},"type":"default-arg","locations":[{"start":{"line":139,"column":33},"end":{"line":139,"column":35}}],"line":139},"15":{"loc":{"start":{"line":139,"column":37},"end":{"line":139,"column":49}},"type":"default-arg","locations":[{"start":{"line":139,"column":45},"end":{"line":139,"column":49}}],"line":139},"16":{"loc":{"start":{"line":142,"column":21},"end":{"line":142,"column":66}},"type":"binary-expr","locations":[{"start":{"line":142,"column":21},"end":{"line":142,"column":39}},{"start":{"line":142,"column":43},"end":{"line":142,"column":66}}],"line":142},"17":{"loc":{"start":{"line":149,"column":4},"end":{"line":155,"column":5}},"type":"if","locations":[{"start":{"line":149,"column":4},"end":{"line":155,"column":5}},{"start":{},"end":{}}],"line":149},"18":{"loc":{"start":{"line":161,"column":17},"end":{"line":161,"column":29}},"type":"default-arg","locations":[{"start":{"line":161,"column":27},"end":{"line":161,"column":29}}],"line":161},"19":{"loc":{"start":{"line":161,"column":31},"end":{"line":161,"column":43}},"type":"default-arg","locations":[{"start":{"line":161,"column":39},"end":{"line":161,"column":43}}],"line":161},"20":{"loc":{"start":{"line":165,"column":16},"end":{"line":165,"column":28}},"type":"default-arg","locations":[{"start":{"line":165,"column":26},"end":{"line":165,"column":28}}],"line":165},"21":{"loc":{"start":{"line":169,"column":16},"end":{"line":169,"column":28}},"type":"default-arg","locations":[{"start":{"line":169,"column":26},"end":{"line":169,"column":28}}],"line":169},"22":{"loc":{"start":{"line":173,"column":17},"end":{"line":173,"column":29}},"type":"default-arg","locations":[{"start":{"line":173,"column":27},"end":{"line":173,"column":29}}],"line":173},"23":{"loc":{"start":{"line":180,"column":49},"end":{"line":180,"column":62}},"type":"default-arg","locations":[{"start":{"line":180,"column":58},"end":{"line":180,"column":62}}],"line":180},"24":{"loc":{"start":{"line":180,"column":64},"end":{"line":180,"column":76}},"type":"default-arg","locations":[{"start":{"line":180,"column":74},"end":{"line":180,"column":76}}],"line":180},"25":{"loc":{"start":{"line":194,"column":32},"end":{"line":194,"column":45}},"type":"default-arg","locations":[{"start":{"line":194,"column":41},"end":{"line":194,"column":45}}],"line":194},"26":{"loc":{"start":{"line":194,"column":47},"end":{"line":194,"column":59}},"type":"default-arg","locations":[{"start":{"line":194,"column":57},"end":{"line":194,"column":59}}],"line":194},"27":{"loc":{"start":{"line":206,"column":42},"end":{"line":206,"column":61}},"type":"default-arg","locations":[{"start":{"line":206,"column":57},"end":{"line":206,"column":61}}],"line":206},"28":{"loc":{"start":{"line":206,"column":63},"end":{"line":206,"column":75}},"type":"default-arg","locations":[{"start":{"line":206,"column":73},"end":{"line":206,"column":75}}],"line":206},"29":{"loc":{"start":{"line":219,"column":35},"end":{"line":219,"column":47}},"type":"default-arg","locations":[{"start":{"line":219,"column":45},"end":{"line":219,"column":47}}],"line":219},"30":{"loc":{"start":{"line":230,"column":38},"end":{"line":230,"column":50}},"type":"default-arg","locations":[{"start":{"line":230,"column":48},"end":{"line":230,"column":50}}],"line":230},"31":{"loc":{"start":{"line":242,"column":29},"end":{"line":242,"column":42}},"type":"default-arg","locations":[{"start":{"line":242,"column":38},"end":{"line":242,"column":42}}],"line":242},"32":{"loc":{"start":{"line":242,"column":44},"end":{"line":242,"column":57}},"type":"default-arg","locations":[{"start":{"line":242,"column":53},"end":{"line":242,"column":57}}],"line":242},"33":{"loc":{"start":{"line":242,"column":59},"end":{"line":242,"column":71}},"type":"default-arg","locations":[{"start":{"line":242,"column":69},"end":{"line":242,"column":71}}],"line":242},"34":{"loc":{"start":{"line":254,"column":46},"end":{"line":254,"column":63}},"type":"default-arg","locations":[{"start":{"line":254,"column":59},"end":{"line":254,"column":63}}],"line":254},"35":{"loc":{"start":{"line":254,"column":65},"end":{"line":254,"column":77}},"type":"default-arg","locations":[{"start":{"line":254,"column":75},"end":{"line":254,"column":77}}],"line":254},"36":{"loc":{"start":{"line":267,"column":32},"end":{"line":267,"column":44}},"type":"default-arg","locations":[{"start":{"line":267,"column":42},"end":{"line":267,"column":44}}],"line":267},"37":{"loc":{"start":{"line":277,"column":33},"end":{"line":277,"column":43}},"type":"default-arg","locations":[{"start":{"line":277,"column":39},"end":{"line":277,"column":43}}],"line":277},"38":{"loc":{"start":{"line":277,"column":45},"end":{"line":277,"column":60}},"type":"default-arg","locations":[{"start":{"line":277,"column":56},"end":{"line":277,"column":60}}],"line":277},"39":{"loc":{"start":{"line":277,"column":62},"end":{"line":277,"column":74}},"type":"default-arg","locations":[{"start":{"line":277,"column":72},"end":{"line":277,"column":74}}],"line":277},"40":{"loc":{"start":{"line":290,"column":35},"end":{"line":290,"column":47}},"type":"default-arg","locations":[{"start":{"line":290,"column":45},"end":{"line":290,"column":47}}],"line":290},"41":{"loc":{"start":{"line":302,"column":26},"end":{"line":302,"column":39}},"type":"default-arg","locations":[{"start":{"line":302,"column":35},"end":{"line":302,"column":39}}],"line":302},"42":{"loc":{"start":{"line":302,"column":41},"end":{"line":302,"column":53}},"type":"default-arg","locations":[{"start":{"line":302,"column":51},"end":{"line":302,"column":53}}],"line":302},"43":{"loc":{"start":{"line":319,"column":2},"end":{"line":321,"column":3}},"type":"if","locations":[{"start":{"line":319,"column":2},"end":{"line":321,"column":3}},{"start":{},"end":{}}],"line":319},"44":{"loc":{"start":{"line":332,"column":17},"end":{"line":332,"column":29}},"type":"default-arg","locations":[{"start":{"line":332,"column":27},"end":{"line":332,"column":29}}],"line":332}},"s":{"0":4,"1":4,"2":4,"3":4,"4":4,"5":4,"6":0,"7":4,"8":0,"9":0,"10":0,"11":0,"12":4,"13":0,"14":0,"15":4,"16":0,"17":0,"18":4,"19":8,"20":8,"21":0,"22":0,"23":0,"24":0,"25":0,"26":0,"27":0,"28":0,"29":0,"30":0,"31":0,"32":0,"33":0,"34":0,"35":0,"36":0,"37":0,"38":0,"39":0,"40":0,"41":0,"42":0,"43":0,"44":0,"45":0,"46":0,"47":4,"48":4,"49":4,"50":4,"51":4,"52":0,"53":0,"54":4,"55":4},"f":{"0":0,"1":0,"2":0,"3":8,"4":0,"5":0,"6":0,"7":0,"8":0,"9":0,"10":0,"11":0,"12":0,"13":0,"14":0,"15":0,"16":0,"17":0,"18":0,"19":0,"20":0,"21":0,"22":0,"23":4},"b":{"0":[4,4],"1":[0,0],"2":[0,0],"3":[0,0],"4":[0,0],"5":[0,4],"6":[0,0],"7":[0,0],"8":[0,0],"9":[0,4],"10":[4,0],"11":[0,0],"12":[4],"13":[0],"14":[0],"15":[0],"16":[0,0],"17":[0,0],"18":[0],"19":[0],"20":[0],"21":[0],"22":[0],"23":[0],"24":[0],"25":[0],"26":[0],"27":[0],"28":[0],"29":[0],"30":[0],"31":[0],"32":[0],"33":[0],"34":[0],"35":[0],"36":[0],"37":[0],"38":[0],"39":[0],"40":[0],"41":[0],"42":[0],"43":[0,4],"44":[0]},"_coverageSchema":"1a1c01bbd47fc00a2c39e90264f33305004495a9","hash":"7bbc113196c1305e6b6eb20a7904e5e734fe96cb"}
}
