{"/project/workspace/dream-analyzer/bot/functions/analyses-history.js": {"path":"/project/workspace/dream-analyzer/bot/functions/analyses-history.js","statementMap":{"0":{"start":{"line":3,"column":25},"end":{"line":3,"column":57}},"1":{"start":{"line":4,"column":51},"end":{"line":4,"column":87}},"2":{"start":{"line":5,"column":15},"end":{"line":5,"column":32}},"3":{"start":{"line":6,"column":12},"end":{"line":6,"column":35}},"4":{"start":{"line":8,"column":21},"end":{"line":8,"column":45}},"5":{"start":{"line":9,"column":29},"end":{"line":9,"column":66}},"6":{"start":{"line":10,"column":18},"end":{"line":10,"column":39}},"7":{"start":{"line":11,"column":27},"end":{"line":11,"column":57}},"8":{"start":{"line":12,"column":27},"end":{"line":12,"column":57}},"9":{"start":{"line":13,"column":19},"end":{"line":13,"column":41}},"10":{"start":{"line":17,"column":4},"end":{"line":20,"column":5}},"11":{"start":{"line":18,"column":8},"end":{"line":18,"column":76}},"12":{"start":{"line":19,"column":8},"end":{"line":19,"column":83}},"13":{"start":{"line":21,"column":19},"end":{"line":21,"column":48}},"14":{"start":{"line":22,"column":17},"end":{"line":22,"column":35}},"15":{"start":{"line":23,"column":4},"end":{"line":26,"column":5}},"16":{"start":{"line":24,"column":8},"end":{"line":24,"column":75}},"17":{"start":{"line":25,"column":8},"end":{"line":25,"column":70}},"18":{"start":{"line":27,"column":4},"end":{"line":27,"column":26}},"19":{"start":{"line":28,"column":25},"end":{"line":28,"column":27}},"20":{"start":{"line":29,"column":4},"end":{"line":29,"column":18}},"21":{"start":{"line":30,"column":4},"end":{"line":30,"column":73}},"22":{"start":{"line":30,"column":35},"end":{"line":30,"column":71}},"23":{"start":{"line":31,"column":28},"end":{"line":31,"column":51}},"24":{"start":{"line":32,"column":4},"end":{"line":44,"column":94}},"25":{"start":{"line":33,"column":26},"end":{"line":33,"column":93}},"26":{"start":{"line":34,"column":26},"end":{"line":34,"column":102}},"27":{"start":{"line":35,"column":8},"end":{"line":43,"column":79}},"28":{"start":{"line":36,"column":35},"end":{"line":36,"column":53}},"29":{"start":{"line":37,"column":12},"end":{"line":37,"column":100}},"30":{"start":{"line":37,"column":35},"end":{"line":37,"column":98}},"31":{"start":{"line":38,"column":12},"end":{"line":42,"column":108}},"32":{"start":{"line":39,"column":33},"end":{"line":39,"column":79}},"33":{"start":{"line":40,"column":16},"end":{"line":40,"column":149}},"34":{"start":{"line":40,"column":71},"end":{"line":40,"column":147}},"35":{"start":{"line":41,"column":16},"end":{"line":41,"column":68}},"36":{"start":{"line":42,"column":35},"end":{"line":42,"column":106}},"37":{"start":{"line":43,"column":17},"end":{"line":43,"column":77}},"38":{"start":{"line":44,"column":22},"end":{"line":44,"column":92}},"39":{"start":{"line":48,"column":28},"end":{"line":56,"column":1}},"40":{"start":{"line":49,"column":26},"end":{"line":49,"column":91}},"41":{"start":{"line":50,"column":5},"end":{"line":50,"column":105}},"42":{"start":{"line":51,"column":4},"end":{"line":55,"column":6}},"43":{"start":{"line":58,"column":0},"end":{"line":218,"column":2}},"44":{"start":{"line":59,"column":25},"end":{"line":59,"column":69}},"45":{"start":{"line":60,"column":27},"end":{"line":60,"column":83}},"46":{"start":{"line":61,"column":26},"end":{"line":61,"column":70}},"47":{"start":{"line":62,"column":24},"end":{"line":67,"column":5}},"48":{"start":{"line":70,"column":4},"end":{"line":73,"column":5}},"49":{"start":{"line":71,"column":8},"end":{"line":71,"column":100}},"50":{"start":{"line":72,"column":8},"end":{"line":72,"column":67}},"51":{"start":{"line":76,"column":4},"end":{"line":79,"column":5}},"52":{"start":{"line":77,"column":9},"end":{"line":77,"column":83}},"53":{"start":{"line":78,"column":8},"end":{"line":78,"column":155}},"54":{"start":{"line":82,"column":5},"end":{"line":85,"column":6}},"55":{"start":{"line":83,"column":8},"end":{"line":83,"column":134}},"56":{"start":{"line":84,"column":8},"end":{"line":84,"column":164}},"57":{"start":{"line":88,"column":23},"end":{"line":88,"column":27}},"58":{"start":{"line":89,"column":19},"end":{"line":89,"column":23}},"59":{"start":{"line":91,"column":27},"end":{"line":91,"column":64}},"60":{"start":{"line":92,"column":23},"end":{"line":92,"column":53}},"61":{"start":{"line":93,"column":20},"end":{"line":93,"column":46}},"62":{"start":{"line":95,"column":4},"end":{"line":145,"column":5}},"63":{"start":{"line":97,"column":8},"end":{"line":97,"column":83}},"64":{"start":{"line":98,"column":33},"end":{"line":98,"column":80}},"65":{"start":{"line":100,"column":8},"end":{"line":103,"column":9}},"66":{"start":{"line":101,"column":12},"end":{"line":101,"column":125}},"67":{"start":{"line":102,"column":12},"end":{"line":102,"column":205}},"68":{"start":{"line":104,"column":8},"end":{"line":104,"column":48}},"69":{"start":{"line":105,"column":8},"end":{"line":105,"column":88}},"70":{"start":{"line":107,"column":11},"end":{"line":145,"column":5}},"71":{"start":{"line":109,"column":8},"end":{"line":109,"column":104}},"72":{"start":{"line":110,"column":22},"end":{"line":110,"column":45}},"73":{"start":{"line":112,"column":8},"end":{"line":121,"column":9}},"74":{"start":{"line":113,"column":28},"end":{"line":113,"column":57}},"75":{"start":{"line":114,"column":12},"end":{"line":114,"column":40}},"76":{"start":{"line":115,"column":12},"end":{"line":115,"column":38}},"77":{"start":{"line":116,"column":12},"end":{"line":116,"column":113}},"78":{"start":{"line":119,"column":12},"end":{"line":119,"column":88}},"79":{"start":{"line":120,"column":12},"end":{"line":120,"column":180}},"80":{"start":{"line":122,"column":11},"end":{"line":145,"column":5}},"81":{"start":{"line":124,"column":8},"end":{"line":124,"column":90}},"82":{"start":{"line":126,"column":8},"end":{"line":140,"column":9}},"83":{"start":{"line":127,"column":29},"end":{"line":127,"column":72}},"84":{"start":{"line":128,"column":12},"end":{"line":136,"column":13}},"85":{"start":{"line":129,"column":30},"end":{"line":129,"column":41}},"86":{"start":{"line":130,"column":32},"end":{"line":130,"column":61}},"87":{"start":{"line":131,"column":16},"end":{"line":131,"column":44}},"88":{"start":{"line":132,"column":16},"end":{"line":132,"column":42}},"89":{"start":{"line":133,"column":16},"end":{"line":133,"column":124}},"90":{"start":{"line":135,"column":16},"end":{"line":135,"column":80}},"91":{"start":{"line":138,"column":12},"end":{"line":138,"column":95}},"92":{"start":{"line":139,"column":12},"end":{"line":139,"column":180}},"93":{"start":{"line":143,"column":8},"end":{"line":143,"column":89}},"94":{"start":{"line":144,"column":8},"end":{"line":144,"column":174}},"95":{"start":{"line":148,"column":4},"end":{"line":217,"column":5}},"96":{"start":{"line":149,"column":25},"end":{"line":149,"column":82}},"97":{"start":{"line":150,"column":26},"end":{"line":150,"column":55}},"98":{"start":{"line":154,"column":28},"end":{"line":154,"column":102}},"99":{"start":{"line":156,"column":8},"end":{"line":201,"column":9}},"100":{"start":{"line":158,"column":12},"end":{"line":158,"column":105}},"101":{"start":{"line":159,"column":12},"end":{"line":171,"column":13}},"102":{"start":{"line":160,"column":40},"end":{"line":166,"column":28}},"103":{"start":{"line":167,"column":16},"end":{"line":167,"column":39}},"104":{"start":{"line":167,"column":27},"end":{"line":167,"column":39}},"105":{"start":{"line":168,"column":16},"end":{"line":168,"column":37}},"106":{"start":{"line":170,"column":16},"end":{"line":170,"column":78}},"107":{"start":{"line":175,"column":12},"end":{"line":175,"column":108}},"108":{"start":{"line":177,"column":32},"end":{"line":177,"column":76}},"109":{"start":{"line":178,"column":12},"end":{"line":185,"column":13}},"110":{"start":{"line":179,"column":16},"end":{"line":179,"column":118}},"111":{"start":{"line":180,"column":16},"end":{"line":184,"column":18}},"112":{"start":{"line":187,"column":12},"end":{"line":187,"column":38}},"113":{"start":{"line":188,"column":12},"end":{"line":200,"column":13}},"114":{"start":{"line":189,"column":40},"end":{"line":195,"column":28}},"115":{"start":{"line":196,"column":16},"end":{"line":196,"column":39}},"116":{"start":{"line":196,"column":27},"end":{"line":196,"column":39}},"117":{"start":{"line":197,"column":16},"end":{"line":197,"column":37}},"118":{"start":{"line":199,"column":16},"end":{"line":199,"column":78}},"119":{"start":{"line":203,"column":8},"end":{"line":203,"column":114}},"120":{"start":{"line":204,"column":8},"end":{"line":208,"column":10}},"121":{"start":{"line":211,"column":8},"end":{"line":211,"column":132}},"122":{"start":{"line":212,"column":8},"end":{"line":216,"column":10}}},"fnMap":{"0":{"name":"validateTelegramData","decl":{"start":{"line":16,"column":9},"end":{"line":16,"column":29}},"loc":{"start":{"line":16,"column":50},"end":{"line":45,"column":1}},"line":16},"1":{"name":"(anonymous_1)","decl":{"start":{"line":30,"column":19},"end":{"line":30,"column":20}},"loc":{"start":{"line":30,"column":35},"end":{"line":30,"column":71}},"line":30},"2":{"name":"(anonymous_2)","decl":{"start":{"line":48,"column":28},"end":{"line":48,"column":29}},"loc":{"start":{"line":48,"column":39},"end":{"line":56,"column":1}},"line":48},"3":{"name":"(anonymous_3)","decl":{"start":{"line":58,"column":18},"end":{"line":58,"column":19}},"loc":{"start":{"line":58,"column":35},"end":{"line":218,"column":1}},"line":58}},"branchMap":{"0":{"loc":{"start":{"line":17,"column":4},"end":{"line":20,"column":5}},"type":"if","locations":[{"start":{"line":17,"column":4},"end":{"line":20,"column":5}},{"start":{},"end":{}}],"line":17},"1":{"loc":{"start":{"line":17,"column":8},"end":{"line":17,"column":30}},"type":"binary-expr","locations":[{"start":{"line":17,"column":8},"end":{"line":17,"column":17}},{"start":{"line":17,"column":21},"end":{"line":17,"column":30}}],"line":17},"2":{"loc":{"start":{"line":23,"column":4},"end":{"line":26,"column":5}},"type":"if","locations":[{"start":{"line":23,"column":4},"end":{"line":26,"column":5}},{"start":{},"end":{}}],"line":23},"3":{"loc":{"start":{"line":35,"column":8},"end":{"line":43,"column":79}},"type":"if","locations":[{"start":{"line":35,"column":8},"end":{"line":43,"column":79}},{"start":{"line":43,"column":15},"end":{"line":43,"column":79}}],"line":35},"4":{"loc":{"start":{"line":37,"column":12},"end":{"line":37,"column":100}},"type":"if","locations":[{"start":{"line":37,"column":12},"end":{"line":37,"column":100}},{"start":{},"end":{}}],"line":37},"5":{"loc":{"start":{"line":40,"column":16},"end":{"line":40,"column":149}},"type":"if","locations":[{"start":{"line":40,"column":16},"end":{"line":40,"column":149}},{"start":{},"end":{}}],"line":40},"6":{"loc":{"start":{"line":40,"column":20},"end":{"line":40,"column":67}},"type":"binary-expr","locations":[{"start":{"line":40,"column":20},"end":{"line":40,"column":29}},{"start":{"line":40,"column":33},"end":{"line":40,"column":67}}],"line":40},"7":{"loc":{"start":{"line":49,"column":26},"end":{"line":49,"column":91}},"type":"cond-expr","locations":[{"start":{"line":49,"column":35},"end":{"line":49,"column":60}},{"start":{"line":49,"column":65},"end":{"line":49,"column":90}}],"line":49},"8":{"loc":{"start":{"line":49,"column":35},"end":{"line":49,"column":60}},"type":"binary-expr","locations":[{"start":{"line":49,"column":35},"end":{"line":49,"column":53}},{"start":{"line":49,"column":57},"end":{"line":49,"column":60}}],"line":49},"9":{"loc":{"start":{"line":49,"column":65},"end":{"line":49,"column":90}},"type":"binary-expr","locations":[{"start":{"line":49,"column":65},"end":{"line":49,"column":83}},{"start":{"line":49,"column":87},"end":{"line":49,"column":90}}],"line":49},"10":{"loc":{"start":{"line":61,"column":26},"end":{"line":61,"column":70}},"type":"binary-expr","locations":[{"start":{"line":61,"column":26},"end":{"line":61,"column":46}},{"start":{"line":61,"column":50},"end":{"line":61,"column":70}}],"line":61},"11":{"loc":{"start":{"line":63,"column":39},"end":{"line":63,"column":120}},"type":"cond-expr","locations":[{"start":{"line":63,"column":80},"end":{"line":63,"column":93}},{"start":{"line":63,"column":96},"end":{"line":63,"column":120}}],"line":63},"12":{"loc":{"start":{"line":63,"column":96},"end":{"line":63,"column":120}},"type":"binary-expr","locations":[{"start":{"line":63,"column":96},"end":{"line":63,"column":113}},{"start":{"line":63,"column":117},"end":{"line":63,"column":120}}],"line":63},"13":{"loc":{"start":{"line":70,"column":4},"end":{"line":73,"column":5}},"type":"if","locations":[{"start":{"line":70,"column":4},"end":{"line":73,"column":5}},{"start":{},"end":{}}],"line":70},"14":{"loc":{"start":{"line":76,"column":4},"end":{"line":79,"column":5}},"type":"if","locations":[{"start":{"line":76,"column":4},"end":{"line":79,"column":5}},{"start":{},"end":{}}],"line":76},"15":{"loc":{"start":{"line":82,"column":5},"end":{"line":85,"column":6}},"type":"if","locations":[{"start":{"line":82,"column":5},"end":{"line":85,"column":6}},{"start":{},"end":{}}],"line":82},"16":{"loc":{"start":{"line":82,"column":9},"end":{"line":82,"column":124}},"type":"binary-expr","locations":[{"start":{"line":82,"column":9},"end":{"line":82,"column":22}},{"start":{"line":82,"column":26},"end":{"line":82,"column":47}},{"start":{"line":82,"column":51},"end":{"line":82,"column":61}},{"start":{"line":82,"column":65},"end":{"line":82,"column":76}},{"start":{"line":82,"column":81},"end":{"line":82,"column":100}},{"start":{"line":82,"column":104},"end":{"line":82,"column":123}}],"line":82},"17":{"loc":{"start":{"line":93,"column":20},"end":{"line":93,"column":46}},"type":"binary-expr","locations":[{"start":{"line":93,"column":20},"end":{"line":93,"column":40}},{"start":{"line":93,"column":44},"end":{"line":93,"column":46}}],"line":93},"18":{"loc":{"start":{"line":95,"column":4},"end":{"line":145,"column":5}},"type":"if","locations":[{"start":{"line":95,"column":4},"end":{"line":145,"column":5}},{"start":{"line":107,"column":11},"end":{"line":145,"column":5}}],"line":95},"19":{"loc":{"start":{"line":100,"column":8},"end":{"line":103,"column":9}},"type":"if","locations":[{"start":{"line":100,"column":8},"end":{"line":103,"column":9}},{"start":{},"end":{}}],"line":100},"20":{"loc":{"start":{"line":100,"column":12},"end":{"line":100,"column":112}},"type":"binary-expr","locations":[{"start":{"line":100,"column":12},"end":{"line":100,"column":35}},{"start":{"line":100,"column":39},"end":{"line":100,"column":61}},{"start":{"line":100,"column":65},"end":{"line":100,"column":112}}],"line":100},"21":{"loc":{"start":{"line":101,"column":76},"end":{"line":101,"column":121}},"type":"binary-expr","locations":[{"start":{"line":101,"column":76},"end":{"line":101,"column":98}},{"start":{"line":101,"column":102},"end":{"line":101,"column":121}}],"line":101},"22":{"loc":{"start":{"line":107,"column":11},"end":{"line":145,"column":5}},"type":"if","locations":[{"start":{"line":107,"column":11},"end":{"line":145,"column":5}},{"start":{"line":122,"column":11},"end":{"line":145,"column":5}}],"line":107},"23":{"loc":{"start":{"line":107,"column":15},"end":{"line":107,"column":61}},"type":"binary-expr","locations":[{"start":{"line":107,"column":15},"end":{"line":107,"column":25}},{"start":{"line":107,"column":29},"end":{"line":107,"column":61}}],"line":107},"24":{"loc":{"start":{"line":122,"column":11},"end":{"line":145,"column":5}},"type":"if","locations":[{"start":{"line":122,"column":11},"end":{"line":145,"column":5}},{"start":{"line":141,"column":11},"end":{"line":145,"column":5}}],"line":122},"25":{"loc":{"start":{"line":128,"column":12},"end":{"line":136,"column":13}},"type":"if","locations":[{"start":{"line":128,"column":12},"end":{"line":136,"column":13}},{"start":{"line":134,"column":19},"end":{"line":136,"column":13}}],"line":128},"26":{"loc":{"start":{"line":154,"column":28},"end":{"line":154,"column":102}},"type":"binary-expr","locations":[{"start":{"line":154,"column":28},"end":{"line":154,"column":55}},{"start":{"line":154,"column":59},"end":{"line":154,"column":102}}],"line":154},"27":{"loc":{"start":{"line":156,"column":8},"end":{"line":201,"column":9}},"type":"if","locations":[{"start":{"line":156,"column":8},"end":{"line":201,"column":9}},{"start":{"line":172,"column":15},"end":{"line":201,"column":9}}],"line":156},"28":{"loc":{"start":{"line":159,"column":12},"end":{"line":171,"column":13}},"type":"if","locations":[{"start":{"line":159,"column":12},"end":{"line":171,"column":13}},{"start":{"line":169,"column":19},"end":{"line":171,"column":13}}],"line":159},"29":{"loc":{"start":{"line":167,"column":16},"end":{"line":167,"column":39}},"type":"if","locations":[{"start":{"line":167,"column":16},"end":{"line":167,"column":39}},{"start":{},"end":{}}],"line":167},"30":{"loc":{"start":{"line":168,"column":26},"end":{"line":168,"column":36}},"type":"binary-expr","locations":[{"start":{"line":168,"column":26},"end":{"line":168,"column":30}},{"start":{"line":168,"column":34},"end":{"line":168,"column":36}}],"line":168},"31":{"loc":{"start":{"line":178,"column":12},"end":{"line":185,"column":13}},"type":"if","locations":[{"start":{"line":178,"column":12},"end":{"line":185,"column":13}},{"start":{},"end":{}}],"line":178},"32":{"loc":{"start":{"line":188,"column":12},"end":{"line":200,"column":13}},"type":"if","locations":[{"start":{"line":188,"column":12},"end":{"line":200,"column":13}},{"start":{"line":198,"column":19},"end":{"line":200,"column":13}}],"line":188},"33":{"loc":{"start":{"line":196,"column":16},"end":{"line":196,"column":39}},"type":"if","locations":[{"start":{"line":196,"column":16},"end":{"line":196,"column":39}},{"start":{},"end":{}}],"line":196},"34":{"loc":{"start":{"line":197,"column":26},"end":{"line":197,"column":36}},"type":"binary-expr","locations":[{"start":{"line":197,"column":26},"end":{"line":197,"column":30}},{"start":{"line":197,"column":34},"end":{"line":197,"column":36}}],"line":197},"35":{"loc":{"start":{"line":203,"column":90},"end":{"line":203,"column":110}},"type":"binary-expr","locations":[{"start":{"line":203,"column":90},"end":{"line":203,"column":105}},{"start":{"line":203,"column":109},"end":{"line":203,"column":110}}],"line":203},"36":{"loc":{"start":{"line":207,"column":33},"end":{"line":207,"column":46}},"type":"binary-expr","locations":[{"start":{"line":207,"column":33},"end":{"line":207,"column":40}},{"start":{"line":207,"column":44},"end":{"line":207,"column":46}}],"line":207}},"s":{"0":0,"1":0,"2":0,"3":0,"4":0,"5":0,"6":0,"7":0,"8":0,"9":0,"10":0,"11":0,"12":0,"13":0,"14":0,"15":0,"16":0,"17":0,"18":0,"19":0,"20":0,"21":0,"22":0,"23":0,"24":0,"25":0,"26":0,"27":0,"28":0,"29":0,"30":0,"31":0,"32":0,"33":0,"34":0,"35":0,"36":0,"37":0,"38":0,"39":0,"40":0,"41":0,"42":0,"43":0,"44":0,"45":0,"46":0,"47":0,"48":0,"49":0,"50":0,"51":0,"52":0,"53":0,"54":0,"55":0,"56":0,"57":0,"58":0,"59":0,"60":0,"61":0,"62":0,"63":0,"64":0,"65":0,"66":0,"67":0,"68":0,"69":0,"70":0,"71":0,"72":0,"73":0,"74":0,"75":0,"76":0,"77":0,"78":0,"79":0,"80":0,"81":0,"82":0,"83":0,"84":0,"85":0,"86":0,"87":0,"88":0,"89":0,"90":0,"91":0,"92":0,"93":0,"94":0,"95":0,"96":0,"97":0,"98":0,"99":0,"100":0,"101":0,"102":0,"103":0,"104":0,"105":0,"106":0,"107":0,"108":0,"109":0,"110":0,"111":0,"112":0,"113":0,"114":0,"115":0,"116":0,"117":0,"118":0,"119":0,"120":0,"121":0,"122":0},"f":{"0":0,"1":0,"2":0,"3":0},"b":{"0":[0,0],"1":[0,0],"2":[0,0],"3":[0,0],"4":[0,0],"5":[0,0],"6":[0,0],"7":[0,0],"8":[0,0],"9":[0,0],"10":[0,0],"11":[0,0],"12":[0,0],"13":[0,0],"14":[0,0],"15":[0,0],"16":[0,0,0,0,0,0],"17":[0,0],"18":[0,0],"19":[0,0],"20":[0,0,0],"21":[0,0],"22":[0,0],"23":[0,0],"24":[0,0],"25":[0,0],"26":[0,0],"27":[0,0],"28":[0,0],"29":[0,0],"30":[0,0],"31":[0,0],"32":[0,0],"33":[0,0],"34":[0,0],"35":[0,0],"36":[0,0]}}
,"/project/workspace/dream-analyzer/bot/functions/analysis-feedback.js": {"path":"/project/workspace/dream-analyzer/bot/functions/analysis-feedback.js","statementMap":{"0":{"start":{"line":4,"column":25},"end":{"line":4,"column":57}},"1":{"start":{"line":5,"column":12},"end":{"line":5,"column":35}},"2":{"start":{"line":6,"column":15},"end":{"line":6,"column":32}},"3":{"start":{"line":7,"column":25},"end":{"line":7,"column":72}},"4":{"start":{"line":9,"column":21},"end":{"line":9,"column":45}},"5":{"start":{"line":10,"column":29},"end":{"line":10,"column":66}},"6":{"start":{"line":11,"column":18},"end":{"line":11,"column":39}},"7":{"start":{"line":12,"column":19},"end":{"line":12,"column":41}},"8":{"start":{"line":13,"column":27},"end":{"line":13,"column":57}},"9":{"start":{"line":14,"column":27},"end":{"line":14,"column":57}},"10":{"start":{"line":17,"column":2},"end":{"line":17,"column":53}},"11":{"start":{"line":17,"column":30},"end":{"line":17,"column":53}},"12":{"start":{"line":18,"column":17},"end":{"line":18,"column":46}},"13":{"start":{"line":19,"column":15},"end":{"line":19,"column":33}},"14":{"start":{"line":20,"column":2},"end":{"line":20,"column":36}},"15":{"start":{"line":20,"column":13},"end":{"line":20,"column":36}},"16":{"start":{"line":21,"column":2},"end":{"line":21,"column":23}},"17":{"start":{"line":22,"column":23},"end":{"line":22,"column":25}},"18":{"start":{"line":23,"column":2},"end":{"line":23,"column":15}},"19":{"start":{"line":24,"column":2},"end":{"line":24,"column":70}},"20":{"start":{"line":24,"column":33},"end":{"line":24,"column":69}},"21":{"start":{"line":25,"column":26},"end":{"line":25,"column":49}},"22":{"start":{"line":26,"column":20},"end":{"line":26,"column":87}},"23":{"start":{"line":27,"column":20},"end":{"line":27,"column":96}},"24":{"start":{"line":28,"column":2},"end":{"line":28,"column":49}},"25":{"start":{"line":28,"column":26},"end":{"line":28,"column":49}},"26":{"start":{"line":29,"column":2},"end":{"line":34,"column":52}},"27":{"start":{"line":30,"column":20},"end":{"line":30,"column":38}},"28":{"start":{"line":31,"column":4},"end":{"line":31,"column":52}},"29":{"start":{"line":31,"column":18},"end":{"line":31,"column":52}},"30":{"start":{"line":32,"column":17},"end":{"line":32,"column":56}},"31":{"start":{"line":33,"column":4},"end":{"line":33,"column":38}},"32":{"start":{"line":34,"column":16},"end":{"line":34,"column":50}},"33":{"start":{"line":37,"column":0},"end":{"line":152,"column":1}},"34":{"start":{"line":38,"column":25},"end":{"line":38,"column":81}},"35":{"start":{"line":39,"column":24},"end":{"line":39,"column":68}},"36":{"start":{"line":40,"column":22},"end":{"line":45,"column":3}},"37":{"start":{"line":47,"column":2},"end":{"line":49,"column":3}},"38":{"start":{"line":48,"column":4},"end":{"line":48,"column":62}},"39":{"start":{"line":50,"column":2},"end":{"line":52,"column":3}},"40":{"start":{"line":51,"column":4},"end":{"line":51,"column":150}},"41":{"start":{"line":54,"column":2},"end":{"line":56,"column":3}},"42":{"start":{"line":55,"column":4},"end":{"line":55,"column":136}},"43":{"start":{"line":59,"column":25},"end":{"line":59,"column":62}},"44":{"start":{"line":60,"column":21},"end":{"line":60,"column":51}},"45":{"start":{"line":61,"column":18},"end":{"line":61,"column":44}},"46":{"start":{"line":62,"column":21},"end":{"line":62,"column":25}},"47":{"start":{"line":63,"column":17},"end":{"line":63,"column":21}},"48":{"start":{"line":65,"column":2},"end":{"line":90,"column":3}},"49":{"start":{"line":66,"column":15},"end":{"line":66,"column":62}},"50":{"start":{"line":67,"column":4},"end":{"line":69,"column":5}},"51":{"start":{"line":68,"column":6},"end":{"line":68,"column":161}},"52":{"start":{"line":70,"column":4},"end":{"line":70,"column":29}},"53":{"start":{"line":71,"column":9},"end":{"line":90,"column":3}},"54":{"start":{"line":72,"column":4},"end":{"line":78,"column":5}},"55":{"start":{"line":73,"column":22},"end":{"line":73,"column":69}},"56":{"start":{"line":74,"column":6},"end":{"line":74,"column":33}},"57":{"start":{"line":75,"column":6},"end":{"line":75,"column":31}},"58":{"start":{"line":77,"column":6},"end":{"line":77,"column":146}},"59":{"start":{"line":79,"column":9},"end":{"line":90,"column":3}},"60":{"start":{"line":80,"column":4},"end":{"line":87,"column":5}},"61":{"start":{"line":81,"column":20},"end":{"line":81,"column":74}},"62":{"start":{"line":82,"column":22},"end":{"line":82,"column":51}},"63":{"start":{"line":83,"column":6},"end":{"line":83,"column":33}},"64":{"start":{"line":84,"column":6},"end":{"line":84,"column":31}},"65":{"start":{"line":86,"column":6},"end":{"line":86,"column":146}},"66":{"start":{"line":89,"column":4},"end":{"line":89,"column":144}},"67":{"start":{"line":94,"column":2},"end":{"line":94,"column":71}},"68":{"start":{"line":94,"column":8},"end":{"line":94,"column":45}},"69":{"start":{"line":94,"column":60},"end":{"line":94,"column":69}},"70":{"start":{"line":95,"column":21},"end":{"line":95,"column":44}},"71":{"start":{"line":96,"column":19},"end":{"line":96,"column":40}},"72":{"start":{"line":97,"column":2},"end":{"line":99,"column":3}},"73":{"start":{"line":98,"column":4},"end":{"line":98,"column":145}},"74":{"start":{"line":101,"column":19},"end":{"line":101,"column":129}},"75":{"start":{"line":102,"column":2},"end":{"line":151,"column":3}},"76":{"start":{"line":104,"column":4},"end":{"line":108,"column":5}},"77":{"start":{"line":105,"column":45},"end":{"line":105,"column":121}},"78":{"start":{"line":106,"column":6},"end":{"line":106,"column":61}},"79":{"start":{"line":106,"column":28},"end":{"line":106,"column":61}},"80":{"start":{"line":107,"column":6},"end":{"line":107,"column":27}},"81":{"start":{"line":111,"column":14},"end":{"line":117,"column":15}},"82":{"start":{"line":119,"column":4},"end":{"line":143,"column":5}},"83":{"start":{"line":120,"column":18},"end":{"line":120,"column":63}},"84":{"start":{"line":121,"column":28},"end":{"line":121,"column":116}},"85":{"start":{"line":122,"column":6},"end":{"line":122,"column":41}},"86":{"start":{"line":122,"column":26},"end":{"line":122,"column":41}},"87":{"start":{"line":125,"column":45},"end":{"line":130,"column":17}},"88":{"start":{"line":131,"column":6},"end":{"line":131,"column":70}},"89":{"start":{"line":131,"column":28},"end":{"line":131,"column":70}},"90":{"start":{"line":133,"column":18},"end":{"line":133,"column":42}},"91":{"start":{"line":134,"column":23},"end":{"line":134,"column":96}},"92":{"start":{"line":135,"column":36},"end":{"line":139,"column":32}},"93":{"start":{"line":140,"column":6},"end":{"line":140,"column":38}},"94":{"start":{"line":140,"column":22},"end":{"line":140,"column":38}},"95":{"start":{"line":142,"column":6},"end":{"line":142,"column":205}},"96":{"start":{"line":146,"column":4},"end":{"line":146,"column":85}},"97":{"start":{"line":146,"column":10},"end":{"line":146,"column":70}},"98":{"start":{"line":148,"column":4},"end":{"line":148,"column":230}},"99":{"start":{"line":150,"column":4},"end":{"line":150,"column":155}}},"fnMap":{"0":{"name":"validateTelegramData","decl":{"start":{"line":16,"column":9},"end":{"line":16,"column":29}},"loc":{"start":{"line":16,"column":50},"end":{"line":35,"column":1}},"line":16},"1":{"name":"(anonymous_1)","decl":{"start":{"line":24,"column":17},"end":{"line":24,"column":18}},"loc":{"start":{"line":24,"column":33},"end":{"line":24,"column":69}},"line":24},"2":{"name":"(anonymous_2)","decl":{"start":{"line":37,"column":18},"end":{"line":37,"column":19}},"loc":{"start":{"line":37,"column":35},"end":{"line":152,"column":1}},"line":37}},"branchMap":{"0":{"loc":{"start":{"line":17,"column":2},"end":{"line":17,"column":53}},"type":"if","locations":[{"start":{"line":17,"column":2},"end":{"line":17,"column":53}},{"start":{},"end":{}}],"line":17},"1":{"loc":{"start":{"line":17,"column":6},"end":{"line":17,"column":28}},"type":"binary-expr","locations":[{"start":{"line":17,"column":6},"end":{"line":17,"column":15}},{"start":{"line":17,"column":19},"end":{"line":17,"column":28}}],"line":17},"2":{"loc":{"start":{"line":20,"column":2},"end":{"line":20,"column":36}},"type":"if","locations":[{"start":{"line":20,"column":2},"end":{"line":20,"column":36}},{"start":{},"end":{}}],"line":20},"3":{"loc":{"start":{"line":28,"column":2},"end":{"line":28,"column":49}},"type":"if","locations":[{"start":{"line":28,"column":2},"end":{"line":28,"column":49}},{"start":{},"end":{}}],"line":28},"4":{"loc":{"start":{"line":31,"column":4},"end":{"line":31,"column":52}},"type":"if","locations":[{"start":{"line":31,"column":4},"end":{"line":31,"column":52}},{"start":{},"end":{}}],"line":31},"5":{"loc":{"start":{"line":39,"column":24},"end":{"line":39,"column":68}},"type":"binary-expr","locations":[{"start":{"line":39,"column":24},"end":{"line":39,"column":44}},{"start":{"line":39,"column":48},"end":{"line":39,"column":68}}],"line":39},"6":{"loc":{"start":{"line":41,"column":35},"end":{"line":41,"column":116}},"type":"cond-expr","locations":[{"start":{"line":41,"column":76},"end":{"line":41,"column":89}},{"start":{"line":41,"column":92},"end":{"line":41,"column":116}}],"line":41},"7":{"loc":{"start":{"line":41,"column":92},"end":{"line":41,"column":116}},"type":"binary-expr","locations":[{"start":{"line":41,"column":92},"end":{"line":41,"column":109}},{"start":{"line":41,"column":113},"end":{"line":41,"column":116}}],"line":41},"8":{"loc":{"start":{"line":47,"column":2},"end":{"line":49,"column":3}},"type":"if","locations":[{"start":{"line":47,"column":2},"end":{"line":49,"column":3}},{"start":{},"end":{}}],"line":47},"9":{"loc":{"start":{"line":50,"column":2},"end":{"line":52,"column":3}},"type":"if","locations":[{"start":{"line":50,"column":2},"end":{"line":52,"column":3}},{"start":{},"end":{}}],"line":50},"10":{"loc":{"start":{"line":54,"column":2},"end":{"line":56,"column":3}},"type":"if","locations":[{"start":{"line":54,"column":2},"end":{"line":56,"column":3}},{"start":{},"end":{}}],"line":54},"11":{"loc":{"start":{"line":54,"column":6},"end":{"line":54,"column":73}},"type":"binary-expr","locations":[{"start":{"line":54,"column":6},"end":{"line":54,"column":19}},{"start":{"line":54,"column":23},"end":{"line":54,"column":44}},{"start":{"line":54,"column":48},"end":{"line":54,"column":58}},{"start":{"line":54,"column":62},"end":{"line":54,"column":73}}],"line":54},"12":{"loc":{"start":{"line":61,"column":18},"end":{"line":61,"column":44}},"type":"binary-expr","locations":[{"start":{"line":61,"column":18},"end":{"line":61,"column":38}},{"start":{"line":61,"column":42},"end":{"line":61,"column":44}}],"line":61},"13":{"loc":{"start":{"line":65,"column":2},"end":{"line":90,"column":3}},"type":"if","locations":[{"start":{"line":65,"column":2},"end":{"line":90,"column":3}},{"start":{"line":71,"column":9},"end":{"line":90,"column":3}}],"line":65},"14":{"loc":{"start":{"line":67,"column":4},"end":{"line":69,"column":5}},"type":"if","locations":[{"start":{"line":67,"column":4},"end":{"line":69,"column":5}},{"start":{},"end":{}}],"line":67},"15":{"loc":{"start":{"line":67,"column":8},"end":{"line":67,"column":33}},"type":"binary-expr","locations":[{"start":{"line":67,"column":8},"end":{"line":67,"column":17}},{"start":{"line":67,"column":21},"end":{"line":67,"column":33}}],"line":67},"16":{"loc":{"start":{"line":71,"column":9},"end":{"line":90,"column":3}},"type":"if","locations":[{"start":{"line":71,"column":9},"end":{"line":90,"column":3}},{"start":{"line":79,"column":9},"end":{"line":90,"column":3}}],"line":71},"17":{"loc":{"start":{"line":71,"column":13},"end":{"line":71,"column":59}},"type":"binary-expr","locations":[{"start":{"line":71,"column":13},"end":{"line":71,"column":23}},{"start":{"line":71,"column":27},"end":{"line":71,"column":59}}],"line":71},"18":{"loc":{"start":{"line":79,"column":9},"end":{"line":90,"column":3}},"type":"if","locations":[{"start":{"line":79,"column":9},"end":{"line":90,"column":3}},{"start":{"line":88,"column":9},"end":{"line":90,"column":3}}],"line":79},"19":{"loc":{"start":{"line":81,"column":21},"end":{"line":81,"column":70}},"type":"binary-expr","locations":[{"start":{"line":81,"column":21},"end":{"line":81,"column":64}},{"start":{"line":81,"column":68},"end":{"line":81,"column":70}}],"line":81},"20":{"loc":{"start":{"line":94,"column":26},"end":{"line":94,"column":44}},"type":"binary-expr","locations":[{"start":{"line":94,"column":26},"end":{"line":94,"column":36}},{"start":{"line":94,"column":40},"end":{"line":94,"column":44}}],"line":94},"21":{"loc":{"start":{"line":97,"column":2},"end":{"line":99,"column":3}},"type":"if","locations":[{"start":{"line":97,"column":2},"end":{"line":99,"column":3}},{"start":{},"end":{}}],"line":97},"22":{"loc":{"start":{"line":97,"column":6},"end":{"line":97,"column":50}},"type":"binary-expr","locations":[{"start":{"line":97,"column":6},"end":{"line":97,"column":17}},{"start":{"line":97,"column":21},"end":{"line":97,"column":50}}],"line":97},"23":{"loc":{"start":{"line":104,"column":4},"end":{"line":108,"column":5}},"type":"if","locations":[{"start":{"line":104,"column":4},"end":{"line":108,"column":5}},{"start":{},"end":{}}],"line":104},"24":{"loc":{"start":{"line":106,"column":6},"end":{"line":106,"column":61}},"type":"if","locations":[{"start":{"line":106,"column":6},"end":{"line":106,"column":61}},{"start":{},"end":{}}],"line":106},"25":{"loc":{"start":{"line":106,"column":10},"end":{"line":106,"column":26}},"type":"binary-expr","locations":[{"start":{"line":106,"column":10},"end":{"line":106,"column":14}},{"start":{"line":106,"column":18},"end":{"line":106,"column":26}}],"line":106},"26":{"loc":{"start":{"line":119,"column":4},"end":{"line":143,"column":5}},"type":"if","locations":[{"start":{"line":119,"column":4},"end":{"line":143,"column":5}},{"start":{},"end":{}}],"line":119},"27":{"loc":{"start":{"line":120,"column":25},"end":{"line":120,"column":48}},"type":"binary-expr","locations":[{"start":{"line":120,"column":25},"end":{"line":120,"column":42}},{"start":{"line":120,"column":46},"end":{"line":120,"column":48}}],"line":120},"28":{"loc":{"start":{"line":121,"column":28},"end":{"line":121,"column":116}},"type":"binary-expr","locations":[{"start":{"line":121,"column":28},"end":{"line":121,"column":50}},{"start":{"line":121,"column":55},"end":{"line":121,"column":84}},{"start":{"line":121,"column":88},"end":{"line":121,"column":115}}],"line":121},"29":{"loc":{"start":{"line":122,"column":6},"end":{"line":122,"column":41}},"type":"if","locations":[{"start":{"line":122,"column":6},"end":{"line":122,"column":41}},{"start":{},"end":{}}],"line":122},"30":{"loc":{"start":{"line":131,"column":6},"end":{"line":131,"column":70}},"type":"if","locations":[{"start":{"line":131,"column":6},"end":{"line":131,"column":70}},{"start":{},"end":{}}],"line":131},"31":{"loc":{"start":{"line":131,"column":10},"end":{"line":131,"column":26}},"type":"binary-expr","locations":[{"start":{"line":131,"column":10},"end":{"line":131,"column":18}},{"start":{"line":131,"column":22},"end":{"line":131,"column":26}}],"line":131},"32":{"loc":{"start":{"line":131,"column":35},"end":{"line":131,"column":69}},"type":"binary-expr","locations":[{"start":{"line":131,"column":35},"end":{"line":131,"column":43}},{"start":{"line":131,"column":47},"end":{"line":131,"column":69}}],"line":131},"33":{"loc":{"start":{"line":134,"column":29},"end":{"line":134,"column":50}},"type":"binary-expr","locations":[{"start":{"line":134,"column":29},"end":{"line":134,"column":44}},{"start":{"line":134,"column":48},"end":{"line":134,"column":50}}],"line":134},"34":{"loc":{"start":{"line":140,"column":6},"end":{"line":140,"column":38}},"type":"if","locations":[{"start":{"line":140,"column":6},"end":{"line":140,"column":38}},{"start":{},"end":{}}],"line":140}},"s":{"0":0,"1":0,"2":0,"3":0,"4":0,"5":0,"6":0,"7":0,"8":0,"9":0,"10":0,"11":0,"12":0,"13":0,"14":0,"15":0,"16":0,"17":0,"18":0,"19":0,"20":0,"21":0,"22":0,"23":0,"24":0,"25":0,"26":0,"27":0,"28":0,"29":0,"30":0,"31":0,"32":0,"33":0,"34":0,"35":0,"36":0,"37":0,"38":0,"39":0,"40":0,"41":0,"42":0,"43":0,"44":0,"45":0,"46":0,"47":0,"48":0,"49":0,"50":0,"51":0,"52":0,"53":0,"54":0,"55":0,"56":0,"57":0,"58":0,"59":0,"60":0,"61":0,"62":0,"63":0,"64":0,"65":0,"66":0,"67":0,"68":0,"69":0,"70":0,"71":0,"72":0,"73":0,"74":0,"75":0,"76":0,"77":0,"78":0,"79":0,"80":0,"81":0,"82":0,"83":0,"84":0,"85":0,"86":0,"87":0,"88":0,"89":0,"90":0,"91":0,"92":0,"93":0,"94":0,"95":0,"96":0,"97":0,"98":0,"99":0},"f":{"0":0,"1":0,"2":0},"b":{"0":[0,0],"1":[0,0],"2":[0,0],"3":[0,0],"4":[0,0],"5":[0,0],"6":[0,0],"7":[0,0],"8":[0,0],"9":[0,0],"10":[0,0],"11":[0,0,0,0],"12":[0,0],"13":[0,0],"14":[0,0],"15":[0,0],"16":[0,0],"17":[0,0],"18":[0,0],"19":[0,0],"20":[0,0],"21":[0,0],"22":[0,0],"23":[0,0],"24":[0,0],"25":[0,0],"26":[0,0],"27":[0,0],"28":[0,0,0],"29":[0,0],"30":[0,0],"31":[0,0],"32":[0,0],"33":[0,0],"34":[0,0]}}
,"/project/workspace/dream-analyzer/bot/functions/analysis.js": {"path":"/project/workspace/dream-analyzer/bot/functions/analysis.js","statementMap":{"0":{"start":{"line":4,"column":25},"end":{"line":4,"column":57}},"1":{"start":{"line":5,"column":12},"end":{"line":5,"column":35}},"2":{"start":{"line":6,"column":15},"end":{"line":6,"column":32}},"3":{"start":{"line":7,"column":25},"end":{"line":7,"column":72}},"4":{"start":{"line":9,"column":21},"end":{"line":9,"column":45}},"5":{"start":{"line":10,"column":29},"end":{"line":10,"column":66}},"6":{"start":{"line":11,"column":18},"end":{"line":11,"column":39}},"7":{"start":{"line":12,"column":19},"end":{"line":12,"column":41}},"8":{"start":{"line":13,"column":27},"end":{"line":13,"column":57}},"9":{"start":{"line":14,"column":27},"end":{"line":14,"column":57}},"10":{"start":{"line":17,"column":2},"end":{"line":17,"column":53}},"11":{"start":{"line":17,"column":30},"end":{"line":17,"column":53}},"12":{"start":{"line":18,"column":17},"end":{"line":18,"column":46}},"13":{"start":{"line":19,"column":15},"end":{"line":19,"column":33}},"14":{"start":{"line":20,"column":2},"end":{"line":20,"column":36}},"15":{"start":{"line":20,"column":13},"end":{"line":20,"column":36}},"16":{"start":{"line":21,"column":2},"end":{"line":21,"column":23}},"17":{"start":{"line":22,"column":14},"end":{"line":22,"column":16}},"18":{"start":{"line":23,"column":2},"end":{"line":23,"column":16}},"19":{"start":{"line":23,"column":17},"end":{"line":23,"column":61}},"20":{"start":{"line":23,"column":39},"end":{"line":23,"column":60}},"21":{"start":{"line":24,"column":12},"end":{"line":24,"column":26}},"22":{"start":{"line":25,"column":14},"end":{"line":25,"column":81}},"23":{"start":{"line":26,"column":14},"end":{"line":26,"column":70}},"24":{"start":{"line":27,"column":2},"end":{"line":27,"column":43}},"25":{"start":{"line":27,"column":20},"end":{"line":27,"column":43}},"26":{"start":{"line":28,"column":2},"end":{"line":28,"column":156}},"27":{"start":{"line":28,"column":18},"end":{"line":28,"column":72}},"28":{"start":{"line":28,"column":74},"end":{"line":28,"column":105}},"29":{"start":{"line":28,"column":120},"end":{"line":28,"column":154}},"30":{"start":{"line":31,"column":0},"end":{"line":88,"column":1}},"31":{"start":{"line":32,"column":18},"end":{"line":32,"column":74}},"32":{"start":{"line":33,"column":20},"end":{"line":33,"column":64}},"33":{"start":{"line":34,"column":15},"end":{"line":39,"column":3}},"34":{"start":{"line":41,"column":2},"end":{"line":41,"column":89}},"35":{"start":{"line":41,"column":38},"end":{"line":41,"column":89}},"36":{"start":{"line":42,"column":2},"end":{"line":42,"column":176}},"37":{"start":{"line":42,"column":37},"end":{"line":42,"column":176}},"38":{"start":{"line":43,"column":2},"end":{"line":43,"column":207}},"39":{"start":{"line":43,"column":75},"end":{"line":43,"column":207}},"40":{"start":{"line":46,"column":25},"end":{"line":46,"column":62}},"41":{"start":{"line":47,"column":21},"end":{"line":47,"column":51}},"42":{"start":{"line":48,"column":18},"end":{"line":48,"column":44}},"43":{"start":{"line":49,"column":13},"end":{"line":49,"column":17}},"44":{"start":{"line":49,"column":30},"end":{"line":49,"column":34}},"45":{"start":{"line":50,"column":2},"end":{"line":58,"column":146}},"46":{"start":{"line":51,"column":15},"end":{"line":51,"column":62}},"47":{"start":{"line":52,"column":4},"end":{"line":52,"column":165}},"48":{"start":{"line":52,"column":35},"end":{"line":52,"column":165}},"49":{"start":{"line":53,"column":4},"end":{"line":53,"column":21}},"50":{"start":{"line":54,"column":9},"end":{"line":58,"column":146}},"51":{"start":{"line":55,"column":4},"end":{"line":55,"column":249}},"52":{"start":{"line":55,"column":20},"end":{"line":55,"column":67}},"53":{"start":{"line":55,"column":69},"end":{"line":55,"column":83}},"54":{"start":{"line":55,"column":84},"end":{"line":55,"column":103}},"55":{"start":{"line":55,"column":114},"end":{"line":55,"column":247}},"56":{"start":{"line":56,"column":9},"end":{"line":58,"column":146}},"57":{"start":{"line":57,"column":4},"end":{"line":57,"column":299}},"58":{"start":{"line":57,"column":24},"end":{"line":57,"column":76}},"59":{"start":{"line":57,"column":88},"end":{"line":57,"column":117}},"60":{"start":{"line":57,"column":119},"end":{"line":57,"column":133}},"61":{"start":{"line":57,"column":134},"end":{"line":57,"column":153}},"62":{"start":{"line":57,"column":164},"end":{"line":57,"column":297}},"63":{"start":{"line":58,"column":11},"end":{"line":58,"column":144}},"64":{"start":{"line":61,"column":13},"end":{"line":61,"column":15}},"65":{"start":{"line":62,"column":2},"end":{"line":62,"column":56}},"66":{"start":{"line":62,"column":8},"end":{"line":62,"column":45}},"67":{"start":{"line":63,"column":21},"end":{"line":63,"column":44}},"68":{"start":{"line":64,"column":2},"end":{"line":64,"column":158}},"69":{"start":{"line":64,"column":19},"end":{"line":64,"column":158}},"70":{"start":{"line":66,"column":19},"end":{"line":66,"column":129}},"71":{"start":{"line":67,"column":2},"end":{"line":87,"column":3}},"72":{"start":{"line":68,"column":4},"end":{"line":72,"column":5}},"73":{"start":{"line":69,"column":41},"end":{"line":69,"column":109}},"74":{"start":{"line":70,"column":6},"end":{"line":70,"column":57}},"75":{"start":{"line":70,"column":24},"end":{"line":70,"column":57}},"76":{"start":{"line":71,"column":6},"end":{"line":71,"column":23}},"77":{"start":{"line":74,"column":28},"end":{"line":80,"column":15}},"78":{"start":{"line":81,"column":4},"end":{"line":81,"column":26}},"79":{"start":{"line":81,"column":15},"end":{"line":81,"column":26}},"80":{"start":{"line":83,"column":4},"end":{"line":83,"column":68}},"81":{"start":{"line":83,"column":10},"end":{"line":83,"column":53}},"82":{"start":{"line":84,"column":4},"end":{"line":84,"column":129}},"83":{"start":{"line":86,"column":4},"end":{"line":86,"column":150}}},"fnMap":{"0":{"name":"validateTelegramData","decl":{"start":{"line":16,"column":9},"end":{"line":16,"column":29}},"loc":{"start":{"line":16,"column":50},"end":{"line":29,"column":1}},"line":16},"1":{"name":"(anonymous_1)","decl":{"start":{"line":23,"column":32},"end":{"line":23,"column":33}},"loc":{"start":{"line":23,"column":39},"end":{"line":23,"column":60}},"line":23},"2":{"name":"(anonymous_2)","decl":{"start":{"line":31,"column":18},"end":{"line":31,"column":19}},"loc":{"start":{"line":31,"column":35},"end":{"line":88,"column":1}},"line":31}},"branchMap":{"0":{"loc":{"start":{"line":17,"column":2},"end":{"line":17,"column":53}},"type":"if","locations":[{"start":{"line":17,"column":2},"end":{"line":17,"column":53}},{"start":{},"end":{}}],"line":17},"1":{"loc":{"start":{"line":17,"column":6},"end":{"line":17,"column":28}},"type":"binary-expr","locations":[{"start":{"line":17,"column":6},"end":{"line":17,"column":15}},{"start":{"line":17,"column":19},"end":{"line":17,"column":28}}],"line":17},"2":{"loc":{"start":{"line":20,"column":2},"end":{"line":20,"column":36}},"type":"if","locations":[{"start":{"line":20,"column":2},"end":{"line":20,"column":36}},{"start":{},"end":{}}],"line":20},"3":{"loc":{"start":{"line":27,"column":2},"end":{"line":27,"column":43}},"type":"if","locations":[{"start":{"line":27,"column":2},"end":{"line":27,"column":43}},{"start":{},"end":{}}],"line":27},"4":{"loc":{"start":{"line":28,"column":48},"end":{"line":28,"column":70}},"type":"binary-expr","locations":[{"start":{"line":28,"column":48},"end":{"line":28,"column":66}},{"start":{"line":28,"column":68},"end":{"line":28,"column":70}}],"line":28},"5":{"loc":{"start":{"line":33,"column":20},"end":{"line":33,"column":64}},"type":"binary-expr","locations":[{"start":{"line":33,"column":20},"end":{"line":33,"column":40}},{"start":{"line":33,"column":44},"end":{"line":33,"column":64}}],"line":33},"6":{"loc":{"start":{"line":35,"column":35},"end":{"line":35,"column":94}},"type":"cond-expr","locations":[{"start":{"line":35,"column":65},"end":{"line":35,"column":74}},{"start":{"line":35,"column":77},"end":{"line":35,"column":94}}],"line":35},"7":{"loc":{"start":{"line":35,"column":77},"end":{"line":35,"column":94}},"type":"binary-expr","locations":[{"start":{"line":35,"column":77},"end":{"line":35,"column":87}},{"start":{"line":35,"column":91},"end":{"line":35,"column":94}}],"line":35},"8":{"loc":{"start":{"line":41,"column":2},"end":{"line":41,"column":89}},"type":"if","locations":[{"start":{"line":41,"column":2},"end":{"line":41,"column":89}},{"start":{},"end":{}}],"line":41},"9":{"loc":{"start":{"line":42,"column":2},"end":{"line":42,"column":176}},"type":"if","locations":[{"start":{"line":42,"column":2},"end":{"line":42,"column":176}},{"start":{},"end":{}}],"line":42},"10":{"loc":{"start":{"line":43,"column":2},"end":{"line":43,"column":207}},"type":"if","locations":[{"start":{"line":43,"column":2},"end":{"line":43,"column":207}},{"start":{},"end":{}}],"line":43},"11":{"loc":{"start":{"line":43,"column":6},"end":{"line":43,"column":73}},"type":"binary-expr","locations":[{"start":{"line":43,"column":6},"end":{"line":43,"column":19}},{"start":{"line":43,"column":23},"end":{"line":43,"column":44}},{"start":{"line":43,"column":48},"end":{"line":43,"column":58}},{"start":{"line":43,"column":62},"end":{"line":43,"column":73}}],"line":43},"12":{"loc":{"start":{"line":48,"column":18},"end":{"line":48,"column":44}},"type":"binary-expr","locations":[{"start":{"line":48,"column":18},"end":{"line":48,"column":38}},{"start":{"line":48,"column":42},"end":{"line":48,"column":44}}],"line":48},"13":{"loc":{"start":{"line":50,"column":2},"end":{"line":58,"column":146}},"type":"if","locations":[{"start":{"line":50,"column":2},"end":{"line":58,"column":146}},{"start":{"line":54,"column":9},"end":{"line":58,"column":146}}],"line":50},"14":{"loc":{"start":{"line":52,"column":4},"end":{"line":52,"column":165}},"type":"if","locations":[{"start":{"line":52,"column":4},"end":{"line":52,"column":165}},{"start":{},"end":{}}],"line":52},"15":{"loc":{"start":{"line":52,"column":8},"end":{"line":52,"column":33}},"type":"binary-expr","locations":[{"start":{"line":52,"column":8},"end":{"line":52,"column":17}},{"start":{"line":52,"column":21},"end":{"line":52,"column":33}}],"line":52},"16":{"loc":{"start":{"line":54,"column":9},"end":{"line":58,"column":146}},"type":"if","locations":[{"start":{"line":54,"column":9},"end":{"line":58,"column":146}},{"start":{"line":56,"column":9},"end":{"line":58,"column":146}}],"line":54},"17":{"loc":{"start":{"line":54,"column":13},"end":{"line":54,"column":59}},"type":"binary-expr","locations":[{"start":{"line":54,"column":13},"end":{"line":54,"column":23}},{"start":{"line":54,"column":27},"end":{"line":54,"column":59}}],"line":54},"18":{"loc":{"start":{"line":56,"column":9},"end":{"line":58,"column":146}},"type":"if","locations":[{"start":{"line":56,"column":9},"end":{"line":58,"column":146}},{"start":{"line":58,"column":9},"end":{"line":58,"column":146}}],"line":56},"19":{"loc":{"start":{"line":57,"column":25},"end":{"line":57,"column":72}},"type":"binary-expr","locations":[{"start":{"line":57,"column":25},"end":{"line":57,"column":68}},{"start":{"line":57,"column":70},"end":{"line":57,"column":72}}],"line":57},"20":{"loc":{"start":{"line":62,"column":26},"end":{"line":62,"column":44}},"type":"binary-expr","locations":[{"start":{"line":62,"column":26},"end":{"line":62,"column":36}},{"start":{"line":62,"column":40},"end":{"line":62,"column":44}}],"line":62},"21":{"loc":{"start":{"line":64,"column":2},"end":{"line":64,"column":158}},"type":"if","locations":[{"start":{"line":64,"column":2},"end":{"line":64,"column":158}},{"start":{},"end":{}}],"line":64},"22":{"loc":{"start":{"line":68,"column":4},"end":{"line":72,"column":5}},"type":"if","locations":[{"start":{"line":68,"column":4},"end":{"line":72,"column":5}},{"start":{},"end":{}}],"line":68},"23":{"loc":{"start":{"line":70,"column":6},"end":{"line":70,"column":57}},"type":"if","locations":[{"start":{"line":70,"column":6},"end":{"line":70,"column":57}},{"start":{},"end":{}}],"line":70},"24":{"loc":{"start":{"line":70,"column":10},"end":{"line":70,"column":22}},"type":"binary-expr","locations":[{"start":{"line":70,"column":10},"end":{"line":70,"column":14}},{"start":{"line":70,"column":18},"end":{"line":70,"column":22}}],"line":70},"25":{"loc":{"start":{"line":81,"column":4},"end":{"line":81,"column":26}},"type":"if","locations":[{"start":{"line":81,"column":4},"end":{"line":81,"column":26}},{"start":{},"end":{}}],"line":81}},"s":{"0":0,"1":0,"2":0,"3":0,"4":0,"5":0,"6":0,"7":0,"8":0,"9":0,"10":0,"11":0,"12":0,"13":0,"14":0,"15":0,"16":0,"17":0,"18":0,"19":0,"20":0,"21":0,"22":0,"23":0,"24":0,"25":0,"26":0,"27":0,"28":0,"29":0,"30":0,"31":0,"32":0,"33":0,"34":0,"35":0,"36":0,"37":0,"38":0,"39":0,"40":0,"41":0,"42":0,"43":0,"44":0,"45":0,"46":0,"47":0,"48":0,"49":0,"50":0,"51":0,"52":0,"53":0,"54":0,"55":0,"56":0,"57":0,"58":0,"59":0,"60":0,"61":0,"62":0,"63":0,"64":0,"65":0,"66":0,"67":0,"68":0,"69":0,"70":0,"71":0,"72":0,"73":0,"74":0,"75":0,"76":0,"77":0,"78":0,"79":0,"80":0,"81":0,"82":0,"83":0},"f":{"0":0,"1":0,"2":0},"b":{"0":[0,0],"1":[0,0],"2":[0,0],"3":[0,0],"4":[0,0],"5":[0,0],"6":[0,0],"7":[0,0],"8":[0,0],"9":[0,0],"10":[0,0],"11":[0,0,0,0],"12":[0,0],"13":[0,0],"14":[0,0],"15":[0,0],"16":[0,0],"17":[0,0],"18":[0,0],"19":[0,0],"20":[0,0],"21":[0,0],"22":[0,0],"23":[0,0],"24":[0,0],"25":[0,0]}}
,"/project/workspace/dream-analyzer/bot/functions/analyze-dream-background.js": {"path":"/project/workspace/dream-analyzer/bot/functions/analyze-dream-background.js","statementMap":{"0":{"start":{"line":3,"column":25},"end":{"line":3,"column":57}},"1":{"start":{"line":4,"column":22},"end":{"line":4,"column":65}},"2":{"start":{"line":5,"column":25},"end":{"line":5,"column":71}},"3":{"start":{"line":6,"column":20},"end":{"line":6,"column":61}},"4":{"start":{"line":7,"column":25},"end":{"line":7,"column":72}},"5":{"start":{"line":9,"column":21},"end":{"line":9,"column":45}},"6":{"start":{"line":10,"column":29},"end":{"line":10,"column":66}},"7":{"start":{"line":11,"column":18},"end":{"line":11,"column":39}},"8":{"start":{"line":12,"column":16},"end":{"line":12,"column":109}},"9":{"start":{"line":15,"column":16},"end":{"line":15,"column":70}},"10":{"start":{"line":16,"column":17},"end":{"line":16,"column":42}},"11":{"start":{"line":17,"column":4},"end":{"line":17,"column":53}},"12":{"start":{"line":17,"column":21},"end":{"line":17,"column":53}},"13":{"start":{"line":18,"column":16},"end":{"line":18,"column":129}},"14":{"start":{"line":19,"column":4},"end":{"line":22,"column":5}},"15":{"start":{"line":20,"column":18},"end":{"line":20,"column":50}},"16":{"start":{"line":20,"column":47},"end":{"line":20,"column":49}},"17":{"start":{"line":21,"column":8},"end":{"line":21,"column":89}},"18":{"start":{"line":26,"column":16},"end":{"line":26,"column":72}},"19":{"start":{"line":27,"column":17},"end":{"line":27,"column":59}},"20":{"start":{"line":28,"column":4},"end":{"line":28,"column":134}},"21":{"start":{"line":32,"column":19},"end":{"line":32,"column":58}},"22":{"start":{"line":33,"column":4},"end":{"line":33,"column":63}},"23":{"start":{"line":33,"column":49},"end":{"line":33,"column":63}},"24":{"start":{"line":34,"column":18},"end":{"line":34,"column":40}},"25":{"start":{"line":35,"column":16},"end":{"line":35,"column":20}},"26":{"start":{"line":35,"column":33},"end":{"line":35,"column":35}},"27":{"start":{"line":36,"column":4},"end":{"line":51,"column":5}},"28":{"start":{"line":36,"column":17},"end":{"line":36,"column":33}},"29":{"start":{"line":37,"column":21},"end":{"line":37,"column":36}},"30":{"start":{"line":38,"column":8},"end":{"line":38,"column":28}},"31":{"start":{"line":38,"column":19},"end":{"line":38,"column":28}},"32":{"start":{"line":39,"column":8},"end":{"line":44,"column":9}},"33":{"start":{"line":40,"column":26},"end":{"line":40,"column":63}},"34":{"start":{"line":41,"column":12},"end":{"line":41,"column":82}},"35":{"start":{"line":41,"column":45},"end":{"line":41,"column":53}},"36":{"start":{"line":42,"column":12},"end":{"line":42,"column":31}},"37":{"start":{"line":43,"column":12},"end":{"line":43,"column":21}},"38":{"start":{"line":45,"column":8},"end":{"line":49,"column":9}},"39":{"start":{"line":46,"column":12},"end":{"line":46,"column":105}},"40":{"start":{"line":47,"column":12},"end":{"line":47,"column":31}},"41":{"start":{"line":48,"column":12},"end":{"line":48,"column":21}},"42":{"start":{"line":50,"column":8},"end":{"line":50,"column":40}},"43":{"start":{"line":50,"column":34},"end":{"line":50,"column":40}},"44":{"start":{"line":52,"column":25},"end":{"line":52,"column":48}},"45":{"start":{"line":53,"column":4},"end":{"line":53,"column":54}},"46":{"start":{"line":54,"column":4},"end":{"line":54,"column":56}},"47":{"start":{"line":55,"column":4},"end":{"line":55,"column":23}},"48":{"start":{"line":56,"column":4},"end":{"line":56,"column":18}},"49":{"start":{"line":60,"column":4},"end":{"line":65,"column":5}},"50":{"start":{"line":61,"column":8},"end":{"line":61,"column":50}},"51":{"start":{"line":63,"column":8},"end":{"line":63,"column":83}},"52":{"start":{"line":64,"column":8},"end":{"line":64,"column":20}},"53":{"start":{"line":69,"column":4},"end":{"line":73,"column":26}},"54":{"start":{"line":70,"column":18},"end":{"line":70,"column":36}},"55":{"start":{"line":71,"column":8},"end":{"line":71,"column":41}},"56":{"start":{"line":71,"column":32},"end":{"line":71,"column":41}},"57":{"start":{"line":72,"column":8},"end":{"line":72,"column":40}},"58":{"start":{"line":73,"column":14},"end":{"line":73,"column":24}},"59":{"start":{"line":76,"column":0},"end":{"line":238,"column":2}},"60":{"start":{"line":77,"column":4},"end":{"line":79,"column":5}},"61":{"start":{"line":78,"column":8},"end":{"line":78,"column":51}},"62":{"start":{"line":80,"column":4},"end":{"line":237,"column":5}},"63":{"start":{"line":81,"column":8},"end":{"line":84,"column":9}},"64":{"start":{"line":82,"column":12},"end":{"line":82,"column":82}},"65":{"start":{"line":83,"column":12},"end":{"line":83,"column":60}},"66":{"start":{"line":86,"column":75},"end":{"line":86,"column":105}},"67":{"start":{"line":87,"column":8},"end":{"line":89,"column":9}},"68":{"start":{"line":88,"column":12},"end":{"line":88,"column":60}},"69":{"start":{"line":91,"column":25},"end":{"line":91,"column":135}},"70":{"start":{"line":94,"column":8},"end":{"line":141,"column":9}},"71":{"start":{"line":95,"column":45},"end":{"line":99,"column":25}},"72":{"start":{"line":100,"column":12},"end":{"line":102,"column":13}},"73":{"start":{"line":101,"column":16},"end":{"line":101,"column":27}},"74":{"start":{"line":103,"column":24},"end":{"line":103,"column":72}},"75":{"start":{"line":104,"column":29},"end":{"line":104,"column":92}},"76":{"start":{"line":107,"column":12},"end":{"line":134,"column":13}},"77":{"start":{"line":108,"column":16},"end":{"line":114,"column":17}},"78":{"start":{"line":109,"column":20},"end":{"line":109,"column":94}},"79":{"start":{"line":109,"column":41},"end":{"line":109,"column":94}},"80":{"start":{"line":110,"column":33},"end":{"line":110,"column":57}},"81":{"start":{"line":111,"column":32},"end":{"line":111,"column":99}},"82":{"start":{"line":112,"column":20},"end":{"line":112,"column":75}},"83":{"start":{"line":113,"column":20},"end":{"line":113,"column":82}},"84":{"start":{"line":118,"column":16},"end":{"line":126,"column":17}},"85":{"start":{"line":119,"column":33},"end":{"line":119,"column":88}},"86":{"start":{"line":120,"column":34},"end":{"line":120,"column":57}},"87":{"start":{"line":121,"column":36},"end":{"line":121,"column":66}},"88":{"start":{"line":122,"column":20},"end":{"line":122,"column":94}},"89":{"start":{"line":122,"column":41},"end":{"line":122,"column":94}},"90":{"start":{"line":123,"column":33},"end":{"line":123,"column":57}},"91":{"start":{"line":124,"column":20},"end":{"line":124,"column":132}},"92":{"start":{"line":125,"column":20},"end":{"line":125,"column":71}},"93":{"start":{"line":127,"column":16},"end":{"line":132,"column":17}},"94":{"start":{"line":128,"column":20},"end":{"line":128,"column":94}},"95":{"start":{"line":128,"column":41},"end":{"line":128,"column":94}},"96":{"start":{"line":129,"column":33},"end":{"line":129,"column":57}},"97":{"start":{"line":130,"column":20},"end":{"line":130,"column":157}},"98":{"start":{"line":131,"column":20},"end":{"line":131,"column":75}},"99":{"start":{"line":136,"column":12},"end":{"line":136,"column":90}},"100":{"start":{"line":137,"column":12},"end":{"line":137,"column":86}},"101":{"start":{"line":137,"column":33},"end":{"line":137,"column":86}},"102":{"start":{"line":138,"column":25},"end":{"line":138,"column":49}},"103":{"start":{"line":139,"column":12},"end":{"line":139,"column":96}},"104":{"start":{"line":140,"column":12},"end":{"line":140,"column":70}},"105":{"start":{"line":144,"column":24},"end":{"line":144,"column":33}},"106":{"start":{"line":145,"column":31},"end":{"line":145,"column":33}},"107":{"start":{"line":146,"column":8},"end":{"line":159,"column":100}},"108":{"start":{"line":147,"column":25},"end":{"line":147,"column":47}},"109":{"start":{"line":148,"column":12},"end":{"line":158,"column":13}},"110":{"start":{"line":149,"column":40},"end":{"line":149,"column":141}},"111":{"start":{"line":150,"column":16},"end":{"line":150,"column":108}},"112":{"start":{"line":150,"column":27},"end":{"line":150,"column":108}},"113":{"start":{"line":151,"column":32},"end":{"line":151,"column":63}},"114":{"start":{"line":152,"column":16},"end":{"line":152,"column":43}},"115":{"start":{"line":153,"column":16},"end":{"line":153,"column":89}},"116":{"start":{"line":154,"column":16},"end":{"line":157,"column":17}},"117":{"start":{"line":155,"column":32},"end":{"line":155,"column":148}},"118":{"start":{"line":155,"column":71},"end":{"line":155,"column":134}},"119":{"start":{"line":156,"column":20},"end":{"line":156,"column":122}},"120":{"start":{"line":159,"column":22},"end":{"line":159,"column":98}},"121":{"start":{"line":163,"column":8},"end":{"line":171,"column":9}},"122":{"start":{"line":164,"column":12},"end":{"line":164,"column":85}},"123":{"start":{"line":166,"column":12},"end":{"line":166,"column":81}},"124":{"start":{"line":167,"column":12},"end":{"line":167,"column":86}},"125":{"start":{"line":167,"column":33},"end":{"line":167,"column":86}},"126":{"start":{"line":168,"column":25},"end":{"line":168,"column":49}},"127":{"start":{"line":169,"column":12},"end":{"line":169,"column":107}},"128":{"start":{"line":170,"column":12},"end":{"line":170,"column":61}},"129":{"start":{"line":173,"column":23},"end":{"line":173,"column":69}},"130":{"start":{"line":175,"column":8},"end":{"line":186,"column":22}},"131":{"start":{"line":176,"column":28},"end":{"line":178,"column":50}},"132":{"start":{"line":177,"column":28},"end":{"line":177,"column":81}},"133":{"start":{"line":178,"column":25},"end":{"line":178,"column":33}},"134":{"start":{"line":179,"column":12},"end":{"line":184,"column":13}},"135":{"start":{"line":180,"column":37},"end":{"line":180,"column":158}},"136":{"start":{"line":181,"column":14},"end":{"line":183,"column":53}},"137":{"start":{"line":182,"column":30},"end":{"line":182,"column":83}},"138":{"start":{"line":183,"column":27},"end":{"line":183,"column":35}},"139":{"start":{"line":185,"column":12},"end":{"line":185,"column":91}},"140":{"start":{"line":185,"column":34},"end":{"line":185,"column":91}},"141":{"start":{"line":188,"column":25},"end":{"line":188,"column":29}},"142":{"start":{"line":189,"column":24},"end":{"line":189,"column":28}},"143":{"start":{"line":190,"column":8},"end":{"line":197,"column":42}},"144":{"start":{"line":191,"column":38},"end":{"line":195,"column":23}},"145":{"start":{"line":196,"column":12},"end":{"line":196,"column":136}},"146":{"start":{"line":197,"column":22},"end":{"line":197,"column":40}},"147":{"start":{"line":198,"column":8},"end":{"line":200,"column":41}},"148":{"start":{"line":199,"column":12},"end":{"line":199,"column":79}},"149":{"start":{"line":200,"column":22},"end":{"line":200,"column":39}},"150":{"start":{"line":203,"column":8},"end":{"line":210,"column":90}},"151":{"start":{"line":204,"column":12},"end":{"line":209,"column":15}},"152":{"start":{"line":210,"column":22},"end":{"line":210,"column":88}},"153":{"start":{"line":213,"column":8},"end":{"line":215,"column":101}},"154":{"start":{"line":214,"column":12},"end":{"line":214,"column":89}},"155":{"start":{"line":215,"column":22},"end":{"line":215,"column":99}},"156":{"start":{"line":218,"column":8},"end":{"line":220,"column":22}},"157":{"start":{"line":219,"column":12},"end":{"line":219,"column":86}},"158":{"start":{"line":219,"column":33},"end":{"line":219,"column":86}},"159":{"start":{"line":221,"column":28},"end":{"line":223,"column":9}},"160":{"start":{"line":224,"column":8},"end":{"line":224,"column":131}},"161":{"start":{"line":226,"column":8},"end":{"line":226,"column":47}},"162":{"start":{"line":228,"column":8},"end":{"line":228,"column":76}},"163":{"start":{"line":229,"column":8},"end":{"line":235,"column":22}},"164":{"start":{"line":230,"column":25},"end":{"line":230,"column":55}},"165":{"start":{"line":231,"column":59},"end":{"line":231,"column":63}},"166":{"start":{"line":232,"column":12},"end":{"line":232,"column":86}},"167":{"start":{"line":232,"column":33},"end":{"line":232,"column":86}},"168":{"start":{"line":233,"column":25},"end":{"line":233,"column":49}},"169":{"start":{"line":234,"column":12},"end":{"line":234,"column":107}},"170":{"start":{"line":236,"column":8},"end":{"line":236,"column":50}}},"fnMap":{"0":{"name":"sendTelegramMessage","decl":{"start":{"line":14,"column":15},"end":{"line":14,"column":34}},"loc":{"start":{"line":14,"column":62},"end":{"line":23,"column":1}},"line":14},"1":{"name":"(anonymous_1)","decl":{"start":{"line":20,"column":41},"end":{"line":20,"column":42}},"loc":{"start":{"line":20,"column":47},"end":{"line":20,"column":49}},"line":20},"2":{"name":"deleteTelegramMessage","decl":{"start":{"line":25,"column":15},"end":{"line":25,"column":36}},"loc":{"start":{"line":25,"column":56},"end":{"line":29,"column":1}},"line":25},"3":{"name":"(anonymous_3)","decl":{"start":{"line":28,"column":124},"end":{"line":28,"column":125}},"loc":{"start":{"line":28,"column":130},"end":{"line":28,"column":132}},"line":28},"4":{"name":"parseAnalysisWithMeta","decl":{"start":{"line":31,"column":9},"end":{"line":31,"column":30}},"loc":{"start":{"line":31,"column":59},"end":{"line":57,"column":1}},"line":31},"5":{"name":"(anonymous_5)","decl":{"start":{"line":41,"column":40},"end":{"line":41,"column":41}},"loc":{"start":{"line":41,"column":45},"end":{"line":41,"column":53}},"line":41},"6":{"name":"embed","decl":{"start":{"line":59,"column":15},"end":{"line":59,"column":20}},"loc":{"start":{"line":59,"column":27},"end":{"line":66,"column":1}},"line":59},"7":{"name":"truncateDream","decl":{"start":{"line":68,"column":9},"end":{"line":68,"column":22}},"loc":{"start":{"line":68,"column":44},"end":{"line":74,"column":1}},"line":68},"8":{"name":"(anonymous_8)","decl":{"start":{"line":76,"column":18},"end":{"line":76,"column":19}},"loc":{"start":{"line":76,"column":35},"end":{"line":238,"column":1}},"line":76},"9":{"name":"(anonymous_9)","decl":{"start":{"line":155,"column":56},"end":{"line":155,"column":57}},"loc":{"start":{"line":155,"column":71},"end":{"line":155,"column":134}},"line":155},"10":{"name":"(anonymous_10)","decl":{"start":{"line":177,"column":22},"end":{"line":177,"column":23}},"loc":{"start":{"line":177,"column":28},"end":{"line":177,"column":81}},"line":177},"11":{"name":"(anonymous_11)","decl":{"start":{"line":178,"column":19},"end":{"line":178,"column":20}},"loc":{"start":{"line":178,"column":25},"end":{"line":178,"column":33}},"line":178},"12":{"name":"(anonymous_12)","decl":{"start":{"line":182,"column":24},"end":{"line":182,"column":25}},"loc":{"start":{"line":182,"column":30},"end":{"line":182,"column":83}},"line":182},"13":{"name":"(anonymous_13)","decl":{"start":{"line":183,"column":21},"end":{"line":183,"column":22}},"loc":{"start":{"line":183,"column":27},"end":{"line":183,"column":35}},"line":183}},"branchMap":{"0":{"loc":{"start":{"line":12,"column":16},"end":{"line":12,"column":109}},"type":"binary-expr","locations":[{"start":{"line":12,"column":16},"end":{"line":12,"column":35}},{"start":{"line":12,"column":39},"end":{"line":12,"column":69}},{"start":{"line":12,"column":73},"end":{"line":12,"column":109}}],"line":12},"1":{"loc":{"start":{"line":17,"column":4},"end":{"line":17,"column":53}},"type":"if","locations":[{"start":{"line":17,"column":4},"end":{"line":17,"column":53}},{"start":{},"end":{}}],"line":17},"2":{"loc":{"start":{"line":19,"column":4},"end":{"line":22,"column":5}},"type":"if","locations":[{"start":{"line":19,"column":4},"end":{"line":22,"column":5}},{"start":{},"end":{}}],"line":19},"3":{"loc":{"start":{"line":33,"column":4},"end":{"line":33,"column":63}},"type":"if","locations":[{"start":{"line":33,"column":4},"end":{"line":33,"column":63}},{"start":{},"end":{}}],"line":33},"4":{"loc":{"start":{"line":33,"column":8},"end":{"line":33,"column":47}},"type":"binary-expr","locations":[{"start":{"line":33,"column":8},"end":{"line":33,"column":16}},{"start":{"line":33,"column":20},"end":{"line":33,"column":47}}],"line":33},"5":{"loc":{"start":{"line":38,"column":8},"end":{"line":38,"column":28}},"type":"if","locations":[{"start":{"line":38,"column":8},"end":{"line":38,"column":28}},{"start":{},"end":{}}],"line":38},"6":{"loc":{"start":{"line":39,"column":8},"end":{"line":44,"column":9}},"type":"if","locations":[{"start":{"line":39,"column":8},"end":{"line":44,"column":9}},{"start":{},"end":{}}],"line":39},"7":{"loc":{"start":{"line":39,"column":12},"end":{"line":39,"column":51}},"type":"binary-expr","locations":[{"start":{"line":39,"column":12},"end":{"line":39,"column":24}},{"start":{"line":39,"column":28},"end":{"line":39,"column":51}}],"line":39},"8":{"loc":{"start":{"line":45,"column":8},"end":{"line":49,"column":9}},"type":"if","locations":[{"start":{"line":45,"column":8},"end":{"line":49,"column":9}},{"start":{},"end":{}}],"line":45},"9":{"loc":{"start":{"line":45,"column":12},"end":{"line":45,"column":50}},"type":"binary-expr","locations":[{"start":{"line":45,"column":12},"end":{"line":45,"column":18}},{"start":{"line":45,"column":22},"end":{"line":45,"column":50}}],"line":45},"10":{"loc":{"start":{"line":50,"column":8},"end":{"line":50,"column":40}},"type":"if","locations":[{"start":{"line":50,"column":8},"end":{"line":50,"column":40}},{"start":{},"end":{}}],"line":50},"11":{"loc":{"start":{"line":50,"column":12},"end":{"line":50,"column":32}},"type":"binary-expr","locations":[{"start":{"line":50,"column":12},"end":{"line":50,"column":17}},{"start":{"line":50,"column":21},"end":{"line":50,"column":32}}],"line":50},"12":{"loc":{"start":{"line":53,"column":22},"end":{"line":53,"column":53}},"type":"binary-expr","locations":[{"start":{"line":53,"column":22},"end":{"line":53,"column":34}},{"start":{"line":53,"column":38},"end":{"line":53,"column":53}}],"line":53},"13":{"loc":{"start":{"line":54,"column":19},"end":{"line":54,"column":55}},"type":"cond-expr","locations":[{"start":{"line":54,"column":43},"end":{"line":54,"column":48}},{"start":{"line":54,"column":51},"end":{"line":54,"column":55}}],"line":54},"14":{"loc":{"start":{"line":54,"column":19},"end":{"line":54,"column":40}},"type":"binary-expr","locations":[{"start":{"line":54,"column":19},"end":{"line":54,"column":24}},{"start":{"line":54,"column":28},"end":{"line":54,"column":40}}],"line":54},"15":{"loc":{"start":{"line":68,"column":29},"end":{"line":68,"column":42}},"type":"default-arg","locations":[{"start":{"line":68,"column":38},"end":{"line":68,"column":42}}],"line":68},"16":{"loc":{"start":{"line":70,"column":25},"end":{"line":70,"column":35}},"type":"binary-expr","locations":[{"start":{"line":70,"column":25},"end":{"line":70,"column":29}},{"start":{"line":70,"column":33},"end":{"line":70,"column":35}}],"line":70},"17":{"loc":{"start":{"line":71,"column":8},"end":{"line":71,"column":41}},"type":"if","locations":[{"start":{"line":71,"column":8},"end":{"line":71,"column":41}},{"start":{},"end":{}}],"line":71},"18":{"loc":{"start":{"line":77,"column":4},"end":{"line":79,"column":5}},"type":"if","locations":[{"start":{"line":77,"column":4},"end":{"line":79,"column":5}},{"start":{},"end":{}}],"line":77},"19":{"loc":{"start":{"line":77,"column":15},"end":{"line":77,"column":47}},"type":"binary-expr","locations":[{"start":{"line":77,"column":15},"end":{"line":77,"column":37}},{"start":{"line":77,"column":41},"end":{"line":77,"column":47}}],"line":77},"20":{"loc":{"start":{"line":81,"column":8},"end":{"line":84,"column":9}},"type":"if","locations":[{"start":{"line":81,"column":8},"end":{"line":84,"column":9}},{"start":{},"end":{}}],"line":81},"21":{"loc":{"start":{"line":81,"column":12},"end":{"line":81,"column":64}},"type":"binary-expr","locations":[{"start":{"line":81,"column":12},"end":{"line":81,"column":25}},{"start":{"line":81,"column":29},"end":{"line":81,"column":50}},{"start":{"line":81,"column":54},"end":{"line":81,"column":64}}],"line":81},"22":{"loc":{"start":{"line":86,"column":86},"end":{"line":86,"column":104}},"type":"binary-expr","locations":[{"start":{"line":86,"column":86},"end":{"line":86,"column":96}},{"start":{"line":86,"column":100},"end":{"line":86,"column":104}}],"line":86},"23":{"loc":{"start":{"line":87,"column":8},"end":{"line":89,"column":9}},"type":"if","locations":[{"start":{"line":87,"column":8},"end":{"line":89,"column":9}},{"start":{},"end":{}}],"line":87},"24":{"loc":{"start":{"line":87,"column":12},"end":{"line":87,"column":59}},"type":"binary-expr","locations":[{"start":{"line":87,"column":12},"end":{"line":87,"column":21}},{"start":{"line":87,"column":25},"end":{"line":87,"column":34}},{"start":{"line":87,"column":38},"end":{"line":87,"column":45}},{"start":{"line":87,"column":49},"end":{"line":87,"column":59}}],"line":87},"25":{"loc":{"start":{"line":100,"column":12},"end":{"line":102,"column":13}},"type":"if","locations":[{"start":{"line":100,"column":12},"end":{"line":102,"column":13}},{"start":{},"end":{}}],"line":100},"26":{"loc":{"start":{"line":100,"column":16},"end":{"line":100,"column":48}},"type":"binary-expr","locations":[{"start":{"line":100,"column":16},"end":{"line":100,"column":20}},{"start":{"line":100,"column":24},"end":{"line":100,"column":48}}],"line":100},"27":{"loc":{"start":{"line":103,"column":31},"end":{"line":103,"column":57}},"type":"binary-expr","locations":[{"start":{"line":103,"column":31},"end":{"line":103,"column":51}},{"start":{"line":103,"column":55},"end":{"line":103,"column":57}}],"line":103},"28":{"loc":{"start":{"line":104,"column":29},"end":{"line":104,"column":92}},"type":"cond-expr","locations":[{"start":{"line":104,"column":49},"end":{"line":104,"column":85}},{"start":{"line":104,"column":88},"end":{"line":104,"column":92}}],"line":104},"29":{"loc":{"start":{"line":107,"column":12},"end":{"line":134,"column":13}},"type":"if","locations":[{"start":{"line":107,"column":12},"end":{"line":134,"column":13}},{"start":{"line":116,"column":19},"end":{"line":134,"column":13}}],"line":107},"30":{"loc":{"start":{"line":107,"column":16},"end":{"line":107,"column":41}},"type":"binary-expr","locations":[{"start":{"line":107,"column":16},"end":{"line":107,"column":18}},{"start":{"line":107,"column":22},"end":{"line":107,"column":41}}],"line":107},"31":{"loc":{"start":{"line":108,"column":16},"end":{"line":114,"column":17}},"type":"if","locations":[{"start":{"line":108,"column":16},"end":{"line":114,"column":17}},{"start":{},"end":{}}],"line":108},"32":{"loc":{"start":{"line":109,"column":20},"end":{"line":109,"column":94}},"type":"if","locations":[{"start":{"line":109,"column":20},"end":{"line":109,"column":94}},{"start":{},"end":{}}],"line":109},"33":{"loc":{"start":{"line":118,"column":16},"end":{"line":126,"column":17}},"type":"if","locations":[{"start":{"line":118,"column":16},"end":{"line":126,"column":17}},{"start":{},"end":{}}],"line":118},"34":{"loc":{"start":{"line":118,"column":20},"end":{"line":118,"column":53}},"type":"binary-expr","locations":[{"start":{"line":118,"column":20},"end":{"line":118,"column":28}},{"start":{"line":118,"column":32},"end":{"line":118,"column":53}}],"line":118},"35":{"loc":{"start":{"line":122,"column":20},"end":{"line":122,"column":94}},"type":"if","locations":[{"start":{"line":122,"column":20},"end":{"line":122,"column":94}},{"start":{},"end":{}}],"line":122},"36":{"loc":{"start":{"line":127,"column":16},"end":{"line":132,"column":17}},"type":"if","locations":[{"start":{"line":127,"column":16},"end":{"line":132,"column":17}},{"start":{},"end":{}}],"line":127},"37":{"loc":{"start":{"line":128,"column":20},"end":{"line":128,"column":94}},"type":"if","locations":[{"start":{"line":128,"column":20},"end":{"line":128,"column":94}},{"start":{},"end":{}}],"line":128},"38":{"loc":{"start":{"line":137,"column":12},"end":{"line":137,"column":86}},"type":"if","locations":[{"start":{"line":137,"column":12},"end":{"line":137,"column":86}},{"start":{},"end":{}}],"line":137},"39":{"loc":{"start":{"line":148,"column":12},"end":{"line":158,"column":13}},"type":"if","locations":[{"start":{"line":148,"column":12},"end":{"line":158,"column":13}},{"start":{},"end":{}}],"line":148},"40":{"loc":{"start":{"line":150,"column":16},"end":{"line":150,"column":108}},"type":"if","locations":[{"start":{"line":150,"column":16},"end":{"line":150,"column":108}},{"start":{},"end":{}}],"line":150},"41":{"loc":{"start":{"line":151,"column":32},"end":{"line":151,"column":63}},"type":"cond-expr","locations":[{"start":{"line":151,"column":54},"end":{"line":151,"column":58}},{"start":{"line":151,"column":61},"end":{"line":151,"column":63}}],"line":151},"42":{"loc":{"start":{"line":154,"column":16},"end":{"line":157,"column":17}},"type":"if","locations":[{"start":{"line":154,"column":16},"end":{"line":157,"column":17}},{"start":{},"end":{}}],"line":154},"43":{"loc":{"start":{"line":155,"column":87},"end":{"line":155,"column":111}},"type":"binary-expr","locations":[{"start":{"line":155,"column":87},"end":{"line":155,"column":97}},{"start":{"line":155,"column":101},"end":{"line":155,"column":111}}],"line":155},"44":{"loc":{"start":{"line":155,"column":116},"end":{"line":155,"column":132}},"type":"binary-expr","locations":[{"start":{"line":155,"column":116},"end":{"line":155,"column":126}},{"start":{"line":155,"column":130},"end":{"line":155,"column":132}}],"line":155},"45":{"loc":{"start":{"line":167,"column":12},"end":{"line":167,"column":86}},"type":"if","locations":[{"start":{"line":167,"column":12},"end":{"line":167,"column":86}},{"start":{},"end":{}}],"line":167},"46":{"loc":{"start":{"line":176,"column":29},"end":{"line":176,"column":51}},"type":"binary-expr","locations":[{"start":{"line":176,"column":29},"end":{"line":176,"column":45}},{"start":{"line":176,"column":49},"end":{"line":176,"column":51}}],"line":176},"47":{"loc":{"start":{"line":177,"column":35},"end":{"line":177,"column":52}},"type":"binary-expr","locations":[{"start":{"line":177,"column":35},"end":{"line":177,"column":46}},{"start":{"line":177,"column":50},"end":{"line":177,"column":52}}],"line":177},"48":{"loc":{"start":{"line":179,"column":12},"end":{"line":184,"column":13}},"type":"if","locations":[{"start":{"line":179,"column":12},"end":{"line":184,"column":13}},{"start":{},"end":{}}],"line":179},"49":{"loc":{"start":{"line":181,"column":27},"end":{"line":181,"column":58}},"type":"cond-expr","locations":[{"start":{"line":181,"column":49},"end":{"line":181,"column":53}},{"start":{"line":181,"column":56},"end":{"line":181,"column":58}}],"line":181},"50":{"loc":{"start":{"line":182,"column":37},"end":{"line":182,"column":54}},"type":"binary-expr","locations":[{"start":{"line":182,"column":37},"end":{"line":182,"column":48}},{"start":{"line":182,"column":52},"end":{"line":182,"column":54}}],"line":182},"51":{"loc":{"start":{"line":185,"column":12},"end":{"line":185,"column":91}},"type":"if","locations":[{"start":{"line":185,"column":12},"end":{"line":185,"column":91}},{"start":{},"end":{}}],"line":185},"52":{"loc":{"start":{"line":207,"column":26},"end":{"line":207,"column":63}},"type":"binary-expr","locations":[{"start":{"line":207,"column":26},"end":{"line":207,"column":41}},{"start":{"line":207,"column":45},"end":{"line":207,"column":57}},{"start":{"line":207,"column":61},"end":{"line":207,"column":63}}],"line":207},"53":{"loc":{"start":{"line":208,"column":38},"end":{"line":208,"column":58}},"type":"binary-expr","locations":[{"start":{"line":208,"column":38},"end":{"line":208,"column":50}},{"start":{"line":208,"column":54},"end":{"line":208,"column":58}}],"line":208},"54":{"loc":{"start":{"line":208,"column":66},"end":{"line":208,"column":83}},"type":"binary-expr","locations":[{"start":{"line":208,"column":66},"end":{"line":208,"column":77}},{"start":{"line":208,"column":81},"end":{"line":208,"column":83}}],"line":208},"55":{"loc":{"start":{"line":208,"column":91},"end":{"line":208,"column":109}},"type":"binary-expr","locations":[{"start":{"line":208,"column":91},"end":{"line":208,"column":101}},{"start":{"line":208,"column":105},"end":{"line":208,"column":109}}],"line":208},"56":{"loc":{"start":{"line":208,"column":123},"end":{"line":208,"column":140}},"type":"binary-expr","locations":[{"start":{"line":208,"column":123},"end":{"line":208,"column":132}},{"start":{"line":208,"column":136},"end":{"line":208,"column":140}}],"line":208},"57":{"loc":{"start":{"line":219,"column":12},"end":{"line":219,"column":86}},"type":"if","locations":[{"start":{"line":219,"column":12},"end":{"line":219,"column":86}},{"start":{},"end":{}}],"line":219},"58":{"loc":{"start":{"line":230,"column":36},"end":{"line":230,"column":54}},"type":"binary-expr","locations":[{"start":{"line":230,"column":36},"end":{"line":230,"column":46}},{"start":{"line":230,"column":50},"end":{"line":230,"column":54}}],"line":230},"59":{"loc":{"start":{"line":232,"column":12},"end":{"line":232,"column":86}},"type":"if","locations":[{"start":{"line":232,"column":12},"end":{"line":232,"column":86}},{"start":{},"end":{}}],"line":232}},"s":{"0":0,"1":0,"2":0,"3":0,"4":0,"5":0,"6":0,"7":0,"8":0,"9":0,"10":0,"11":0,"12":0,"13":0,"14":0,"15":0,"16":0,"17":0,"18":0,"19":0,"20":0,"21":0,"22":0,"23":0,"24":0,"25":0,"26":0,"27":0,"28":0,"29":0,"30":0,"31":0,"32":0,"33":0,"34":0,"35":0,"36":0,"37":0,"38":0,"39":0,"40":0,"41":0,"42":0,"43":0,"44":0,"45":0,"46":0,"47":0,"48":0,"49":0,"50":0,"51":0,"52":0,"53":0,"54":0,"55":0,"56":0,"57":0,"58":0,"59":0,"60":0,"61":0,"62":0,"63":0,"64":0,"65":0,"66":0,"67":0,"68":0,"69":0,"70":0,"71":0,"72":0,"73":0,"74":0,"75":0,"76":0,"77":0,"78":0,"79":0,"80":0,"81":0,"82":0,"83":0,"84":0,"85":0,"86":0,"87":0,"88":0,"89":0,"90":0,"91":0,"92":0,"93":0,"94":0,"95":0,"96":0,"97":0,"98":0,"99":0,"100":0,"101":0,"102":0,"103":0,"104":0,"105":0,"106":0,"107":0,"108":0,"109":0,"110":0,"111":0,"112":0,"113":0,"114":0,"115":0,"116":0,"117":0,"118":0,"119":0,"120":0,"121":0,"122":0,"123":0,"124":0,"125":0,"126":0,"127":0,"128":0,"129":0,"130":0,"131":0,"132":0,"133":0,"134":0,"135":0,"136":0,"137":0,"138":0,"139":0,"140":0,"141":0,"142":0,"
[...]
,"/project/workspace/dream-analyzer/bot/functions/shared/utils/logger.js": {"path":"/project/workspace/dream-analyzer/bot/functions/shared/utils/logger.js","statementMap":{"0":{"start":{"line":2,"column":16},"end":{"line":2,"column":34}},"1":{"start":{"line":3,"column":15},"end":{"line":3,"column":32}},"2":{"start":{"line":6,"column":19},"end":{"line":11,"column":1}},"3":{"start":{"line":13,"column":26},"end":{"line":13,"column":57}},"4":{"start":{"line":14,"column":33},"end":{"line":14,"column":69}},"5":{"start":{"line":15,"column":35},"end":{"line":15,"column":73}},"6":{"start":{"line":19,"column":2},"end":{"line":19,"column":47}},"7":{"start":{"line":23,"column":25},"end":{"line":45,"column":1}},"8":{"start":{"line":28,"column":22},"end":{"line":37,"column":5}},"9":{"start":{"line":39,"column":4},"end":{"line":41,"column":5}},"10":{"start":{"line":40,"column":6},"end":{"line":40,"column":30}},"11":{"start":{"line":43,"column":4},"end":{"line":43,"column":37}},"12":{"start":{"line":48,"column":21},"end":{"line":48,"column":117}},"13":{"start":{"line":51,"column":19},"end":{"line":68,"column":1}},"14":{"start":{"line":60,"column":31},"end":{"line":62,"column":18}},"15":{"start":{"line":63,"column":12},"end":{"line":63,"column":98}},"16":{"start":{"line":71,"column":0},"end":{"line":88,"column":1}},"17":{"start":{"line":72,"column":2},"end":{"line":87,"column":4}},"18":{"start":{"line":91,"column":0},"end":{"line":105,"column":1}},"19":{"start":{"line":92,"column":31},"end":{"line":92,"column":54}},"20":{"start":{"line":93,"column":2},"end":{"line":104,"column":4}},"21":{"start":{"line":108,"column":19},"end":{"line":114,"column":2}},"22":{"start":{"line":119,"column":4},"end":{"line":119,"column":41}},"23":{"start":{"line":120,"column":4},"end":{"line":120,"column":30}},"24":{"start":{"line":125,"column":4},"end":{"line":125,"column":39}},"25":{"start":{"line":126,"column":4},"end":{"line":126,"column":16}},"26":{"start":{"line":131,"column":4},"end":{"line":131,"column":49}},"27":{"start":{"line":132,"column":4},"end":{"line":132,"column":30}},"28":{"start":{"line":137,"column":24},"end":{"line":140,"column":6}},"29":{"start":{"line":141,"column":4},"end":{"line":141,"column":51}},"30":{"start":{"line":142,"column":4},"end":{"line":142,"column":23}},"31":{"start":{"line":147,"column":20},"end":{"line":154,"column":5}},"32":{"start":{"line":156,"column":4},"end":{"line":162,"column":5}},"33":{"start":{"line":157,"column":6},"end":{"line":161,"column":8}},"34":{"start":{"line":164,"column":4},"end":{"line":164,"column":35}},"35":{"start":{"line":169,"column":4},"end":{"line":169,"column":48}},"36":{"start":{"line":173,"column":4},"end":{"line":173,"column":40}},"37":{"start":{"line":177,"column":4},"end":{"line":177,"column":40}},"38":{"start":{"line":181,"column":4},"end":{"line":181,"column":41}},"39":{"start":{"line":188,"column":4},"end":{"line":197,"column":7}},"40":{"start":{"line":202,"column":4},"end":{"line":209,"column":14}},"41":{"start":{"line":214,"column":4},"end":{"line":222,"column":7}},"42":{"start":{"line":227,"column":4},"end":{"line":233,"column":14}},"43":{"start":{"line":238,"column":4},"end":{"line":245,"column":7}},"44":{"start":{"line":250,"column":4},"end":{"line":257,"column":14}},"45":{"start":{"line":262,"column":4},"end":{"line":270,"column":7}},"46":{"start":{"line":275,"column":4},"end":{"line":280,"column":14}},"47":{"start":{"line":285,"column":4},"end":{"line":293,"column":7}},"48":{"start":{"line":298,"column":4},"end":{"line":305,"column":7}},"49":{"start":{"line":310,"column":4},"end":{"line":316,"column":14}},"50":{"start":{"line":321,"column":0},"end":{"line":333,"column":1}},"51":{"start":{"line":322,"column":13},"end":{"line":322,"column":26}},"52":{"start":{"line":323,"column":15},"end":{"line":323,"column":30}},"53":{"start":{"line":325,"column":2},"end":{"line":332,"column":3}},"54":{"start":{"line":326,"column":20},"end":{"line":326,"column":52}},"55":{"start":{"line":327,"column":4},"end":{"line":329,"column":5}},"56":{"start":{"line":328,"column":6},"end":{"line":328,"column":49}},"57":{"start":{"line":331,"column":4},"end":{"line":331,"column":68}},"58":{"start":{"line":336,"column":0},"end":{"line":348,"column":2}},"59":{"start":{"line":341,"column":34},"end":{"line":341,"column":63}}},"fnMap":{"0":{"name":"generateCorrelationId","decl":{"start":{"line":18,"column":9},"end":{"line":18,"column":30}},"loc":{"start":{"line":18,"column":33},"end":{"line":20,"column":1}},"line":18},"1":{"name":"(anonymous_1)","decl":{"start":{"line":27,"column":24},"end":{"line":27,"column":25}},"loc":{"start":{"line":27,"column":99},"end":{"line":44,"column":3}},"line":27},"2":{"name":"(anonymous_2)","decl":{"start":{"line":59,"column":32},"end":{"line":59,"column":33}},"loc":{"start":{"line":59,"column":91},"end":{"line":64,"column":11}},"line":59},"3":{"name":"(anonymous_3)","decl":{"start":{"line":118,"column":2},"end":{"line":118,"column":3}},"loc":{"start":{"line":118,"column":35},"end":{"line":121,"column":3}},"line":118},"4":{"name":"(anonymous_4)","decl":{"start":{"line":124,"column":2},"end":{"line":124,"column":3}},"loc":{"start":{"line":124,"column":34},"end":{"line":127,"column":3}},"line":124},"5":{"name":"(anonymous_5)","decl":{"start":{"line":130,"column":2},"end":{"line":130,"column":3}},"loc":{"start":{"line":130,"column":26},"end":{"line":133,"column":3}},"line":130},"6":{"name":"(anonymous_6)","decl":{"start":{"line":136,"column":2},"end":{"line":136,"column":3}},"loc":{"start":{"line":136,"column":32},"end":{"line":143,"column":3}},"line":136},"7":{"name":"(anonymous_7)","decl":{"start":{"line":146,"column":2},"end":{"line":146,"column":3}},"loc":{"start":{"line":146,"column":51},"end":{"line":165,"column":3}},"line":146},"8":{"name":"(anonymous_8)","decl":{"start":{"line":168,"column":2},"end":{"line":168,"column":3}},"loc":{"start":{"line":168,"column":45},"end":{"line":170,"column":3}},"line":168},"9":{"name":"(anonymous_9)","decl":{"start":{"line":172,"column":2},"end":{"line":172,"column":3}},"loc":{"start":{"line":172,"column":30},"end":{"line":174,"column":3}},"line":172},"10":{"name":"(anonymous_10)","decl":{"start":{"line":176,"column":2},"end":{"line":176,"column":3}},"loc":{"start":{"line":176,"column":30},"end":{"line":178,"column":3}},"line":176},"11":{"name":"(anonymous_11)","decl":{"start":{"line":180,"column":2},"end":{"line":180,"column":3}},"loc":{"start":{"line":180,"column":31},"end":{"line":182,"column":3}},"line":180},"12":{"name":"(anonymous_12)","decl":{"start":{"line":187,"column":2},"end":{"line":187,"column":3}},"loc":{"start":{"line":187,"column":78},"end":{"line":198,"column":3}},"line":187},"13":{"name":"(anonymous_13)","decl":{"start":{"line":201,"column":2},"end":{"line":201,"column":3}},"loc":{"start":{"line":201,"column":61},"end":{"line":210,"column":3}},"line":201},"14":{"name":"(anonymous_14)","decl":{"start":{"line":213,"column":2},"end":{"line":213,"column":3}},"loc":{"start":{"line":213,"column":77},"end":{"line":223,"column":3}},"line":213},"15":{"name":"(anonymous_15)","decl":{"start":{"line":226,"column":2},"end":{"line":226,"column":3}},"loc":{"start":{"line":226,"column":49},"end":{"line":234,"column":3}},"line":226},"16":{"name":"(anonymous_16)","decl":{"start":{"line":237,"column":2},"end":{"line":237,"column":3}},"loc":{"start":{"line":237,"column":52},"end":{"line":246,"column":3}},"line":237},"17":{"name":"(anonymous_17)","decl":{"start":{"line":249,"column":2},"end":{"line":249,"column":3}},"loc":{"start":{"line":249,"column":73},"end":{"line":258,"column":3}},"line":249},"18":{"name":"(anonymous_18)","decl":{"start":{"line":261,"column":2},"end":{"line":261,"column":3}},"loc":{"start":{"line":261,"column":79},"end":{"line":271,"column":3}},"line":261},"19":{"name":"(anonymous_19)","decl":{"start":{"line":274,"column":2},"end":{"line":274,"column":3}},"loc":{"start":{"line":274,"column":46},"end":{"line":281,"column":3}},"line":274},"20":{"name":"(anonymous_20)","decl":{"start":{"line":284,"column":2},"end":{"line":284,"column":3}},"loc":{"start":{"line":284,"column":76},"end":{"line":294,"column":3}},"line":284},"21":{"name":"(anonymous_21)","decl":{"start":{"line":297,"column":2},"end":{"line":297,"column":3}},"loc":{"start":{"line":297,"column":49},"end":{"line":306,"column":3}},"line":297},"22":{"name":"(anonymous_22)","decl":{"start":{"line":309,"column":2},"end":{"line":309,"column":3}},"loc":{"start":{"line":309,"column":55},"end":{"line":317,"column":3}},"line":309},"23":{"name":"(anonymous_23)","decl":{"start":{"line":341,"column":16},"end":{"line":341,"column":17}},"loc":{"start":{"line":341,"column":34},"end":{"line":341,"column":63}},"line":341}},"branchMap":{"0":{"loc":{"start":{"line":13,"column":26},"end":{"line":13,"column":57}},"type":"binary-expr","locations":[{"start":{"line":13,"column":26},"end":{"line":13,"column":47}},{"start":{"line":13,"column":51},"end":{"line":13,"column":57}}],"line":13},"1":{"loc":{"start":{"line":32,"column":21},"end":{"line":32,"column":47}},"type":"binary-expr","locations":[{"start":{"line":32,"column":21},"end":{"line":32,"column":34}},{"start":{"line":32,"column":38},"end":{"line":32,"column":47}}],"line":32},"2":{"loc":{"start":{"line":34,"column":19},"end":{"line":34,"column":56}},"type":"binary-expr","locations":[{"start":{"line":34,"column":19},"end":{"line":34,"column":39}},{"start":{"line":34,"column":43},"end":{"line":34,"column":56}}],"line":34},"3":{"loc":{"start":{"line":35,"column":15},"end":{"line":35,"column":28}},"type":"binary-expr","locations":[{"start":{"line":35,"column":15},"end":{"line":35,"column":22}},{"start":{"line":35,"column":26},"end":{"line":35,"column":28}}],"line":35},"4":{"loc":{"start":{"line":39,"column":4},"end":{"line":41,"column":5}},"type":"if","locations":[{"start":{"line":39,"column":4},"end":{"line":41,"column":5}},{"start":{},"end":{}}],"line":39},"5":{"loc":{"start":{"line":48,"column":21},"end":{"line":48,"column":117}},"type":"binary-expr","locations":[{"start":{"line":48,"column":21},"end":{"line":48,"column":55}},{"start":{"line":48,"column":59},"end":{"line":48,"column":95}},{"start":{"line":48,"column":99},"end":{"line":48,"column":117}}],"line":48},"6":{"loc":{"start":{"line":55,"column":12},"end":{"line":66,"column":24}},"type":"cond-expr","locations":[{"start":{"line":56,"column":8},"end":{"line":65,"column":9}},{"start":{"line":66,"column":8},"end":{"line":66,"column":24}}],"line":55},"7":{"loc":{"start":{"line":60,"column":31},"end":{"line":62,"column":18}},"type":"cond-expr","locations":[{"start":{"line":61,"column":16},"end":{"line":61,"column":47}},{"start":{"line":62,"column":16},"end":{"line":62,"column":18}}],"line":60},"8":{"loc":{"start":{"line":60,"column":31},"end":{"line":60,"column":73}},"type":"binary-expr","locations":[{"start":{"line":60,"column":31},"end":{"line":60,"column":38}},{"start":{"line":60,"column":42},"end":{"line":60,"column":73}}],"line":60},"9":{"loc":{"start":{"line":63,"column":46},"end":{"line":63,"column":70}},"type":"binary-expr","locations":[{"start":{"line":63,"column":46},"end":{"line":63,"column":59}},{"start":{"line":63,"column":63},"end":{"line":63,"column":70}}],"line":63},"10":{"loc":{"start":{"line":71,"column":0},"end":{"line":88,"column":1}},"type":"if","locations":[{"start":{"line":71,"column":0},"end":{"line":88,"column":1}},{"start":{},"end":{}}],"line":71},"11":{"loc":{"start":{"line":91,"column":0},"end":{"line":105,"column":1}},"type":"if","locations":[{"start":{"line":91,"column":0},"end":{"line":105,"column":1}},{"start":{},"end":{}}],"line":91},"12":{"loc":{"start":{"line":91,"column":4},"end":{"line":91,"column":58}},"type":"binary-expr","locations":[{"start":{"line":91,"column":4},"end":{"line":91,"column":28}},{"start":{"line":91,"column":32},"end":{"line":91,"column":58}}],"line":91},"13":{"loc":{"start":{"line":96,"column":12},"end":{"line":96,"column":57}},"type":"binary-expr","locations":[{"start":{"line":96,"column":12},"end":{"line":96,"column":50}},{"start":{"line":96,"column":54},"end":{"line":96,"column":57}}],"line":96},"14":{"loc":{"start":{"line":118,"column":14},"end":{"line":118,"column":33}},"type":"default-arg","locations":[{"start":{"line":118,"column":31},"end":{"line":118,"column":33}}],"line":118},"15":{"loc":{"start":{"line":136,"column":8},"end":{"line":136,"column":30}},"type":"default-arg","locations":[{"start":{"line":136,"column":28},"end":{"line":136,"column":30}}],"line":136},"16":{"loc":{"start":{"line":146,"column":23},"end":{"line":146,"column":35}},"type":"default-arg","locations":[{"start":{"line":146,"column":33},"end":{"line":146,"column":35}}],"line":146},"17":{"loc":{"start":{"line":146,"column":37},"end":{"line":146,"column":49}},"type":"default-arg","locations":[{"start":{"line":146,"column":45},"end":{"line":146,"column":49}}],"line":146},"18":{"loc":{"start":{"line":149,"column":21},"end":{"line":149,"column":66}},"type":"binary-expr","locations":[{"start":{"line":149,"column":21},"end":{"line":149,"column":39}},{"start":{"line":149,"column":43},"end":{"line":149,"column":66}}],"line":149},"19":{"loc":{"start":{"line":156,"column":4},"end":{"line":162,"column":5}},"type":"if","locations":[{"start":{"line":156,"column":4},"end":{"line":162,"column":5}},{"start":{},"end":{}}],"line":156},"20":{"loc":{"start":{"line":168,"column":17},"end":{"line":168,"column":29}},"type":"default-arg","locations":[{"start":{"line":168,"column":27},"end":{"line":168,"column":29}}],"line":168},"21":{"loc":{"start":{"line":168,"column":31},"end":{"line":168,"column":43}},"type":"default-arg","locations":[{"start":{"line":168,"column":39},"end":{"line":168,"column":43}}],"line":168},"22":{"loc":{"start":{"line":172,"column":16},"end":{"line":172,"column":28}},"type":"default-arg","locations":[{"start":{"line":172,"column":26},"end":{"line":172,"column":28}}],"line":172},"23":{"loc":{"start":{"line":176,"column":16},"end":{"line":176,"column":28}},"type":"default-arg","locations":[{"start":{"line":176,"column":26},"end":{"line":176,"column":28}}],"line":176},"24":{"loc":{"start":{"line":180,"column":17},"end":{"line":180,"column":29}},"type":"default-arg","locations":[{"start":{"line":180,"column":27},"end":{"line":180,"column":29}}],"line":180},"25":{"loc":{"start":{"line":187,"column":49},"end":{"line":187,"column":62}},"type":"default-arg","locations":[{"start":{"line":187,"column":58},"end":{"line":187,"column":62}}],"line":187},"26":{"loc":{"start":{"line":187,"column":64},"end":{"line":187,"column":76}},"type":"default-arg","locations":[{"start":{"line":187,"column":74},"end":{"line":187,"column":76}}],"line":187},"27":{"loc":{"start":{"line":201,"column":32},"end":{"line":201,"column":45}},"type":"default-arg","locations":[{"start":{"line":201,"column":41},"end":{"line":201,"column":45}}],"line":201},"28":{"loc":{"start":{"line":201,"column":47},"end":{"line":201,"column":59}},"type":"default-arg","locations":[{"start":{"line":201,"column":57},"end":{"line":201,"column":59}}],"line":201},"29":{"loc":{"start":{"line":213,"column":42},"end":{"line":213,"column":61}},"type":"default-arg","locations":[{"start":{"line":213,"column":57},"end":{"line":213,"column":61}}],"line":213},"30":{"loc":{"start":{"line":213,"column":63},"end":{"line":213,"column":75}},"type":"default-arg","locations":[{"start":{"line":213,"column":73},"end":{"line":213,"column":75}}],"line":213},"31":{"loc":{"start":{"line":226,"column":35},"end":{"line":226,"column":47}},"type":"default-arg","locations":[{"start":{"line":226,"column":45},"end":{"line":226,"column":47}}],"line":226},"32":{"loc":{"start":{"line":237,"column":38},"end":{"line":237,"column":50}},"type":"default-arg","locations":[{"start":{"line":237,"column":48},"end":{"line":237,"column":50}}],"line":237},"33":{"loc":{"start":{"line":249,"column":29},"end":{"line":249,"column":42}},"type":"default-arg","locations":[{"start":{"line":249,"column":38},"end":{"line":249,"column":42}}],"line":249},"34":{"loc":{"start":{"line":249,"column":44},"end":{"line":249,"column":57}},"type":"default-arg","locations":[{"start":{"line":249,"column":53},"end":{"line":249,"column":57}}],"line":249},"35":{"loc":{"start":{"line":249,"column":59},"end":{"line":249,"column":71}},"type":"default-arg","locations":[{"start":{"line":249,"column":69},"end":{"line":249,"column":71}}],"line":249},"36":{"loc":{"start":{"line":261,"column":46},"end":{"line":261,"column":63}},"type":"default-arg","locations":[{"start":{"line":261,"column":59},"end":{"line":261,"column":63}}],"line":261},"37":{"loc":{"start":{"line":261,"column":65},"end":{"line":261,"column":77}},"type":"default-arg","locations":[{"start":{"line":261,"column":75},"end":{"line":261,"column":77}}],"line":261},"38":{"loc":{"start":{"line":274,"column":32},"end":{"line":274,"column":44}},"type":"default-arg","locations":[{"start":{"line":274,"column":42},"end":{"line":274,"column":44}}],"line":274},"39":{"loc":{"start":{"line":284,"column":33},"end":{"line":284,"column":43}},"type":"default-arg","locations":[{"start":{"line":284,"column":39},"end":{"line":284,"column":43}}],"line":284},"40":{"loc":{"start":{"line":284,"column":45},"end":{"line":284,"column":60}},"type":"default-arg","locations":[{"start":{"line":284,"column":56},"end":{"line":284,"column":60}}],"line":284},"41":{"loc":{"start":{"line":284,"column":62},"end":{"line":284,"column":74}},"type":"default-arg","locations":[{"start":{"line":284,"column":72},"end":{"line":284,"column":74}}],"line":284},"42":{"loc":{"start":{"line":297,"column":35},"end":{"line":297,"column":47}},"type":"default-arg","locations":[{"start":{"line":297,"column":45},"end":{"line":297,"column":47}}],"line":297},"43":{"loc":{"start":{"line":309,"column":26},"end":{"line":309,"column":39}},"type":"default-arg","locations":[{"start":{"line":309,"column":35},"end":{"line":309,"column":39}}],"line":309},"44":{"loc":{"start":{"line":309,"column":41},"end":{"line":309,"column":53}},"type":"default-arg","locations":[{"start":{"line":309,"column":51},"end":{"line":309,"column":53}}],"line":309},"45":{"loc":{"start":{"line":321,"column":0},"end":{"line":333,"column":1}},"type":"if","locations":[{"start":{"line":321,"column":0},"end":{"line":333,"column":1}},{"start":{},"end":{}}],"line":321},"46":{"loc":{"start":{"line":327,"column":4},"end":{"line":329,"column":5}},"type":"if","locations":[{"start":{"line":327,"column":4},"end":{"line":329,"column":5}},{"start":{},"end":{}}],"line":327},"47":{"loc":{"start":{"line":341,"column":17},"end":{"line":341,"column":29}},"type":"default-arg","locations":[{"start":{"line":341,"column":27},"end":{"line":341,"column":29}}],"line":341}},"s":{"0":4,"1":4,"2":4,"3":4,"4":4,"5":4,"6":0,"7":4,"8":0,"9":0,"10":0,"11":0,"12":4,"13":4,"14":0,"15":0,"16":4,"17":4,"18":4,"19":0,"20":0,"21":4,"22":8,"23":8,"24":0,"25":0,"26":0,"27":0,"28":0,"29":0,"30":0,"31":0,"32":0,"33":0,"34":0,"35":0,"36":0,"37":0,"38":0,"39":0,"40":0,"41":0,"42":0,"43":0,"44":0,"45":0,"46":0,"47":0,"48":0,"49":0,"50":4,"51":4,"52":4,"53":4,"54":4,"55":4,"56":0,"57":0,"58":4,"59":4},"f":{"0":0,"1":0,"2":0,"3":8,"4":0,"5":0,"6":0,"7":0,"8":0,"9":0,"10":0,"11":0,"12":0,"13":0,"14":0,"15":0,"16":0,"17":0,"18":0,"19":0,"20":0,"21":0,"22":0,"23":4},"b":{"0":[4,4],"1":[0,0],"2":[0,0],"3":[0,0],"4":[0,0],"5":[4,4,4],"6":[0,4],"7":[0,0],"8":[0,0],"9":[0,0],"10":[4,0],"11":[0,4],"12":[4,0],"13":[0,0],"14":[4],"15":[0],"16":[0],"17":[0],"18":[0,0],"19":[0,0],"20":[0],"21":[0],"22":[0],"23":[0],"24":[0],"25":[0],"26":[0],"27":[0],"28":[0],"29":[0],"30":[0],"31":[0],"32":[0],"33":[0],"34":[0],"35":[0],"36":[0],"37":[0],"38":[0],"39":[0],"40":[0],"41":[0],"42":[0],"43":[0],"44":[0],"45":[4,0],"46":[0,4],"47":[0]},"_coverageSchema":"1a1c01bbd47fc00a2c39e90264f33305004495a9","hash":"502afa5aad809347e7c36904d3b477dcf20875a4"}
}
