TN:
SF:bot/functions/analyses-history.js
FN:16,validateTelegramData
FN:30,(anonymous_1)
FN:48,(anonymous_2)
FN:58,(anonymous_3)
FNF:4
FNH:0
FNDA:0,validateTelegramData
FNDA:0,(anonymous_1)
FNDA:0,(anonymous_2)
FNDA:0,(anonymous_3)
DA:3,0
DA:4,0
DA:5,0
DA:6,0
DA:8,0
DA:9,0
DA:10,0
DA:11,0
DA:12,0
DA:13,0
DA:17,0
DA:18,0
DA:19,0
DA:21,0
DA:22,0
DA:23,0
DA:24,0
DA:25,0
DA:27,0
DA:28,0
DA:29,0
DA:30,0
DA:31,0
DA:32,0
DA:33,0
DA:34,0
DA:35,0
DA:36,0
DA:37,0
DA:38,0
DA:39,0
DA:40,0
DA:41,0
DA:42,0
DA:43,0
DA:44,0
DA:48,0
DA:49,0
DA:50,0
DA:51,0
DA:58,0
DA:59,0
DA:60,0
DA:61,0
DA:62,0
DA:70,0
DA:71,0
DA:72,0
DA:76,0
DA:77,0
DA:78,0
DA:82,0
DA:83,0
DA:84,0
DA:88,0
DA:89,0
DA:91,0
DA:92,0
DA:93,0
DA:95,0
DA:97,0
DA:98,0
DA:100,0
DA:101,0
DA:102,0
DA:104,0
DA:105,0
DA:107,0
DA:109,0
DA:110,0
DA:112,0
DA:113,0
DA:114,0
DA:115,0
DA:116,0
DA:119,0
DA:120,0
DA:122,0
DA:124,0
DA:126,0
DA:127,0
DA:128,0
DA:129,0
DA:130,0
DA:131,0
DA:132,0
DA:133,0
DA:135,0
DA:138,0
DA:139,0
DA:143,0
DA:144,0
DA:148,0
DA:149,0
DA:150,0
DA:154,0
DA:156,0
DA:158,0
DA:159,0
DA:160,0
DA:167,0
DA:168,0
DA:170,0
DA:175,0
DA:177,0
DA:178,0
DA:179,0
DA:180,0
DA:187,0
DA:188,0
DA:189,0
DA:196,0
DA:197,0
DA:199,0
DA:203,0
DA:204,0
DA:211,0
DA:212,0
LF:118
LH:0
BRDA:17,0,0,0
BRDA:17,0,1,0
BRDA:17,1,0,0
BRDA:17,1,1,0
BRDA:23,2,0,0
BRDA:23,2,1,0
BRDA:35,3,0,0
BRDA:35,3,1,0
BRDA:37,4,0,0
BRDA:37,4,1,0
BRDA:40,5,0,0
BRDA:40,5,1,0
BRDA:40,6,0,0
BRDA:40,6,1,0
BRDA:49,7,0,0
BRDA:49,7,1,0
BRDA:49,8,0,0
BRDA:49,8,1,0
BRDA:49,9,0,0
BRDA:49,9,1,0
BRDA:61,10,0,0
BRDA:61,10,1,0
BRDA:63,11,0,0
BRDA:63,11,1,0
BRDA:63,12,0,0
BRDA:63,12,1,0
BRDA:70,13,0,0
BRDA:70,13,1,0
BRDA:76,14,0,0
BRDA:76,14,1,0
BRDA:82,15,0,0
BRDA:82,15,1,0
BRDA:82,16,0,0
BRDA:82,16,1,0
BRDA:82,16,2,0
BRDA:82,16,3,0
BRDA:82,16,4,0
BRDA:82,16,5,0
BRDA:93,17,0,0
BRDA:93,17,1,0
BRDA:95,18,0,0
BRDA:95,18,1,0
BRDA:100,19,0,0
BRDA:100,19,1,0
BRDA:100,20,0,0
BRDA:100,20,1,0
BRDA:100,20,2,0
BRDA:101,21,0,0
BRDA:101,21,1,0
BRDA:107,22,0,0
BRDA:107,22,1,0
BRDA:107,23,0,0
BRDA:107,23,1,0
BRDA:122,24,0,0
BRDA:122,24,1,0
BRDA:128,25,0,0
BRDA:128,25,1,0
BRDA:154,26,0,0
BRDA:154,26,1,0
BRDA:156,27,0,0
BRDA:156,27,1,0
BRDA:159,28,0,0
BRDA:159,28,1,0
BRDA:167,29,0,0
BRDA:167,29,1,0
BRDA:168,30,0,0
BRDA:168,30,1,0
BRDA:178,31,0,0
BRDA:178,31,1,0
BRDA:188,32,0,0
BRDA:188,32,1,0
BRDA:196,33,0,0
BRDA:196,33,1,0
BRDA:197,34,0,0
BRDA:197,34,1,0
BRDA:203,35,0,0
BRDA:203,35,1,0
BRDA:207,36,0,0
BRDA:207,36,1,0
BRF:79
BRH:0
end_of_record
TN:
SF:bot/functions/analysis-feedback.js
FN:16,validateTelegramData
FN:24,(anonymous_1)
FN:37,(anonymous_2)
FNF:3
FNH:0
FNDA:0,validateTelegramData
FNDA:0,(anonymous_1)
FNDA:0,(anonymous_2)
DA:4,0
DA:5,0
DA:6,0
DA:7,0
DA:9,0
DA:10,0
DA:11,0
DA:12,0
DA:13,0
DA:14,0
DA:17,0
DA:18,0
DA:19,0
DA:20,0
DA:21,0
DA:22,0
DA:23,0
DA:24,0
DA:25,0
DA:26,0
DA:27,0
DA:28,0
DA:29,0
DA:30,0
DA:31,0
DA:32,0
DA:33,0
DA:34,0
DA:37,0
DA:38,0
DA:39,0
DA:40,0
DA:47,0
DA:48,0
DA:50,0
DA:51,0
DA:54,0
DA:55,0
DA:59,0
DA:60,0
DA:61,0
DA:62,0
DA:63,0
DA:65,0
DA:66,0
DA:67,0
DA:68,0
DA:70,0
DA:71,0
DA:72,0
DA:73,0
DA:74,0
DA:75,0
DA:77,0
DA:79,0
DA:80,0
DA:81,0
DA:82,0
DA:83,0
DA:84,0
DA:86,0
DA:89,0
DA:94,0
DA:95,0
DA:96,0
DA:97,0
DA:98,0
DA:101,0
DA:102,0
DA:104,0
DA:105,0
DA:106,0
DA:107,0
DA:111,0
DA:119,0
DA:120,0
DA:121,0
DA:122,0
DA:125,0
DA:131,0
DA:133,0
DA:134,0
DA:135,0
DA:140,0
DA:142,0
DA:146,0
DA:148,0
DA:150,0
LF:88
LH:0
BRDA:17,0,0,0
BRDA:17,0,1,0
BRDA:17,1,0,0
BRDA:17,1,1,0
BRDA:20,2,0,0
BRDA:20,2,1,0
BRDA:28,3,0,0
BRDA:28,3,1,0
BRDA:31,4,0,0
BRDA:31,4,1,0
BRDA:39,5,0,0
BRDA:39,5,1,0
BRDA:41,6,0,0
BRDA:41,6,1,0
BRDA:41,7,0,0
BRDA:41,7,1,0
BRDA:47,8,0,0
BRDA:47,8,1,0
BRDA:50,9,0,0
BRDA:50,9,1,0
BRDA:54,10,0,0
BRDA:54,10,1,0
BRDA:54,11,0,0
BRDA:54,11,1,0
BRDA:54,11,2,0
BRDA:54,11,3,0
BRDA:61,12,0,0
BRDA:61,12,1,0
BRDA:65,13,0,0
BRDA:65,13,1,0
BRDA:67,14,0,0
BRDA:67,14,1,0
BRDA:67,15,0,0
BRDA:67,15,1,0
BRDA:71,16,0,0
BRDA:71,16,1,0
BRDA:71,17,0,0
BRDA:71,17,1,0
BRDA:79,18,0,0
BRDA:79,18,1,0
BRDA:81,19,0,0
BRDA:81,19,1,0
BRDA:94,20,0,0
BRDA:94,20,1,0
BRDA:97,21,0,0
BRDA:97,21,1,0
BRDA:97,22,0,0
BRDA:97,22,1,0
BRDA:104,23,0,0
BRDA:104,23,1,0
BRDA:106,24,0,0
BRDA:106,24,1,0
BRDA:106,25,0,0
BRDA:106,25,1,0
BRDA:119,26,0,0
BRDA:119,26,1,0
BRDA:120,27,0,0
BRDA:120,27,1,0
BRDA:121,28,0,0
BRDA:121,28,1,0
BRDA:121,28,2,0
BRDA:122,29,0,0
BRDA:122,29,1,0
BRDA:131,30,0,0
BRDA:131,30,1,0
BRDA:131,31,0,0
BRDA:131,31,1,0
BRDA:131,32,0,0
BRDA:131,32,1,0
BRDA:134,33,0,0
BRDA:134,33,1,0
BRDA:140,34,0,0
BRDA:140,34,1,0
BRF:73
BRH:0
end_of_record
TN:
SF:bot/functions/analysis.js
FN:16,validateTelegramData
FN:23,(anonymous_1)
FN:31,(anonymous_2)
FNF:3
FNH:0
FNDA:0,validateTelegramData
FNDA:0,(anonymous_1)
FNDA:0,(anonymous_2)
DA:4,0
DA:5,0
DA:6,0
DA:7,0
DA:9,0
DA:10,0
DA:11,0
DA:12,0
DA:13,0
DA:14,0
DA:17,0
DA:18,0
DA:19,0
DA:20,0
DA:21,0
DA:22,0
DA:23,0
DA:24,0
DA:25,0
DA:26,0
DA:27,0
DA:28,0
DA:31,0
DA:32,0
DA:33,0
DA:34,0
DA:41,0
DA:42,0
DA:43,0
DA:46,0
DA:47,0
DA:48,0
DA:49,0
DA:50,0
DA:51,0
DA:52,0
DA:53,0
DA:54,0
DA:55,0
DA:56,0
DA:57,0
DA:58,0
DA:61,0
DA:62,0
DA:63,0
DA:64,0
DA:66,0
DA:67,0
DA:68,0
DA:69,0
DA:70,0
DA:71,0
DA:74,0
DA:81,0
DA:83,0
DA:84,0
DA:86,0
LF:57
LH:0
BRDA:17,0,0,0
BRDA:17,0,1,0
BRDA:17,1,0,0
BRDA:17,1,1,0
BRDA:20,2,0,0
BRDA:20,2,1,0
BRDA:27,3,0,0
BRDA:27,3,1,0
BRDA:28,4,0,0
BRDA:28,4,1,0
BRDA:33,5,0,0
BRDA:33,5,1,0
BRDA:35,6,0,0
BRDA:35,6,1,0
BRDA:35,7,0,0
BRDA:35,7,1,0
BRDA:41,8,0,0
BRDA:41,8,1,0
BRDA:42,9,0,0
BRDA:42,9,1,0
BRDA:43,10,0,0
BRDA:43,10,1,0
BRDA:43,11,0,0
BRDA:43,11,1,0
BRDA:43,11,2,0
BRDA:43,11,3,0
BRDA:48,12,0,0
BRDA:48,12,1,0
BRDA:50,13,0,0
BRDA:50,13,1,0
BRDA:52,14,0,0
BRDA:52,14,1,0
BRDA:52,15,0,0
BRDA:52,15,1,0
BRDA:54,16,0,0
BRDA:54,16,1,0
BRDA:54,17,0,0
BRDA:54,17,1,0
BRDA:56,18,0,0
BRDA:56,18,1,0
BRDA:57,19,0,0
BRDA:57,19,1,0
BRDA:62,20,0,0
BRDA:62,20,1,0
BRDA:64,21,0,0
BRDA:64,21,1,0
BRDA:68,22,0,0
BRDA:68,22,1,0
BRDA:70,23,0,0
BRDA:70,23,1,0
BRDA:70,24,0,0
BRDA:70,24,1,0
BRDA:81,25,0,0
BRDA:81,25,1,0
BRF:54
BRH:0
end_of_record
TN:
SF:bot/functions/analyze-dream-background.js
FN:14,sendTelegramMessage
FN:20,(anonymous_1)
FN:25,deleteTelegramMessage
FN:28,(anonymous_3)
FN:31,parseAnalysisWithMeta
FN:41,(anonymous_5)
FN:59,embed
FN:68,truncateDream
FN:76,(anonymous_8)
FN:155,(anonymous_9)
FN:177,(anonymous_10)
FN:178,(anonymous_11)
FN:182,(anonymous_12)
FN:183,(anonymous_13)
FNF:14
FNH:0
FNDA:0,sendTelegramMessage
FNDA:0,(anonymous_1)
FNDA:0,deleteTelegramMessage
FNDA:0,(anonymous_3)
FNDA:0,parseAnalysisWithMeta
FNDA:0,(anonymous_5)
FNDA:0,embed
FNDA:0,truncateDream
FNDA:0,(anonymous_8)
FNDA:0,(anonymous_9)
FNDA:0,(anonymous_10)
FNDA:0,(anonymous_11)
FNDA:0,(anonymous_12)
FNDA:0,(anonymous_13)
DA:3,0
DA:4,0
DA:5,0
DA:6,0
DA:7,0
DA:9,0
DA:10,0
DA:11,0
DA:12,0
DA:15,0
DA:16,0
DA:17,0
DA:18,0
DA:19,0
DA:20,0
DA:21,0
DA:26,0
DA:27,0
DA:28,0
DA:32,0
DA:33,0
DA:34,0
DA:35,0
DA:36,0
DA:37,0
DA:38,0
DA:39,0
DA:40,0
DA:41,0
DA:42,0
DA:43,0
DA:45,0
DA:46,0
DA:47,0
DA:48,0
DA:50,0
DA:52,0
DA:53,0
DA:54,0
DA:55,0
DA:56,0
DA:60,0
DA:61,0
DA:63,0
DA:64,0
DA:69,0
DA:70,0
DA:71,0
DA:72,0
DA:73,0
DA:76,0
DA:77,0
DA:78,0
DA:80,0
DA:81,0
DA:82,0
DA:83,0
DA:86,0
DA:87,0
DA:88,0
DA:91,0
DA:94,0
DA:95,0
DA:100,0
DA:101,0
DA:103,0
DA:104,0
DA:107,0
DA:108,0
DA:109,0
DA:110,0
DA:111,0
DA:112,0
DA:113,0
DA:118,0
DA:119,0
DA:120,0
DA:121,0
DA:122,0
DA:123,0
DA:124,0
DA:125,0
DA:127,0
DA:128,0
DA:129,0
DA:130,0
DA:131,0
DA:136,0
DA:137,0
DA:138,0
DA:139,0
DA:140,0
DA:144,0
DA:145,0
DA:146,0
DA:147,0
DA:148,0
DA:149,0
DA:150,0
DA:151,0
DA:152,0
DA:153,0
DA:154,0
DA:155,0
DA:156,0
DA:159,0
DA:163,0
DA:164,0
DA:166,0
DA:167,0
DA:168,0
DA:169,0
DA:170,0
DA:173,0
DA:175,0
DA:176,0
DA:177,0
DA:178,0
DA:179,0
DA:180,0
DA:181,0
DA:182,0
DA:183,0
DA:185,0
DA:188,0
DA:189,0
DA:190,0
DA:191,0
DA:196,0
DA:197,0
DA:198,0
DA:199,0
DA:200,0
DA:203,0
DA:204,0
DA:210,0
DA:213,0
DA:214,0
DA:215,0
DA:218,0
DA:219,0
DA:221,0
DA:224,0
DA:226,0
DA:228,0
DA:229,0
DA:230,0
DA:231,0
DA:232,0
DA:233,0
DA:234,0
DA:236,0
LF:152
LH:0
BRDA:12,0,0,0
BRDA:12,0,1,0
BRDA:12,0,2,0
BRDA:17,1,0,0
BRDA:17,1,1,0
BRDA:19,2,0,0
BRDA:19,2,1,0
BRDA:33,3,0,0
BRDA:33,3,1,0
BRDA:33,4,0,0
BRDA:33,4,1,0
BRDA:38,5,0,0
BRDA:38,5,1,0
BRDA:39,6,0,0
BRDA:39,6,1,0
BRDA:39,7,0,0
BRDA:39,7,1,0
BRDA:45,8,0,0
BRDA:45,8,1,0
BRDA:45,9,0,0
BRDA:45,9,1,0
BRDA:50,10,0,0
BRDA:50,10,1,0
BRDA:50,11,0,0
BRDA:50,11,1,0
BRDA:53,12,0,0
BRDA:53,12,1,0
BRDA:54,13,0,0
BRDA:54,13,1,0
BRDA:54,14,0,0
BRDA:54,14,1,0
BRDA:68,15,0,0
BRDA:70,16,0,0
BRDA:70,16,1,0
BRDA:71,17,0,0
BRDA:71,17,1,0
BRDA:77,18,0,0
BRDA:77,18,1,0
BRDA:77,19,0,0
BRDA:77,19,1,0
BRDA:81,20,0,0
BRDA:81,20,1,0
BRDA:81,21,0,0
BRDA:81,21,1,0
BRDA:81,21,2,0
BRDA:86,22,0,0
BRDA:86,22,1,0
BRDA:87,23,0,0
BRDA:87,23,1,0
BRDA:87,24,0,0
BRDA:87,24,1,0
BRDA:87,24,2,0
BRDA:87,24,3,0
BRDA:100,25,0,0
BRDA:100,25,1,0
BRDA:100,26,0,0
BRDA:100,26,1,0
BRDA:103,27,0,0
BRDA:103,27,1,0
BRDA:104,28,0,0
BRDA:104,28,1,0
BRDA:107,29,0,0
BRDA:107,29,1,0
BRDA:107,30,0,0
BRDA:107,30,1,0
BRDA:108,31,0,0
BRDA:108,31,1,0
BRDA:109,32,0,0
BRDA:109,32,1,0
BRDA:118,33,0,0
BRDA:118,33,1,0
BRDA:118,34,0,0
BRDA:118,34,1,0
BRDA:122,35,0,0
BRDA:122,35,1,0
BRDA:127,36,0,0
BRDA:127,36,1,0
BRDA:128,37,0,0
BRDA:128,37,1,0
BRDA:137,38,0,0
BRDA:137,38,1,0
BRDA:148,39,0,0
BRDA:148,39,1,0
BRDA:150,40,0,0
BRDA:150,40,1,0
BRDA:151,41,0,0
BRDA:151,41,1,0
BRDA:154,42,0,0
BRDA:154,42,1,0
BRDA:155,43,0,0
BRDA:155,43,1,0
BRDA:155,44,0,0
BRDA:155,44,1,0
BRDA:167,45,0,0
BRDA:167,45,1,0
BRDA:176,46,0,0
BRDA:176,46,1,0
BRDA:177,47,0,0
BRDA:177,47,1,0
BRDA:179,48,0,0
BRDA:179,48,1,0
BRDA:181,49,0,0
BRDA:181,49,1,0
BRDA:182,50,0,0
BRDA:182,50,1,0
BRDA:185,51,0,0
BRDA:185,51,1,0
BRDA:207,52,0,0
BRDA:207,52,1,0
BRDA:207,52,2,0
BRDA:208,53,0,0
BRDA:208,53,1,0
BRDA:208,54,0,0
BRDA:208,54,1,0
BRDA:208,55,0,0
BRDA:208,55,1,0
BRDA:208,56,0,0
BRDA:208,56,1,0
BRDA:219,57,0,0
BRDA:219,57,1,0
BRDA:230,58,0,0
BRDA:230,58,1,0
BRDA:232,59,0,0
BRDA:232,59,1,0
BRF:124
BRH:0
end_of_record
TN:
SF:bot/functions/analyze-dream.js
FN:19,getGeminiAnalysisRaw
FN:31,ensureKnowledgeBase
FN:35,(anonymous_2)
FN:56,retrieveKnowledgeContext
FN:77,buildContextAugmentedDreamText
FN:84,(anonymous_5)
FN:94,parseAnalysisWithMeta
FN:106,(anonymous_7)
FN:132,extractFallbackTags
FN:142,(anonymous_9)
FN:142,(anonymous_10)
FN:148,handleAnalyzeDream
FN:237,(anonymous_12)
FN:238,(anonymous_13)
FN:246,(anonymous_14)
FN:247,(anonymous_15)
FNF:16
FNH:0
FNDA:0,getGeminiAnalysisRaw
FNDA:0,ensureKnowledgeBase
FNDA:0,(anonymous_2)
FNDA:0,retrieveKnowledgeContext
FNDA:0,buildContextAugmentedDreamText
FNDA:0,(anonymous_5)
FNDA:0,parseAnalysisWithMeta
FNDA:0,(anonymous_7)
FNDA:0,extractFallbackTags
FNDA:0,(anonymous_9)
FNDA:0,(anonymous_10)
FNDA:0,handleAnalyzeDream
FNDA:0,(anonymous_12)
FNDA:0,(anonymous_13)
FNDA:0,(anonymous_14)
FNDA:0,(anonymous_15)
DA:1,4
DA:2,4
DA:3,4
DA:4,4
DA:5,4
DA:6,4
DA:7,4
DA:8,4
DA:9,4
DA:11,4
DA:12,4
DA:13,4
DA:14,4
DA:15,4
DA:16,4
DA:20,0
DA:21,0
DA:23,0
DA:24,0
DA:28,4
DA:29,4
DA:32,0
DA:33,0
DA:35,0
DA:36,0
DA:37,0
DA:40,0
DA:41,0
DA:42,0
DA:43,0
DA:46,0
DA:48,0
DA:49,0
DA:53,0
DA:57,0
DA:58,0
DA:59,0
DA:60,0
DA:66,0
DA:67,0
DA:68,0
DA:70,0
DA:72,0
DA:73,0
DA:78,0
DA:79,0
DA:82,0
DA:85,0
DA:86,0
DA:87,0
DA:90,0
DA:95,0
DA:96,0
DA:97,0
DA:98,0
DA:99,0
DA:101,0
DA:102,0
DA:103,0
DA:104,0
DA:105,0
DA:106,0
DA:107,0
DA:108,0
DA:110,0
DA:111,0
DA:113,0
DA:114,0
DA:115,0
DA:118,0
DA:120,0
DA:121,0
DA:122,0
DA:123,0
DA:125,0
DA:127,0
DA:128,0
DA:133,0
DA:134,0
DA:135,0
DA:136,0
DA:137,0
DA:138,0
DA:139,0
DA:140,0
DA:142,0
DA:143,0
DA:144,0
DA:149,0
DA:152,0
DA:153,0
DA:154,0
DA:155,0
DA:158,0
DA:159,0
DA:160,0
DA:161,0
DA:162,0
DA:163,0
DA:165,0
DA:169,0
DA:170,0
DA:171,0
DA:172,0
DA:173,0
DA:174,0
DA:175,0
DA:176,0
DA:178,0
DA:181,0
DA:184,0
DA:189,0
DA:190,0
DA:191,0
DA:193,0
DA:195,0
DA:196,0
DA:200,0
DA:203,0
DA:204,0
DA:206,0
DA:207,0
DA:209,0
DA:211,0
DA:212,0
DA:216,0
DA:218,0
DA:219,0
DA:221,0
DA:222,0
DA:227,0
DA:228,0
DA:229,0
DA:230,0
DA:231,0
DA:232,0
DA:233,0
DA:235,0
DA:236,0
DA:237,0
DA:238,0
DA:239,0
DA:240,0
DA:245,0
DA:246,0
DA:247,0
DA:249,0
DA:250,0
DA:254,0
DA:255,0
DA:260,0
DA:261,0
DA:263,0
DA:264,0
DA:265,0
DA:267,0
DA:271,0
DA:274,0
DA:275,0
DA:279,0
DA:291,0
DA:292,0
DA:295,0
DA:296,0
DA:301,0
DA:302,0
DA:310,0
DA:311,0
DA:314,0
DA:315,0
DA:319,0
DA:322,0
DA:332,4
LF:173
LH:18
BRDA:32,0,0,0
BRDA:32,0,1,0
BRDA:33,1,0,0
BRDA:33,1,1,0
BRDA:40,2,0,0
BRDA:40,2,1,0
BRDA:42,3,0,0
BRDA:42,3,1,0
BRDA:42,4,0,0
BRDA:42,4,1,0
BRDA:46,5,0,0
BRDA:46,5,1,0
BRDA:66,6,0,0
BRDA:66,6,1,0
BRDA:70,7,0,0
BRDA:70,7,1,0
BRDA:72,8,0,0
BRDA:72,8,1,0
BRDA:78,9,0,0
BRDA:78,9,1,0
BRDA:78,10,0,0
BRDA:78,10,1,0
BRDA:85,11,0,0
BRDA:85,11,1,0
BRDA:86,12,0,0
BRDA:86,12,1,0
BRDA:96,13,0,0
BRDA:96,13,1,0
BRDA:96,14,0,0
BRDA:96,14,1,0
BRDA:103,15,0,0
BRDA:103,15,1,0
BRDA:104,16,0,0
BRDA:104,16,1,0
BRDA:104,17,0,0
BRDA:104,17,1,0
BRDA:110,18,0,0
BRDA:110,18,1,0
BRDA:110,19,0,0
BRDA:110,19,1,0
BRDA:118,20,0,0
BRDA:118,20,1,0
BRDA:118,21,0,0
BRDA:118,21,1,0
BRDA:121,22,0,0
BRDA:121,22,1,0
BRDA:122,23,0,0
BRDA:122,23,1,0
BRDA:122,24,0,0
BRDA:122,24,1,0
BRDA:123,25,0,0
BRDA:123,25,1,0
BRDA:125,26,0,0
BRDA:125,26,1,0
BRDA:132,27,0,0
BRDA:134,28,0,0
BRDA:134,28,1,0
BRDA:139,29,0,0
BRDA:139,29,1,0
BRDA:139,30,0,0
BRDA:139,30,1,0
BRDA:140,31,0,0
BRDA:140,31,1,0
BRDA:153,32,0,0
BRDA:153,32,1,0
BRDA:158,33,0,0
BRDA:158,33,1,0
BRDA:158,34,0,0
BRDA:158,34,1,0
BRDA:169,35,0,0
BRDA:169,35,1,0
BRDA:172,36,0,0
BRDA:172,36,1,0
BRDA:195,37,0,0
BRDA:195,37,1,0
BRDA:195,38,0,0
BRDA:195,38,1,0
BRDA:203,39,0,0
BRDA:203,39,1,0
BRDA:203,40,0,0
BRDA:203,40,1,0
BRDA:206,41,0,0
BRDA:206,41,1,0
BRDA:206,42,0,0
BRDA:206,42,1,0
BRDA:211,43,0,0
BRDA:211,43,1,0
BRDA:218,44,0,0
BRDA:218,44,1,0
BRDA:221,45,0,0
BRDA:221,45,1,0
BRDA:236,46,0,0
BRDA:236,46,1,0
BRDA:237,47,0,0
BRDA:237,47,1,0
BRDA:239,48,0,0
BRDA:239,48,1,0
BRDA:245,49,0,0
BRDA:245,49,1,0
BRDA:246,50,0,0
BRDA:246,50,1,0
BRDA:249,51,0,0
BRDA:249,51,1,0
BRDA:267,52,0,0
BRDA:267,52,1,0
BRDA:274,53,0,0
BRDA:274,53,1,0
BRDA:275,54,0,0
BRDA:275,54,1,0
BRDA:275,55,0,0
BRDA:275,55,1,0
BRDA:277,56,0,0
BRDA:277,56,1,0
BRDA:283,57,0,0
BRDA:283,57,1,0
BRDA:287,58,0,0
BRDA:287,58,1,0
BRDA:288,59,0,0
BRDA:288,59,1,0
BRDA:291,60,0,0
BRDA:291,60,1,0
BRDA:301,61,0,0
BRDA:301,61,1,0
BRDA:301,62,0,0
BRDA:301,62,1,0
BRDA:314,63,0,0
BRDA:314,63,1,0
BRDA:323,64,0,0
BRDA:323,64,1,0
BRDA:324,65,0,0
BRDA:324,65,1,0
BRDA:325,66,0,0
BRDA:325,66,1,0
BRDA:326,67,0,0
BRDA:326,67,1,0
BRDA:327,68,0,0
BRDA:327,68,1,0
BRF:137
BRH:0
end_of_record
TN:
SF:bot/functions/beta-access-notifier.js
FN:10,sendTelegramMessage
FN:14,(anonymous_1)
FN:17,(anonymous_2)
FN:79,(anonymous_3)
FNF:4
FNH:0
FNDA:0,sendTelegramMessage
FNDA:0,(anonymous_1)
FNDA:0,(anonymous_2)
FNDA:0,(anonymous_3)
DA:3,0
DA:5,0
DA:6,0
DA:7,0
DA:8,0
DA:11,0
DA:12,0
DA:13,0
DA:14,0
DA:17,0
DA:18,0
DA:19,0
DA:20,0
DA:23,0
DA:24,0
DA:25,0
DA:26,0
DA:28,0
DA:29,0
DA:30,0
DA:31,0
DA:35,0
DA:36,0
DA:38,0
DA:45,0
DA:46,0
DA:49,0
DA:50,0
DA:52,0
DA:53,0
DA:58,0
DA:59,0
DA:60,0
DA:61,0
DA:62,0
DA:63,0
DA:64,0
DA:65,0
DA:66,0
DA:68,0
DA:69,0
DA:70,0
DA:71,0
DA:75,0
DA:76,0
DA:77,0
DA:78,0
DA:79,0
DA:80,0
DA:81,0
DA:82,0
DA:83,0
DA:84,0
DA:90,0
DA:91,0
DA:92,0
DA:94,0
DA:97,0
DA:99,0
LF:59
LH:0
BRDA:11,0,0,0
BRDA:11,0,1,0
BRDA:11,1,0,0
BRDA:11,1,1,0
BRDA:19,2,0,0
BRDA:19,2,1,0
BRDA:25,3,0,0
BRDA:25,3,1,0
BRDA:25,4,0,0
BRDA:25,4,1,0
BRDA:25,4,2,0
BRDA:28,5,0,0
BRDA:28,5,1,0
BRDA:28,6,0,0
BRDA:28,6,1,0
BRDA:29,7,0,0
BRDA:29,7,1,0
BRDA:30,8,0,0
BRDA:30,8,1,0
BRDA:45,9,0,0
BRDA:45,9,1,0
BRDA:49,10,0,0
BRDA:49,10,1,0
BRDA:58,11,0,0
BRDA:58,11,1,0
BRDA:58,12,0,0
BRDA:58,12,1,0
BRDA:58,12,2,0
BRDA:58,12,3,0
BRDA:59,13,0,0
BRDA:59,13,1,0
BRDA:62,14,0,0
BRDA:62,14,1,0
BRDA:68,15,0,0
BRDA:68,15,1,0
BRDA:75,16,0,0
BRDA:75,16,1,0
BRDA:75,16,2,0
BRDA:80,17,0,0
BRDA:80,17,1,0
BRDA:90,18,0,0
BRDA:90,18,1,0
BRDA:90,18,2,0
BRF:43
BRH:0
end_of_record
TN:
SF:bot/functions/beta-open-access.js
FN:11,sendTelegramMessage
FN:15,(anonymous_1)
FN:18,(anonymous_2)
FNF:3
FNH:0
FNDA:0,sendTelegramMessage
FNDA:0,(anonymous_1)
FNDA:0,(anonymous_2)
DA:4,0
DA:6,0
DA:7,0
DA:8,0
DA:9,0
DA:12,0
DA:13,0
DA:14,0
DA:15,0
DA:18,0
DA:19,0
DA:20,0
DA:21,0
DA:23,0
DA:24,0
DA:26,0
DA:27,0
DA:29,0
DA:30,0
DA:31,0
DA:32,0
DA:35,0
DA:36,0
DA:37,0
DA:38,0
DA:39,0
DA:41,0
DA:43,0
DA:48,0
DA:49,0
DA:52,0
DA:53,0
DA:54,0
DA:57,0
DA:61,0
DA:62,0
DA:65,0
DA:66,0
DA:67,0
DA:70,0
DA:72,0
LF:41
LH:0
BRDA:12,0,0,0
BRDA:12,0,1,0
BRDA:12,1,0,0
BRDA:12,1,1,0
BRDA:20,2,0,0
BRDA:20,2,1,0
BRDA:23,3,0,0
BRDA:23,3,1,0
BRDA:26,4,0,0
BRDA:26,4,1,0
BRDA:26,5,0,0
BRDA:26,5,1,0
BRDA:26,5,2,0
BRDA:29,6,0,0
BRDA:29,6,1,0
BRDA:30,7,0,0
BRDA:30,7,1,0
BRDA:31,8,0,0
BRDA:31,8,1,0
BRDA:35,9,0,0
BRDA:35,9,1,0
BRDA:37,10,0,0
BRDA:37,10,1,0
BRDA:39,11,0,0
BRDA:39,11,1,0
BRDA:48,12,0,0
BRDA:48,12,1,0
BRDA:48,13,0,0
BRDA:48,13,1,0
BRDA:52,14,0,0
BRDA:52,14,1,0
BRDA:53,15,0,0
BRDA:53,15,1,0
BRDA:61,16,0,0
BRDA:61,16,1,0
BRDA:65,17,0,0
BRDA:65,17,1,0
BRF:37
BRH:0
end_of_record
TN:
SF:bot/functions/beta-whitelist-processor.js
FN:11,sendTelegramMessage
FN:15,(anonymous_1)
FN:18,(anonymous_2)
FN:72,(anonymous_3)
FNF:4
FNH:0
FNDA:0,sendTelegramMessage
FNDA:0,(anonymous_1)
FNDA:0,(anonymous_2)
FNDA:0,(anonymous_3)
DA:4,0
DA:6,0
DA:7,0
DA:8,0
DA:9,0
DA:12,0
DA:13,0
DA:14,0
DA:15,0
DA:18,0
DA:19,0
DA:20,0
DA:21,0
DA:24,0
DA:25,0
DA:29,0
DA:30,0
DA:33,0
DA:34,0
DA:35,0
DA:36,0
DA:37,0
DA:38,0
DA:39,0
DA:41,0
DA:42,0
DA:43,0
DA:44,0
DA:47,0
DA:48,0
DA:49,0
DA:52,0
DA:53,0
DA:55,0
DA:60,0
DA:61,0
DA:62,0
DA:63,0
DA:64,0
DA:65,0
DA:66,0
DA:70,0
DA:71,0
DA:72,0
DA:73,0
DA:74,0
DA:75,0
DA:80,0
DA:82,0
DA:85,0
DA:88,0
DA:90,0
LF:52
LH:0
BRDA:9,0,0,0
BRDA:9,0,1,0
BRDA:12,1,0,0
BRDA:12,1,1,0
BRDA:12,2,0,0
BRDA:12,2,1,0
BRDA:20,3,0,0
BRDA:20,3,1,0
BRDA:20,4,0,0
BRDA:20,4,1,0
BRDA:20,4,2,0
BRDA:29,5,0,0
BRDA:29,5,1,0
BRDA:33,6,0,0
BRDA:33,6,1,0
BRDA:38,7,0,0
BRDA:38,7,1,0
BRDA:41,8,0,0
BRDA:41,8,1,0
BRDA:42,9,0,0
BRDA:42,9,1,0
BRDA:47,10,0,0
BRDA:47,10,1,0
BRDA:49,11,0,0
BRDA:49,11,1,0
BRDA:52,12,0,0
BRDA:52,12,1,0
BRDA:60,13,0,0
BRDA:60,13,1,0
BRDA:60,14,0,0
BRDA:60,14,1,0
BRDA:60,14,2,0
BRDA:60,14,3,0
BRDA:61,15,0,0
BRDA:61,15,1,0
BRDA:63,16,0,0
BRDA:63,16,1,0
BRDA:73,17,0,0
BRDA:73,17,1,0
BRDA:74,18,0,0
BRDA:74,18,1,0
BRF:41
BRH:0
end_of_record
TN:
SF:bot/functions/beta-whitelist-webhook.js
FN:10,sendTelegramMessage
FN:14,(anonymous_1)
FN:17,(anonymous_2)
FNF:3
FNH:0
FNDA:0,sendTelegramMessage
FNDA:0,(anonymous_1)
FNDA:0,(anonymous_2)
DA:3,0
DA:5,0
DA:6,0
DA:7,0
DA:8,0
DA:11,0
DA:12,0
DA:13,0
DA:14,0
DA:17,0
DA:18,0
DA:19,0
DA:20,0
DA:22,0
DA:23,0
DA:25,0
DA:26,0
DA:28,0
DA:29,0
DA:30,0
DA:31,0
DA:35,0
DA:36,0
DA:37,0
DA:38,0
DA:40,0
DA:42,0
DA:43,0
DA:46,0
DA:51,0
DA:52,0
DA:54,0
DA:55,0
DA:58,0
DA:59,0
DA:60,0
DA:62,0
DA:66,0
DA:67,0
DA:70,0
DA:71,0
DA:72,0
DA:75,0
DA:77,0
LF:44
LH:0
BRDA:11,0,0,0
BRDA:11,0,1,0
BRDA:11,1,0,0
BRDA:11,1,1,0
BRDA:19,2,0,0
BRDA:19,2,1,0
BRDA:22,3,0,0
BRDA:22,3,1,0
BRDA:25,4,0,0
BRDA:25,4,1,0
BRDA:25,5,0,0
BRDA:25,5,1,0
BRDA:25,5,2,0
BRDA:28,6,0,0
BRDA:28,6,1,0
BRDA:29,7,0,0
BRDA:29,7,1,0
BRDA:30,8,0,0
BRDA:30,8,1,0
BRDA:35,9,0,0
BRDA:35,9,1,0
BRDA:37,10,0,0
BRDA:37,10,1,0
BRDA:38,11,0,0
BRDA:38,11,1,0
BRDA:51,12,0,0
BRDA:51,12,1,0
BRDA:54,13,0,0
BRDA:54,13,1,0
BRDA:59,14,0,0
BRDA:59,14,1,0
BRDA:60,15,0,0
BRDA:60,15,1,0
BRDA:66,16,0,0
BRDA:66,16,1,0
BRDA:70,17,0,0
BRDA:70,17,1,0
BRDA:75,18,0,0
BRDA:75,18,1,0
BRF:39
BRH:0
end_of_record
TN:
SF:bot/functions/bot.js
FN:32,(anonymous_0)
FN:89,(anonymous_1)
FN:174,(anonymous_2)
FN:220,(anonymous_3)
FN:232,(anonymous_4)
FN:295,(anonymous_5)
FNF:6
FNH:0
FNDA:0,(anonymous_0)
FNDA:0,(anonymous_1)
FNDA:0,(anonymous_2)
FNDA:0,(anonymous_3)
FNDA:0,(anonymous_4)
FNDA:0,(anonymous_5)
DA:4,0
DA:5,0
DA:8,0
DA:11,0
DA:12,0
DA:13,0
DA:16,0
DA:17,0
DA:18,0
DA:19,0
DA:23,0
DA:26,0
DA:27,0
DA:28,0
DA:29,0
DA:30,0
DA:31,0
DA:32,0
DA:40,0
DA:41,0
DA:44,0
DA:46,0
DA:48,0
DA:50,0
DA:56,0
DA:57,0
DA:61,0
DA:64,0
DA:66,0
DA:73,0
DA:74,0
DA:77,0
DA:78,0
DA:79,0
DA:81,0
DA:86,0
DA:89,0
DA:90,0
DA:91,0
DA:92,0
DA:94,0
DA:95,0
DA:96,0
DA:97,0
DA:101,0
DA:102,0
DA:103,0
DA:104,0
DA:105,0
DA:110,0
DA:111,0
DA:116,0
DA:117,0
DA:120,0
DA:122,0
DA:123,0
DA:124,0
DA:125,0
DA:128,0
DA:129,0
DA:130,0
DA:132,0
DA:135,0
DA:136,0
DA:137,0
DA:139,0
DA:141,0
DA:142,0
DA:147,0
DA:148,0
DA:149,0
DA:150,0
DA:151,0
DA:152,0
DA:153,0
DA:155,0
DA:156,0
DA:157,0
DA:159,0
DA:162,0
DA:164,0
DA:166,0
DA:170,0
DA:171,0
DA:172,0
DA:174,0
DA:175,0
DA:176,0
DA:177,0
DA:179,0
DA:180,0
DA:181,0
DA:182,0
DA:183,0
DA:188,0
DA:189,0
DA:190,0
DA:192,0
DA:195,0
DA:196,0
DA:197,0
DA:199,0
DA:201,0
DA:203,0
DA:204,0
DA:205,0
DA:207,0
DA:208,0
DA:213,0
DA:214,0
DA:216,0
DA:217,0
DA:220,0
DA:225,0
DA:228,0
DA:229,0
DA:232,0
DA:233,0
DA:234,0
DA:235,0
DA:236,0
DA:237,0
DA:239,0
DA:240,0
DA:245,0
DA:246,0
DA:249,0
DA:250,0
DA:254,0
DA:264,0
DA:265,0
DA:268,0
DA:269,0
DA:270,0
DA:271,0
DA:277,0
DA:278,0
DA:279,0
DA:281,0
DA:282,0
DA:284,0
DA:285,0
DA:288,0
DA:295,0
DA:297,0
DA:298,0
DA:299,0
DA:301,0
DA:306,0
DA:307,0
DA:312,0
DA:318,0
DA:319,0
DA:322,0
LF:154
LH:0
BRDA:32,0,0,0
BRDA:32,0,1,0
BRDA:52,1,0,0
BRDA:52,1,1,0
BRDA:56,2,0,0
BRDA:56,2,1,0
BRDA:56,3,0,0
BRDA:56,3,1,0
BRDA:56,3,2,0
BRDA:56,3,3,0
BRDA:67,4,0,0
BRDA:67,4,1,0
BRDA:68,5,0,0
BRDA:68,5,1,0
BRDA:73,6,0,0
BRDA:73,6,1,0
BRDA:73,6,2,0
BRDA:95,7,0,0
BRDA:95,7,1,0
BRDA:97,8,0,0
BRDA:97,8,1,0
BRDA:104,9,0,0
BRDA:104,9,1,0
BRDA:104,10,0,0
BRDA:104,10,1,0
BRDA:110,11,0,0
BRDA:110,11,1,0
BRDA:116,12,0,0
BRDA:116,12,1,0
BRDA:122,13,0,0
BRDA:122,13,1,0
BRDA:124,14,0,0
BRDA:124,14,1,0
BRDA:128,15,0,0
BRDA:128,15,1,0
BRDA:129,16,0,0
BRDA:129,16,1,0
BRDA:129,17,0,0
BRDA:129,17,1,0
BRDA:132,18,0,0
BRDA:132,18,1,0
BRDA:135,19,0,0
BRDA:135,19,1,0
BRDA:141,20,0,0
BRDA:141,20,1,0
BRDA:148,21,0,0
BRDA:148,21,1,0
BRDA:148,22,0,0
BRDA:148,22,1,0
BRDA:148,22,2,0
BRDA:152,23,0,0
BRDA:152,23,1,0
BRDA:152,24,0,0
BRDA:152,24,1,0
BRDA:156,25,0,0
BRDA:156,25,1,0
BRDA:180,26,0,0
BRDA:180,26,1,0
BRDA:182,27,0,0
BRDA:182,27,1,0
BRDA:189,28,0,0
BRDA:189,28,1,0
BRDA:196,29,0,0
BRDA:196,29,1,0
BRDA:203,30,0,0
BRDA:203,30,1,0
BRDA:203,30,2,0
BRDA:203,30,3,0
BRDA:203,30,4,0
BRDA:204,31,0,0
BRDA:204,31,1,0
BRDA:217,32,0,0
BRDA:217,32,1,0
BRDA:239,33,0,0
BRDA:239,33,1,0
BRDA:245,34,0,0
BRDA:245,34,1,0
BRDA:249,35,0,0
BRDA:249,35,1,0
BRDA:278,36,0,0
BRDA:278,36,1,0
BRDA:278,37,0,0
BRDA:278,37,1,0
BRDA:306,38,0,0
BRDA:306,38,1,0
BRDA:306,39,0,0
BRDA:306,39,1,0
BRF:87
BRH:0
end_of_record
TN:
SF:bot/functions/business-metrics.js
FN:15,getBusinessMetrics
FN:90,getTimeRangeBoundaries
FN:122,getUserMetrics
FN:177,getAnalysisMetrics
FN:230,getSubscriptionMetrics
FN:285,getEngagementMetrics
FN:299,(anonymous_6)
FN:322,getRevenueMetrics
FN:347,(anonymous_8)
FN:367,calculateUserSegments
FN:373,(anonymous_10)
FN:380,(anonymous_11)
FN:381,(anonymous_12)
FN:382,(anonymous_13)
FN:389,calculateAnalysesPerUser
FN:395,(anonymous_15)
FN:400,(anonymous_16)
FN:411,calculateTypeDistribution
FN:415,(anonymous_18)
FN:426,calculateSessionMetrics
FN:433,(anonymous_20)
FN:443,(anonymous_21)
FN:445,(anonymous_22)
FN:464,calculateGrowthRate
FN:474,calculateChurnRate
FN:482,calculateTrends
FN:494,handleBusinessMetrics
FNF:27
FNH:0
FNDA:0,getBusinessMetrics
FNDA:0,getTimeRangeBoundaries
FNDA:0,getUserMetrics
FNDA:0,getAnalysisMetrics
FNDA:0,getSubscriptionMetrics
FNDA:0,getEngagementMetrics
FNDA:0,(anonymous_6)
FNDA:0,getRevenueMetrics
FNDA:0,(anonymous_8)
FNDA:0,calculateUserSegments
FNDA:0,(anonymous_10)
FNDA:0,(anonymous_11)
FNDA:0,(anonymous_12)
FNDA:0,(anonymous_13)
FNDA:0,calculateAnalysesPerUser
FNDA:0,(anonymous_15)
FNDA:0,(anonymous_16)
FNDA:0,calculateTypeDistribution
FNDA:0,(anonymous_18)
FNDA:0,calculateSessionMetrics
FNDA:0,(anonymous_20)
FNDA:0,(anonymous_21)
FNDA:0,(anonymous_22)
FNDA:0,calculateGrowthRate
FNDA:0,calculateChurnRate
FNDA:0,calculateTrends
FNDA:0,handleBusinessMetrics
DA:2,0
DA:3,0
DA:4,0
DA:7,0
DA:8,0
DA:10,0
DA:16,0
DA:17,0
DA:18,0
DA:20,0
DA:21,0
DA:24,0
DA:28,0
DA:31,0
DA:40,0
DA:48,0
DA:50,0
DA:69,0
DA:79,0
DA:82,0
DA:83,0
DA:91,0
DA:92,0
DA:94,0
DA:96,0
DA:97,0
DA:98,0
DA:100,0
DA:101,0
DA:102,0
DA:104,0
DA:105,0
DA:106,0
DA:108,0
DA:109,0
DA:110,0
DA:112,0
DA:113,0
DA:116,0
DA:123,0
DA:125,0
DA:130,0
DA:136,0
DA:143,0
DA:150,0
DA:157,0
DA:159,0
DA:169,0
DA:170,0
DA:178,0
DA:180,0
DA:185,0
DA:191,0
DA:198,0
DA:204,0
DA:209,0
DA:210,0
DA:212,0
DA:222,0
DA:223,0
DA:231,0
DA:233,0
DA:238,0
DA:240,0
DA:251,0
DA:257,0
DA:263,0
DA:269,0
DA:277,0
DA:278,0
DA:286,0
DA:288,0
DA:294,0
DA:295,0
DA:299,0
DA:300,0
DA:301,0
DA:304,0
DA:306,0
DA:314,0
DA:315,0
DA:323,0
DA:325,0
DA:330,0
DA:331,0
DA:341,0
DA:347,0
DA:348,0
DA:349,0
DA:351,0
DA:359,0
DA:360,0
DA:368,0
DA:369,0
DA:372,0
DA:373,0
DA:374,0
DA:377,0
DA:379,0
DA:380,0
DA:381,0
DA:382,0
DA:390,0
DA:391,0
DA:394,0
DA:395,0
DA:396,0
DA:399,0
DA:400,0
DA:402,0
DA:412,0
DA:414,0
DA:415,0
DA:416,0
DA:417,0
DA:420,0
DA:427,0
DA:428,0
DA:432,0
DA:433,0
DA:434,0
DA:435,0
DA:437,0
DA:440,0
DA:441,0
DA:443,0
DA:444,0
DA:445,0
DA:446,0
DA:447,0
DA:448,0
DA:450,0
DA:451,0
DA:455,0
DA:465,0
DA:466,0
DA:468,0
DA:475,0
DA:476,0
DA:483,0
DA:495,0
DA:496,0
DA:498,0
DA:499,0
DA:500,0
DA:501,0
DA:503,0
DA:510,0
DA:517,0
DA:519,0
DA:531,0
DA:544,0
LF:152
LH:0
BRDA:15,0,0,0
BRDA:20,1,0,0
BRDA:20,1,1,0
BRDA:20,2,0,0
BRDA:20,2,1,0
BRDA:94,3,0,0
BRDA:94,3,1,0
BRDA:94,3,2,0
BRDA:94,3,3,0
BRDA:94,3,4,0
BRDA:160,4,0,0
BRDA:160,4,1,0
BRDA:161,5,0,0
BRDA:161,5,1,0
BRDA:162,6,0,0
BRDA:162,6,1,0
BRDA:163,7,0,0
BRDA:163,7,1,0
BRDA:213,8,0,0
BRDA:213,8,1,0
BRDA:214,9,0,0
BRDA:214,9,1,0
BRDA:215,10,0,0
BRDA:215,10,1,0
BRDA:238,11,0,0
BRDA:238,11,1,0
BRDA:238,12,0,0
BRDA:238,12,1,0
BRDA:270,13,0,0
BRDA:270,13,1,0
BRDA:271,14,0,0
BRDA:271,14,1,0
BRDA:272,15,0,0
BRDA:272,15,1,0
BRDA:294,16,0,0
BRDA:294,16,1,0
BRDA:330,17,0,0
BRDA:330,17,1,0
BRDA:330,18,0,0
BRDA:330,18,1,0
BRDA:347,19,0,0
BRDA:347,19,1,0
BRDA:347,20,0,0
BRDA:347,20,1,0
BRDA:348,21,0,0
BRDA:348,21,1,0
BRDA:349,22,0,0
BRDA:349,22,1,0
BRDA:368,23,0,0
BRDA:368,23,1,0
BRDA:368,24,0,0
BRDA:368,24,1,0
BRDA:374,25,0,0
BRDA:374,25,1,0
BRDA:381,26,0,0
BRDA:381,26,1,0
BRDA:390,27,0,0
BRDA:390,27,1,0
BRDA:390,28,0,0
BRDA:390,28,1,0
BRDA:396,29,0,0
BRDA:396,29,1,0
BRDA:412,30,0,0
BRDA:412,30,1,0
BRDA:416,31,0,0
BRDA:416,31,1,0
BRDA:417,32,0,0
BRDA:417,32,1,0
BRDA:427,33,0,0
BRDA:427,33,1,0
BRDA:427,34,0,0
BRDA:427,34,1,0
BRDA:434,35,0,0
BRDA:434,35,1,0
BRDA:444,36,0,0
BRDA:444,36,1,0
BRDA:457,37,0,0
BRDA:457,37,1,0
BRDA:465,38,0,0
BRDA:465,38,1,0
BRDA:465,39,0,0
BRDA:465,39,1,0
BRDA:466,40,0,0
BRDA:466,40,1,0
BRDA:475,41,0,0
BRDA:475,41,1,0
BRDA:475,42,0,0
BRDA:475,42,1,0
BRDA:484,43,0,0
BRDA:484,43,1,0
BRDA:485,44,0,0
BRDA:485,44,1,0
BRDA:486,45,0,0
BRDA:486,45,1,0
BRDA:496,46,0,0
BRDA:496,46,1,0
BRDA:499,47,0,0
BRDA:499,47,1,0
BRDA:500,48,0,0
BRDA:500,48,1,0
BRF:100
BRH:0
end_of_record
TN:
SF:bot/functions/cache-monitoring.js
FN:20,getCORSHeaders
FN:32,(anonymous_1)
FN:92,handleCacheStats
FN:147,handleCacheHealth
FN:206,handleCacheInvalidation
FN:287,handleCacheWarming
FN:360,handleCacheKeys
FN:384,(anonymous_7)
FN:419,handleCacheDashboard
FNF:9
FNH:0
FNDA:0,getCORSHeaders
FNDA:0,(anonymous_1)
FNDA:0,handleCacheStats
FNDA:0,handleCacheHealth
FNDA:0,handleCacheInvalidation
FNDA:0,handleCacheWarming
FNDA:0,handleCacheKeys
FNDA:0,(anonymous_7)
FNDA:0,handleCacheDashboard
DA:4,0
DA:5,0
DA:6,0
DA:7,0
DA:8,0
DA:11,0
DA:21,0
DA:32,0
DA:33,0
DA:34,0
DA:37,0
DA:38,0
DA:45,0
DA:46,0
DA:47,0
DA:48,0
DA:50,0
DA:53,0
DA:54,0
DA:57,0
DA:58,0
DA:61,0
DA:62,0
DA:65,0
DA:66,0
DA:69,0
DA:70,0
DA:74,0
DA:77,0
DA:78,0
DA:93,0
DA:94,0
DA:101,0
DA:102,0
DA:104,0
DA:106,0
DA:107,0
DA:109,0
DA:110,0
DA:112,0
DA:113,0
DA:115,0
DA:116,0
DA:118,0
DA:119,0
DA:122,0
DA:129,0
DA:132,0
DA:148,0
DA:149,0
DA:156,0
DA:157,0
DA:160,0
DA:161,0
DA:163,0
DA:164,0
DA:165,0
DA:168,0
DA:169,0
DA:170,0
DA:173,0
DA:174,0
DA:175,0
DA:178,0
DA:190,0
DA:193,0
DA:207,0
DA:208,0
DA:216,0
DA:217,0
DA:219,0
DA:226,0
DA:227,0
DA:229,0
DA:230,0
DA:232,0
DA:233,0
DA:234,0
DA:237,0
DA:238,0
DA:239,0
DA:242,0
DA:243,0
DA:244,0
DA:247,0
DA:248,0
DA:251,0
DA:252,0
DA:255,0
DA:258,0
DA:272,0
DA:288,0
DA:289,0
DA:297,0
DA:298,0
DA:300,0
DA:307,0
DA:309,0
DA:312,0
DA:314,0
DA:315,0
DA:318,0
DA:319,0
DA:322,0
DA:323,0
DA:326,0
DA:327,0
DA:328,0
DA:331,0
DA:334,0
DA:346,0
DA:361,0
DA:362,0
DA:369,0
DA:370,0
DA:371,0
DA:373,0
DA:374,0
DA:375,0
DA:382,0
DA:383,0
DA:384,0
DA:385,0
DA:386,0
DA:394,0
DA:405,0
DA:420,0
DA:455,0
LF:128
LH:0
BRDA:14,0,0,0
BRDA:14,0,1,0
BRDA:22,1,0,0
BRDA:22,1,1,0
BRDA:33,2,0,0
BRDA:33,2,1,0
BRDA:37,3,0,0
BRDA:37,3,1,0
BRDA:46,4,0,0
BRDA:46,4,1,0
BRDA:48,5,0,0
BRDA:48,5,1,0
BRDA:53,6,0,0
BRDA:53,6,1,0
BRDA:57,7,0,0
BRDA:57,7,1,0
BRDA:61,8,0,0
BRDA:61,8,1,0
BRDA:65,9,0,0
BRDA:65,9,1,0
BRDA:69,10,0,0
BRDA:69,10,1,0
BRDA:93,11,0,0
BRDA:93,11,1,0
BRDA:101,12,0,0
BRDA:101,12,1,0
BRDA:104,13,0,0
BRDA:104,13,1,0
BRDA:104,13,2,0
BRDA:104,13,3,0
BRDA:104,13,4,0
BRDA:104,13,5,0
BRDA:104,13,6,0
BRDA:148,14,0,0
BRDA:148,14,1,0
BRDA:157,15,0,0
BRDA:157,15,1,0
BRDA:163,16,0,0
BRDA:163,16,1,0
BRDA:168,17,0,0
BRDA:168,17,1,0
BRDA:173,18,0,0
BRDA:173,18,1,0
BRDA:190,19,0,0
BRDA:190,19,1,0
BRDA:191,20,0,0
BRDA:191,20,1,0
BRDA:207,21,0,0
BRDA:207,21,1,0
BRDA:217,22,0,0
BRDA:217,22,1,0
BRDA:230,23,0,0
BRDA:230,23,1,0
BRDA:230,23,2,0
BRDA:230,23,3,0
BRDA:230,23,4,0
BRDA:230,23,5,0
BRDA:232,24,0,0
BRDA:232,24,1,0
BRDA:233,25,0,0
BRDA:233,25,1,0
BRDA:237,26,0,0
BRDA:237,26,1,0
BRDA:242,27,0,0
BRDA:242,27,1,0
BRDA:247,28,0,0
BRDA:247,28,1,0
BRDA:266,29,0,0
BRDA:266,29,1,0
BRDA:288,30,0,0
BRDA:288,30,1,0
BRDA:298,31,0,0
BRDA:298,31,1,0
BRDA:312,32,0,0
BRDA:312,32,1,0
BRDA:312,32,2,0
BRDA:312,32,3,0
BRDA:312,32,4,0
BRDA:314,33,0,0
BRDA:314,33,1,0
BRDA:326,34,0,0
BRDA:326,34,1,0
BRDA:361,35,0,0
BRDA:361,35,1,0
BRDA:369,36,0,0
BRDA:369,36,1,0
BRDA:370,37,0,0
BRDA:370,37,1,0
BRDA:382,38,0,0
BRDA:382,38,1,0
BRDA:389,39,0,0
BRDA:389,39,1,0
BRF:92
BRH:0
end_of_record
TN:
SF:bot/functions/claim-channel-token.js
FN:14,validateTelegramData
FN:19,(anonymous_1)
FN:33,(anonymous_2)
FN:43,(anonymous_3)
FNF:4
FNH:0
FNDA:0,validateTelegramData
FNDA:0,(anonymous_1)
FNDA:0,(anonymous_2)
FNDA:0,(anonymous_3)
DA:2,0
DA:3,0
DA:4,0
DA:7,0
DA:8,0
DA:9,0
DA:10,0
DA:11,0
DA:16,0
DA:17,0
DA:18,0
DA:19,0
DA:20,0
DA:21,0
DA:22,0
DA:23,0
DA:24,0
DA:25,0
DA:26,0
DA:27,0
DA:28,0
DA:29,0
DA:33,0
DA:34,0
DA:35,0
DA:36,0
DA:43,0
DA:44,0
DA:47,0
DA:48,0
DA:49,0
DA:52,0
DA:53,0
DA:54,0
DA:57,0
DA:58,0
DA:59,0
DA:63,0
DA:65,0
DA:66,0
DA:68,0
DA:69,0
DA:70,0
DA:72,0
DA:73,0
DA:76,0
DA:77,0
DA:79,0
DA:81,0
DA:82,0
DA:88,0
DA:89,0
DA:90,0
DA:92,0
DA:93,0
DA:94,0
DA:96,0
DA:97,0
DA:98,0
DA:102,0
DA:104,0
DA:106,0
DA:107,0
DA:109,0
DA:110,0
DA:112,0
DA:115,0
DA:117,0
DA:118,0
DA:123,0
DA:124,0
DA:125,0
DA:127,0
DA:131,0
DA:132,0
DA:143,0
DA:144,0
DA:145,0
DA:149,0
DA:150,0
DA:151,0
DA:154,0
DA:155,0
DA:158,0
DA:159,0
DA:161,0
DA:164,0
DA:172,0
DA:173,0
LF:89
LH:0
BRDA:11,0,0,0
BRDA:11,0,1,0
BRDA:16,1,0,0
BRDA:16,1,1,0
BRDA:16,2,0,0
BRDA:16,2,1,0
BRDA:18,3,0,0
BRDA:18,3,1,0
BRDA:23,4,0,0
BRDA:23,4,1,0
BRDA:25,5,0,0
BRDA:25,5,1,0
BRDA:26,6,0,0
BRDA:26,6,1,0
BRDA:26,7,0,0
BRDA:26,7,1,0
BRDA:34,8,0,0
BRDA:34,8,1,0
BRDA:47,9,0,0
BRDA:47,9,1,0
BRDA:52,10,0,0
BRDA:52,10,1,0
BRDA:57,11,0,0
BRDA:57,11,1,0
BRDA:57,12,0,0
BRDA:57,12,1,0
BRDA:57,12,2,0
BRDA:57,12,3,0
BRDA:57,12,4,0
BRDA:65,13,0,0
BRDA:65,13,1,0
BRDA:69,14,0,0
BRDA:69,14,1,0
BRDA:69,15,0,0
BRDA:69,15,1,0
BRDA:88,16,0,0
BRDA:88,16,1,0
BRDA:88,17,0,0
BRDA:88,17,1,0
BRDA:92,18,0,0
BRDA:92,18,1,0
BRDA:96,19,0,0
BRDA:96,19,1,0
BRDA:109,20,0,0
BRDA:109,20,1,0
BRDA:109,21,0,0
BRDA:109,21,1,0
BRDA:109,21,2,0
BRDA:112,22,0,0
BRDA:112,22,1,0
BRDA:124,23,0,0
BRDA:124,23,1,0
BRDA:135,24,0,0
BRDA:135,24,1,0
BRDA:143,25,0,0
BRDA:143,25,1,0
BRDA:149,26,0,0
BRDA:149,26,1,0
BRDA:161,27,0,0
BRDA:161,27,1,0
BRF:60
BRH:0
end_of_record
TN:
SF:bot/functions/create-invoice.js
FN:19,getSubscriptionPrice
FN:30,handleCreateInvoice
FNF:2
FNH:0
FNDA:0,getSubscriptionPrice
FNDA:0,handleCreateInvoice
DA:2,0
DA:3,0
DA:4,0
DA:5,0
DA:6,0
DA:8,0
DA:10,0
DA:12,0
DA:13,0
DA:14,0
DA:16,0
DA:17,0
DA:20,0
DA:21,0
DA:22,0
DA:23,0
DA:24,0
DA:31,0
DA:34,0
DA:35,0
DA:36,0
DA:39,0
DA:40,0
DA:41,0
DA:44,0
DA:45,0
DA:48,0
DA:49,0
DA:50,0
DA:53,0
DA:54,0
DA:57,0
DA:58,0
DA:61,0
DA:62,0
DA:66,0
DA:67,0
DA:68,0
DA:69,0
DA:70,0
DA:71,0
DA:73,0
DA:78,0
DA:80,0
DA:82,0
DA:83,0
DA:86,0
DA:87,0
DA:88,0
DA:89,0
DA:91,0
DA:92,0
DA:93,0
DA:94,0
DA:98,0
DA:100,0
DA:101,0
DA:103,0
DA:104,0
DA:105,0
DA:106,0
DA:109,0
DA:110,0
DA:111,0
DA:112,0
DA:114,0
DA:115,0
DA:116,0
DA:117,0
DA:122,0
DA:123,0
DA:124,0
DA:125,0
DA:126,0
DA:127,0
DA:130,0
DA:131,0
DA:132,0
DA:134,0
DA:135,0
DA:136,0
DA:137,0
DA:138,0
DA:140,0
DA:141,0
DA:144,0
DA:149,0
LF:87
LH:0
BRDA:12,0,0,0
BRDA:12,0,1,0
BRDA:16,1,0,0
BRDA:16,1,1,0
BRDA:20,2,0,0
BRDA:20,2,1,0
BRDA:23,3,0,0
BRDA:23,3,1,0
BRDA:23,4,0,0
BRDA:23,4,1,0
BRDA:35,5,0,0
BRDA:35,5,1,0
BRDA:40,6,0,0
BRDA:40,6,1,0
BRDA:40,7,0,0
BRDA:40,7,1,0
BRDA:49,8,0,0
BRDA:49,8,1,0
BRDA:61,9,0,0
BRDA:61,9,1,0
BRDA:61,10,0,0
BRDA:61,10,1,0
BRDA:67,11,0,0
BRDA:67,11,1,0
BRDA:68,12,0,0
BRDA:68,12,1,0
BRDA:69,13,0,0
BRDA:69,13,1,0
BRDA:69,14,0,0
BRDA:69,14,1,0
BRDA:78,15,0,0
BRDA:78,15,1,0
BRDA:82,16,0,0
BRDA:82,16,1,0
BRDA:82,17,0,0
BRDA:82,17,1,0
BRDA:87,18,0,0
BRDA:87,18,1,0
BRDA:92,19,0,0
BRDA:92,19,1,0
BRDA:100,20,0,0
BRDA:100,20,1,0
BRDA:100,21,0,0
BRDA:100,21,1,0
BRDA:100,21,2,0
BRDA:100,21,3,0
BRDA:100,21,4,0
BRDA:100,21,5,0
BRDA:105,22,0,0
BRDA:105,22,1,0
BRDA:110,23,0,0
BRDA:110,23,1,0
BRDA:126,24,0,0
BRDA:126,24,1,0
BRDA:134,25,0,0
BRDA:134,25,1,0
BRDA:136,26,0,0
BRDA:136,26,1,0
BRDA:136,27,0,0
BRDA:136,27,1,0
BRDA:140,28,0,0
BRDA:140,28,1,0
BRF:62
BRH:0
end_of_record
TN:
SF:bot/functions/database-health.js
FN:17,handleHealthCheck
FN:71,performDetailedHealthCheck
FN:114,(anonymous_2)
FNF:3
FNH:0
FNDA:0,handleHealthCheck
FNDA:0,performDetailedHealthCheck
FNDA:0,(anonymous_2)
DA:4,0
DA:5,0
DA:6,0
DA:9,0
DA:10,0
DA:11,0
DA:12,0
DA:18,0
DA:20,0
DA:22,0
DA:23,0
DA:26,0
DA:29,0
DA:36,0
DA:37,0
DA:39,0
DA:46,0
DA:48,0
DA:57,0
DA:59,0
DA:72,0
DA:79,0
DA:81,0
DA:82,0
DA:83,0
DA:84,0
DA:87,0
DA:88,0
DA:91,0
DA:95,0
DA:101,0
DA:102,0
DA:105,0
DA:110,0
DA:114,0
DA:118,0
DA:119,0
DA:121,0
DA:123,0
DA:124,0
DA:129,0
DA:137,0
DA:138,0
DA:141,0
DA:145,0
DA:152,0
LF:46
LH:0
BRDA:36,0,0,0
BRDA:36,0,1,0
BRF:2
BRH:0
end_of_record
TN:
SF:bot/functions/deep-analyses-history.js
FN:13,handleDeepAnalysesHistory
FNF:1
FNH:0
FNDA:0,handleDeepAnalysesHistory
DA:3,0
DA:4,0
DA:5,0
DA:7,0
DA:8,0
DA:9,0
DA:10,0
DA:11,0
DA:16,0
DA:17,0
DA:20,0
DA:21,0
DA:25,0
DA:26,0
DA:27,0
DA:28,0
DA:29,0
DA:31,0
DA:32,0
DA:33,0
DA:34,0
DA:35,0
DA:36,0
DA:37,0
DA:38,0
DA:39,0
DA:40,0
DA:41,0
DA:42,0
DA:43,0
DA:45,0
DA:46,0
DA:47,0
DA:48,0
DA:49,0
DA:51,0
DA:53,0
DA:56,0
DA:59,0
DA:60,0
DA:62,0
DA:63,0
DA:64,0
DA:65,0
DA:66,0
DA:68,0
DA:71,0
DA:77,0
DA:78,0
DA:81,0
DA:83,0
DA:87,0
LF:52
LH:0
BRDA:16,0,0,0
BRDA:16,0,1,0
BRDA:20,1,0,0
BRDA:20,1,1,0
BRDA:20,2,0,0
BRDA:20,2,1,0
BRDA:27,3,0,0
BRDA:27,3,1,0
BRDA:32,4,0,0
BRDA:32,4,1,0
BRDA:32,5,0,0
BRDA:32,5,1,0
BRDA:37,6,0,0
BRDA:37,6,1,0
BRDA:39,7,0,0
BRDA:39,7,1,0
BRDA:45,8,0,0
BRDA:45,8,1,0
BRDA:48,9,0,0
BRDA:48,9,1,0
BRDA:48,10,0,0
BRDA:48,10,1,0
BRDA:63,11,0,0
BRDA:63,11,1,0
BRDA:65,12,0,0
BRDA:65,12,1,0
BRDA:77,13,0,0
BRDA:77,13,1,0
BRDA:81,14,0,0
BRDA:81,14,1,0
BRF:30
BRH:0
end_of_record
TN:
SF:bot/functions/deep-analysis.js
FN:30,getDeepGeminiAnalysis
FN:49,handleDeepAnalysis
FN:186,(anonymous_2)
FNF:3
FNH:0
FNDA:0,getDeepGeminiAnalysis
FNDA:0,handleDeepAnalysis
FNDA:0,(anonymous_2)
DA:3,4
DA:4,4
DA:5,4
DA:6,4
DA:7,4
DA:8,4
DA:9,4
DA:12,4
DA:15,4
DA:16,4
DA:17,4
DA:18,4
DA:19,4
DA:22,4
DA:25,4
DA:31,0
DA:32,0
DA:33,0
DA:34,0
DA:37,0
DA:39,0
DA:42,0
DA:50,0
DA:53,0
DA:55,0
DA:60,0
DA:61,0
DA:62,0
DA:63,0
DA:66,0
DA:67,0
DA:68,0
DA:69,0
DA:72,0
DA:73,0
DA:76,0
DA:77,0
DA:81,0
DA:83,0
DA:86,0
DA:88,0
DA:89,0
DA:92,0
DA:95,0
DA:98,0
DA:101,0
DA:102,0
DA:105,0
DA:107,0
DA:114,0
DA:115,0
DA:120,0
DA:124,0
DA:125,0
DA:129,0
DA:134,0
DA:135,0
DA:136,0
DA:138,0
DA:139,0
DA:140,0
DA:141,0
DA:142,0
DA:146,0
DA:147,0
DA:149,0
DA:151,0
DA:152,0
DA:155,0
DA:157,0
DA:158,0
DA:159,0
DA:160,0
DA:164,0
DA:171,0
DA:175,0
DA:177,0
DA:178,0
DA:181,0
DA:185,0
DA:186,0
DA:190,0
DA:198,0
DA:199,0
DA:201,0
DA:207,0
DA:208,0
DA:210,0
DA:213,0
DA:218,0
DA:220,0
DA:227,0
DA:234,0
DA:235,0
DA:236,0
DA:239,0
DA:246,0
DA:247,0
DA:249,0
DA:250,0
DA:252,0
DA:253,0
DA:255,0
DA:256,0
DA:258,0
DA:259,0
DA:263,0
DA:265,0
DA:274,0
DA:275,0
DA:278,0
DA:282,0
DA:287,0
DA:288,0
DA:289,0
DA:290,0
DA:291,0
DA:294,0
DA:296,0
DA:303,0
DA:308,0
DA:313,4
LF:122
LH:16
BRDA:51,0,0,0
BRDA:51,0,1,0
BRDA:61,1,0,0
BRDA:61,1,1,0
BRDA:67,2,0,0
BRDA:67,2,1,0
BRDA:67,3,0,0
BRDA:67,3,1,0
BRDA:88,4,0,0
BRDA:88,4,1,0
BRDA:102,5,0,0
BRDA:102,5,1,0
BRDA:105,6,0,0
BRDA:105,6,1,0
BRDA:114,7,0,0
BRDA:114,7,1,0
BRDA:138,8,0,0
BRDA:138,8,1,0
BRDA:140,9,0,0
BRDA:140,9,1,0
BRDA:147,10,0,0
BRDA:147,10,1,0
BRDA:151,11,0,0
BRDA:151,11,1,0
BRDA:152,12,0,0
BRDA:152,12,1,0
BRDA:157,13,0,0
BRDA:157,13,1,0
BRDA:158,14,0,0
BRDA:158,14,1,0
BRDA:177,15,0,0
BRDA:177,15,1,0
BRDA:177,16,0,0
BRDA:177,16,1,0
BRDA:208,17,0,0
BRDA:208,17,1,0
BRDA:235,18,0,0
BRDA:235,18,1,0
BRDA:235,19,0,0
BRDA:235,19,1,0
BRDA:236,20,0,0
BRDA:236,20,1,0
BRDA:236,21,0,0
BRDA:236,21,1,0
BRDA:246,22,0,0
BRDA:246,22,1,0
BRDA:249,23,0,0
BRDA:249,23,1,0
BRDA:252,24,0,0
BRDA:252,24,1,0
BRDA:255,25,0,0
BRDA:255,25,1,0
BRDA:258,26,0,0
BRDA:258,26,1,0
BRDA:263,27,0,0
BRDA:263,27,1,0
BRDA:274,28,0,0
BRDA:274,28,1,0
BRDA:284,29,0,0
BRDA:284,29,1,0
BRDA:288,30,0,0
BRDA:288,30,1,0
BRDA:298,31,0,0
BRDA:298,31,1,0
BRDA:299,32,0,0
BRDA:299,32,1,0
BRF:66
BRH:0
end_of_record
TN:
SF:bot/functions/edit-start-button.js
FN:4,(anonymous_0)
FN:56,(anonymous_1)
FNF:2
FNH:0
FNDA:0,(anonymous_0)
FNDA:0,(anonymous_1)
DA:4,0
DA:5,0
DA:10,0
DA:11,0
DA:13,0
DA:14,0
DA:16,0
DA:17,0
DA:19,0
DA:20,0
DA:21,0
DA:24,0
DA:25,0
DA:26,0
DA:27,0
DA:28,0
DA:29,0
DA:32,0
DA:33,0
DA:34,0
DA:35,0
DA:36,0
DA:38,0
DA:39,0
DA:44,0
DA:45,0
DA:46,0
DA:49,0
DA:50,0
DA:51,0
DA:56,0
DA:57,0
DA:58,0
DA:60,0
DA:62,0
LF:35
LH:0
BRDA:10,0,0,0
BRDA:10,0,1,0
BRDA:11,1,0,0
BRDA:11,1,1,0
BRDA:16,2,0,0
BRDA:16,2,1,0
BRDA:19,3,0,0
BRDA:19,3,1,0
BRDA:20,4,0,0
BRDA:20,4,1,0
BRDA:21,5,0,0
BRDA:21,5,1,0
BRDA:25,6,0,0
BRDA:25,6,1,0
BRDA:26,7,0,0
BRDA:26,7,1,0
BRDA:27,8,0,0
BRDA:27,8,1,0
BRDA:27,8,2,0
BRDA:28,9,0,0
BRDA:28,9,1,0
BRDA:28,9,2,0
BRDA:29,10,0,0
BRDA:29,10,1,0
BRDA:35,11,0,0
BRDA:35,11,1,0
BRDA:35,12,0,0
BRDA:35,12,1,0
BRDA:44,13,0,0
BRDA:44,13,1,0
BRDA:46,14,0,0
BRDA:46,14,1,0
BRDA:57,15,0,0
BRDA:57,15,1,0
BRDA:57,16,0,0
BRDA:57,16,1,0
BRF:36
BRH:0
end_of_record
TN:
SF:bot/functions/error-monitoring.js
FN:58,recordApiError
FN:88,recordDatabaseError
FN:125,recordBotError
FN:160,recordGeminiError
FN:196,checkAndSendAlert
FN:221,(anonymous_5)
FN:244,getRecentErrors
FN:245,(anonymous_7)
FN:253,sendAlert
FN:299,getErrorMonitoringData
FN:319,(anonymous_10)
FN:321,(anonymous_11)
FN:342,resetErrorMetrics
FN:343,(anonymous_13)
FN:347,(anonymous_14)
FN:366,handleErrorMonitoring
FNF:16
FNH:0
FNDA:0,recordApiError
FNDA:0,recordDatabaseError
FNDA:0,recordBotError
FNDA:0,recordGeminiError
FNDA:0,checkAndSendAlert
FNDA:0,(anonymous_5)
FNDA:0,getRecentErrors
FNDA:0,(anonymous_7)
FNDA:0,sendAlert
FNDA:0,getErrorMonitoringData
FNDA:0,(anonymous_10)
FNDA:0,(anonymous_11)
FNDA:0,resetErrorMetrics
FNDA:0,(anonymous_13)
FNDA:0,(anonymous_14)
FNDA:0,handleErrorMonitoring
DA:2,0
DA:3,0
DA:4,0
DA:7,0
DA:8,0
DA:9,0
DA:10,0
DA:12,0
DA:15,0
DA:59,0
DA:69,0
DA:70,0
DA:71,0
DA:74,0
DA:75,0
DA:76,0
DA:79,0
DA:82,0
DA:89,0
DA:98,0
DA:99,0
DA:103,0
DA:104,0
DA:105,0
DA:107,0
DA:111,0
DA:112,0
DA:113,0
DA:116,0
DA:119,0
DA:126,0
DA:136,0
DA:137,0
DA:140,0
DA:141,0
DA:143,0
DA:146,0
DA:147,0
DA:148,0
DA:151,0
DA:154,0
DA:161,0
DA:169,0
DA:172,0
DA:173,0
DA:174,0
DA:176,0
DA:179,0
DA:182,0
DA:183,0
DA:184,0
DA:187,0
DA:190,0
DA:197,0
DA:198,0
DA:199,0
DA:203,0
DA:204,0
DA:205,0
DA:208,0
DA:209,0
DA:212,0
DA:213,0
DA:214,0
DA:215,0
DA:219,0
DA:220,0
DA:221,0
DA:222,0
DA:224,0
DA:225,0
DA:226,0
DA:231,0
DA:232,0
DA:233,0
DA:236,0
DA:237,0
DA:245,0
DA:246,0
DA:254,0
DA:255,0
DA:259,0
DA:262,0
DA:263,0
DA:273,0
DA:283,0
DA:284,0
DA:285,0
DA:286,0
DA:288,0
DA:292,0
DA:300,0
DA:301,0
DA:307,0
DA:309,0
DA:316,0
DA:319,0
DA:322,0
DA:323,0
DA:343,0
DA:344,0
DA:346,0
DA:347,0
DA:348,0
DA:349,0
DA:350,0
DA:351,0
DA:352,0
DA:353,0
DA:359,0
DA:360,0
DA:367,0
DA:368,0
DA:369,0
DA:371,0
DA:372,0
DA:374,0
DA:375,0
DA:377,0
DA:384,0
DA:386,0
DA:388,0
DA:390,0
DA:392,0
DA:394,0
DA:396,0
DA:398,0
DA:400,0
DA:402,0
DA:403,0
DA:405,0
DA:408,0
DA:415,0
DA:416,0
DA:417,0
DA:424,0
DA:431,0
DA:433,0
DA:445,0
DA:458,0
DA:459,0
DA:460,0
DA:461,0
DA:462,0
DA:463,0
LF:145
LH:0
BRDA:58,0,0,0
BRDA:70,1,0,0
BRDA:70,1,1,0
BRDA:72,2,0,0
BRDA:72,2,1,0
BRDA:75,3,0,0
BRDA:75,3,1,0
BRDA:88,4,0,0
BRDA:94,5,0,0
BRDA:94,5,1,0
BRDA:100,6,0,0
BRDA:100,6,1,0
BRDA:103,7,0,0
BRDA:103,7,1,0
BRDA:103,8,0,0
BRDA:103,8,1,0
BRDA:104,9,0,0
BRDA:104,9,1,0
BRDA:112,10,0,0
BRDA:112,10,1,0
BRDA:125,11,0,0
BRDA:125,12,0,0
BRDA:125,13,0,0
BRDA:137,14,0,0
BRDA:137,14,1,0
BRDA:140,15,0,0
BRDA:140,15,1,0
BRDA:147,16,0,0
BRDA:147,16,1,0
BRDA:160,17,0,0
BRDA:172,18,0,0
BRDA:172,18,1,0
BRDA:172,19,0,0
BRDA:172,19,1,0
BRDA:173,20,0,0
BRDA:173,20,1,0
BRDA:183,21,0,0
BRDA:183,21,1,0
BRDA:199,22,0,0
BRDA:199,22,1,0
BRDA:203,23,0,0
BRDA:203,23,1,0
BRDA:213,24,0,0
BRDA:213,24,1,0
BRDA:220,25,0,0
BRDA:220,25,1,0
BRDA:224,26,0,0
BRDA:224,26,1,0
BRDA:231,27,0,0
BRDA:231,27,1,0
BRDA:231,28,0,0
BRDA:231,28,1,0
BRDA:236,29,0,0
BRDA:236,29,1,0
BRDA:254,30,0,0
BRDA:254,30,1,0
BRDA:254,31,0,0
BRDA:254,31,1,0
BRDA:283,32,0,0
BRDA:283,32,1,0
BRDA:299,33,0,0
BRDA:307,34,0,0
BRDA:307,34,1,0
BRDA:344,35,0,0
BRDA:344,35,1,0
BRDA:346,36,0,0
BRDA:346,36,1,0
BRDA:348,37,0,0
BRDA:348,37,1,0
BRDA:350,38,0,0
BRDA:350,38,1,0
BRDA:352,39,0,0
BRDA:352,39,1,0
BRDA:368,40,0,0
BRDA:368,40,1,0
BRDA:369,41,0,0
BRDA:369,41,1,0
BRDA:372,42,0,0
BRDA:372,42,1,0
BRDA:374,43,0,0
BRDA:374,43,1,0
BRDA:384,44,0,0
BRDA:384,44,1,0
BRDA:386,45,0,0
BRDA:386,45,1,0
BRDA:388,46,0,0
BRDA:388,46,1,0
BRDA:388,46,2,0
BRDA:388,46,3,0
BRDA:388,46,4,0
BRDA:415,47,0,0
BRDA:415,47,1,0
BRDA:415,48,0,0
BRDA:415,48,1,0
BRF:94
BRH:0
end_of_record
TN:
SF:bot/functions/health-check.js
FN:16,performHealthCheck
FN:48,(anonymous_1)
FN:49,(anonymous_2)
FN:65,(anonymous_3)
FN:91,checkEnvironmentVariables
FN:100,(anonymous_5)
FN:118,checkDatabaseHealth
FN:167,checkBotHealth
FN:214,checkGeminiHealth
FN:260,handleHealthCheck
FNF:10
FNH:0
FNDA:0,performHealthCheck
FNDA:0,(anonymous_1)
FNDA:0,(anonymous_2)
FNDA:0,(anonymous_3)
FNDA:0,checkEnvironmentVariables
FNDA:0,(anonymous_5)
FNDA:0,checkDatabaseHealth
FNDA:0,checkBotHealth
FNDA:0,checkGeminiHealth
FNDA:0,handleHealthCheck
DA:2,0
DA:3,0
DA:4,0
DA:7,0
DA:8,0
DA:9,0
DA:11,0
DA:17,0
DA:18,0
DA:19,0
DA:21,0
DA:29,0
DA:31,0
DA:32,0
DA:35,0
DA:36,0
DA:39,0
DA:40,0
DA:43,0
DA:44,0
DA:47,0
DA:48,0
DA:49,0
DA:51,0
DA:52,0
DA:53,0
DA:54,0
DA:58,0
DA:59,0
DA:60,0
DA:62,0
DA:66,0
DA:67,0
DA:71,0
DA:74,0
DA:76,0
DA:92,0
DA:100,0
DA:102,0
DA:103,0
DA:109,0
DA:119,0
DA:120,0
DA:126,0
DA:127,0
DA:131,0
DA:134,0
DA:139,0
DA:141,0
DA:142,0
DA:145,0
DA:147,0
DA:157,0
DA:168,0
DA:169,0
DA:175,0
DA:176,0
DA:179,0
DA:180,0
DA:182,0
DA:184,0
DA:185,0
DA:188,0
DA:190,0
DA:204,0
DA:215,0
DA:217,0
DA:218,0
DA:224,0
DA:225,0
DA:228,0
DA:232,0
DA:234,0
DA:235,0
DA:238,0
DA:240,0
DA:250,0
DA:261,0
DA:263,0
DA:267,0
DA:275,0
LF:81
LH:0
BRDA:51,0,0,0
BRDA:51,0,1,0
BRDA:53,1,0,0
BRDA:53,1,1,0
BRDA:102,2,0,0
BRDA:102,2,1,0
BRDA:119,3,0,0
BRDA:119,3,1,0
BRDA:119,4,0,0
BRDA:119,4,1,0
BRDA:141,5,0,0
BRDA:141,5,1,0
BRDA:145,6,0,0
BRDA:145,6,1,0
BRDA:168,7,0,0
BRDA:168,7,1,0
BRDA:184,8,0,0
BRDA:184,8,1,0
BRDA:188,9,0,0
BRDA:188,9,1,0
BRDA:217,10,0,0
BRDA:217,10,1,0
BRDA:234,11,0,0
BRDA:234,11,1,0
BRDA:238,12,0,0
BRDA:238,12,1,0
BRDA:263,13,0,0
BRDA:263,13,1,0
BRDA:264,14,0,0
BRDA:264,14,1,0
BRF:30
BRH:0
end_of_record
TN:
SF:bot/functions/ingest-knowledge-background.js
FN:13,sendTelegramMessage
FN:22,normalizeEntries
FN:25,(anonymous_2)
FN:38,(anonymous_3)
FN:40,(anonymous_4)
FN:55,chunkText
FN:67,(anonymous_6)
FNF:7
FNH:0
FNDA:0,sendTelegramMessage
FNDA:0,normalizeEntries
FNDA:0,(anonymous_2)
FNDA:0,(anonymous_3)
FNDA:0,(anonymous_4)
FNDA:0,chunkText
FNDA:0,(anonymous_6)
DA:3,0
DA:4,0
DA:5,0
DA:6,0
DA:7,0
DA:9,0
DA:10,0
DA:11,0
DA:14,0
DA:15,0
DA:16,0
DA:17,0
DA:18,0
DA:23,0
DA:24,0
DA:25,0
DA:26,0
DA:27,0
DA:28,0
DA:35,0
DA:37,0
DA:38,0
DA:39,0
DA:40,0
DA:41,0
DA:42,0
DA:43,0
DA:52,0
DA:56,0
DA:57,0
DA:58,0
DA:59,0
DA:60,0
DA:61,0
DA:62,0
DA:64,0
DA:67,0
DA:69,0
DA:70,0
DA:71,0
DA:73,0
DA:74,0
DA:75,0
DA:76,0
DA:78,0
DA:81,0
DA:82,0
DA:86,0
DA:87,0
DA:88,0
DA:89,0
DA:91,0
DA:92,0
DA:93,0
DA:94,0
DA:95,0
DA:96,0
DA:99,0
DA:100,0
DA:101,0
DA:102,0
DA:103,0
DA:104,0
DA:118,0
DA:119,0
DA:120,0
DA:121,0
DA:122,0
DA:123,0
DA:124,0
DA:125,0
DA:127,0
DA:130,0
DA:131,0
DA:133,0
DA:134,0
LF:76
LH:0
BRDA:14,0,0,0
BRDA:14,0,1,0
BRDA:14,1,0,0
BRDA:14,1,1,0
BRDA:24,2,0,0
BRDA:24,2,1,0
BRDA:26,3,0,0
BRDA:26,3,1,0
BRDA:26,3,2,0
BRDA:26,3,3,0
BRDA:27,4,0,0
BRDA:27,4,1,0
BRDA:27,5,0,0
BRDA:27,5,1,0
BRDA:29,6,0,0
BRDA:29,6,1,0
BRDA:30,7,0,0
BRDA:30,7,1,0
BRDA:30,7,2,0
BRDA:31,8,0,0
BRDA:31,8,1,0
BRDA:31,8,2,0
BRDA:37,9,0,0
BRDA:37,9,1,0
BRDA:37,10,0,0
BRDA:37,10,1,0
BRDA:39,11,0,0
BRDA:39,11,1,0
BRDA:41,12,0,0
BRDA:41,12,1,0
BRDA:41,12,2,0
BRDA:41,12,3,0
BRDA:42,13,0,0
BRDA:42,13,1,0
BRDA:42,14,0,0
BRDA:42,14,1,0
BRDA:44,15,0,0
BRDA:44,15,1,0
BRDA:46,16,0,0
BRDA:46,16,1,0
BRDA:46,16,2,0
BRDA:46,16,3,0
BRDA:55,17,0,0
BRDA:56,18,0,0
BRDA:56,18,1,0
BRDA:70,19,0,0
BRDA:70,19,1,0
BRDA:70,20,0,0
BRDA:70,20,1,0
BRDA:74,21,0,0
BRDA:74,21,1,0
BRDA:76,22,0,0
BRDA:76,22,1,0
BRDA:81,23,0,0
BRDA:81,23,1,0
BRDA:87,24,0,0
BRDA:87,24,1,0
BRDA:94,25,0,0
BRDA:94,25,1,0
BRDA:123,26,0,0
BRDA:123,26,1,0
BRF:61
BRH:0
end_of_record
TN:
SF:bot/functions/ingest-knowledge.js
FN:12,normalizeEntries
FN:17,(anonymous_1)
FN:34,(anonymous_2)
FN:53,(anonymous_3)
FN:72,(anonymous_4)
FN:74,(anonymous_5)
FN:91,chunkText
FN:103,handler
FNF:8
FNH:0
FNDA:0,normalizeEntries
FNDA:0,(anonymous_1)
FNDA:0,(anonymous_2)
FNDA:0,(anonymous_3)
FNDA:0,(anonymous_4)
FNDA:0,(anonymous_5)
FNDA:0,chunkText
FNDA:0,handler
DA:3,0
DA:4,0
DA:5,0
DA:6,0
DA:7,0
DA:9,0
DA:10,0
DA:13,0
DA:16,0
DA:17,0
DA:18,0
DA:19,0
DA:20,0
DA:27,0
DA:31,0
DA:33,0
DA:34,0
DA:35,0
DA:36,0
DA:37,0
DA:38,0
DA:39,0
DA:40,0
DA:42,0
DA:52,0
DA:53,0
DA:54,0
DA:55,0
DA:56,0
DA:58,0
DA:59,0
DA:61,0
DA:71,0
DA:72,0
DA:73,0
DA:74,0
DA:75,0
DA:76,0
DA:77,0
DA:88,0
DA:92,0
DA:93,0
DA:94,0
DA:95,0
DA:96,0
DA:97,0
DA:98,0
DA:100,0
DA:104,0
DA:105,0
DA:106,0
DA:109,0
DA:110,0
DA:111,0
DA:113,0
DA:114,0
DA:115,0
DA:117,0
DA:120,0
DA:121,0
DA:122,0
DA:123,0
DA:128,0
DA:129,0
DA:130,0
DA:132,0
DA:133,0
DA:134,0
DA:135,0
DA:136,0
DA:140,0
DA:141,0
DA:142,0
DA:143,0
DA:144,0
DA:145,0
DA:160,0
DA:161,0
DA:162,0
DA:163,0
DA:164,0
DA:165,0
DA:166,0
DA:168,0
DA:171,0
DA:173,0
DA:177,0
LF:87
LH:0
BRDA:16,0,0,0
BRDA:16,0,1,0
BRDA:18,1,0,0
BRDA:18,1,1,0
BRDA:18,1,2,0
BRDA:18,1,3,0
BRDA:19,2,0,0
BRDA:19,2,1,0
BRDA:19,3,0,0
BRDA:19,3,1,0
BRDA:21,4,0,0
BRDA:21,4,1,0
BRDA:22,5,0,0
BRDA:22,5,1,0
BRDA:22,5,2,0
BRDA:23,6,0,0
BRDA:23,6,1,0
BRDA:23,6,2,0
BRDA:23,6,3,0
BRDA:31,7,0,0
BRDA:31,7,1,0
BRDA:31,8,0,0
BRDA:31,8,1,0
BRDA:33,9,0,0
BRDA:33,9,1,0
BRDA:36,10,0,0
BRDA:36,10,1,0
BRDA:37,11,0,0
BRDA:37,11,1,0
BRDA:38,12,0,0
BRDA:38,12,1,0
BRDA:40,13,0,0
BRDA:40,13,1,0
BRDA:45,14,0,0
BRDA:45,14,1,0
BRDA:52,15,0,0
BRDA:52,15,1,0
BRDA:54,16,0,0
BRDA:54,16,1,0
BRDA:55,17,0,0
BRDA:55,17,1,0
BRDA:55,18,0,0
BRDA:55,18,1,0
BRDA:59,19,0,0
BRDA:59,19,1,0
BRDA:64,20,0,0
BRDA:64,20,1,0
BRDA:71,21,0,0
BRDA:71,21,1,0
BRDA:73,22,0,0
BRDA:73,22,1,0
BRDA:75,23,0,0
BRDA:75,23,1,0
BRDA:75,23,2,0
BRDA:75,23,3,0
BRDA:76,24,0,0
BRDA:76,24,1,0
BRDA:76,25,0,0
BRDA:76,25,1,0
BRDA:78,26,0,0
BRDA:78,26,1,0
BRDA:80,27,0,0
BRDA:80,27,1,0
BRDA:80,27,2,0
BRDA:80,27,3,0
BRDA:91,28,0,0
BRDA:92,29,0,0
BRDA:92,29,1,0
BRDA:105,30,0,0
BRDA:105,30,1,0
BRDA:105,31,0,0
BRDA:105,31,1,0
BRDA:109,32,0,0
BRDA:109,32,1,0
BRDA:110,33,0,0
BRDA:110,33,1,0
BRDA:114,34,0,0
BRDA:114,34,1,0
BRDA:115,35,0,0
BRDA:115,35,1,0
BRDA:115,35,2,0
BRDA:120,36,0,0
BRDA:120,36,1,0
BRDA:122,37,0,0
BRDA:122,37,1,0
BRDA:129,38,0,0
BRDA:129,38,1,0
BRDA:135,39,0,0
BRDA:135,39,1,0
BRDA:165,40,0,0
BRDA:165,40,1,0
BRDA:173,41,0,0
BRDA:173,41,1,0
BRF:93
BRH:0
end_of_record
TN:
SF:bot/functions/logout.js
FN:4,(anonymous_0)
FN:11,(anonymous_1)
FNF:2
FNH:0
FNDA:0,(anonymous_0)
FNDA:0,(anonymous_1)
DA:4,0
DA:11,0
DA:12,0
DA:15,0
DA:16,0
DA:17,0
DA:21,0
DA:22,0
DA:29,0
DA:30,0
DA:34,0
DA:36,0
DA:55,0
DA:56,0
LF:14
LH:0
BRDA:5,0,0,0
BRDA:5,0,1,0
BRDA:15,1,0,0
BRDA:15,1,1,0
BRDA:16,2,0,0
BRDA:16,2,1,0
BRDA:21,3,0,0
BRDA:21,3,1,0
BRF:8
BRH:0
end_of_record
TN:
SF:bot/functions/migrate-onboarding.js
FN:6,(anonymous_0)
FNF:1
FNH:0
FNDA:0,(anonymous_0)
DA:1,0
DA:3,0
DA:4,0
DA:6,0
DA:7,0
DA:8,0
DA:9,0
DA:11,0
DA:12,0
DA:14,0
DA:16,0
DA:23,0
DA:30,0
DA:37,0
DA:43,0
DA:44,0
DA:46,0
LF:17
LH:0
BRDA:8,0,0,0
BRDA:8,0,1,0
BRDA:8,1,0,0
BRDA:8,1,1,0
BRDA:46,2,0,0
BRDA:46,2,1,0
BRF:6
BRH:0
end_of_record
TN:
SF:bot/functions/monitoring-dashboard.js
FN:15,getDashboardData
FN:30,(anonymous_1)
FN:31,(anonymous_2)
FN:32,(anonymous_3)
FN:85,getHealthStatus
FN:99,(anonymous_5)
FN:100,(anonymous_6)
FN:122,checkEnvironmentVariables
FN:130,(anonymous_8)
FN:148,getSystemHealth
FN:182,calculateHealthScore
FN:213,generateAlerts
FN:292,generateRecommendations
FN:336,generateChartData
FN:344,(anonymous_14)
FN:356,(anonymous_15)
FN:376,generateHtmlDashboard
FN:444,(anonymous_17)
FN:456,(anonymous_18)
FN:475,handleMonitoringDashboard
FNF:20
FNH:0
FNDA:0,getDashboardData
FNDA:0,(anonymous_1)
FNDA:0,(anonymous_2)
FNDA:0,(anonymous_3)
FNDA:0,getHealthStatus
FNDA:0,(anonymous_5)
FNDA:0,(anonymous_6)
FNDA:0,checkEnvironmentVariables
FNDA:0,(anonymous_8)
FNDA:0,getSystemHealth
FNDA:0,calculateHealthScore
FNDA:0,generateAlerts
FNDA:0,generateRecommendations
FNDA:0,generateChartData
FNDA:0,(anonymous_14)
FNDA:0,(anonymous_15)
FNDA:0,generateHtmlDashboard
FNDA:0,(anonymous_17)
FNDA:0,(anonymous_18)
FNDA:0,handleMonitoringDashboard
DA:2,0
DA:3,0
DA:6,0
DA:7,0
DA:8,0
DA:10,0
DA:16,0
DA:17,0
DA:18,0
DA:20,0
DA:28,0
DA:30,0
DA:31,0
DA:32,0
DA:35,0
DA:38,0
DA:41,0
DA:42,0
DA:44,0
DA:67,0
DA:74,0
DA:77,0
DA:78,0
DA:86,0
DA:88,0
DA:98,0
DA:99,0
DA:100,0
DA:102,0
DA:103,0
DA:104,0
DA:105,0
DA:108,0
DA:111,0
DA:123,0
DA:130,0
DA:132,0
DA:133,0
DA:139,0
DA:149,0
DA:150,0
DA:153,0
DA:154,0
DA:155,0
DA:157,0
DA:158,0
DA:160,0
DA:161,0
DA:162,0
DA:163,0
DA:164,0
DA:165,0
DA:168,0
DA:183,0
DA:186,0
DA:187,0
DA:190,0
DA:191,0
DA:192,0
DA:193,0
DA:194,0
DA:195,0
DA:200,0
DA:201,0
DA:202,0
DA:203,0
DA:204,0
DA:207,0
DA:214,0
DA:217,0
DA:218,0
DA:219,0
DA:227,0
DA:228,0
DA:229,0
DA:230,0
DA:241,0
DA:242,0
DA:243,0
DA:244,0
DA:253,0
DA:254,0
DA:255,0
DA:266,0
DA:267,0
DA:268,0
DA:276,0
DA:277,0
DA:286,0
DA:293,0
DA:296,0
DA:297,0
DA:298,0
DA:299,0
DA:309,0
DA:310,0
DA:319,0
DA:320,0
DA:321,0
DA:330,0
DA:337,0
DA:340,0
DA:341,0
DA:344,0
DA:352,0
DA:353,0
DA:356,0
DA:364,0
DA:370,0
DA:377,0
DA:379,0
DA:382,0
DA:444,0
DA:456,0
DA:476,0
DA:477,0
DA:478,0
DA:480,0
DA:481,0
DA:482,0
DA:483,0
DA:485,0
DA:487,0
DA:488,0
DA:489,0
DA:499,0
DA:506,0
DA:513,0
DA:515,0
DA:527,0
DA:540,0
LF:131
LH:0
BRDA:15,0,0,0
BRDA:102,1,0,0
BRDA:102,1,1,0
BRDA:104,2,0,0
BRDA:104,2,1,0
BRDA:132,3,0,0
BRDA:132,3,1,0
BRDA:160,4,0,0
BRDA:160,4,1,0
BRDA:163,5,0,0
BRDA:163,5,1,0
BRDA:186,6,0,0
BRDA:186,6,1,0
BRDA:187,7,0,0
BRDA:187,7,1,0
BRDA:190,8,0,0
BRDA:190,8,1,0
BRDA:190,9,0,0
BRDA:190,9,1,0
BRDA:191,10,0,0
BRDA:191,10,1,0
BRDA:192,11,0,0
BRDA:192,11,1,0
BRDA:193,12,0,0
BRDA:193,12,1,0
BRDA:193,13,0,0
BRDA:193,13,1,0
BRDA:195,14,0,0
BRDA:195,14,1,0
BRDA:200,15,0,0
BRDA:200,15,1,0
BRDA:200,16,0,0
BRDA:200,16,1,0
BRDA:201,17,0,0
BRDA:201,17,1,0
BRDA:202,18,0,0
BRDA:202,18,1,0
BRDA:203,19,0,0
BRDA:203,19,1,0
BRDA:204,20,0,0
BRDA:204,20,1,0
BRDA:217,21,0,0
BRDA:217,21,1,0
BRDA:217,22,0,0
BRDA:217,22,1,0
BRDA:218,23,0,0
BRDA:218,23,1,0
BRDA:227,24,0,0
BRDA:227,24,1,0
BRDA:227,25,0,0
BRDA:227,25,1,0
BRDA:229,26,0,0
BRDA:229,26,1,0
BRDA:241,27,0,0
BRDA:241,27,1,0
BRDA:241,28,0,0
BRDA:241,28,1,0
BRDA:242,29,0,0
BRDA:242,29,1,0
BRDA:243,30,0,0
BRDA:243,30,1,0
BRDA:253,31,0,0
BRDA:253,31,1,0
BRDA:254,32,0,0
BRDA:254,32,1,0
BRDA:266,33,0,0
BRDA:266,33,1,0
BRDA:266,34,0,0
BRDA:266,34,1,0
BRDA:266,34,2,0
BRDA:267,35,0,0
BRDA:267,35,1,0
BRDA:276,36,0,0
BRDA:276,36,1,0
BRDA:296,37,0,0
BRDA:296,37,1,0
BRDA:296,38,0,0
BRDA:296,38,1,0
BRDA:296,38,2,0
BRDA:298,39,0,0
BRDA:298,39,1,0
BRDA:309,40,0,0
BRDA:309,40,1,0
BRDA:309,41,0,0
BRDA:309,41,1,0
BRDA:309,41,2,0
BRDA:319,42,0,0
BRDA:319,42,1,0
BRDA:319,43,0,0
BRDA:319,43,1,0
BRDA:320,44,0,0
BRDA:320,44,1,0
BRDA:340,45,0,0
BRDA:340,45,1,0
BRDA:340,46,0,0
BRDA:340,46,1,0
BRDA:340,46,2,0
BRDA:352,47,0,0
BRDA:352,47,1,0
BRDA:352,48,0,0
BRDA:352,48,1,0
BRDA:352,48,2,0
BRDA:379,49,0,0
BRDA:379,49,1,0
BRDA:380,50,0,0
BRDA:380,50,1,0
BRDA:411,51,0,0
BRDA:411,51,1,0
BRDA:418,52,0,0
BRDA:418,52,1,0
BRDA:424,53,0,0
BRDA:424,53,1,0
BRDA:430,54,0,0
BRDA:430,54,1,0
BRDA:436,55,0,0
BRDA:436,55,1,0
BRDA:441,56,0,0
BRDA:441,56,1,0
BRDA:441,57,0,0
BRDA:441,57,1,0
BRDA:453,58,0,0
BRDA:453,58,1,0
BRDA:453,59,0,0
BRDA:453,59,1,0
BRDA:457,60,0,0
BRDA:457,60,1,0
BRDA:477,61,0,0
BRDA:477,61,1,0
BRDA:478,62,0,0
BRDA:478,62,1,0
BRDA:481,63,0,0
BRDA:481,63,1,0
BRDA:482,64,0,0
BRDA:482,64,1,0
BRDA:483,65,0,0
BRDA:483,65,1,0
BRDA:487,66,0,0
BRDA:487,66,1,0
BRF:138
BRH:0
end_of_record
TN:
SF:bot/functions/performance-metrics.js
FN:51,getPerformanceMetrics
FN:108,getDatabaseMetrics
FN:163,recordApiRequest
FN:179,recordDatabaseOperation
FN:205,recordBotEvent
FN:228,recordGeminiOperation
FN:246,resetMetrics
FN:289,handlePerformanceMetrics
FNF:8
FNH:0
FNDA:0,getPerformanceMetrics
FNDA:0,getDatabaseMetrics
FNDA:0,recordApiRequest
FNDA:0,recordDatabaseOperation
FNDA:0,recordBotEvent
FNDA:0,recordGeminiOperation
FNDA:0,resetMetrics
FNDA:0,handlePerformanceMetrics
DA:2,0
DA:3,0
DA:4,0
DA:7,0
DA:8,0
DA:10,0
DA:13,0
DA:52,0
DA:53,0
DA:54,0
DA:57,0
DA:65,0
DA:68,0
DA:69,0
DA:71,0
DA:91,0
DA:97,0
DA:100,0
DA:101,0
DA:109,0
DA:110,0
DA:113,0
DA:114,0
DA:118,0
DA:121,0
DA:126,0
DA:131,0
DA:137,0
DA:139,0
DA:140,0
DA:143,0
DA:152,0
DA:153,0
DA:164,0
DA:165,0
DA:166,0
DA:169,0
DA:170,0
DA:173,0
DA:180,0
DA:182,0
DA:183,0
DA:185,0
DA:186,0
DA:190,0
DA:191,0
DA:195,0
DA:196,0
DA:198,0
DA:206,0
DA:207,0
DA:208,0
DA:210,0
DA:212,0
DA:213,0
DA:215,0
DA:216,0
DA:218,0
DA:219,0
DA:221,0
DA:229,0
DA:230,0
DA:231,0
DA:233,0
DA:234,0
DA:235,0
DA:237,0
DA:239,0
DA:247,0
DA:248,0
DA:283,0
DA:290,0
DA:291,0
DA:292,0
DA:294,0
DA:295,0
DA:297,0
DA:298,0
DA:300,0
DA:307,0
DA:309,0
DA:311,0
DA:313,0
DA:314,0
DA:316,0
DA:317,0
DA:319,0
DA:320,0
DA:322,0
DA:323,0
DA:325,0
DA:328,0
DA:335,0
DA:336,0
DA:337,0
DA:344,0
DA:351,0
DA:353,0
DA:365,0
DA:378,0
DA:379,0
DA:380,0
DA:381,0
DA:382,0
DA:383,0
LF:105
LH:0
BRDA:51,0,0,0
BRDA:109,1,0,0
BRDA:109,1,1,0
BRDA:109,2,0,0
BRDA:109,2,1,0
BRDA:139,3,0,0
BRDA:139,3,1,0
BRDA:139,4,0,0
BRDA:139,4,1,0
BRDA:139,4,2,0
BRDA:144,5,0,0
BRDA:144,5,1,0
BRDA:145,6,0,0
BRDA:145,6,1,0
BRDA:146,7,0,0
BRDA:146,7,1,0
BRDA:169,8,0,0
BRDA:169,8,1,0
BRDA:179,9,0,0
BRDA:182,10,0,0
BRDA:182,10,1,0
BRDA:190,11,0,0
BRDA:190,11,1,0
BRDA:195,12,0,0
BRDA:195,12,1,0
BRDA:205,13,0,0
BRDA:206,14,0,0
BRDA:206,14,1,0
BRDA:210,15,0,0
BRDA:210,15,1,0
BRDA:210,15,2,0
BRDA:228,16,0,0
BRDA:228,17,0,0
BRDA:229,18,0,0
BRDA:229,18,1,0
BRDA:291,19,0,0
BRDA:291,19,1,0
BRDA:292,20,0,0
BRDA:292,20,1,0
BRDA:295,21,0,0
BRDA:295,21,1,0
BRDA:297,22,0,0
BRDA:297,22,1,0
BRDA:307,23,0,0
BRDA:307,23,1,0
BRDA:309,24,0,0
BRDA:309,24,1,0
BRDA:311,25,0,0
BRDA:311,25,1,0
BRDA:311,25,2,0
BRDA:311,25,3,0
BRDA:311,25,4,0
BRDA:335,26,0,0
BRDA:335,26,1,0
BRDA:335,27,0,0
BRDA:335,27,1,0
BRF:56
BRH:0
end_of_record
TN:
SF:bot/functions/pricing-config.js
FN:6,parseSubscriptionPrices
FN:28,handler
FNF:2
FNH:0
FNDA:0,parseSubscriptionPrices
FNDA:0,handler
DA:2,0
DA:4,0
DA:7,0
DA:8,0
DA:9,0
DA:11,0
DA:12,0
DA:13,0
DA:14,0
DA:15,0
DA:16,0
DA:17,0
DA:18,0
DA:22,0
DA:24,0
DA:29,0
DA:30,0
DA:31,0
DA:33,0
DA:34,0
DA:45,0
DA:58,0
LF:22
LH:0
BRDA:8,0,0,0
BRDA:8,0,1,0
BRDA:9,1,0,0
BRDA:9,1,1,0
BRDA:9,2,0,0
BRDA:9,2,1,0
BRDA:15,3,0,0
BRDA:15,3,1,0
BRDA:15,4,0,0
BRDA:15,4,1,0
BRDA:18,5,0,0
BRDA:18,5,1,0
BRDA:18,6,0,0
BRDA:18,6,1,0
BRDA:29,7,0,0
BRDA:29,7,1,0
BRDA:30,8,0,0
BRDA:30,8,1,0
BRDA:33,9,0,0
BRDA:33,9,1,0
BRDA:33,10,0,0
BRDA:33,10,1,0
BRF:22
BRH:0
end_of_record
TN:
SF:bot/functions/refresh-token.js
FN:13,(anonymous_0)
FN:20,(anonymous_1)
FNF:2
FNH:0
FNDA:0,(anonymous_0)
FNDA:0,(anonymous_1)
DA:3,0
DA:4,0
DA:5,0
DA:7,0
DA:8,0
DA:9,0
DA:10,0
DA:13,0
DA:20,0
DA:21,0
DA:24,0
DA:25,0
DA:26,0
DA:30,0
DA:31,0
DA:39,0
DA:40,0
DA:41,0
DA:48,0
DA:50,0
DA:51,0
DA:54,0
DA:55,0
DA:56,0
DA:57,0
DA:58,0
DA:66,0
DA:67,0
DA:68,0
DA:69,0
DA:70,0
DA:74,0
DA:75,0
DA:76,0
DA:85,0
DA:86,0
DA:88,0
DA:89,0
DA:100,0
DA:103,0
DA:107,0
DA:114,0
DA:115,0
DA:116,0
DA:123,0
DA:124,0
DA:125,0
DA:137,0
DA:138,0
DA:139,0
DA:151,0
DA:158,0
DA:164,0
DA:167,0
DA:169,0
DA:190,0
DA:191,0
LF:57
LH:0
BRDA:10,0,0,0
BRDA:10,0,1,0
BRDA:14,1,0,0
BRDA:14,1,1,0
BRDA:24,2,0,0
BRDA:24,2,1,0
BRDA:25,3,0,0
BRDA:25,3,1,0
BRDA:30,4,0,0
BRDA:30,4,1,0
BRDA:39,5,0,0
BRDA:39,5,1,0
BRDA:39,6,0,0
BRDA:39,6,1,0
BRDA:39,6,2,0
BRDA:50,7,0,0
BRDA:50,7,1,0
BRDA:55,8,0,0
BRDA:55,8,1,0
BRDA:57,9,0,0
BRDA:57,9,1,0
BRDA:57,10,0,0
BRDA:57,10,1,0
BRDA:57,10,2,0
BRDA:66,11,0,0
BRDA:66,11,1,0
BRDA:67,12,0,0
BRDA:67,12,1,0
BRDA:69,13,0,0
BRDA:69,13,1,0
BRDA:74,14,0,0
BRDA:74,14,1,0
BRDA:114,15,0,0
BRDA:114,15,1,0
BRDA:123,16,0,0
BRDA:123,16,1,0
BRDA:137,17,0,0
BRDA:137,17,1,0
BRDA:137,18,0,0
BRDA:137,18,1,0
BRDA:137,18,2,0
BRDA:159,19,0,0
BRDA:159,19,1,0
BRF:43
BRH:0
end_of_record
TN:
SF:bot/functions/send-survey-announcement.js
FN:4,(anonymous_0)
FN:45,(anonymous_1)
FNF:2
FNH:0
FNDA:0,(anonymous_0)
FNDA:0,(anonymous_1)
DA:4,0
DA:5,0
DA:10,0
DA:11,0
DA:13,0
DA:14,0
DA:15,0
DA:17,0
DA:18,0
DA:20,0
DA:21,0
DA:22,0
DA:25,0
DA:26,0
DA:27,0
DA:28,0
DA:30,0
DA:35,0
DA:36,0
DA:37,0
DA:38,0
DA:42,0
DA:43,0
DA:44,0
DA:45,0
DA:46,0
DA:47,0
DA:50,0
DA:51,0
DA:52,0
DA:53,0
DA:54,0
DA:55,0
DA:56,0
DA:57,0
DA:58,0
DA:59,0
DA:60,0
DA:65,0
DA:66,0
DA:67,0
DA:68,0
DA:69,0
DA:71,0
DA:77,0
DA:79,0
LF:46
LH:0
BRDA:10,0,0,0
BRDA:10,0,1,0
BRDA:11,1,0,0
BRDA:11,1,1,0
BRDA:14,2,0,0
BRDA:14,2,1,0
BRDA:17,3,0,0
BRDA:17,3,1,0
BRDA:17,4,0,0
BRDA:17,4,1,0
BRDA:20,5,0,0
BRDA:20,5,1,0
BRDA:21,6,0,0
BRDA:21,6,1,0
BRDA:22,7,0,0
BRDA:22,7,1,0
BRDA:26,8,0,0
BRDA:26,8,1,0
BRDA:27,9,0,0
BRDA:27,9,1,0
BRDA:28,10,0,0
BRDA:28,10,1,0
BRDA:30,11,0,0
BRDA:30,11,1,0
BRDA:35,12,0,0
BRDA:35,12,1,0
BRDA:35,12,2,0
BRDA:36,13,0,0
BRDA:36,13,1,0
BRDA:37,14,0,0
BRDA:37,14,1,0
BRDA:38,15,0,0
BRDA:38,15,1,0
BRDA:46,16,0,0
BRDA:46,16,1,0
BRDA:46,17,0,0
BRDA:46,17,1,0
BRDA:52,18,0,0
BRDA:52,18,1,0
BRDA:56,19,0,0
BRDA:56,19,1,0
BRDA:56,20,0,0
BRDA:56,20,1,0
BRDA:58,21,0,0
BRDA:58,21,1,0
BRDA:65,22,0,0
BRDA:65,22,1,0
BRDA:65,23,0,0
BRDA:65,23,1,0
BRDA:66,24,0,0
BRDA:66,24,1,0
BRDA:66,25,0,0
BRDA:66,25,1,0
BRDA:66,25,2,0
BRDA:68,26,0,0
BRDA:68,26,1,0
BRDA:77,27,0,0
BRDA:77,27,1,0
BRF:58
BRH:0
end_of_record
TN:
SF:bot/functions/set-demographics.js
FN:10,(anonymous_0)
FNF:1
FNH:0
FNDA:0,(anonymous_0)
DA:2,0
DA:3,0
DA:5,0
DA:6,0
DA:7,0
DA:8,0
DA:10,0
DA:11,0
DA:17,0
DA:18,0
DA:19,0
DA:20,0
DA:21,0
DA:23,0
DA:24,0
DA:25,0
DA:26,0
DA:28,0
DA:29,0
DA:30,0
DA:31,0
DA:32,0
DA:33,0
DA:34,0
DA:36,0
DA:37,0
DA:41,0
DA:42,0
DA:44,0
DA:46,0
LF:30
LH:0
BRDA:12,0,0,0
BRDA:12,0,1,0
BRDA:17,1,0,0
BRDA:17,1,1,0
BRDA:18,2,0,0
BRDA:18,2,1,0
BRDA:20,3,0,0
BRDA:20,3,1,0
BRDA:20,4,0,0
BRDA:20,4,1,0
BRDA:20,4,2,0
BRDA:23,5,0,0
BRDA:23,5,1,0
BRDA:25,6,0,0
BRDA:25,6,1,0
BRDA:25,7,0,0
BRDA:25,7,1,0
BRDA:28,8,0,0
BRDA:28,8,1,0
BRDA:29,9,0,0
BRDA:29,9,1,0
BRDA:30,10,0,0
BRDA:30,10,1,0
BRDA:33,11,0,0
BRDA:33,11,1,0
BRDA:33,12,0,0
BRDA:33,12,1,0
BRDA:41,13,0,0
BRDA:41,13,1,0
BRF:29
BRH:0
end_of_record
TN:
SF:bot/functions/set-onboarding-stage.js
FN:9,(anonymous_0)
FNF:1
FNH:0
FNDA:0,(anonymous_0)
DA:1,0
DA:2,0
DA:4,0
DA:5,0
DA:6,0
DA:7,0
DA:9,0
DA:10,0
DA:15,0
DA:16,0
DA:18,0
DA:19,0
DA:20,0
DA:21,0
DA:22,0
DA:24,0
DA:25,0
DA:26,0
DA:27,0
DA:28,0
DA:30,0
DA:31,0
DA:32,0
DA:33,0
DA:34,0
DA:35,0
DA:36,0
DA:38,0
DA:39,0
DA:41,0
DA:42,0
DA:44,0
LF:32
LH:0
BRDA:11,0,0,0
BRDA:11,0,1,0
BRDA:15,1,0,0
BRDA:15,1,1,0
BRDA:16,2,0,0
BRDA:16,2,1,0
BRDA:19,3,0,0
BRDA:19,3,1,0
BRDA:21,4,0,0
BRDA:21,4,1,0
BRDA:21,5,0,0
BRDA:21,5,1,0
BRDA:24,6,0,0
BRDA:24,6,1,0
BRDA:25,7,0,0
BRDA:25,7,1,0
BRDA:27,8,0,0
BRDA:27,8,1,0
BRDA:32,9,0,0
BRDA:32,9,1,0
BRDA:33,10,0,0
BRDA:33,10,1,0
BRDA:34,11,0,0
BRDA:34,11,1,0
BRDA:35,12,0,0
BRDA:35,12,1,0
BRDA:36,13,0,0
BRDA:36,13,1,0
BRDA:38,14,0,0
BRDA:38,14,1,0
BRDA:38,15,0,0
BRDA:38,15,1,0
BRF:32
BRH:0
end_of_record
TN:
SF:bot/functions/set-webhook.js
FN:6,corsHeaders
FN:15,(anonymous_1)
FNF:2
FNH:0
FNDA:0,corsHeaders
FNDA:0,(anonymous_1)
DA:4,0
DA:7,0
DA:8,0
DA:15,0
DA:16,0
DA:17,0
DA:18,0
DA:21,0
DA:22,0
DA:23,0
DA:24,0
DA:28,0
DA:29,0
DA:30,0
DA:33,0
DA:34,0
DA:37,0
DA:38,0
DA:39,0
DA:40,0
DA:41,0
DA:42,0
DA:46,0
DA:55,0
DA:60,0
DA:61,0
DA:62,0
DA:64,0
DA:66,0
LF:29
LH:0
BRDA:7,0,0,0
BRDA:7,0,1,0
BRDA:7,0,2,0
BRDA:16,1,0,0
BRDA:16,1,1,0
BRDA:17,2,0,0
BRDA:17,2,1,0
BRDA:23,3,0,0
BRDA:23,3,1,0
BRDA:28,4,0,0
BRDA:28,4,1,0
BRDA:29,5,0,0
BRDA:29,5,1,0
BRDA:37,6,0,0
BRDA:37,6,1,0
BRDA:38,7,0,0
BRDA:38,7,1,0
BRDA:39,8,0,0
BRDA:39,8,1,0
BRDA:61,9,0,0
BRDA:61,9,1,0
BRF:21
BRH:0
end_of_record
TN:
SF:bot/functions/tg-sticker.js
FN:7,corsHeaders
FN:17,(anonymous_1)
FN:39,(anonymous_2)
FN:52,(anonymous_3)
FNF:4
FNH:0
FNDA:0,corsHeaders
FNDA:0,(anonymous_1)
FNDA:0,(anonymous_2)
FNDA:0,(anonymous_3)
DA:4,0
DA:5,0
DA:8,0
DA:9,0
DA:17,0
DA:18,0
DA:19,0
DA:20,0
DA:22,0
DA:23,0
DA:25,0
DA:26,0
DA:28,0
DA:29,0
DA:30,0
DA:31,0
DA:32,0
DA:36,0
DA:37,0
DA:38,0
DA:39,0
DA:40,0
DA:42,0
DA:43,0
DA:44,0
DA:46,0
DA:47,0
DA:48,0
DA:50,0
DA:51,0
DA:52,0
DA:53,0
DA:55,0
DA:58,0
DA:59,0
DA:60,0
DA:61,0
DA:63,0
DA:76,0
LF:39
LH:0
BRDA:5,0,0,0
BRDA:5,0,1,0
BRDA:8,1,0,0
BRDA:8,1,1,0
BRDA:8,1,2,0
BRDA:18,2,0,0
BRDA:18,2,1,0
BRDA:19,3,0,0
BRDA:19,3,1,0
BRDA:22,4,0,0
BRDA:22,4,1,0
BRDA:25,5,0,0
BRDA:25,5,1,0
BRDA:29,6,0,0
BRDA:29,6,1,0
BRDA:31,7,0,0
BRDA:31,7,1,0
BRDA:38,8,0,0
BRDA:38,8,1,0
BRDA:43,9,0,0
BRDA:43,9,1,0
BRDA:43,10,0,0
BRDA:43,10,1,0
BRDA:47,11,0,0
BRDA:47,11,1,0
BRDA:51,12,0,0
BRDA:51,12,1,0
BRDA:59,13,0,0
BRDA:59,13,1,0
BRDA:60,14,0,0
BRDA:60,14,1,0
BRDA:61,15,0,0
BRDA:61,15,1,0
BRF:33
BRH:0
end_of_record
TN:
SF:bot/functions/user-profile.js
FN:18,getOrCreateUser
FN:59,(anonymous_1)
FNF:2
FNH:0
FNDA:0,getOrCreateUser
FNDA:0,(anonymous_1)
DA:3,4
DA:4,4
DA:5,4
DA:6,4
DA:7,4
DA:10,4
DA:11,4
DA:12,4
DA:13,4
DA:14,4
DA:15,4
DA:19,0
DA:20,0
DA:21,0
DA:22,0
DA:23,0
DA:26,0
DA:27,0
DA:28,0
DA:30,0
DA:31,0
DA:32,0
DA:34,0
DA:35,0
DA:38,0
DA:39,0
DA:40,0
DA:41,0
DA:42,0
DA:43,0
DA:44,0
DA:45,0
DA:47,0
DA:49,0
DA:50,0
DA:51,0
DA:54,0
DA:55,0
DA:59,4
DA:60,0
DA:62,0
DA:63,0
DA:66,0
DA:67,0
DA:68,0
DA:70,0
DA:79,0
DA:82,0
DA:83,0
DA:84,0
DA:87,0
DA:88,0
DA:89,0
DA:92,0
DA:93,0
DA:94,0
DA:95,0
DA:96,0
DA:97,0
DA:99,0
DA:100,0
DA:104,0
DA:105,0
DA:106,0
DA:107,0
DA:108,0
DA:109,0
DA:110,0
DA:111,0
DA:113,0
DA:116,0
DA:117,0
DA:121,0
DA:122,0
DA:123,0
DA:125,0
DA:126,0
DA:127,0
DA:130,0
DA:131,0
DA:133,0
DA:134,0
DA:136,0
DA:137,0
DA:140,0
DA:141,0
DA:144,0
DA:145,0
DA:148,0
DA:149,0
DA:151,0
DA:152,0
DA:155,0
DA:157,0
DA:158,0
DA:162,0
DA:163,0
DA:164,0
DA:165,0
DA:168,0
DA:169,0
DA:173,0
DA:174,0
DA:175,0
DA:176,0
DA:180,0
DA:181,0
DA:182,0
DA:183,0
DA:184,0
DA:188,0
DA:189,0
DA:190,0
DA:193,0
DA:197,0
DA:198,0
DA:211,0
DA:227,0
DA:229,0
DA:236,0
DA:237,0
LF:121
LH:12
BRDA:19,0,0,0
BRDA:19,0,1,0
BRDA:26,1,0,0
BRDA:26,1,1,0
BRDA:26,2,0,0
BRDA:26,2,1,0
BRDA:30,3,0,0
BRDA:30,3,1,0
BRDA:32,4,0,0
BRDA:32,4,1,0
BRDA:38,5,0,0
BRDA:38,5,1,0
BRDA:40,6,0,0
BRDA:40,6,1,0
BRDA:43,7,0,0
BRDA:43,7,1,0
BRDA:44,8,0,0
BRDA:44,8,1,0
BRDA:44,9,0,0
BRDA:44,9,1,0
BRDA:49,10,0,0
BRDA:49,10,1,0
BRDA:63,11,0,0
BRDA:63,11,1,0
BRDA:72,12,0,0
BRDA:72,12,1,0
BRDA:72,12,2,0
BRDA:82,13,0,0
BRDA:82,13,1,0
BRDA:88,14,0,0
BRDA:88,14,1,0
BRDA:92,15,0,0
BRDA:92,15,1,0
BRDA:92,16,0,0
BRDA:92,16,1,0
BRDA:104,17,0,0
BRDA:104,17,1,0
BRDA:107,18,0,0
BRDA:107,18,1,0
BRDA:125,19,0,0
BRDA:125,19,1,0
BRDA:133,20,0,0
BRDA:133,20,1,0
BRDA:133,21,0,0
BRDA:133,21,1,0
BRDA:140,22,0,0
BRDA:140,22,1,0
BRDA:144,23,0,0
BRDA:144,23,1,0
BRDA:144,24,0,0
BRDA:144,24,1,0
BRDA:149,25,0,0
BRDA:149,25,1,0
BRDA:149,25,2,0
BRDA:149,25,3,0
BRDA:149,25,4,0
BRDA:155,26,0,0
BRDA:155,26,1,0
BRDA:157,27,0,0
BRDA:157,27,1,0
BRDA:173,28,0,0
BRDA:173,28,1,0
BRDA:181,29,0,0
BRDA:181,29,1,0
BRDA:182,30,0,0
BRDA:182,30,1,0
BRDA:182,31,0,0
BRDA:182,31,1,0
BRDA:182,31,2,0
BRDA:182,31,3,0
BRDA:188,32,0,0
BRDA:188,32,1,0
BRDA:188,33,0,0
BRDA:188,33,1,0
BRDA:197,34,0,0
BRDA:197,34,1,0
BRDA:212,35,0,0
BRDA:212,35,1,0
BRDA:213,36,0,0
BRDA:213,36,1,0
BRDA:215,37,0,0
BRDA:215,37,1,0
BRDA:216,38,0,0
BRDA:216,38,1,0
BRDA:217,39,0,0
BRDA:217,39,1,0
BRDA:218,40,0,0
BRDA:218,40,1,0
BRDA:221,41,0,0
BRDA:221,41,1,0
BRDA:222,42,0,0
BRDA:222,42,1,0
BRDA:223,43,0,0
BRDA:223,43,1,0
BRF:94
BRH:0
end_of_record
TN:
SF:bot/functions/web-login.js
FN:15,(anonymous_0)
FN:27,(anonymous_1)
FNF:2
FNH:0
FNDA:0,(anonymous_0)
FNDA:0,(anonymous_1)
DA:3,4
DA:4,4
DA:5,4
DA:6,4
DA:7,4
DA:9,4
DA:10,4
DA:11,4
DA:12,4
DA:15,4
DA:16,0
DA:17,0
DA:18,0
DA:27,4
DA:28,0
DA:31,0
DA:32,0
DA:33,0
DA:37,0
DA:38,0
DA:42,0
DA:43,0
DA:44,0
DA:49,0
DA:50,0
DA:52,0
DA:53,0
DA:56,0
DA:57,0
DA:60,0
DA:61,0
DA:64,0
DA:65,0
DA:66,0
DA:67,0
DA:68,0
DA:69,0
DA:71,0
DA:73,0
DA:74,0
DA:76,0
DA:78,0
DA:79,0
DA:82,0
DA:88,0
DA:89,0
DA:90,0
DA:93,0
DA:95,0
DA:96,0
DA:100,0
DA:101,0
DA:102,0
DA:103,0
DA:105,0
DA:106,0
DA:107,0
DA:108,0
DA:110,0
DA:111,0
DA:113,0
DA:114,0
DA:117,0
DA:118,0
DA:119,0
DA:120,0
DA:122,0
DA:126,0
DA:129,0
DA:130,0
DA:131,0
DA:135,0
DA:138,0
DA:141,0
DA:149,0
DA:151,0
DA:173,0
DA:174,0
LF:78
LH:11
BRDA:12,0,0,4
BRDA:12,0,1,4
BRDA:16,1,0,0
BRDA:16,1,1,0
BRDA:17,2,0,0
BRDA:17,2,1,0
BRDA:17,2,2,0
BRDA:31,3,0,0
BRDA:31,3,1,0
BRDA:32,4,0,0
BRDA:32,4,1,0
BRDA:37,5,0,0
BRDA:37,5,1,0
BRDA:42,6,0,0
BRDA:42,6,1,0
BRDA:42,7,0,0
BRDA:42,7,1,0
BRDA:42,7,2,0
BRDA:57,8,0,0
BRDA:57,8,1,0
BRDA:60,9,0,0
BRDA:60,9,1,0
BRDA:60,10,0,0
BRDA:60,10,1,0
BRDA:60,10,2,0
BRDA:65,11,0,0
BRDA:65,11,1,0
BRDA:67,12,0,0
BRDA:67,12,1,0
BRDA:68,13,0,0
BRDA:68,13,1,0
BRDA:73,14,0,0
BRDA:73,14,1,0
BRDA:73,15,0,0
BRDA:73,15,1,0
BRDA:73,15,2,0
BRDA:88,16,0,0
BRDA:88,16,1,0
BRDA:93,17,0,0
BRDA:93,17,1,0
BRDA:93,18,0,0
BRDA:93,18,1,0
BRDA:101,19,0,0
BRDA:101,19,1,0
BRDA:101,20,0,0
BRDA:101,20,1,0
BRDA:101,20,2,0
BRDA:118,21,0,0
BRDA:118,21,1,0
BRDA:129,22,0,0
BRDA:129,22,1,0
BRF:51
BRH:2
end_of_record
TN:
SF:bot/functions/bot/handlers/golive-command.js
FN:7,createGoLiveCommandHandler
FN:8,(anonymous_1)
FN:10,(anonymous_2)
FNF:3
FNH:0
FNDA:0,createGoLiveCommandHandler
FNDA:0,(anonymous_1)
FNDA:0,(anonymous_2)
DA:8,0
DA:10,0
DA:11,0
DA:12,0
DA:13,0
DA:14,0
DA:15,0
DA:17,0
DA:18,0
DA:19,0
DA:20,0
DA:22,0
DA:25,0
DA:26,0
DA:27,0
DA:28,0
DA:32,0
DA:33,0
DA:38,0
DA:40,0
DA:45,0
LF:21
LH:0
BRDA:7,0,0,0
BRDA:7,1,0,0
BRDA:8,2,0,0
BRDA:8,2,1,0
BRDA:13,3,0,0
BRDA:13,3,1,0
BRDA:13,4,0,0
BRDA:13,4,1,0
BRDA:17,5,0,0
BRDA:17,5,1,0
BRDA:18,6,0,0
BRDA:18,6,1,0
BRDA:18,7,0,0
BRDA:18,7,1,0
BRDA:26,8,0,0
BRDA:26,8,1,0
BRDA:34,9,0,0
BRDA:34,9,1,0
BRDA:40,10,0,0
BRDA:40,10,1,0
BRF:20
BRH:0
end_of_record
TN:
SF:bot/functions/bot/handlers/payment-handlers.js
FN:8,createPreCheckoutQueryHandler
FN:9,(anonymous_1)
FN:31,createSuccessfulPaymentHandler
FN:32,(anonymous_3)
FN:76,handleSubscriptionPayment
FN:108,handleDeepAnalysisPayment
FNF:6
FNH:0
FNDA:0,createPreCheckoutQueryHandler
FNDA:0,(anonymous_1)
FNDA:0,createSuccessfulPaymentHandler
FNDA:0,(anonymous_3)
FNDA:0,handleSubscriptionPayment
FNDA:0,handleDeepAnalysisPayment
DA:9,0
DA:10,0
DA:11,0
DA:12,0
DA:13,0
DA:15,0
DA:16,0
DA:17,0
DA:32,0
DA:33,0
DA:34,0
DA:36,0
DA:37,0
DA:38,0
DA:40,0
DA:41,0
DA:42,0
DA:46,0
DA:47,0
DA:49,0
DA:50,0
DA:51,0
DA:52,0
DA:53,0
DA:56,0
DA:57,0
DA:61,0
DA:62,0
DA:77,0
DA:78,0
DA:79,0
DA:81,0
DA:82,0
DA:83,0
DA:84,0
DA:85,0
DA:88,0
DA:90,0
DA:92,0
DA:94,0
DA:95,0
DA:109,0
DA:111,0
DA:112,0
DA:113,0
DA:114,0
DA:115,0
DA:118,0
DA:121,0
DA:124,0
DA:126,0
DA:128,0
DA:129,0
DA:133,0
LF:54
LH:0
BRDA:40,0,0,0
BRDA:40,0,1,0
BRDA:50,1,0,0
BRDA:50,1,1,0
BRDA:50,2,0,0
BRDA:50,2,1,0
BRDA:52,3,0,0
BRDA:52,3,1,0
BRDA:52,4,0,0
BRDA:52,4,1,0
BRDA:81,5,0,0
BRDA:81,5,1,0
BRDA:81,6,0,0
BRDA:81,6,1,0
BRDA:81,6,2,0
BRDA:111,7,0,0
BRDA:111,7,1,0
BRDA:111,8,0,0
BRDA:111,8,1,0
BRF:19
BRH:0
end_of_record
TN:
SF:bot/functions/bot/handlers/setpassword-command.js
FN:13,createSetPasswordCommandHandler
FN:14,(anonymous_1)
FNF:2
FNH:0
FNDA:0,createSetPasswordCommandHandler
FNDA:0,(anonymous_1)
DA:3,0
DA:4,0
DA:5,0
DA:14,0
DA:15,0
DA:16,0
DA:17,0
DA:19,0
DA:20,0
DA:21,0
DA:24,0
DA:25,0
DA:27,0
DA:28,0
DA:29,0
DA:32,0
DA:34,0
DA:35,0
DA:36,0
DA:39,0
DA:41,0
DA:42,0
DA:44,0
DA:45,0
DA:49,0
DA:50,0
DA:51,0
DA:54,0
DA:55,0
DA:57,0
DA:58,0
DA:61,0
DA:62,0
DA:67,0
LF:34
LH:0
BRDA:19,0,0,0
BRDA:19,0,1,0
BRDA:27,1,0,0
BRDA:27,1,1,0
BRDA:34,2,0,0
BRDA:34,2,1,0
BRDA:44,3,0,0
BRDA:44,3,1,0
BRDA:62,4,0,0
BRDA:62,4,1,0
BRF:10
BRH:0
end_of_record
TN:
SF:bot/functions/bot/handlers/start-command.js
FN:10,createStartCommandHandler
FN:11,(anonymous_1)
FNF:2
FNH:0
FNDA:0,createStartCommandHandler
FNDA:0,(anonymous_1)
DA:11,0
DA:12,0
DA:13,0
DA:14,0
DA:15,0
DA:16,0
DA:20,0
DA:21,0
DA:22,0
DA:23,0
DA:27,0
DA:28,0
DA:29,0
DA:32,0
DA:35,0
DA:36,0
DA:37,0
DA:38,0
DA:39,0
DA:40,0
DA:41,0
DA:44,0
DA:45,0
DA:46,0
DA:48,0
DA:49,0
DA:51,0
DA:54,0
DA:55,0
DA:56,0
DA:58,0
DA:59,0
DA:60,0
DA:61,0
DA:62,0
DA:63,0
DA:64,0
DA:65,0
DA:66,0
DA:73,0
DA:77,0
DA:78,0
DA:84,0
DA:85,0
DA:86,0
DA:87,0
DA:88,0
DA:89,0
DA:90,0
DA:91,0
DA:93,0
DA:94,0
DA:95,0
DA:99,0
DA:100,0
DA:105,0
DA:106,0
DA:110,0
DA:111,0
DA:114,0
DA:115,0
DA:120,0
LF:62
LH:0
BRDA:20,0,0,0
BRDA:20,0,1,0
BRDA:20,1,0,0
BRDA:20,1,1,0
BRDA:22,2,0,0
BRDA:22,2,1,0
BRDA:27,3,0,0
BRDA:27,3,1,0
BRDA:27,4,0,0
BRDA:27,4,1,0
BRDA:39,5,0,0
BRDA:39,5,1,0
BRDA:44,6,0,0
BRDA:44,6,1,0
BRDA:61,7,0,0
BRDA:61,7,1,0
BRDA:62,8,0,0
BRDA:62,8,1,0
BRDA:62,9,0,0
BRDA:62,9,1,0
BRDA:62,9,2,0
BRDA:62,9,3,0
BRDA:62,9,4,0
BRDA:64,10,0,0
BRDA:64,10,1,0
BRDA:77,11,0,0
BRDA:77,11,1,0
BRDA:84,12,0,0
BRDA:84,12,1,0
BRDA:88,13,0,0
BRDA:88,13,1,0
BRDA:105,14,0,0
BRDA:105,14,1,0
BRF:33
BRH:0
end_of_record
TN:
SF:bot/functions/bot/handlers/text-message.js
FN:11,createTextMessageHandler
FN:13,(anonymous_1)
FN:19,withTimeout
FN:20,(anonymous_3)
FN:21,(anonymous_4)
FN:25,(anonymous_5)
FN:26,(anonymous_6)
FN:30,(anonymous_7)
FN:35,(anonymous_8)
FNF:9
FNH:0
FNDA:0,createTextMessageHandler
FNDA:0,(anonymous_1)
FNDA:0,withTimeout
FNDA:0,(anonymous_3)
FNDA:0,(anonymous_4)
FNDA:0,(anonymous_5)
FNDA:0,(anonymous_6)
FNDA:0,(anonymous_7)
FNDA:0,(anonymous_8)
DA:13,0
DA:14,0
DA:15,0
DA:16,0
DA:20,0
DA:21,0
DA:22,0
DA:24,0
DA:25,0
DA:26,0
DA:30,0
DA:31,0
DA:32,0
DA:33,0
DA:35,0
DA:36,0
DA:37,0
DA:39,0
DA:40,0
DA:41,0
DA:43,0
DA:46,0
DA:47,0
DA:48,0
DA:49,0
DA:50,0
DA:52,0
DA:53,0
DA:54,0
DA:55,0
DA:56,0
DA:57,0
DA:61,0
DA:62,0
DA:63,0
DA:67,0
DA:68,0
DA:69,0
DA:72,0
DA:73,0
DA:76,0
DA:77,0
DA:78,0
DA:79,0
DA:81,0
DA:83,0
DA:84,0
DA:85,0
DA:86,0
DA:87,0
DA:90,0
DA:91,0
DA:92,0
DA:93,0
DA:94,0
DA:96,0
DA:97,0
DA:98,0
DA:99,0
DA:100,0
DA:101,0
DA:102,0
DA:107,0
DA:108,0
DA:109,0
DA:110,0
DA:112,0
DA:113,0
DA:114,0
DA:115,0
DA:116,0
DA:121,0
DA:124,0
DA:126,0
DA:129,0
DA:130,0
DA:132,0
DA:133,0
DA:134,0
DA:135,0
DA:137,0
DA:138,0
DA:139,0
DA:140,0
DA:145,0
DA:146,0
DA:148,0
DA:149,0
DA:150,0
DA:151,0
DA:156,0
DA:159,0
DA:161,0
DA:164,0
DA:165,0
DA:166,0
DA:167,0
DA:171,0
DA:172,0
DA:173,0
DA:174,0
DA:175,0
DA:176,0
DA:177,0
DA:178,0
DA:181,0
DA:182,0
DA:183,0
DA:185,0
DA:186,0
DA:187,0
DA:190,0
DA:191,0
DA:192,0
DA:194,0
DA:199,0
DA:201,0
DA:202,0
DA:205,0
DA:206,0
DA:207,0
DA:208,0
DA:209,0
DA:210,0
DA:211,0
DA:216,0
DA:217,0
DA:218,0
DA:219,0
DA:220,0
DA:221,0
DA:222,0
DA:223,0
DA:232,0
DA:233,0
DA:234,0
DA:238,0
DA:241,0
DA:242,0
DA:243,0
DA:244,0
DA:249,0
DA:250,0
DA:251,0
DA:252,0
DA:259,0
DA:266,0
DA:269,0
DA:272,0
DA:273,0
DA:277,0
DA:278,0
DA:279,0
DA:280,0
DA:283,0
DA:284,0
DA:285,0
DA:286,0
DA:292,0
LF:159
LH:0
BRDA:15,0,0,0
BRDA:15,0,1,0
BRDA:19,1,0,0
BRDA:31,2,0,0
BRDA:31,2,1,0
BRDA:33,3,0,0
BRDA:33,3,1,0
BRDA:39,4,0,0
BRDA:39,4,1,0
BRDA:53,5,0,0
BRDA:53,5,1,0
BRDA:55,6,0,0
BRDA:55,6,1,0
BRDA:61,7,0,0
BRDA:61,7,1,0
BRDA:61,8,0,0
BRDA:61,8,1,0
BRDA:67,9,0,0
BRDA:67,9,1,0
BRDA:73,10,0,0
BRDA:73,10,1,0
BRDA:73,11,0,0
BRDA:73,11,1,0
BRDA:73,12,0,0
BRDA:73,12,1,0
BRDA:79,13,0,0
BRDA:79,13,1,0
BRDA:81,14,0,0
BRDA:81,14,1,0
BRDA:83,15,0,0
BRDA:83,15,1,0
BRDA:90,16,0,0
BRDA:90,16,1,0
BRDA:90,17,0,0
BRDA:90,17,1,0
BRDA:90,17,2,0
BRDA:100,18,0,0
BRDA:100,18,1,0
BRDA:100,19,0,0
BRDA:100,19,1,0
BRDA:107,20,0,0
BRDA:107,20,1,0
BRDA:107,21,0,0
BRDA:107,21,1,0
BRDA:107,21,2,0
BRDA:107,21,3,0
BRDA:108,22,0,0
BRDA:108,22,1,0
BRDA:110,23,0,0
BRDA:110,23,1,0
BRDA:113,24,0,0
BRDA:113,24,1,0
BRDA:129,25,0,0
BRDA:129,25,1,0
BRDA:129,26,0,0
BRDA:129,26,1,0
BRDA:129,26,2,0
BRDA:129,26,3,0
BRDA:137,27,0,0
BRDA:137,27,1,0
BRDA:137,28,0,0
BRDA:137,28,1,0
BRDA:145,29,0,0
BRDA:145,29,1,0
BRDA:145,30,0,0
BRDA:145,30,1,0
BRDA:145,30,2,0
BRDA:145,30,3,0
BRDA:146,31,0,0
BRDA:146,31,1,0
BRDA:149,32,0,0
BRDA:149,32,1,0
BRDA:176,33,0,0
BRDA:176,33,1,0
BRDA:181,34,0,0
BRDA:181,34,1,0
BRDA:185,35,0,0
BRDA:185,35,1,0
BRDA:209,36,0,0
BRDA:209,36,1,0
BRDA:209,37,0,0
BRDA:209,37,1,0
BRDA:216,38,0,0
BRDA:216,38,1,0
BRDA:216,39,0,0
BRDA:216,39,1,0
BRDA:216,39,2,0
BRDA:216,39,3,0
BRDA:217,40,0,0
BRDA:217,40,1,0
BRDA:219,41,0,0
BRDA:219,41,1,0
BRDA:233,42,0,0
BRDA:233,42,1,0
BRDA:243,43,0,0
BRDA:243,43,1,0
BRDA:249,44,0,0
BRDA:249,44,1,0
BRDA:249,44,2,0
BRDA:249,44,3,0
BRDA:249,44,4,0
BRDA:250,45,0,0
BRDA:250,45,1,0
BRDA:256,46,0,0
BRDA:256,46,1,0
BRDA:272,47,0,0
BRDA:272,47,1,0
BRDA:277,48,0,0
BRDA:277,48,1,0
BRDA:277,49,0,0
BRDA:277,49,1,0
BRDA:277,50,0,0
BRDA:277,50,1,0
BRDA:278,51,0,0
BRDA:278,51,1,0
BRDA:279,52,0,0
BRDA:279,52,1,0
BRF:117
BRH:0
end_of_record
TN:
SF:bot/functions/bot/services/analysis-service.js
FN:5,withTimeout
FN:6,(anonymous_1)
FN:7,(anonymous_2)
FN:11,(anonymous_3)
FN:12,(anonymous_4)
FN:17,(anonymous_5)
FN:31,(anonymous_6)
FN:44,(anonymous_7)
FN:67,(anonymous_8)
FNF:9
FNH:0
FNDA:0,withTimeout
FNDA:0,(anonymous_1)
FNDA:0,(anonymous_2)
FNDA:0,(anonymous_3)
FNDA:0,(anonymous_4)
FNDA:0,(anonymous_5)
FNDA:0,(anonymous_6)
FNDA:0,(anonymous_7)
FNDA:0,(anonymous_8)
DA:3,0
DA:6,0
DA:7,0
DA:8,0
DA:10,0
DA:11,0
DA:12,0
DA:18,0
DA:20,0
DA:21,0
DA:22,0
DA:23,0
DA:32,0
DA:34,0
DA:45,0
DA:47,0
DA:49,0
DA:50,0
DA:51,0
DA:52,0
DA:54,0
DA:57,0
DA:59,0
DA:60,0
DA:61,0
DA:62,0
DA:63,0
DA:64,0
DA:65,0
DA:66,0
DA:67,0
DA:68,0
DA:69,0
DA:71,0
DA:72,0
DA:73,0
DA:74,0
DA:76,0
DA:79,0
DA:82,0
DA:91,0
DA:92,0
DA:95,0
DA:99,0
DA:100,0
DA:102,0
DA:106,0
DA:107,0
DA:112,0
LF:49
LH:0
BRDA:5,0,0,0
BRDA:20,1,0,0
BRDA:20,1,1,0
BRDA:20,1,2,0
BRDA:22,2,0,0
BRDA:22,2,1,0
BRDA:51,3,0,0
BRDA:51,3,1,0
BRDA:51,4,0,0
BRDA:51,4,1,0
BRDA:60,5,0,0
BRDA:60,5,1,0
BRDA:64,6,0,0
BRDA:64,6,1,0
BRDA:65,7,0,0
BRDA:65,7,1,0
BRDA:65,8,0,0
BRDA:65,8,1,0
BRDA:71,9,0,0
BRDA:71,9,1,0
BRDA:71,10,0,0
BRDA:71,10,1,0
BRDA:76,11,0,0
BRDA:76,11,1,0
BRDA:76,12,0,0
BRDA:76,12,1,0
BRDA:88,13,0,0
BRDA:88,13,1,0
BRDA:91,14,0,0
BRDA:91,14,1,0
BRF:30
BRH:0
end_of_record
TN:
SF:bot/functions/bot/services/message-service.js
FN:4,(anonymous_0)
FN:12,(anonymous_1)
FN:23,(anonymous_2)
FN:38,(anonymous_3)
FN:55,(anonymous_4)
FN:70,(anonymous_5)
FN:79,(anonymous_6)
FNF:7
FNH:0
FNDA:0,(anonymous_0)
FNDA:0,(anonymous_1)
FNDA:0,(anonymous_2)
FNDA:0,(anonymous_3)
FNDA:0,(anonymous_4)
FNDA:0,(anonymous_5)
FNDA:0,(anonymous_6)
DA:5,0
DA:13,0
DA:24,0
DA:25,0
DA:27,0
DA:28,0
DA:39,0
DA:40,0
DA:41,0
DA:42,0
DA:44,0
DA:45,0
DA:56,0
DA:71,0
DA:80,0
DA:81,0
DA:86,0
LF:17
LH:0
BRDA:13,0,0,0
BRDA:13,0,1,0
BRDA:23,1,0,0
BRDA:80,2,0,0
BRDA:80,2,1,0
BRF:5
BRH:0
end_of_record
TN:
SF:bot/functions/bot/services/user-service.js
FN:6,(anonymous_0)
FN:16,(anonymous_1)
FN:105,(anonymous_2)
FN:124,(anonymous_3)
FN:143,(anonymous_4)
FN:159,(anonymous_5)
FN:177,(anonymous_6)
FN:196,(anonymous_7)
FN:212,(anonymous_8)
FN:229,(anonymous_9)
FN:247,(anonymous_10)
FN:267,(anonymous_11)
FNF:12
FNH:0
FNDA:0,(anonymous_0)
FNDA:0,(anonymous_1)
FNDA:0,(anonymous_2)
FNDA:0,(anonymous_3)
FNDA:0,(anonymous_4)
FNDA:0,(anonymous_5)
FNDA:0,(anonymous_6)
FNDA:0,(anonymous_7)
FNDA:0,(anonymous_8)
FNDA:0,(anonymous_9)
FNDA:0,(anonymous_10)
FNDA:0,(anonymous_11)
DA:3,0
DA:7,0
DA:8,0
DA:17,0
DA:18,0
DA:21,0
DA:23,0
DA:24,0
DA:25,0
DA:31,0
DA:32,0
DA:33,0
DA:36,0
DA:37,0
DA:38,0
DA:44,0
DA:45,0
DA:56,0
DA:57,0
DA:58,0
DA:59,0
DA:60,0
DA:66,0
DA:67,0
DA:69,0
DA:70,0
DA:71,0
DA:77,0
DA:80,0
DA:83,0
DA:84,0
DA:87,0
DA:88,0
DA:95,0
DA:96,0
DA:106,0
DA:111,0
DA:112,0
DA:113,0
DA:116,0
DA:125,0
DA:130,0
DA:131,0
DA:132,0
DA:135,0
DA:144,0
DA:147,0
DA:148,0
DA:151,0
DA:160,0
DA:165,0
DA:166,0
DA:168,0
DA:169,0
DA:178,0
DA:183,0
DA:184,0
DA:186,0
DA:187,0
DA:188,0
DA:197,0
DA:203,0
DA:204,0
DA:206,0
DA:213,0
DA:214,0
DA:220,0
DA:221,0
DA:223,0
DA:230,0
DA:235,0
DA:236,0
DA:238,0
DA:248,0
DA:254,0
DA:255,0
DA:256,0
DA:259,0
DA:268,0
DA:270,0
DA:271,0
DA:273,0
DA:274,0
DA:277,0
DA:278,0
DA:280,0
DA:281,0
DA:286,0
LF:88
LH:0
BRDA:17,0,0,0
BRDA:17,0,1,0
BRDA:31,1,0,0
BRDA:31,1,1,0
BRDA:31,2,0,0
BRDA:31,2,1,0
BRDA:36,3,0,0
BRDA:36,3,1,0
BRDA:40,4,0,0
BRDA:40,4,1,0
BRDA:56,5,0,0
BRDA:56,5,1,0
BRDA:58,6,0,0
BRDA:58,6,1,0
BRDA:66,7,0,0
BRDA:66,7,1,0
BRDA:69,8,0,0
BRDA:69,8,1,0
BRDA:73,9,0,0
BRDA:73,9,1,0
BRDA:83,10,0,0
BRDA:83,10,1,0
BRDA:111,11,0,0
BRDA:111,11,1,0
BRDA:130,12,0,0
BRDA:130,12,1,0
BRDA:147,13,0,0
BRDA:147,13,1,0
BRDA:165,14,0,0
BRDA:165,14,1,0
BRDA:165,15,0,0
BRDA:165,15,1,0
BRDA:168,16,0,0
BRDA:168,16,1,0
BRDA:183,17,0,0
BRDA:183,17,1,0
BRDA:183,18,0,0
BRDA:183,18,1,0
BRDA:187,19,0,0
BRDA:187,19,1,0
BRDA:188,20,0,0
BRDA:188,20,1,0
BRDA:203,21,0,0
BRDA:203,21,1,0
BRDA:220,22,0,0
BRDA:220,22,1,0
BRDA:235,23,0,0
BRDA:235,23,1,0
BRDA:235,24,0,0
BRDA:235,24,1,0
BRDA:238,25,0,0
BRDA:238,25,1,0
BRDA:254,26,0,0
BRDA:254,26,1,0
BRDA:273,27,0,0
BRDA:273,27,1,0
BRDA:273,28,0,0
BRDA:273,28,1,0
BRF:58
BRH:0
end_of_record
TN:
SF:bot/functions/shared/auth/telegram-validator.js
FN:39,validateTelegramData
FN:67,(anonymous_1)
FN:130,isInitDataValid
FNF:3
FNH:3
FNDA:11,validateTelegramData
FNDA:11,(anonymous_1)
FNDA:8,isInitDataValid
DA:7,6
DA:40,11
DA:43,11
DA:44,2
DA:45,2
DA:47,2
DA:51,9
DA:52,9
DA:54,9
DA:55,1
DA:56,1
DA:58,1
DA:62,8
DA:65,8
DA:66,8
DA:67,11
DA:68,8
DA:70,8
DA:72,8
DA:73,7
DA:75,7
DA:77,6
DA:79,6
DA:80,1
DA:81,1
DA:83,1
DA:86,5
DA:87,5
DA:90,4
DA:91,1
DA:92,1
DA:94,1
DA:97,3
DA:98,2
DA:101,3
DA:104,1
DA:105,1
DA:107,1
DA:110,1
DA:111,1
DA:113,1
DA:116,1
DA:117,1
DA:119,1
DA:131,8
DA:132,8
DA:133,8
DA:135,8
DA:136,3
DA:139,5
DA:140,5
DA:142,5
DA:144,0
DA:148,6
LF:54
LH:53
BRDA:39,0,0,10
BRDA:40,1,0,10
BRDA:43,2,0,2
BRDA:43,2,1,9
BRDA:43,3,0,11
BRDA:43,3,1,10
BRDA:44,4,0,2
BRDA:44,4,1,0
BRDA:54,5,0,1
BRDA:54,5,1,8
BRDA:55,6,0,1
BRDA:55,6,1,0
BRDA:75,7,0,6
BRDA:75,7,1,1
BRDA:79,8,0,1
BRDA:79,8,1,5
BRDA:80,9,0,1
BRDA:80,9,1,0
BRDA:90,10,0,1
BRDA:90,10,1,3
BRDA:90,11,0,4
BRDA:90,11,1,4
BRDA:91,12,0,1
BRDA:91,12,1,0
BRDA:97,13,0,2
BRDA:97,13,1,1
BRDA:104,14,0,1
BRDA:104,14,1,0
BRDA:110,15,0,1
BRDA:110,15,1,0
BRDA:116,16,0,1
BRDA:116,16,1,0
BRDA:130,17,0,6
BRDA:135,18,0,3
BRDA:135,18,1,5
BRF:35
BRH:28
end_of_record
TN:
SF:bot/functions/shared/database/queries.js
FN:28,createOptimizedClient
FN:112,(anonymous_1)
FN:120,(anonymous_2)
FN:145,(anonymous_3)
FN:165,(anonymous_4)
FN:184,(anonymous_5)
FN:260,(anonymous_6)
FN:281,(anonymous_7)
FN:299,(anonymous_8)
FN:317,(anonymous_9)
FN:335,(anonymous_10)
FNF:11
FNH:0
FNDA:0,createOptimizedClient
FNDA:0,(anonymous_1)
FNDA:0,(anonymous_2)
FNDA:0,(anonymous_3)
FNDA:0,(anonymous_4)
FNDA:0,(anonymous_5)
FNDA:0,(anonymous_6)
FNDA:0,(anonymous_7)
FNDA:0,(anonymous_8)
FNDA:0,(anonymous_9)
FNDA:0,(anonymous_10)
DA:4,5
DA:9,5
DA:29,0
DA:35,5
DA:113,0
DA:121,0
DA:123,0
DA:135,0
DA:136,0
DA:139,0
DA:146,0
DA:148,0
DA:155,0
DA:156,0
DA:159,0
DA:166,0
DA:168,0
DA:173,0
DA:174,0
DA:177,0
DA:185,0
DA:188,0
DA:190,0
DA:207,0
DA:210,0
DA:211,0
DA:213,0
DA:214,0
DA:217,0
DA:218,0
[...]
FN:306,(anonymous_23)
FN:311,(anonymous_24)
FN:312,(anonymous_25)
FN:316,(anonymous_26)
FN:322,(anonymous_27)
FN:337,(anonymous_28)
FN:349,(anonymous_29)
FN:357,(anonymous_30)
FN:360,(anonymous_31)
FN:365,(anonymous_32)
FN:370,(anonymous_33)
FN:377,(anonymous_34)
FNF:35
FNH:0
FNDA:0,(anonymous_0)
FNDA:0,(anonymous_1)
FNDA:0,(anonymous_2)
FNDA:0,(anonymous_3)
FNDA:0,(anonymous_4)
FNDA:0,(anonymous_5)
FNDA:0,(anonymous_6)
FNDA:0,(anonymous_7)
FNDA:0,(anonymous_8)
FNDA:0,(anonymous_9)
FNDA:0,(anonymous_10)
FNDA:0,(anonymous_11)
FNDA:0,(anonymous_12)
FNDA:0,(anonymous_13)
FNDA:0,(anonymous_14)
FNDA:0,(anonymous_15)
FNDA:0,(anonymous_16)
FNDA:0,(anonymous_17)
FNDA:0,(anonymous_18)
FNDA:0,(anonymous_19)
FNDA:0,(anonymous_20)
FNDA:0,(anonymous_21)
FNDA:0,(anonymous_22)
FNDA:0,(anonymous_23)
FNDA:0,(anonymous_24)
FNDA:0,(anonymous_25)
FNDA:0,(anonymous_26)
FNDA:0,(anonymous_27)
FNDA:0,(anonymous_28)
FNDA:0,(anonymous_29)
FNDA:0,(anonymous_30)
FNDA:0,(anonymous_31)
FNDA:0,(anonymous_32)
FNDA:0,(anonymous_33)
FNDA:0,(anonymous_34)
DA:4,0
DA:5,0
DA:6,0
DA:14,0
DA:15,0
DA:16,0
DA:17,0
DA:26,0
DA:28,0
DA:35,0
DA:36,0
DA:37,0
DA:40,0
DA:41,0
DA:42,0
DA:44,0
DA:45,0
DA:46,0
DA:49,0
DA:50,0
DA:57,0
DA:58,0
DA:61,0
DA:62,0
DA:69,0
DA:71,0
DA:79,0
DA:82,0
DA:84,0
DA:85,0
DA:86,0
DA:87,0
DA:88,0
DA:90,0
DA:91,0
DA:92,0
DA:96,0
DA:97,0
DA:99,0
DA:106,0
DA:108,0
DA:121,0
DA:122,0
DA:124,0
DA:126,0
DA:129,0
DA:132,0
DA:133,0
DA:135,0
DA:136,0
DA:137,0
DA:141,0
DA:142,0
DA:144,0
DA:151,0
DA:154,0
DA:156,0
DA:159,0
DA:160,0
DA:161,0
DA:164,0
DA:165,0
DA:169,0
DA:170,0
DA:177,0
DA:180,0
DA:182,0
DA:183,0
DA:186,0
DA:187,0
DA:188,0
DA:190,0
DA:194,0
DA:195,0
DA:198,0
DA:205,0
DA:207,0
DA:208,0
DA:209,0
DA:210,0
DA:219,0
DA:222,0
DA:224,0
DA:225,0
DA:226,0
DA:234,0
DA:251,0
DA:252,0
DA:253,0
DA:256,0
DA:257,0
DA:259,0
DA:260,0
DA:261,0
DA:263,0
DA:264,0
DA:267,0
DA:269,0
DA:270,0
DA:276,0
DA:277,0
DA:278,0
DA:279,0
DA:282,0
DA:286,0
DA:288,0
DA:293,0
DA:295,0
DA:300,0
DA:302,0
DA:308,0
DA:310,0
DA:311,0
DA:313,0
DA:314,0
DA:316,0
DA:319,0
DA:323,0
DA:326,0
DA:327,0
DA:330,0
DA:331,0
DA:334,0
DA:338,0
DA:340,0
DA:341,0
DA:344,0
DA:345,0
DA:352,0
DA:359,0
DA:360,0
DA:364,0
DA:365,0
DA:369,0
DA:370,0
DA:378,0
DA:379,0
DA:380,0
DA:385,0
DA:387,0
LF:140
LH:0
BRDA:34,0,0,0
BRDA:35,1,0,0
BRDA:35,1,1,0
BRDA:78,2,0,0
BRDA:126,3,0,0
BRDA:126,3,1,0
BRDA:150,4,0,0
BRDA:161,5,0,0
BRDA:161,5,1,0
BRDA:182,6,0,0
BRDA:182,6,1,0
BRDA:204,7,0,0
BRDA:208,8,0,0
BRDA:208,8,1,0
BRDA:252,9,0,0
BRDA:252,9,1,0
BRDA:286,10,0,0
BRDA:286,10,1,0
BRDA:293,11,0,0
BRDA:293,11,1,0
BRDA:300,12,0,0
BRDA:300,12,1,0
BRDA:308,13,0,0
BRDA:308,13,1,0
BRDA:316,14,0,0
BRDA:316,14,1,0
BRDA:326,15,0,0
BRDA:326,15,1,0
BRDA:330,16,0,0
BRDA:330,16,1,0
BRDA:338,17,0,0
BRDA:338,17,1,0
BRF:32
BRH:0
end_of_record
TN:
SF:bot/functions/shared/services/dream-type-service.js
FN:4,clamp01
FN:10,round2
FN:12,deriveDominant
FN:18,(anonymous_3)
FN:26,heuristicClassify
FN:29,(anonymous_5)
FN:29,(anonymous_6)
FN:57,computeDreamType
FNF:8
FNH:0
FNDA:0,clamp01
FNDA:0,round2
FNDA:0,deriveDominant
FNDA:0,(anonymous_3)
FNDA:0,heuristicClassify
FNDA:0,(anonymous_5)
FNDA:0,(anonymous_6)
FNDA:0,computeDreamType
DA:2,4
DA:5,0
DA:6,0
DA:7,0
DA:10,0
DA:13,0
DA:18,0
DA:19,0
DA:20,0
DA:21,0
DA:22,0
DA:27,0
DA:28,0
DA:29,0
DA:31,0
DA:32,0
DA:33,0
DA:35,0
DA:36,0
DA:37,0
DA:40,0
DA:41,0
DA:42,0
DA:44,0
DA:46,0
DA:49,0
DA:50,0
DA:51,0
DA:53,0
DA:58,0
DA:59,0
DA:61,0
DA:62,0
DA:63,0
DA:65,0
DA:66,0
DA:67,0
DA:68,0
DA:71,0
DA:73,0
DA:75,0
DA:80,0
DA:81,0
DA:84,0
DA:88,4
LF:45
LH:2
BRDA:6,0,0,0
BRDA:6,0,1,0
BRDA:7,1,0,0
BRDA:7,1,1,0
BRDA:7,2,0,0
BRDA:7,2,1,0
BRDA:14,3,0,0
BRDA:14,3,1,0
BRDA:15,4,0,0
BRDA:15,4,1,0
BRDA:16,5,0,0
BRDA:16,5,1,0
BRDA:21,6,0,0
BRDA:21,6,1,0
BRDA:21,7,0,0
BRDA:21,7,1,0
BRDA:22,8,0,0
BRDA:22,8,1,0
BRDA:28,9,0,0
BRDA:28,9,1,0
BRDA:29,10,0,0
BRDA:29,10,1,0
BRDA:40,11,0,0
BRDA:40,11,1,0
BRDA:41,12,0,0
BRDA:41,12,1,0
BRDA:42,13,0,0
BRDA:42,13,1,0
BRDA:44,14,0,0
BRDA:44,14,1,0
BRDA:44,15,0,0
BRDA:44,15,1,0
BRDA:44,15,2,0
BRDA:67,16,0,0
BRDA:67,16,1,0
BRDA:67,17,0,0
BRDA:67,17,1,0
BRDA:67,17,2,0
BRDA:71,18,0,0
BRDA:71,18,1,0
BRDA:71,19,0,0
BRDA:71,19,1,0
BRDA:76,20,0,0
BRDA:76,20,1,0
BRDA:77,21,0,0
BRDA:77,21,1,0
BRDA:78,22,0,0
BRDA:78,22,1,0
BRF:48
BRH:0
end_of_record
TN:
SF:bot/functions/shared/services/embedding-service.js
FN:7,(anonymous_0)
FN:13,(anonymous_1)
FN:29,(anonymous_2)
FNF:3
FNH:1
FNDA:4,(anonymous_0)
FNDA:0,(anonymous_1)
FNDA:0,(anonymous_2)
DA:4,4
DA:8,4
DA:9,4
DA:10,4
DA:14,0
DA:15,0
DA:18,0
DA:19,0
DA:20,0
DA:23,0
DA:24,0
DA:25,0
DA:26,0
DA:30,0
DA:31,0
DA:34,0
DA:35,0
DA:39,0
DA:43,4
LF:19
LH:5
BRDA:14,0,0,0
BRDA:14,0,1,0
BRDA:14,1,0,0
BRDA:14,1,1,0
BRDA:19,2,0,0
BRDA:19,2,1,0
BRDA:30,3,0,0
BRDA:30,3,1,0
BRDA:30,4,0,0
BRDA:30,4,1,0
BRF:10
BRH:0
end_of_record
TN:
SF:bot/functions/shared/services/gemini-service.js
FN:12,(anonymous_0)
FN:46,(anonymous_1)
FN:94,(anonymous_2)
FN:107,(anonymous_3)
FN:152,(anonymous_4)
FN:167,(anonymous_5)
FN:190,(anonymous_6)
FN:195,(anonymous_7)
FN:200,(anonymous_8)
FN:222,(anonymous_9)
FN:251,(anonymous_10)
FN:282,(anonymous_11)
FN:290,(anonymous_12)
FN:302,(anonymous_13)
FN:311,(anonymous_14)
FN:320,(anonymous_15)
FN:333,(anonymous_16)
FN:355,(anonymous_17)
FN:364,(anonymous_18)
FN:382,(anonymous_19)
FN:385,(anonymous_20)
FN:404,(anonymous_21)
FN:405,(anonymous_22)
FN:411,(anonymous_23)
FN:429,(anonymous_24)
FN:444,(anonymous_25)
FN:451,(anonymous_26)
FN:466,(anonymous_27)
FNF:28
FNH:21
FNDA:6,(anonymous_0)
FNDA:30,(anonymous_1)
FNDA:13,(anonymous_2)
FNDA:11,(anonymous_3)
FNDA:4,(anonymous_4)
FNDA:2,(anonymous_5)
FNDA:0,(anonymous_6)
FNDA:0,(anonymous_7)
FNDA:0,(anonymous_8)
FNDA:0,(anonymous_9)
FNDA:10,(anonymous_10)
FNDA:13,(anonymous_11)
FNDA:13,(anonymous_12)
FNDA:9,(anonymous_13)
FNDA:8,(anonymous_14)
FNDA:7,(anonymous_15)
FNDA:9,(anonymous_16)
FNDA:15,(anonymous_17)
FNDA:0,(anonymous_18)
FNDA:0,(anonymous_19)
FNDA:0,(anonymous_20)
FNDA:3,(anonymous_21)
FNDA:3,(anonymous_22)
FNDA:1,(anonymous_23)
FNDA:1,(anonymous_24)
FNDA:1003,(anonymous_25)
FNDA:2,(anonymous_26)
FNDA:1,(anonymous_27)
DA:4,6
DA:5,6
DA:13,6
DA:14,6
DA:15,6
DA:16,6
DA:17,6
DA:18,6
DA:21,6
DA:22,6
DA:25,6
DA:27,6
DA:29,6
DA:30,6
DA:39,6
DA:40,6
DA:47,30
DA:48,11
DA:51,19
DA:52,0
DA:55,19
DA:56,19
DA:57,3
DA:60,16
DA:61,16
DA:63,16
DA:64,16
DA:65,16
DA:66,16
DA:67,16
DA:68,16
DA:71,16
DA:72,16
DA:73,16
DA:74,16
DA:75,16
DA:77,0
DA:78,0
DA:79,0
DA:81,0
DA:86,0
DA:87,0
DA:88,0
DA:95,13
DA:98,9
DA:99,9
DA:100,9
DA:101,1
DA:102,1
DA:105,8
DA:107,8
DA:108,11
DA:109,11
DA:111,11
DA:112,11
DA:113,7
DA:114,7
DA:117,6
DA:121,6
DA:124,4
DA:126,4
DA:127,4
DA:129,7
DA:130,7
DA:132,0
DA:133,0
DA:134,0
DA:135,0
DA:136,0
DA:138,0
DA:139,0
DA:140,0
DA:141,0
DA:144,7
DA:153,4
DA:154,1
DA:157,3
DA:158,3
DA:159,3
DA:160,1
DA:161,1
DA:164,2
DA:166,2
DA:167,2
DA:168,2
DA:169,2
DA:171,2
DA:172,2
DA:174,2
DA:176,2
DA:177,2
DA:180,2
DA:182,2
DA:183,2
DA:191,0
DA:192,0
DA:196,0
DA:197,0
DA:201,0
DA:203,0
DA:205,0
DA:206,0
DA:209,0
DA:210,0
DA:211,0
DA:212,0
DA:213,0
DA:215,0
DA:218,0
DA:219,0
DA:220,0
DA:222,0
DA:223,0
DA:224,0
DA:226,0
DA:227,0
DA:229,0
DA:231,0
DA:232,0
DA:233,0
DA:234,0
DA:235,0
DA:236,0
DA:237,0
DA:238,0
DA:239,0
DA:242,0
DA:244,0
DA:253,10
DA:254,10
DA:255,13
DA:256,13
DA:258,7
DA:259,7
DA:262,7
DA:263,2
DA:267,5
DA:268,3
DA:269,3
DA:270,3
DA:276,4
DA:283,13
DA:284,13
DA:291,13
DA:292,3
DA:294,10
DA:295,1
DA:303,9
DA:304,1
DA:312,8
DA:313,2
DA:321,7
DA:322,7
DA:334,9
DA:336,9
DA:337,2
DA:339,7
DA:340,1
DA:342,6
DA:343,1
DA:345,5
DA:346,2
DA:349,3
DA:356,15
DA:357,15
DA:358,15
DA:365,0
DA:367,0
DA:369,0
DA:371,0
DA:373,0
DA:375,0
DA:383,0
DA:385,0
DA:387,0
DA:388,0
DA:389,0
DA:390,0
DA:394,0
DA:398,0
DA:405,3
DA:412,1
DA:413,1
DA:431,1
DA:432,1
DA:434,1
DA:435,1
DA:436,1
DA:445,1003
DA:447,1003
DA:448,0
DA:452,2
DA:453,2
DA:454,2
DA:455,2
DA:456,2
DA:457,1
DA:458,1
DA:460,1
DA:462,0
DA:463,0
DA:467,1
DA:468,1
DA:469,1
DA:470,1
DA:471,2
DA:472,2
DA:473,2
DA:474,2
DA:475,1
DA:476,1
DA:481,1
DA:482,0
DA:487,6
DA:488,6
LF:215
LH:146
BRDA:27,0,0,6
BRDA:27,0,1,6
BRDA:47,1,0,11
BRDA:47,1,1,19
BRDA:47,2,0,30
BRDA:47,2,1,11
BRDA:51,3,0,0
BRDA:51,3,1,19
BRDA:56,4,0,3
BRDA:56,4,1,16
BRDA:78,5,0,0
BRDA:78,5,1,0
BRDA:87,6,0,0
BRDA:87,6,1,0
BRDA:88,7,0,0
BRDA:88,7,1,0
BRDA:94,8,0,12
BRDA:100,9,0,1
BRDA:100,9,1,8
BRDA:129,10,0,7
BRDA:129,10,1,0
BRDA:130,11,0,0
BRDA:130,11,1,7
BRDA:130,12,0,7
BRDA:130,12,1,7
BRDA:130,12,2,7
BRDA:130,12,3,7
BRDA:133,13,0,0
BRDA:133,13,1,0
BRDA:152,14,0,4
BRDA:152,15,0,4
BRDA:153,16,0,1
BRDA:153,16,1,3
BRDA:153,17,0,4
BRDA:153,17,1,3
BRDA:159,18,0,1
BRDA:159,18,1,2
BRDA:166,19,0,0
BRDA:166,19,1,2
BRDA:166,20,0,0
BRDA:166,20,1,2
BRDA:180,21,0,2
BRDA:180,21,1,0
BRDA:211,22,0,0
BRDA:211,22,1,0
BRDA:211,23,0,0
BRDA:211,23,1,0
BRDA:211,23,2,0
BRDA:218,24,0,0
BRDA:218,24,1,0
BRDA:218,25,0,0
BRDA:218,25,1,0
BRDA:219,26,0,0
BRDA:219,26,1,0
BRDA:219,27,0,0
BRDA:219,27,1,0
BRDA:219,27,2,0
BRDA:227,28,0,0
BRDA:227,28,1,0
BRDA:233,29,0,0
BRDA:233,29,1,0
BRDA:238,30,0,0
BRDA:238,30,1,0
BRDA:238,31,0,0
BRDA:238,31,1,0
BRDA:238,31,2,0
BRDA:253,32,0,0
BRDA:253,32,1,10
BRDA:253,33,0,10
BRDA:253,33,1,0
BRDA:262,34,0,2
BRDA:262,34,1,5
BRDA:267,35,0,3
BRDA:267,35,1,2
BRDA:291,36,0,3
BRDA:291,36,1,10
BRDA:291,37,0,13
BRDA:291,37,1,11
BRDA:294,38,0,1
BRDA:294,38,1,9
BRDA:303,39,0,1
BRDA:303,39,1,8
BRDA:312,40,0,2
BRDA:312,40,1,6
BRDA:312,41,0,8
BRDA:312,41,1,6
BRDA:321,42,0,7
BRDA:321,42,1,0
BRDA:323,43,0,7
BRDA:323,43,1,6
BRDA:323,43,2,5
BRDA:323,43,3,5
BRDA:334,44,0,9
BRDA:334,44,1,0
BRDA:336,45,0,2
BRDA:336,45,1,7
BRDA:339,46,0,1
BRDA:339,46,1,6
BRDA:339,47,0,7
BRDA:339,47,1,7
BRDA:339,47,2,7
BRDA:342,48,0,1
BRDA:342,48,1,5
BRDA:345,49,0,2
BRDA:345,49,1,3
BRDA:364,50,0,0
BRDA:367,51,0,0
BRDA:367,51,1,0
BRDA:367,51,2,0
BRDA:367,51,3,0
BRDA:388,52,0,0
BRDA:388,52,1,0
BRDA:454,53,0,2
BRDA:454,53,1,0
BRDA:454,54,0,2
BRDA:454,54,1,2
BRDA:454,54,2,2
BRDA:455,55,0,2
BRDA:455,55,1,0
BRDA:456,56,0,1
BRDA:456,56,1,1
BRDA:456,57,0,2
BRDA:456,57,1,2
BRDA:472,58,0,2
BRDA:472,58,1,0
BRDA:472,59,0,2
BRDA:472,59,1,2
BRDA:472,59,2,2
BRDA:473,60,0,2
BRDA:473,60,1,0
BRDA:474,61,0,1
BRDA:474,61,1,1
BRDA:474,62,0,2
BRDA:474,62,1,2
BRDA:475,63,0,1
BRDA:475,63,1,0
BRF:136
BRH:83
end_of_record
TN:
SF:bot/functions/shared/services/hvdc-service.js
FN:11,clampPercent
FN:17,normalizeDistribution
FN:37,buildComparison
FN:49,retrieveNormChunks
FN:56,(anonymous_4)
FN:60,retrieveNormFromTable
FN:84,parseNormFromText
FN:96,buildNormFromChunks
FN:111,(anonymous_8)
FN:114,computeHVDC
FN:131,(anonymous_10)
FNF:11
FNH:0
FNDA:0,clampPercent
FNDA:0,normalizeDistribution
FNDA:0,buildComparison
FNDA:0,retrieveNormChunks
FNDA:0,(anonymous_4)
FNDA:0,retrieveNormFromTable
FNDA:0,parseNormFromText
FNDA:0,buildNormFromChunks
FNDA:0,(anonymous_8)
FNDA:0,computeHVDC
FNDA:0,(anonymous_10)
DA:2,4
DA:3,4
DA:5,4
DA:12,0
DA:13,0
DA:14,0
DA:19,0
DA:20,0
DA:21,0
DA:22,0
DA:23,0
DA:24,0
DA:25,0
DA:27,0
DA:29,0
DA:31,0
DA:32,0
DA:33,0
DA:34,0
DA:38,0
DA:39,0
DA:40,0
DA:41,0
DA:42,0
DA:43,0
DA:44,0
DA:46,0
DA:50,0
DA:51,0
DA:52,0
DA:53,0
DA:54,0
DA:55,0
DA:56,0
DA:57,0
DA:61,0
DA:62,0
DA:68,0
DA:69,0
DA:70,0
DA:76,0
DA:77,0
DA:81,0
DA:85,0
DA:86,0
DA:87,0
DA:88,0
DA:89,0
DA:90,0
DA:91,0
DA:92,0
DA:93,0
DA:97,0
DA:99,0
DA:100,0
DA:101,0
DA:102,0
DA:103,0
DA:104,0
DA:107,0
DA:108,0
DA:109,0
DA:111,0
DA:115,0
DA:116,0
DA:117,0
DA:118,0
DA:120,0
DA:122,0
DA:123,0
DA:124,0
DA:127,0
DA:128,0
DA:129,0
DA:130,0
DA:131,0
DA:132,0
DA:137,0
DA:138,0
DA:139,0
DA:141,0
DA:142,0
DA:143,0
DA:146,0
DA:147,0
DA:148,0
DA:149,0
DA:152,0
DA:154,0
DA:155,0
DA:161,0
DA:162,0
DA:168,0
DA:169,0
DA:175,0
DA:176,0
DA:177,0
DA:178,0
DA:179,0
DA:182,0
DA:184,0
DA:188,4
LF:102
LH:4
BRDA:13,0,0,0
BRDA:13,0,1,0
BRDA:23,1,0,0
BRDA:23,1,1,0
BRDA:27,2,0,0
BRDA:27,2,1,0
BRDA:32,3,0,0
BRDA:32,3,1,0
BRDA:41,4,0,0
BRDA:41,4,1,0
BRDA:42,5,0,0
BRDA:42,5,1,0
BRDA:51,6,0,0
BRDA:51,6,1,0
BRDA:51,7,0,0
BRDA:51,7,1,0
BRDA:54,8,0,0
BRDA:54,8,1,0
BRDA:55,9,0,0
BRDA:55,9,1,0
BRDA:56,10,0,0
BRDA:56,10,1,0
BRDA:61,11,0,0
BRDA:61,11,1,0
BRDA:63,12,0,0
BRDA:63,12,1,0
BRDA:63,13,0,0
BRDA:63,13,1,0
BRDA:64,14,0,0
BRDA:64,14,1,0
BRDA:65,15,0,0
BRDA:65,15,1,0
BRDA:76,16,0,0
BRDA:76,16,1,0
BRDA:76,17,0,0
BRDA:76,17,1,0
BRDA:76,17,2,0
BRDA:92,18,0,0
BRDA:92,18,1,0
BRDA:97,19,0,0
BRDA:97,19,1,0
BRDA:103,20,0,0
BRDA:103,20,1,0
BRDA:103,20,2,0
BRDA:107,21,0,0
BRDA:107,21,1,0
BRDA:109,22,0,0
BRDA:109,22,1,0
BRDA:116,23,0,0
BRDA:116,23,1,0
BRDA:120,24,0,0
BRDA:120,24,1,0
BRDA:123,25,0,0
BRDA:123,25,1,0
BRDA:124,26,0,0
BRDA:124,26,1,0
BRDA:130,27,0,0
BRDA:130,27,1,0
BRDA:131,28,0,0
BRDA:131,28,1,0
BRDA:137,29,0,0
BRDA:137,29,1,0
BRDA:138,30,0,0
BRDA:138,30,1,0
BRDA:138,31,0,0
BRDA:138,31,1,0
BRDA:148,32,0,0
BRDA:148,32,1,0
BRDA:148,33,0,0
BRDA:148,33,1,0
BRDA:148,33,2,0
BRDA:152,34,0,0
BRDA:152,34,1,0
BRDA:152,35,0,0
BRDA:152,35,1,0
BRDA:154,36,0,0
BRDA:154,36,1,0
BRDA:166,37,0,0
BRDA:166,37,1,0
BRDA:168,38,0,0
BRDA:168,38,1,0
BRDA:169,39,0,0
BRDA:169,39,1,0
BRDA:175,40,0,0
BRDA:175,40,1,0
BRDA:175,41,0,0
BRDA:175,41,1,0
BRDA:176,42,0,0
BRDA:176,42,1,0
BRDA:179,43,0,0
BRDA:179,43,1,0
BRF:91
BRH:0
end_of_record
TN:
SF:bot/functions/shared/services/messages-service.js
FN:12,safeJsonParse
FN:16,deepMerge
FN:29,loadLocale
FN:48,interpolate
FN:50,(anonymous_4)
FN:57,(anonymous_5)
FN:62,(anonymous_6)
FN:70,(anonymous_7)
FNF:8
FNH:0
FNDA:0,safeJsonParse
FNDA:0,deepMerge
FNDA:0,loadLocale
FNDA:0,interpolate
FNDA:0,(anonymous_4)
FNDA:0,(anonymous_5)
FNDA:0,(anonymous_6)
FNDA:0,(anonymous_7)
DA:3,0
DA:4,0
DA:6,0
DA:7,0
DA:9,0
DA:10,0
DA:13,0
DA:17,0
DA:18,0
DA:19,0
DA:20,0
DA:21,0
DA:23,0
DA:26,0
DA:30,0
DA:32,0
DA:34,0
DA:35,0
DA:36,0
DA:37,0
DA:38,0
DA:43,0
DA:44,0
DA:45,0
DA:49,0
DA:50,0
DA:51,0
DA:52,0
DA:58,0
DA:59,0
DA:63,0
DA:64,0
DA:65,0
DA:66,0
DA:67,0
DA:71,0
DA:72,0
DA:73,0
DA:74,0
DA:75,0
DA:76,0
DA:78,0
DA:79,0
DA:83,0
LF:44
LH:0
BRDA:17,0,0,0
BRDA:17,0,1,0
BRDA:17,1,0,0
BRDA:17,1,1,0
BRDA:18,2,0,0
BRDA:18,2,1,0
BRDA:20,3,0,0
BRDA:20,3,1,0
BRDA:20,4,0,0
BRDA:20,4,1,0
BRDA:20,4,2,0
BRDA:21,5,0,0
BRDA:21,5,1,0
BRDA:30,6,0,0
BRDA:30,6,1,0
BRDA:32,7,0,0
BRDA:32,7,1,0
BRDA:36,8,0,0
BRDA:36,8,1,0
BRDA:44,9,0,0
BRDA:44,9,1,0
BRDA:45,10,0,0
BRDA:45,10,1,0
BRDA:48,11,0,0
BRDA:49,12,0,0
BRDA:49,12,1,0
BRDA:49,13,0,0
BRDA:49,13,1,0
BRDA:51,14,0,0
BRDA:51,14,1,0
BRDA:52,15,0,0
BRDA:52,15,1,0
BRDA:58,16,0,0
BRDA:58,16,1,0
BRDA:63,17,0,0
BRDA:63,17,1,0
BRDA:63,17,2,0
BRDA:64,18,0,0
BRDA:64,18,1,0
BRDA:70,19,0,0
BRDA:75,20,0,0
BRDA:75,20,1,0
BRDA:75,21,0,0
BRDA:75,21,1,0
BRDA:78,22,0,0
BRDA:78,22,1,0
BRF:46
BRH:0
end_of_record
TN:
SF:bot/functions/shared/services/test-gemini-service.js
FN:6,testGeminiService
FNF:1
FNH:0
FNDA:0,testGeminiService
DA:4,0
DA:7,0
DA:9,0
DA:11,0
DA:12,0
DA:16,0
DA:19,0
DA:22,0
DA:23,0
DA:27,0
DA:29,0
DA:30,0
DA:32,0
DA:33,0
DA:38,0
DA:41,0
DA:42,0
LF:17
LH:0
BRDA:16,0,0,0
BRDA:16,0,1,0
BRDA:27,1,0,0
BRDA:27,1,1,0
BRDA:41,2,0,0
BRDA:41,2,1,0
BRF:6
BRH:0
end_of_record
TN:
SF:bot/functions/shared/services/user-cache-service.js
FN:11,(anonymous_0)
FN:23,(anonymous_1)
FN:36,(anonymous_2)
FN:44,(anonymous_3)
FN:57,(anonymous_4)
FN:65,(anonymous_5)
FN:78,(anonymous_6)
FN:86,(anonymous_7)
FN:99,(anonymous_8)
FN:107,(anonymous_9)
FN:120,(anonymous_10)
FN:128,(anonymous_11)
FN:136,(anonymous_12)
FN:144,(anonymous_13)
FN:152,(anonymous_14)
FN:160,(anonymous_15)
FN:168,(anonymous_16)
FN:176,(anonymous_17)
FN:184,(anonymous_18)
FN:202,(anonymous_19)
FN:206,(anonymous_20)
FN:216,(anonymous_21)
FN:239,(anonymous_22)
FN:256,(anonymous_23)
FN:265,(anonymous_24)
FN:269,(anonymous_25)
FN:273,(anonymous_26)
FN:277,(anonymous_27)
FN:281,(anonymous_28)
FN:292,(anonymous_29)
FN:313,(anonymous_30)
FN:324,(anonymous_31)
FNF:32
FNH:1
FNDA:5,(anonymous_0)
FNDA:0,(anonymous_1)
FNDA:0,(anonymous_2)
FNDA:0,(anonymous_3)
FNDA:0,(anonymous_4)
FNDA:0,(anonymous_5)
FNDA:0,(anonymous_6)
FNDA:0,(anonymous_7)
FNDA:0,(anonymous_8)
FNDA:0,(anonymous_9)
FNDA:0,(anonymous_10)
FNDA:0,(anonymous_11)
FNDA:0,(anonymous_12)
FNDA:0,(anonymous_13)
FNDA:0,(anonymous_14)
FNDA:0,(anonymous_15)
FNDA:0,(anonymous_16)
FNDA:0,(anonymous_17)
FNDA:0,(anonymous_18)
FNDA:0,(anonymous_19)
FNDA:0,(anonymous_20)
FNDA:0,(anonymous_21)
FNDA:0,(anonymous_22)
FNDA:0,(anonymous_23)
FNDA:0,(anonymous_24)
FNDA:0,(anonymous_25)
FNDA:0,(anonymous_26)
FNDA:0,(anonymous_27)
FNDA:0,(anonymous_28)
FNDA:0,(anonymous_29)
FNDA:0,(anonymous_30)
FNDA:0,(anonymous_31)
DA:4,5
DA:12,5
DA:13,5
DA:14,5
DA:15,5
DA:17,5
DA:24,0
DA:25,0
DA:37,0
DA:38,0
DA:45,0
DA:46,0
DA:58,0
DA:59,0
DA:66,0
DA:67,0
DA:79,0
DA:80,0
DA:87,0
DA:88,0
DA:100,0
DA:101,0
DA:108,0
DA:109,0
DA:121,0
DA:122,0
DA:129,0
DA:130,0
DA:137,0
DA:138,0
DA:145,0
DA:146,0
DA:153,0
DA:154,0
DA:161,0
DA:162,0
DA:169,0
DA:170,0
DA:177,0
DA:178,0
DA:185,0
DA:190,0
DA:192,0
DA:193,0
DA:203,0
DA:204,0
DA:206,0
DA:207,0
DA:210,0
DA:217,0
DA:219,0
DA:240,0
DA:241,0
DA:246,0
DA:247,0
DA:250,0
DA:257,0
DA:258,0
DA:266,0
DA:270,0
DA:274,0
DA:278,0
DA:282,0
DA:293,0
DA:295,0
DA:296,0
DA:297,0
DA:298,0
DA:299,0
DA:302,0
DA:303,0
DA:307,0
DA:314,0
DA:323,0
DA:324,0
DA:325,0
DA:328,0
DA:329,0
DA:334,5
DA:336,5
LF:80
LH:8
BRDA:192,0,0,0
BRDA:192,0,1,0
BRDA:241,1,0,0
BRDA:241,1,1,0
BRDA:247,2,0,0
BRDA:247,2,1,0
BRDA:292,3,0,0
BRDA:292,4,0,0
BRDA:295,5,0,0
BRDA:295,5,1,0
BRDA:298,6,0,0
BRDA:298,6,1,0
BRDA:298,7,0,0
BRDA:298,7,1,0
BRDA:299,8,0,0
BRDA:299,8,1,0
BRF:16
BRH:0
end_of_record
TN:
SF:bot/functions/shared/utils/logger.js
FN:18,generateCorrelationId
FN:27,(anonymous_1)
FN:59,(anonymous_2)
FN:118,(anonymous_3)
FN:124,(anonymous_4)
FN:130,(anonymous_5)
FN:136,(anonymous_6)
FN:146,(anonymous_7)
FN:168,(anonymous_8)
FN:172,(anonymous_9)
FN:176,(anonymous_10)
FN:180,(anonymous_11)
FN:187,(anonymous_12)
FN:201,(anonymous_13)
FN:213,(anonymous_14)
FN:226,(anonymous_15)
FN:237,(anonymous_16)
FN:249,(anonymous_17)
FN:261,(anonymous_18)
FN:274,(anonymous_19)
FN:284,(anonymous_20)
FN:297,(anonymous_21)
FN:309,(anonymous_22)
FN:341,(anonymous_23)
FNF:24
FNH:2
FNDA:0,generateCorrelationId
FNDA:0,(anonymous_1)
FNDA:0,(anonymous_2)
FNDA:8,(anonymous_3)
FNDA:0,(anonymous_4)
FNDA:0,(anonymous_5)
FNDA:0,(anonymous_6)
FNDA:0,(anonymous_7)
FNDA:0,(anonymous_8)
FNDA:0,(anonymous_9)
FNDA:0,(anonymous_10)
FNDA:0,(anonymous_11)
FNDA:0,(anonymous_12)
FNDA:0,(anonymous_13)
FNDA:0,(anonymous_14)
FNDA:0,(anonymous_15)
FNDA:0,(anonymous_16)
FNDA:0,(anonymous_17)
FNDA:0,(anonymous_18)
FNDA:0,(anonymous_19)
FNDA:0,(anonymous_20)
FNDA:0,(anonymous_21)
FNDA:0,(anonymous_22)
FNDA:4,(anonymous_23)
DA:2,4
DA:3,4
DA:6,4
DA:13,4
DA:14,4
DA:15,4
DA:19,0
DA:23,4
DA:28,0
DA:39,0
DA:40,0
DA:43,0
DA:48,4
DA:51,4
DA:60,0
DA:63,0
DA:71,4
DA:72,4
DA:91,4
DA:92,0
DA:93,0
DA:108,4
DA:119,8
DA:120,8
DA:125,0
DA:126,0
DA:131,0
DA:132,0
DA:137,0
DA:141,0
DA:142,0
DA:147,0
DA:156,0
DA:157,0
DA:164,0
DA:169,0
DA:173,0
DA:177,0
DA:181,0
DA:188,0
DA:202,0
DA:214,0
DA:227,0
DA:238,0
DA:250,0
DA:262,0
DA:275,0
DA:285,0
DA:298,0
DA:310,0
DA:321,4
DA:322,4
DA:323,4
DA:325,4
DA:326,4
DA:327,4
DA:328,0
DA:331,0
DA:336,4
DA:341,4
LF:60
LH:23
BRDA:13,0,0,4
BRDA:13,0,1,4
BRDA:32,1,0,0
BRDA:32,1,1,0
BRDA:34,2,0,0
BRDA:34,2,1,0
BRDA:35,3,0,0
BRDA:35,3,1,0
BRDA:39,4,0,0
BRDA:39,4,1,0
BRDA:48,5,0,4
BRDA:48,5,1,4
BRDA:48,5,2,4
BRDA:55,6,0,0
BRDA:55,6,1,4
BRDA:60,7,0,0
BRDA:60,7,1,0
BRDA:60,8,0,0
BRDA:60,8,1,0
BRDA:63,9,0,0
BRDA:63,9,1,0
BRDA:71,10,0,4
BRDA:71,10,1,0
BRDA:91,11,0,0
BRDA:91,11,1,4
BRDA:91,12,0,4
BRDA:91,12,1,0
BRDA:96,13,0,0
BRDA:96,13,1,0
BRDA:118,14,0,4
BRDA:136,15,0,0
BRDA:146,16,0,0
BRDA:146,17,0,0
BRDA:149,18,0,0
BRDA:149,18,1,0
BRDA:156,19,0,0
BRDA:156,19,1,0
BRDA:168,20,0,0
BRDA:168,21,0,0
BRDA:172,22,0,0
BRDA:176,23,0,0
BRDA:180,24,0,0
BRDA:187,25,0,0
BRDA:187,26,0,0
BRDA:201,27,0,0
BRDA:201,28,0,0
BRDA:213,29,0,0
BRDA:213,30,0,0
BRDA:226,31,0,0
BRDA:237,32,0,0
BRDA:249,33,0,0
BRDA:249,34,0,0
BRDA:249,35,0,0
BRDA:261,36,0,0
BRDA:261,37,0,0
BRDA:274,38,0,0
BRDA:284,39,0,0
BRDA:284,40,0,0
BRDA:284,41,0,0
BRDA:297,42,0,0
BRDA:309,43,0,0
BRDA:309,44,0,0
BRDA:321,45,0,4
BRDA:321,45,1,0
BRDA:327,46,0,0
BRDA:327,46,1,4
BRDA:341,47,0,0
BRF:67
BRH:12
end_of_record
