TN:
SF:bot/functions/analyses-history.js
FN:16,validateTelegramData
FN:30,(anonymous_1)
FN:48,(anonymous_2)
FN:58,(anonymous_3)
FNF:4
FNH:0
FNDA:0,validateTelegramData
FNDA:0,(anonymous_1)
FNDA:0,(anonymous_2)
FNDA:0,(anonymous_3)
DA:3,0
DA:4,0
DA:5,0
DA:6,0
DA:8,0
DA:9,0
DA:10,0
DA:11,0
DA:12,0
DA:13,0
DA:17,0
DA:18,0
DA:19,0
DA:21,0
DA:22,0
DA:23,0
DA:24,0
DA:25,0
DA:27,0
DA:28,0
DA:29,0
DA:30,0
DA:31,0
DA:32,0
DA:33,0
DA:34,0
DA:35,0
DA:36,0
DA:37,0
DA:38,0
DA:39,0
DA:40,0
DA:41,0
DA:42,0
DA:43,0
DA:44,0
DA:48,0
DA:49,0
DA:50,0
DA:51,0
DA:58,0
DA:59,0
DA:60,0
DA:61,0
DA:62,0
DA:69,0
DA:70,0
DA:71,0
DA:75,0
DA:76,0
DA:77,0
DA:81,0
DA:82,0
DA:83,0
DA:87,0
DA:88,0
DA:90,0
DA:91,0
DA:93,0
DA:95,0
DA:96,0
DA:98,0
DA:99,0
DA:100,0
DA:102,0
DA:103,0
DA:105,0
DA:107,0
DA:108,0
DA:110,0
DA:111,0
DA:113,0
DA:114,0
DA:115,0
DA:118,0
DA:119,0
DA:123,0
DA:124,0
DA:128,0
DA:129,0
DA:130,0
DA:134,0
DA:136,0
DA:137,0
DA:141,0
DA:143,0
DA:144,0
DA:145,0
DA:146,0
DA:153,0
DA:154,0
DA:157,0
DA:158,0
DA:165,0
DA:166,0
LF:95
LH:0
BRDA:17,0,0,0
BRDA:17,0,1,0
BRDA:17,1,0,0
BRDA:17,1,1,0
BRDA:23,2,0,0
BRDA:23,2,1,0
BRDA:35,3,0,0
BRDA:35,3,1,0
BRDA:37,4,0,0
BRDA:37,4,1,0
BRDA:40,5,0,0
BRDA:40,5,1,0
BRDA:40,6,0,0
BRDA:40,6,1,0
BRDA:49,7,0,0
BRDA:49,7,1,0
BRDA:49,8,0,0
BRDA:49,8,1,0
BRDA:49,9,0,0
BRDA:49,9,1,0
BRDA:61,10,0,0
BRDA:61,10,1,0
BRDA:63,11,0,0
BRDA:63,11,1,0
BRDA:63,12,0,0
BRDA:63,12,1,0
BRDA:69,13,0,0
BRDA:69,13,1,0
BRDA:75,14,0,0
BRDA:75,14,1,0
BRDA:81,15,0,0
BRDA:81,15,1,0
BRDA:81,16,0,0
BRDA:81,16,1,0
BRDA:81,16,2,0
BRDA:81,16,3,0
BRDA:81,16,4,0
BRDA:81,16,5,0
BRDA:93,17,0,0
BRDA:93,17,1,0
BRDA:98,18,0,0
BRDA:98,18,1,0
BRDA:98,19,0,0
BRDA:98,19,1,0
BRDA:98,19,2,0
BRDA:99,20,0,0
BRDA:99,20,1,0
BRDA:105,21,0,0
BRDA:105,21,1,0
BRDA:105,22,0,0
BRDA:105,22,1,0
BRDA:134,23,0,0
BRDA:134,23,1,0
BRDA:144,24,0,0
BRDA:144,24,1,0
BRDA:157,25,0,0
BRDA:157,25,1,0
BRDA:161,26,0,0
BRDA:161,26,1,0
BRF:59
BRH:0
end_of_record
TN:
SF:bot/functions/analyze-dream.js
FN:15,getGeminiAnalysis
FN:25,handleAnalyzeDream
FNF:2
FNH:0
FNDA:0,getGeminiAnalysis
FNDA:0,handleAnalyzeDream
DA:1,4
DA:2,4
DA:3,4
DA:4,4
DA:5,4
DA:7,4
DA:8,4
DA:9,4
DA:10,4
DA:11,4
DA:12,4
DA:16,0
DA:17,0
DA:19,0
DA:20,0
DA:26,0
DA:29,0
DA:30,0
DA:31,0
DA:32,0
DA:33,0
DA:34,0
DA:35,0
DA:36,0
DA:37,0
DA:39,0
DA:42,0
DA:47,0
DA:48,0
DA:49,0
DA:51,0
DA:53,0
DA:54,0
DA:58,0
DA:61,0
DA:62,0
DA:64,0
DA:65,0
DA:67,0
DA:69,0
DA:70,0
DA:74,0
DA:76,0
DA:77,0
DA:79,0
DA:80,0
DA:85,0
DA:86,0
DA:88,0
DA:92,0
DA:93,0
DA:95,0
DA:96,0
DA:99,0
DA:100,0
DA:104,0
DA:108,4
LF:57
LH:12
BRDA:32,0,0,0
BRDA:32,0,1,0
BRDA:32,1,0,0
BRDA:32,1,1,0
BRDA:53,2,0,0
BRDA:53,2,1,0
BRDA:53,3,0,0
BRDA:53,3,1,0
BRDA:61,4,0,0
BRDA:61,4,1,0
BRDA:61,5,0,0
BRDA:61,5,1,0
BRDA:64,6,0,0
BRDA:64,6,1,0
BRDA:64,7,0,0
BRDA:64,7,1,0
BRDA:69,8,0,0
BRDA:69,8,1,0
BRDA:76,9,0,0
BRDA:76,9,1,0
BRDA:79,10,0,0
BRDA:79,10,1,0
BRDA:88,11,0,0
BRDA:88,11,1,0
BRDA:95,12,0,0
BRDA:95,12,1,0
BRDA:99,13,0,0
BRDA:99,13,1,0
BRF:28
BRH:0
end_of_record
TN:
SF:bot/functions/bot.js
FN:92,(anonymous_0)
FN:154,(anonymous_1)
FNF:2
FNH:0
FNDA:0,(anonymous_0)
FNDA:0,(anonymous_1)
DA:4,0
DA:5,0
DA:8,0
DA:11,0
DA:12,0
DA:13,0
DA:16,0
DA:17,0
DA:18,0
DA:22,0
DA:25,0
DA:26,0
DA:27,0
DA:28,0
DA:29,0
DA:37,0
DA:38,0
DA:41,0
DA:43,0
DA:45,0
DA:47,0
DA:53,0
DA:54,0
DA:58,0
DA:61,0
DA:63,0
DA:69,0
DA:70,0
DA:71,0
DA:73,0
DA:78,0
DA:81,0
DA:82,0
DA:85,0
DA:88,0
DA:89,0
DA:92,0
DA:93,0
DA:94,0
DA:95,0
DA:96,0
DA:97,0
DA:99,0
DA:100,0
DA:105,0
DA:106,0
DA:109,0
DA:110,0
DA:114,0
DA:124,0
DA:125,0
DA:128,0
DA:129,0
DA:130,0
DA:131,0
DA:137,0
DA:138,0
DA:139,0
DA:140,0
DA:141,0
DA:143,0
DA:144,0
DA:147,0
DA:154,0
DA:155,0
DA:156,0
DA:158,0
DA:163,0
DA:164,0
DA:169,0
DA:175,0
DA:176,0
DA:179,0
LF:73
LH:0
BRDA:49,0,0,0
BRDA:49,0,1,0
BRDA:53,1,0,0
BRDA:53,1,1,0
BRDA:53,2,0,0
BRDA:53,2,1,0
BRDA:53,2,2,0
BRDA:53,2,3,0
BRDA:53,2,4,0
BRDA:64,3,0,0
BRDA:64,3,1,0
BRDA:65,4,0,0
BRDA:65,4,1,0
BRDA:99,5,0,0
BRDA:99,5,1,0
BRDA:105,6,0,0
BRDA:105,6,1,0
BRDA:109,7,0,0
BRDA:109,7,1,0
BRDA:138,8,0,0
BRDA:138,8,1,0
BRDA:138,9,0,0
BRDA:138,9,1,0
BRDA:163,10,0,0
BRDA:163,10,1,0
BRDA:163,11,0,0
BRDA:163,11,1,0
BRF:27
BRH:0
end_of_record
TN:
SF:bot/functions/business-metrics.js
FN:15,getBusinessMetrics
FN:90,getTimeRangeBoundaries
FN:122,getUserMetrics
FN:177,getAnalysisMetrics
FN:230,getSubscriptionMetrics
FN:285,getEngagementMetrics
FN:299,(anonymous_6)
FN:322,getRevenueMetrics
FN:347,(anonymous_8)
FN:367,calculateUserSegments
FN:373,(anonymous_10)
FN:380,(anonymous_11)
FN:381,(anonymous_12)
FN:382,(anonymous_13)
FN:389,calculateAnalysesPerUser
FN:395,(anonymous_15)
FN:400,(anonymous_16)
FN:411,calculateTypeDistribution
FN:415,(anonymous_18)
FN:426,calculateSessionMetrics
FN:433,(anonymous_20)
FN:443,(anonymous_21)
FN:445,(anonymous_22)
FN:464,calculateGrowthRate
FN:474,calculateChurnRate
FN:482,calculateTrends
FN:494,handleBusinessMetrics
FNF:27
FNH:0
FNDA:0,getBusinessMetrics
FNDA:0,getTimeRangeBoundaries
FNDA:0,getUserMetrics
FNDA:0,getAnalysisMetrics
FNDA:0,getSubscriptionMetrics
FNDA:0,getEngagementMetrics
FNDA:0,(anonymous_6)
FNDA:0,getRevenueMetrics
FNDA:0,(anonymous_8)
FNDA:0,calculateUserSegments
FNDA:0,(anonymous_10)
FNDA:0,(anonymous_11)
FNDA:0,(anonymous_12)
FNDA:0,(anonymous_13)
FNDA:0,calculateAnalysesPerUser
FNDA:0,(anonymous_15)
FNDA:0,(anonymous_16)
FNDA:0,calculateTypeDistribution
FNDA:0,(anonymous_18)
FNDA:0,calculateSessionMetrics
FNDA:0,(anonymous_20)
FNDA:0,(anonymous_21)
FNDA:0,(anonymous_22)
FNDA:0,calculateGrowthRate
FNDA:0,calculateChurnRate
FNDA:0,calculateTrends
FNDA:0,handleBusinessMetrics
DA:2,0
DA:3,0
DA:4,0
DA:7,0
DA:8,0
DA:10,0
DA:16,0
DA:17,0
DA:18,0
DA:20,0
DA:21,0
DA:24,0
DA:28,0
DA:31,0
DA:40,0
DA:48,0
DA:50,0
DA:69,0
DA:79,0
DA:82,0
DA:83,0
DA:91,0
DA:92,0
DA:94,0
DA:96,0
DA:97,0
DA:98,0
DA:100,0
DA:101,0
DA:102,0
DA:104,0
DA:105,0
DA:106,0
DA:108,0
DA:109,0
DA:110,0
DA:112,0
DA:113,0
DA:116,0
DA:123,0
DA:125,0
DA:130,0
DA:136,0
DA:143,0
DA:150,0
DA:157,0
DA:159,0
DA:169,0
DA:170,0
DA:178,0
DA:180,0
DA:185,0
DA:191,0
DA:198,0
DA:204,0
DA:209,0
DA:210,0
DA:212,0
DA:222,0
DA:223,0
DA:231,0
DA:233,0
DA:238,0
DA:240,0
DA:251,0
DA:257,0
DA:263,0
DA:269,0
DA:277,0
DA:278,0
DA:286,0
DA:288,0
DA:294,0
DA:295,0
DA:299,0
DA:300,0
DA:301,0
DA:304,0
DA:306,0
DA:314,0
DA:315,0
DA:323,0
DA:325,0
DA:330,0
DA:331,0
DA:341,0
DA:347,0
DA:348,0
DA:349,0
DA:351,0
DA:359,0
DA:360,0
DA:368,0
DA:369,0
DA:372,0
DA:373,0
DA:374,0
DA:377,0
DA:379,0
DA:380,0
DA:381,0
DA:382,0
DA:390,0
DA:391,0
DA:394,0
DA:395,0
DA:396,0
DA:399,0
DA:400,0
DA:402,0
DA:412,0
DA:414,0
DA:415,0
DA:416,0
DA:417,0
DA:420,0
DA:427,0
DA:428,0
DA:432,0
DA:433,0
DA:434,0
DA:435,0
DA:437,0
DA:440,0
DA:441,0
DA:443,0
DA:444,0
DA:445,0
DA:446,0
DA:447,0
DA:448,0
DA:450,0
DA:451,0
DA:455,0
DA:465,0
DA:466,0
DA:468,0
DA:475,0
DA:476,0
DA:483,0
DA:495,0
DA:496,0
DA:498,0
DA:499,0
DA:500,0
DA:501,0
DA:503,0
DA:510,0
DA:517,0
DA:519,0
DA:531,0
DA:544,0
LF:152
LH:0
BRDA:15,0,0,0
BRDA:20,1,0,0
BRDA:20,1,1,0
BRDA:20,2,0,0
BRDA:20,2,1,0
BRDA:94,3,0,0
BRDA:94,3,1,0
BRDA:94,3,2,0
BRDA:94,3,3,0
BRDA:94,3,4,0
BRDA:160,4,0,0
BRDA:160,4,1,0
BRDA:161,5,0,0
BRDA:161,5,1,0
BRDA:162,6,0,0
BRDA:162,6,1,0
BRDA:163,7,0,0
BRDA:163,7,1,0
BRDA:213,8,0,0
BRDA:213,8,1,0
BRDA:214,9,0,0
BRDA:214,9,1,0
BRDA:215,10,0,0
BRDA:215,10,1,0
BRDA:238,11,0,0
BRDA:238,11,1,0
BRDA:238,12,0,0
BRDA:238,12,1,0
BRDA:270,13,0,0
BRDA:270,13,1,0
BRDA:271,14,0,0
BRDA:271,14,1,0
BRDA:272,15,0,0
BRDA:272,15,1,0
BRDA:294,16,0,0
BRDA:294,16,1,0
BRDA:330,17,0,0
BRDA:330,17,1,0
BRDA:330,18,0,0
BRDA:330,18,1,0
BRDA:347,19,0,0
BRDA:347,19,1,0
BRDA:347,20,0,0
BRDA:347,20,1,0
BRDA:348,21,0,0
BRDA:348,21,1,0
BRDA:349,22,0,0
BRDA:349,22,1,0
BRDA:368,23,0,0
BRDA:368,23,1,0
BRDA:368,24,0,0
BRDA:368,24,1,0
BRDA:374,25,0,0
BRDA:374,25,1,0
BRDA:381,26,0,0
BRDA:381,26,1,0
BRDA:390,27,0,0
BRDA:390,27,1,0
BRDA:390,28,0,0
BRDA:390,28,1,0
BRDA:396,29,0,0
BRDA:396,29,1,0
BRDA:412,30,0,0
BRDA:412,30,1,0
BRDA:416,31,0,0
BRDA:416,31,1,0
BRDA:417,32,0,0
BRDA:417,32,1,0
BRDA:427,33,0,0
BRDA:427,33,1,0
BRDA:427,34,0,0
BRDA:427,34,1,0
BRDA:434,35,0,0
BRDA:434,35,1,0
BRDA:444,36,0,0
BRDA:444,36,1,0
BRDA:457,37,0,0
BRDA:457,37,1,0
BRDA:465,38,0,0
BRDA:465,38,1,0
BRDA:465,39,0,0
BRDA:465,39,1,0
BRDA:466,40,0,0
BRDA:466,40,1,0
BRDA:475,41,0,0
BRDA:475,41,1,0
BRDA:475,42,0,0
BRDA:475,42,1,0
BRDA:484,43,0,0
BRDA:484,43,1,0
BRDA:485,44,0,0
BRDA:485,44,1,0
BRDA:486,45,0,0
BRDA:486,45,1,0
BRDA:496,46,0,0
BRDA:496,46,1,0
BRDA:499,47,0,0
BRDA:499,47,1,0
BRDA:500,48,0,0
BRDA:500,48,1,0
BRF:100
BRH:0
end_of_record
TN:
SF:bot/functions/cache-monitoring.js
FN:16,getCORSHeaders
FN:28,(anonymous_1)
FN:88,handleCacheStats
FN:143,handleCacheHealth
FN:202,handleCacheInvalidation
FN:283,handleCacheWarming
FN:356,handleCacheKeys
FN:380,(anonymous_7)
FN:415,handleCacheDashboard
FNF:9
FNH:0
FNDA:0,getCORSHeaders
FNDA:0,(anonymous_1)
FNDA:0,handleCacheStats
FNDA:0,handleCacheHealth
FNDA:0,handleCacheInvalidation
FNDA:0,handleCacheWarming
FNDA:0,handleCacheKeys
FNDA:0,(anonymous_7)
FNDA:0,handleCacheDashboard
DA:4,0
DA:5,0
DA:6,0
DA:7,0
DA:8,0
DA:11,0
DA:17,0
DA:28,0
DA:29,0
DA:30,0
DA:33,0
DA:34,0
DA:41,0
DA:42,0
DA:43,0
DA:44,0
DA:46,0
DA:49,0
DA:50,0
DA:53,0
DA:54,0
DA:57,0
DA:58,0
DA:61,0
DA:62,0
DA:65,0
DA:66,0
DA:70,0
DA:73,0
DA:74,0
DA:89,0
DA:90,0
DA:97,0
DA:98,0
DA:100,0
DA:102,0
DA:103,0
DA:105,0
DA:106,0
DA:108,0
DA:109,0
DA:111,0
DA:112,0
DA:114,0
DA:115,0
DA:118,0
DA:125,0
DA:128,0
DA:144,0
DA:145,0
DA:152,0
DA:153,0
DA:156,0
DA:157,0
DA:159,0
DA:160,0
DA:161,0
DA:164,0
DA:165,0
DA:166,0
DA:169,0
DA:170,0
DA:171,0
DA:174,0
DA:186,0
DA:189,0
DA:203,0
DA:204,0
DA:212,0
DA:213,0
DA:215,0
DA:222,0
DA:223,0
DA:225,0
DA:226,0
DA:228,0
DA:229,0
DA:230,0
DA:233,0
DA:234,0
DA:235,0
DA:238,0
DA:239,0
DA:240,0
DA:243,0
DA:244,0
DA:247,0
DA:248,0
DA:251,0
DA:254,0
DA:268,0
DA:284,0
DA:285,0
DA:293,0
DA:294,0
DA:296,0
DA:303,0
DA:305,0
DA:308,0
DA:310,0
DA:311,0
DA:314,0
DA:315,0
DA:318,0
DA:319,0
DA:322,0
DA:323,0
DA:324,0
DA:327,0
DA:330,0
DA:342,0
DA:357,0
DA:358,0
DA:365,0
DA:366,0
DA:367,0
DA:369,0
DA:370,0
DA:371,0
DA:378,0
DA:379,0
DA:380,0
DA:381,0
DA:382,0
DA:390,0
DA:401,0
DA:416,0
DA:451,0
LF:128
LH:0
BRDA:18,0,0,0
BRDA:18,0,1,0
BRDA:29,1,0,0
BRDA:29,1,1,0
BRDA:33,2,0,0
BRDA:33,2,1,0
BRDA:42,3,0,0
BRDA:42,3,1,0
BRDA:44,4,0,0
BRDA:44,4,1,0
BRDA:49,5,0,0
BRDA:49,5,1,0
BRDA:53,6,0,0
BRDA:53,6,1,0
BRDA:57,7,0,0
BRDA:57,7,1,0
BRDA:61,8,0,0
BRDA:61,8,1,0
BRDA:65,9,0,0
BRDA:65,9,1,0
BRDA:89,10,0,0
BRDA:89,10,1,0
BRDA:97,11,0,0
BRDA:97,11,1,0
BRDA:100,12,0,0
BRDA:100,12,1,0
BRDA:100,12,2,0
BRDA:100,12,3,0
BRDA:100,12,4,0
BRDA:100,12,5,0
BRDA:100,12,6,0
BRDA:144,13,0,0
BRDA:144,13,1,0
BRDA:153,14,0,0
BRDA:153,14,1,0
BRDA:159,15,0,0
BRDA:159,15,1,0
BRDA:164,16,0,0
BRDA:164,16,1,0
BRDA:169,17,0,0
BRDA:169,17,1,0
BRDA:186,18,0,0
BRDA:186,18,1,0
BRDA:187,19,0,0
BRDA:187,19,1,0
BRDA:203,20,0,0
BRDA:203,20,1,0
BRDA:213,21,0,0
BRDA:213,21,1,0
BRDA:226,22,0,0
BRDA:226,22,1,0
BRDA:226,22,2,0
BRDA:226,22,3,0
BRDA:226,22,4,0
BRDA:226,22,5,0
BRDA:228,23,0,0
BRDA:228,23,1,0
BRDA:229,24,0,0
BRDA:229,24,1,0
BRDA:233,25,0,0
BRDA:233,25,1,0
BRDA:238,26,0,0
BRDA:238,26,1,0
BRDA:243,27,0,0
BRDA:243,27,1,0
BRDA:262,28,0,0
BRDA:262,28,1,0
BRDA:284,29,0,0
BRDA:284,29,1,0
BRDA:294,30,0,0
BRDA:294,30,1,0
BRDA:308,31,0,0
BRDA:308,31,1,0
BRDA:308,31,2,0
BRDA:308,31,3,0
BRDA:308,31,4,0
BRDA:310,32,0,0
BRDA:310,32,1,0
BRDA:322,33,0,0
BRDA:322,33,1,0
BRDA:357,34,0,0
BRDA:357,34,1,0
BRDA:365,35,0,0
BRDA:365,35,1,0
BRDA:366,36,0,0
BRDA:366,36,1,0
BRDA:378,37,0,0
BRDA:378,37,1,0
BRDA:385,38,0,0
BRDA:385,38,1,0
BRF:90
BRH:0
end_of_record
TN:
SF:bot/functions/claim-channel-token.js
FN:14,validateTelegramData
FN:19,(anonymous_1)
FN:33,(anonymous_2)
FN:43,(anonymous_3)
FNF:4
FNH:0
FNDA:0,validateTelegramData
FNDA:0,(anonymous_1)
FNDA:0,(anonymous_2)
FNDA:0,(anonymous_3)
DA:2,0
DA:3,0
DA:4,0
DA:7,0
DA:8,0
DA:9,0
DA:10,0
DA:11,0
DA:16,0
DA:17,0
DA:18,0
DA:19,0
DA:20,0
DA:21,0
DA:22,0
DA:23,0
DA:24,0
DA:25,0
DA:26,0
DA:27,0
DA:28,0
DA:29,0
DA:33,0
DA:34,0
DA:35,0
DA:36,0
DA:43,0
DA:44,0
DA:47,0
DA:48,0
DA:49,0
DA:52,0
DA:53,0
DA:54,0
DA:57,0
DA:58,0
DA:59,0
DA:63,0
DA:65,0
DA:66,0
DA:68,0
DA:69,0
DA:70,0
DA:72,0
DA:73,0
DA:76,0
DA:77,0
DA:79,0
DA:81,0
DA:82,0
DA:88,0
DA:89,0
DA:90,0
DA:92,0
DA:93,0
DA:94,0
DA:96,0
DA:97,0
DA:98,0
DA:102,0
DA:104,0
DA:106,0
DA:107,0
DA:109,0
DA:110,0
DA:112,0
DA:115,0
DA:117,0
DA:118,0
DA:123,0
DA:124,0
DA:125,0
DA:127,0
DA:131,0
DA:132,0
DA:143,0
DA:144,0
DA:145,0
DA:149,0
DA:150,0
DA:151,0
DA:154,0
DA:155,0
DA:156,0
DA:164,0
DA:165,0
LF:86
LH:0
BRDA:11,0,0,0
BRDA:11,0,1,0
BRDA:16,1,0,0
BRDA:16,1,1,0
BRDA:16,2,0,0
BRDA:16,2,1,0
BRDA:18,3,0,0
BRDA:18,3,1,0
BRDA:23,4,0,0
BRDA:23,4,1,0
BRDA:25,5,0,0
BRDA:25,5,1,0
BRDA:26,6,0,0
BRDA:26,6,1,0
BRDA:26,7,0,0
BRDA:26,7,1,0
BRDA:34,8,0,0
BRDA:34,8,1,0
BRDA:47,9,0,0
BRDA:47,9,1,0
BRDA:52,10,0,0
BRDA:52,10,1,0
BRDA:57,11,0,0
BRDA:57,11,1,0
BRDA:57,12,0,0
BRDA:57,12,1,0
BRDA:57,12,2,0
BRDA:57,12,3,0
BRDA:57,12,4,0
BRDA:65,13,0,0
BRDA:65,13,1,0
BRDA:69,14,0,0
BRDA:69,14,1,0
BRDA:69,15,0,0
BRDA:69,15,1,0
BRDA:88,16,0,0
BRDA:88,16,1,0
BRDA:88,17,0,0
BRDA:88,17,1,0
BRDA:92,18,0,0
BRDA:92,18,1,0
BRDA:96,19,0,0
BRDA:96,19,1,0
BRDA:109,20,0,0
BRDA:109,20,1,0
BRDA:109,21,0,0
BRDA:109,21,1,0
BRDA:109,21,2,0
BRDA:112,22,0,0
BRDA:112,22,1,0
BRDA:124,23,0,0
BRDA:124,23,1,0
BRDA:135,24,0,0
BRDA:135,24,1,0
BRDA:143,25,0,0
BRDA:143,25,1,0
BRDA:149,26,0,0
BRDA:149,26,1,0
BRF:58
BRH:0
end_of_record
TN:
SF:bot/functions/create-invoice.js
FN:15,handleCreateInvoice
FNF:1
FNH:0
FNDA:0,handleCreateInvoice
DA:2,0
DA:3,0
DA:4,0
DA:5,0
DA:6,0
DA:8,0
DA:10,0
DA:16,0
DA:19,0
DA:20,0
DA:21,0
DA:24,0
DA:25,0
DA:26,0
DA:29,0
DA:30,0
DA:33,0
DA:34,0
DA:35,0
DA:38,0
DA:39,0
DA:42,0
DA:43,0
DA:46,0
DA:47,0
DA:51,0
DA:52,0
DA:53,0
DA:54,0
DA:55,0
DA:56,0
DA:58,0
DA:63,0
DA:65,0
DA:66,0
DA:67,0
DA:68,0
DA:70,0
DA:71,0
DA:72,0
DA:73,0
DA:77,0
DA:79,0
DA:80,0
DA:82,0
DA:83,0
DA:84,0
DA:85,0
DA:90,0
DA:91,0
DA:92,0
DA:93,0
DA:94,0
DA:95,0
DA:98,0
DA:99,0
DA:100,0
DA:102,0
DA:103,0
DA:104,0
DA:105,0
DA:106,0
DA:108,0
DA:109,0
DA:112,0
DA:117,0
LF:66
LH:0
BRDA:20,0,0,0
BRDA:20,0,1,0
BRDA:25,1,0,0
BRDA:25,1,1,0
BRDA:25,2,0,0
BRDA:25,2,1,0
BRDA:34,3,0,0
BRDA:34,3,1,0
BRDA:46,4,0,0
BRDA:46,4,1,0
BRDA:46,5,0,0
BRDA:46,5,1,0
BRDA:52,6,0,0
BRDA:52,6,1,0
BRDA:53,7,0,0
BRDA:53,7,1,0
BRDA:54,8,0,0
BRDA:54,8,1,0
BRDA:54,9,0,0
BRDA:54,9,1,0
BRDA:63,10,0,0
BRDA:63,10,1,0
BRDA:66,11,0,0
BRDA:66,11,1,0
BRDA:71,12,0,0
BRDA:71,12,1,0
BRDA:79,13,0,0
BRDA:79,13,1,0
BRDA:79,14,0,0
BRDA:79,14,1,0
BRDA:79,14,2,0
BRDA:79,14,3,0
BRDA:79,14,4,0
BRDA:79,14,5,0
BRDA:79,14,6,0
BRDA:79,14,7,0
BRDA:79,14,8,0
BRDA:79,14,9,0
BRDA:94,15,0,0
BRDA:94,15,1,0
BRDA:102,16,0,0
BRDA:102,16,1,0
BRDA:104,17,0,0
BRDA:104,17,1,0
BRDA:104,18,0,0
BRDA:104,18,1,0
BRDA:108,19,0,0
BRDA:108,19,1,0
BRF:48
BRH:0
end_of_record
TN:
SF:bot/functions/database-health.js
FN:17,handleHealthCheck
FN:71,performDetailedHealthCheck
FN:114,(anonymous_2)
FNF:3
FNH:0
FNDA:0,handleHealthCheck
FNDA:0,performDetailedHealthCheck
FNDA:0,(anonymous_2)
DA:4,0
DA:5,0
DA:6,0
DA:9,0
DA:10,0
DA:11,0
DA:12,0
DA:18,0
DA:20,0
DA:22,0
DA:23,0
DA:26,0
DA:29,0
DA:36,0
DA:37,0
DA:39,0
DA:46,0
DA:48,0
DA:57,0
DA:59,0
DA:72,0
DA:79,0
DA:81,0
DA:82,0
DA:83,0
DA:84,0
DA:87,0
DA:88,0
DA:91,0
DA:95,0
DA:101,0
DA:102,0
DA:105,0
DA:110,0
DA:114,0
DA:118,0
DA:119,0
DA:121,0
DA:123,0
DA:124,0
DA:129,0
DA:137,0
DA:138,0
DA:141,0
DA:145,0
DA:152,0
LF:46
LH:0
BRDA:36,0,0,0
BRDA:36,0,1,0
BRF:2
BRH:0
end_of_record
TN:
SF:bot/functions/deep-analysis.js
FN:30,getDeepGeminiAnalysis
FN:49,handleDeepAnalysis
FN:158,(anonymous_2)
FNF:3
FNH:0
FNDA:0,getDeepGeminiAnalysis
FNDA:0,handleDeepAnalysis
FNDA:0,(anonymous_2)
DA:3,4
DA:4,4
DA:5,4
DA:6,4
DA:7,4
DA:8,4
DA:9,4
DA:12,4
DA:15,4
DA:16,4
DA:17,4
DA:18,4
DA:19,4
DA:22,4
DA:25,4
DA:31,0
DA:32,0
DA:33,0
DA:34,0
DA:37,0
DA:39,0
DA:42,0
DA:50,0
DA:53,0
DA:55,0
DA:60,0
DA:61,0
DA:62,0
DA:63,0
DA:66,0
DA:67,0
DA:68,0
DA:69,0
DA:72,0
DA:73,0
DA:76,0
DA:77,0
DA:81,0
DA:83,0
DA:86,0
DA:88,0
DA:89,0
DA:92,0
DA:95,0
DA:96,0
DA:97,0
DA:99,0
DA:106,0
DA:107,0
DA:111,0
DA:115,0
DA:116,0
DA:121,0
DA:125,0
DA:128,0
DA:130,0
DA:131,0
DA:134,0
DA:137,0
DA:143,0
DA:147,0
DA:149,0
DA:150,0
DA:153,0
DA:157,0
DA:158,0
DA:162,0
DA:168,0
DA:171,0
DA:175,0
DA:178,0
DA:183,0
DA:188,4
LF:73
LH:16
BRDA:51,0,0,0
BRDA:51,0,1,0
BRDA:61,1,0,0
BRDA:61,1,1,0
BRDA:67,2,0,0
BRDA:67,2,1,0
BRDA:67,3,0,0
BRDA:67,3,1,0
BRDA:88,4,0,0
BRDA:88,4,1,0
BRDA:96,5,0,0
BRDA:96,5,1,0
BRDA:97,6,0,0
BRDA:97,6,1,0
BRDA:106,7,0,0
BRDA:106,7,1,0
BRDA:115,8,0,0
BRDA:115,8,1,0
BRDA:130,9,0,0
BRDA:130,9,1,0
BRDA:130,10,0,0
BRDA:130,10,1,0
BRDA:149,11,0,0
BRDA:149,11,1,0
BRDA:149,12,0,0
BRDA:149,12,1,0
BRDA:173,13,0,0
BRDA:173,13,1,0
BRF:28
BRH:0
end_of_record
TN:
SF:bot/functions/error-monitoring.js
FN:58,recordApiError
FN:88,recordDatabaseError
FN:125,recordBotError
FN:160,recordGeminiError
FN:196,checkAndSendAlert
FN:221,(anonymous_5)
FN:244,getRecentErrors
FN:245,(anonymous_7)
FN:253,sendAlert
FN:299,getErrorMonitoringData
FN:319,(anonymous_10)
FN:321,(anonymous_11)
FN:342,resetErrorMetrics
FN:343,(anonymous_13)
FN:347,(anonymous_14)
FN:366,handleErrorMonitoring
FNF:16
FNH:0
FNDA:0,recordApiError
FNDA:0,recordDatabaseError
FNDA:0,recordBotError
FNDA:0,recordGeminiError
FNDA:0,checkAndSendAlert
FNDA:0,(anonymous_5)
FNDA:0,getRecentErrors
FNDA:0,(anonymous_7)
FNDA:0,sendAlert
FNDA:0,getErrorMonitoringData
FNDA:0,(anonymous_10)
FNDA:0,(anonymous_11)
FNDA:0,resetErrorMetrics
FNDA:0,(anonymous_13)
FNDA:0,(anonymous_14)
FNDA:0,handleErrorMonitoring
DA:2,0
DA:3,0
DA:4,0
DA:7,0
DA:8,0
DA:9,0
DA:10,0
DA:12,0
DA:15,0
DA:59,0
DA:69,0
DA:70,0
DA:71,0
DA:74,0
DA:75,0
DA:76,0
DA:79,0
DA:82,0
DA:89,0
DA:98,0
DA:99,0
DA:103,0
DA:104,0
DA:105,0
DA:107,0
DA:111,0
DA:112,0
DA:113,0
DA:116,0
DA:119,0
DA:126,0
DA:136,0
DA:137,0
DA:140,0
DA:141,0
DA:143,0
DA:146,0
DA:147,0
DA:148,0
DA:151,0
DA:154,0
DA:161,0
DA:169,0
DA:172,0
DA:173,0
DA:174,0
DA:176,0
DA:179,0
DA:182,0
DA:183,0
DA:184,0
DA:187,0
DA:190,0
DA:197,0
DA:198,0
DA:199,0
DA:203,0
DA:204,0
DA:205,0
DA:208,0
DA:209,0
DA:212,0
DA:213,0
DA:214,0
DA:215,0
DA:219,0
DA:220,0
DA:221,0
DA:222,0
DA:224,0
DA:225,0
DA:226,0
DA:231,0
DA:232,0
DA:233,0
DA:236,0
DA:237,0
DA:245,0
DA:246,0
DA:254,0
DA:255,0
DA:259,0
DA:262,0
DA:263,0
DA:273,0
DA:283,0
DA:284,0
DA:285,0
DA:286,0
DA:288,0
DA:292,0
DA:300,0
DA:301,0
DA:307,0
DA:309,0
DA:316,0
DA:319,0
DA:322,0
DA:323,0
DA:343,0
DA:344,0
DA:346,0
DA:347,0
DA:348,0
DA:349,0
DA:350,0
DA:351,0
DA:352,0
DA:353,0
DA:359,0
DA:360,0
DA:367,0
DA:368,0
DA:369,0
DA:371,0
DA:372,0
DA:374,0
DA:375,0
DA:377,0
DA:384,0
DA:386,0
DA:388,0
DA:390,0
DA:392,0
DA:394,0
DA:396,0
DA:398,0
DA:400,0
DA:402,0
DA:403,0
DA:405,0
DA:408,0
DA:415,0
DA:416,0
DA:417,0
DA:424,0
DA:431,0
DA:433,0
DA:445,0
DA:458,0
DA:459,0
DA:460,0
DA:461,0
DA:462,0
DA:463,0
LF:145
LH:0
BRDA:58,0,0,0
BRDA:70,1,0,0
BRDA:70,1,1,0
BRDA:72,2,0,0
BRDA:72,2,1,0
BRDA:75,3,0,0
BRDA:75,3,1,0
BRDA:88,4,0,0
BRDA:94,5,0,0
BRDA:94,5,1,0
BRDA:100,6,0,0
BRDA:100,6,1,0
BRDA:103,7,0,0
BRDA:103,7,1,0
BRDA:103,8,0,0
BRDA:103,8,1,0
BRDA:104,9,0,0
BRDA:104,9,1,0
BRDA:112,10,0,0
BRDA:112,10,1,0
BRDA:125,11,0,0
BRDA:125,12,0,0
BRDA:125,13,0,0
BRDA:137,14,0,0
BRDA:137,14,1,0
BRDA:140,15,0,0
BRDA:140,15,1,0
BRDA:147,16,0,0
BRDA:147,16,1,0
BRDA:160,17,0,0
BRDA:172,18,0,0
BRDA:172,18,1,0
BRDA:172,19,0,0
BRDA:172,19,1,0
BRDA:173,20,0,0
BRDA:173,20,1,0
BRDA:183,21,0,0
BRDA:183,21,1,0
BRDA:199,22,0,0
BRDA:199,22,1,0
BRDA:203,23,0,0
BRDA:203,23,1,0
BRDA:213,24,0,0
BRDA:213,24,1,0
BRDA:220,25,0,0
BRDA:220,25,1,0
BRDA:224,26,0,0
BRDA:224,26,1,0
BRDA:231,27,0,0
BRDA:231,27,1,0
BRDA:231,28,0,0
BRDA:231,28,1,0
BRDA:236,29,0,0
BRDA:236,29,1,0
BRDA:254,30,0,0
BRDA:254,30,1,0
BRDA:254,31,0,0
BRDA:254,31,1,0
BRDA:283,32,0,0
BRDA:283,32,1,0
BRDA:299,33,0,0
BRDA:307,34,0,0
BRDA:307,34,1,0
BRDA:344,35,0,0
BRDA:344,35,1,0
BRDA:346,36,0,0
BRDA:346,36,1,0
BRDA:348,37,0,0
BRDA:348,37,1,0
BRDA:350,38,0,0
BRDA:350,38,1,0
BRDA:352,39,0,0
BRDA:352,39,1,0
BRDA:368,40,0,0
BRDA:368,40,1,0
BRDA:369,41,0,0
BRDA:369,41,1,0
BRDA:372,42,0,0
BRDA:372,42,1,0
BRDA:374,43,0,0
BRDA:374,43,1,0
BRDA:384,44,0,0
BRDA:384,44,1,0
BRDA:386,45,0,0
BRDA:386,45,1,0
BRDA:388,46,0,0
BRDA:388,46,1,0
BRDA:388,46,2,0
BRDA:388,46,3,0
BRDA:388,46,4,0
BRDA:415,47,0,0
BRDA:415,47,1,0
BRDA:415,48,0,0
BRDA:415,48,1,0
BRF:94
BRH:0
end_of_record
TN:
SF:bot/functions/health-check.js
FN:16,performHealthCheck
FN:48,(anonymous_1)
FN:49,(anonymous_2)
FN:65,(anonymous_3)
FN:91,checkEnvironmentVariables
FN:100,(anonymous_5)
FN:118,checkDatabaseHealth
FN:167,checkBotHealth
FN:214,checkGeminiHealth
FN:260,handleHealthCheck
FNF:10
FNH:0
FNDA:0,performHealthCheck
FNDA:0,(anonymous_1)
FNDA:0,(anonymous_2)
FNDA:0,(anonymous_3)
FNDA:0,checkEnvironmentVariables
FNDA:0,(anonymous_5)
FNDA:0,checkDatabaseHealth
FNDA:0,checkBotHealth
FNDA:0,checkGeminiHealth
FNDA:0,handleHealthCheck
DA:2,0
DA:3,0
DA:4,0
DA:7,0
DA:8,0
DA:9,0
DA:11,0
DA:17,0
DA:18,0
DA:19,0
DA:21,0
DA:29,0
DA:31,0
DA:32,0
DA:35,0
DA:36,0
DA:39,0
DA:40,0
DA:43,0
DA:44,0
DA:47,0
DA:48,0
DA:49,0
DA:51,0
DA:52,0
DA:53,0
DA:54,0
DA:58,0
DA:59,0
DA:60,0
DA:62,0
DA:66,0
DA:67,0
DA:71,0
DA:74,0
DA:76,0
DA:92,0
DA:100,0
DA:102,0
DA:103,0
DA:109,0
DA:119,0
DA:120,0
DA:126,0
DA:127,0
DA:131,0
DA:134,0
DA:139,0
DA:141,0
DA:142,0
DA:145,0
DA:147,0
DA:157,0
DA:168,0
DA:169,0
DA:175,0
DA:176,0
DA:179,0
DA:180,0
DA:182,0
DA:184,0
DA:185,0
DA:188,0
DA:190,0
DA:204,0
DA:215,0
DA:217,0
DA:218,0
DA:224,0
DA:225,0
DA:228,0
DA:232,0
DA:234,0
DA:235,0
DA:238,0
DA:240,0
DA:250,0
DA:261,0
DA:263,0
DA:267,0
DA:275,0
LF:81
LH:0
BRDA:51,0,0,0
BRDA:51,0,1,0
BRDA:53,1,0,0
BRDA:53,1,1,0
BRDA:102,2,0,0
BRDA:102,2,1,0
BRDA:119,3,0,0
BRDA:119,3,1,0
BRDA:119,4,0,0
BRDA:119,4,1,0
BRDA:141,5,0,0
BRDA:141,5,1,0
BRDA:145,6,0,0
BRDA:145,6,1,0
BRDA:168,7,0,0
BRDA:168,7,1,0
BRDA:184,8,0,0
BRDA:184,8,1,0
BRDA:188,9,0,0
BRDA:188,9,1,0
BRDA:217,10,0,0
BRDA:217,10,1,0
BRDA:234,11,0,0
BRDA:234,11,1,0
BRDA:238,12,0,0
BRDA:238,12,1,0
BRDA:263,13,0,0
BRDA:263,13,1,0
BRDA:264,14,0,0
BRDA:264,14,1,0
BRF:30
BRH:0
end_of_record
TN:
SF:bot/functions/logout.js
FN:4,(anonymous_0)
FN:11,(anonymous_1)
FNF:2
FNH:0
FNDA:0,(anonymous_0)
FNDA:0,(anonymous_1)
DA:4,0
DA:11,0
DA:12,0
DA:15,0
DA:16,0
DA:20,0
DA:21,0
DA:28,0
DA:29,0
DA:32,0
DA:33,0
DA:35,0
DA:52,0
DA:53,0
LF:14
LH:0
BRDA:5,0,0,0
BRDA:5,0,1,0
BRDA:15,1,0,0
BRDA:15,1,1,0
BRDA:20,2,0,0
BRDA:20,2,1,0
BRDA:33,3,0,0
BRDA:33,3,1,0
BRF:8
BRH:0
end_of_record
TN:
SF:bot/functions/monitoring-dashboard.js
FN:15,getDashboardData
FN:30,(anonymous_1)
FN:31,(anonymous_2)
FN:32,(anonymous_3)
FN:85,getHealthStatus
FN:99,(anonymous_5)
FN:100,(anonymous_6)
FN:122,checkEnvironmentVariables
FN:130,(anonymous_8)
FN:148,getSystemHealth
FN:182,calculateHealthScore
FN:213,generateAlerts
FN:292,generateRecommendations
FN:336,generateChartData
FN:344,(anonymous_14)
FN:356,(anonymous_15)
FN:376,generateHtmlDashboard
FN:444,(anonymous_17)
FN:456,(anonymous_18)
FN:475,handleMonitoringDashboard
FNF:20
FNH:0
FNDA:0,getDashboardData
FNDA:0,(anonymous_1)
FNDA:0,(anonymous_2)
FNDA:0,(anonymous_3)
FNDA:0,getHealthStatus
FNDA:0,(anonymous_5)
FNDA:0,(anonymous_6)
FNDA:0,checkEnvironmentVariables
FNDA:0,(anonymous_8)
FNDA:0,getSystemHealth
FNDA:0,calculateHealthScore
FNDA:0,generateAlerts
FNDA:0,generateRecommendations
FNDA:0,generateChartData
FNDA:0,(anonymous_14)
FNDA:0,(anonymous_15)
FNDA:0,generateHtmlDashboard
FNDA:0,(anonymous_17)
FNDA:0,(anonymous_18)
FNDA:0,handleMonitoringDashboard
DA:2,0
DA:3,0
DA:6,0
DA:7,0
DA:8,0
DA:10,0
DA:16,0
DA:17,0
DA:18,0
DA:20,0
DA:28,0
DA:30,0
DA:31,0
DA:32,0
DA:35,0
DA:38,0
DA:41,0
DA:42,0
DA:44,0
DA:67,0
DA:74,0
DA:77,0
DA:78,0
DA:86,0
DA:88,0
DA:98,0
DA:99,0
DA:100,0
DA:102,0
DA:103,0
DA:104,0
DA:105,0
DA:108,0
DA:111,0
DA:123,0
DA:130,0
DA:132,0
DA:133,0
DA:139,0
DA:149,0
DA:150,0
DA:153,0
DA:154,0
DA:155,0
DA:157,0
DA:158,0
DA:160,0
DA:161,0
DA:162,0
DA:163,0
DA:164,0
DA:165,0
DA:168,0
DA:183,0
DA:186,0
DA:187,0
DA:190,0
DA:191,0
DA:192,0
DA:193,0
DA:194,0
DA:195,0
DA:200,0
DA:201,0
DA:202,0
DA:203,0
DA:204,0
DA:207,0
DA:214,0
DA:217,0
DA:218,0
DA:219,0
DA:227,0
DA:228,0
DA:229,0
DA:230,0
DA:241,0
DA:242,0
DA:243,0
DA:244,0
DA:253,0
DA:254,0
DA:255,0
DA:266,0
DA:267,0
DA:268,0
DA:276,0
DA:277,0
DA:286,0
DA:293,0
DA:296,0
DA:297,0
DA:298,0
DA:299,0
DA:309,0
DA:310,0
DA:319,0
DA:320,0
DA:321,0
DA:330,0
DA:337,0
DA:340,0
DA:341,0
DA:344,0
DA:352,0
DA:353,0
DA:356,0
DA:364,0
DA:370,0
DA:377,0
DA:379,0
DA:382,0
DA:444,0
DA:456,0
DA:476,0
DA:477,0
DA:478,0
DA:480,0
DA:481,0
DA:482,0
DA:483,0
DA:485,0
DA:487,0
DA:488,0
DA:489,0
DA:499,0
DA:506,0
DA:513,0
DA:515,0
DA:527,0
DA:540,0
LF:131
LH:0
BRDA:15,0,0,0
BRDA:102,1,0,0
BRDA:102,1,1,0
BRDA:104,2,0,0
BRDA:104,2,1,0
BRDA:132,3,0,0
BRDA:132,3,1,0
BRDA:160,4,0,0
BRDA:160,4,1,0
BRDA:163,5,0,0
BRDA:163,5,1,0
BRDA:186,6,0,0
BRDA:186,6,1,0
BRDA:187,7,0,0
BRDA:187,7,1,0
BRDA:190,8,0,0
BRDA:190,8,1,0
BRDA:190,9,0,0
BRDA:190,9,1,0
BRDA:191,10,0,0
BRDA:191,10,1,0
BRDA:192,11,0,0
BRDA:192,11,1,0
BRDA:193,12,0,0
BRDA:193,12,1,0
BRDA:193,13,0,0
BRDA:193,13,1,0
BRDA:195,14,0,0
BRDA:195,14,1,0
BRDA:200,15,0,0
BRDA:200,15,1,0
BRDA:200,16,0,0
BRDA:200,16,1,0
BRDA:201,17,0,0
BRDA:201,17,1,0
BRDA:202,18,0,0
BRDA:202,18,1,0
BRDA:203,19,0,0
BRDA:203,19,1,0
BRDA:204,20,0,0
BRDA:204,20,1,0
BRDA:217,21,0,0
BRDA:217,21,1,0
BRDA:217,22,0,0
BRDA:217,22,1,0
BRDA:218,23,0,0
BRDA:218,23,1,0
BRDA:227,24,0,0
BRDA:227,24,1,0
BRDA:227,25,0,0
BRDA:227,25,1,0
BRDA:229,26,0,0
BRDA:229,26,1,0
BRDA:241,27,0,0
BRDA:241,27,1,0
BRDA:241,28,0,0
BRDA:241,28,1,0
BRDA:242,29,0,0
BRDA:242,29,1,0
BRDA:243,30,0,0
BRDA:243,30,1,0
BRDA:253,31,0,0
BRDA:253,31,1,0
BRDA:254,32,0,0
BRDA:254,32,1,0
BRDA:266,33,0,0
BRDA:266,33,1,0
BRDA:266,34,0,0
BRDA:266,34,1,0
BRDA:266,34,2,0
BRDA:267,35,0,0
BRDA:267,35,1,0
BRDA:276,36,0,0
BRDA:276,36,1,0
BRDA:296,37,0,0
BRDA:296,37,1,0
BRDA:296,38,0,0
BRDA:296,38,1,0
BRDA:296,38,2,0
BRDA:298,39,0,0
BRDA:298,39,1,0
BRDA:309,40,0,0
BRDA:309,40,1,0
BRDA:309,41,0,0
BRDA:309,41,1,0
BRDA:309,41,2,0
BRDA:319,42,0,0
BRDA:319,42,1,0
BRDA:319,43,0,0
BRDA:319,43,1,0
BRDA:320,44,0,0
BRDA:320,44,1,0
BRDA:340,45,0,0
BRDA:340,45,1,0
BRDA:340,46,0,0
BRDA:340,46,1,0
BRDA:340,46,2,0
BRDA:352,47,0,0
BRDA:352,47,1,0
BRDA:352,48,0,0
BRDA:352,48,1,0
BRDA:352,48,2,0
BRDA:379,49,0,0
BRDA:379,49,1,0
BRDA:380,50,0,0
BRDA:380,50,1,0
BRDA:411,51,0,0
BRDA:411,51,1,0
BRDA:418,52,0,0
BRDA:418,52,1,0
BRDA:424,53,0,0
BRDA:424,53,1,0
BRDA:430,54,0,0
BRDA:430,54,1,0
BRDA:436,55,0,0
BRDA:436,55,1,0
BRDA:441,56,0,0
BRDA:441,56,1,0
BRDA:441,57,0,0
BRDA:441,57,1,0
BRDA:453,58,0,0
BRDA:453,58,1,0
BRDA:453,59,0,0
BRDA:453,59,1,0
BRDA:457,60,0,0
BRDA:457,60,1,0
BRDA:477,61,0,0
BRDA:477,61,1,0
BRDA:478,62,0,0
BRDA:478,62,1,0
BRDA:481,63,0,0
BRDA:481,63,1,0
BRDA:482,64,0,0
BRDA:482,64,1,0
BRDA:483,65,0,0
BRDA:483,65,1,0
BRDA:487,66,0,0
BRDA:487,66,1,0
BRF:138
BRH:0
end_of_record
TN:
SF:bot/functions/performance-metrics.js
FN:51,getPerformanceMetrics
FN:108,getDatabaseMetrics
FN:163,recordApiRequest
FN:179,recordDatabaseOperation
FN:205,recordBotEvent
FN:228,recordGeminiOperation
FN:246,resetMetrics
FN:289,handlePerformanceMetrics
FNF:8
FNH:0
FNDA:0,getPerformanceMetrics
FNDA:0,getDatabaseMetrics
FNDA:0,recordApiRequest
FNDA:0,recordDatabaseOperation
FNDA:0,recordBotEvent
FNDA:0,recordGeminiOperation
FNDA:0,resetMetrics
FNDA:0,handlePerformanceMetrics
DA:2,0
DA:3,0
DA:4,0
DA:7,0
DA:8,0
DA:10,0
DA:13,0
DA:52,0
DA:53,0
DA:54,0
DA:57,0
DA:65,0
DA:68,0
DA:69,0
DA:71,0
DA:91,0
DA:97,0
DA:100,0
DA:101,0
DA:109,0
DA:110,0
DA:113,0
DA:114,0
DA:118,0
DA:121,0
DA:126,0
DA:131,0
DA:137,0
DA:139,0
DA:140,0
DA:143,0
DA:152,0
DA:153,0
DA:164,0
DA:165,0
DA:166,0
DA:169,0
DA:170,0
DA:173,0
DA:180,0
DA:182,0
DA:183,0
DA:185,0
DA:186,0
DA:190,0
DA:191,0
DA:195,0
DA:196,0
DA:198,0
DA:206,0
DA:207,0
DA:208,0
DA:210,0
DA:212,0
DA:213,0
DA:215,0
DA:216,0
DA:218,0
DA:219,0
DA:221,0
DA:229,0
DA:230,0
DA:231,0
DA:233,0
DA:234,0
DA:235,0
DA:237,0
DA:239,0
DA:247,0
DA:248,0
DA:283,0
DA:290,0
DA:291,0
DA:292,0
DA:294,0
DA:295,0
DA:297,0
DA:298,0
DA:300,0
DA:307,0
DA:309,0
DA:311,0
DA:313,0
DA:314,0
DA:316,0
DA:317,0
DA:319,0
DA:320,0
DA:322,0
DA:323,0
DA:325,0
DA:328,0
DA:335,0
DA:336,0
DA:337,0
DA:344,0
DA:351,0
DA:353,0
DA:365,0
DA:378,0
DA:379,0
DA:380,0
DA:381,0
DA:382,0
DA:383,0
LF:105
LH:0
BRDA:51,0,0,0
BRDA:109,1,0,0
BRDA:109,1,1,0
BRDA:109,2,0,0
BRDA:109,2,1,0
BRDA:139,3,0,0
BRDA:139,3,1,0
BRDA:139,4,0,0
BRDA:139,4,1,0
BRDA:139,4,2,0
BRDA:144,5,0,0
BRDA:144,5,1,0
BRDA:145,6,0,0
BRDA:145,6,1,0
BRDA:146,7,0,0
BRDA:146,7,1,0
BRDA:169,8,0,0
BRDA:169,8,1,0
BRDA:179,9,0,0
BRDA:182,10,0,0
BRDA:182,10,1,0
BRDA:190,11,0,0
BRDA:190,11,1,0
BRDA:195,12,0,0
BRDA:195,12,1,0
BRDA:205,13,0,0
BRDA:206,14,0,0
BRDA:206,14,1,0
BRDA:210,15,0,0
BRDA:210,15,1,0
BRDA:210,15,2,0
BRDA:228,16,0,0
BRDA:228,17,0,0
BRDA:229,18,0,0
BRDA:229,18,1,0
BRDA:291,19,0,0
BRDA:291,19,1,0
BRDA:292,20,0,0
BRDA:292,20,1,0
BRDA:295,21,0,0
BRDA:295,21,1,0
BRDA:297,22,0,0
BRDA:297,22,1,0
BRDA:307,23,0,0
BRDA:307,23,1,0
BRDA:309,24,0,0
BRDA:309,24,1,0
BRDA:311,25,0,0
BRDA:311,25,1,0
BRDA:311,25,2,0
BRDA:311,25,3,0
BRDA:311,25,4,0
BRDA:335,26,0,0
BRDA:335,26,1,0
BRDA:335,27,0,0
BRDA:335,27,1,0
BRF:56
BRH:0
end_of_record
TN:
SF:bot/functions/refresh-token.js
FN:13,(anonymous_0)
FN:20,(anonymous_1)
FNF:2
FNH:0
FNDA:0,(anonymous_0)
FNDA:0,(anonymous_1)
DA:3,0
DA:4,0
DA:5,0
DA:7,0
DA:8,0
DA:9,0
DA:10,0
DA:13,0
DA:20,0
DA:21,0
DA:24,0
DA:25,0
DA:29,0
DA:30,0
DA:38,0
DA:39,0
DA:40,0
DA:47,0
DA:49,0
DA:50,0
DA:52,0
DA:53,0
DA:54,0
DA:61,0
DA:65,0
DA:66,0
DA:68,0
DA:69,0
DA:80,0
DA:83,0
DA:87,0
DA:94,0
DA:95,0
DA:96,0
DA:103,0
DA:104,0
DA:105,0
DA:117,0
DA:118,0
DA:119,0
DA:131,0
DA:138,0
DA:144,0
DA:147,0
DA:148,0
DA:150,0
DA:167,0
DA:168,0
LF:48
LH:0
BRDA:10,0,0,0
BRDA:10,0,1,0
BRDA:14,1,0,0
BRDA:14,1,1,0
BRDA:24,2,0,0
BRDA:24,2,1,0
BRDA:29,3,0,0
BRDA:29,3,1,0
BRDA:38,4,0,0
BRDA:38,4,1,0
BRDA:38,5,0,0
BRDA:38,5,1,0
BRDA:38,5,2,0
BRDA:49,6,0,0
BRDA:49,6,1,0
BRDA:52,7,0,0
BRDA:52,7,1,0
BRDA:94,8,0,0
BRDA:94,8,1,0
BRDA:103,9,0,0
BRDA:103,9,1,0
BRDA:117,10,0,0
BRDA:117,10,1,0
BRDA:117,11,0,0
BRDA:117,11,1,0
BRDA:117,11,2,0
BRDA:139,12,0,0
BRDA:139,12,1,0
BRDA:148,13,0,0
BRDA:148,13,1,0
BRF:30
BRH:0
end_of_record
TN:
SF:bot/functions/user-profile.js
FN:47,(anonymous_0)
FN:87,(anonymous_1)
FN:139,(anonymous_2)
FN:148,(anonymous_3)
FN:155,(anonymous_4)
FN:163,(anonymous_5)
FN:169,(anonymous_6)
FN:178,(anonymous_7)
FN:227,(anonymous_8)
FN:249,getOrCreateUser
FN:292,getGeminiAnalysis
FN:303,analyzeDream
FN:347,logReplyError
FN:358,(anonymous_13)
FN:369,(anonymous_14)
FNF:15
FNH:0
FNDA:0,(anonymous_0)
FNDA:0,(anonymous_1)
FNDA:0,(anonymous_2)
FNDA:0,(anonymous_3)
FNDA:0,(anonymous_4)
FNDA:0,(anonymous_5)
FNDA:0,(anonymous_6)
FNDA:0,(anonymous_7)
FNDA:0,(anonymous_8)
FNDA:0,getOrCreateUser
FNDA:0,getGeminiAnalysis
FNDA:0,analyzeDream
FNDA:0,logReplyError
FNDA:0,(anonymous_13)
FNDA:0,(anonymous_14)
DA:4,4
DA:5,4
DA:6,4
DA:7,4
DA:8,4
DA:9,4
DA:10,4
DA:11,4
DA:12,4
DA:13,4
DA:16,4
DA:17,4
DA:18,4
DA:19,4
DA:20,4
DA:21,4
DA:22,4
DA:23,4
DA:29,4
DA:30,4
DA:32,4
DA:33,4
DA:34,4
DA:35,4
DA:38,0
DA:40,0
DA:41,0
DA:44,0
DA:47,0
DA:48,0
DA:49,0
DA:50,0
DA:51,0
DA:52,0
DA:53,0
DA:54,0
DA:57,0
DA:60,0
DA:61,0
DA:62,0
DA:63,0
DA:66,0
DA:69,0
DA:70,0
DA:73,0
DA:74,0
DA:75,0
DA:77,0
DA:78,0
DA:79,0
DA:81,0
DA:82,0
DA:87,0
DA:88,0
DA:89,0
DA:90,0
DA:91,0
DA:92,0
DA:94,0
DA:95,0
DA:96,0
DA:99,0
DA:101,0
DA:102,0
DA:103,0
DA:106,0
DA:108,0
DA:109,0
DA:110,0
DA:113,0
DA:114,0
DA:115,0
DA:118,0
DA:119,0
DA:124,0
DA:125,0
DA:126,0
DA:129,0
DA:130,0
DA:133,0
DA:134,0
DA:139,0
DA:140,0
DA:141,0
DA:142,0
DA:143,0
DA:144,0
DA:146,0
DA:147,0
DA:148,0
DA:149,0
DA:150,0
DA:152,0
DA:154,0
DA:155,0
DA:156,0
DA:158,0
DA:162,0
DA:163,0
DA:164,0
DA:169,0
DA:170,0
DA:171,0
DA:172,0
DA:173,0
DA:174,0
DA:178,0
DA:179,0
DA:180,0
DA:181,0
DA:182,0
DA:184,0
DA:186,0
DA:187,0
DA:189,0
DA:190,0
DA:192,0
DA:194,0
DA:195,0
DA:196,0
DA:197,0
DA:199,0
DA:200,0
DA:201,0
DA:202,0
DA:203,0
DA:205,0
DA:207,0
DA:208,0
DA:210,0
DA:212,0
DA:216,0
DA:217,0
DA:221,0
DA:222,0
DA:227,0
DA:228,0
DA:229,0
DA:230,0
DA:231,0
DA:232,0
DA:233,0
DA:236,0
DA:237,0
DA:240,4
DA:241,4
DA:242,4
DA:243,4
DA:250,0
DA:251,0
DA:252,0
DA:253,0
DA:254,0
DA:257,0
DA:258,0
DA:259,0
DA:261,0
DA:262,0
DA:263,0
DA:265,0
DA:266,0
DA:269,0
DA:270,0
DA:271,0
DA:272,0
DA:273,0
DA:274,0
DA:275,0
DA:276,0
DA:278,0
DA:280,0
DA:281,0
DA:282,0
DA:285,0
DA:286,0
DA:293,0
DA:294,0
DA:295,0
DA:297,0
DA:298,0
DA:304,0
DA:305,0
DA:306,0
DA:308,0
DA:310,0
DA:311,0
DA:312,0
DA:313,0
DA:314,0
DA:317,0
DA:318,0
DA:320,0
DA:321,0
DA:322,0
DA:325,0
DA:327,0
DA:329,0
DA:332,0
DA:333,0
DA:335,0
DA:336,0
DA:338,0
DA:341,0
DA:342,0
DA:347,0
DA:350,4
DA:351,4
DA:352,0
DA:353,0
DA:354,0
DA:355,0
DA:356,4
DA:358,4
DA:359,0
DA:360,0
DA:361,0
DA:362,0
DA:365,4
DA:369,4
DA:370,0
DA:371,0
DA:372,0
DA:379,0
DA:380,0
DA:383,0
DA:384,0
DA:386,0
DA:388,0
DA:389,0
DA:390,0
DA:391,0
DA:393,0
DA:397,0
DA:398,0
DA:399,0
DA:400,0
DA:402,0
DA:405,0
DA:406,0
DA:409,0
DA:410,0
DA:413,0
DA:414,0
DA:415,0
DA:418,0
DA:420,0
DA:421,0
DA:425,0
DA:428,0
DA:429,0
DA:430,0
DA:431,0
DA:435,0
DA:436,0
DA:437,0
DA:440,0
DA:444,0
DA:445,0
DA:453,0
DA:462,0
DA:469,0
LF:261
LH:34
BRDA:34,0,0,4
BRDA:34,0,1,0
BRDA:34,1,0,4
BRDA:34,1,1,4
BRDA:34,1,2,4
BRDA:34,1,3,0
BRDA:34,1,4,0
BRDA:50,2,0,0
BRDA:50,2,1,0
BRDA:50,3,0,0
BRDA:50,3,1,0
BRDA:57,4,0,0
BRDA:57,4,1,0
BRDA:60,5,0,0
BRDA:60,5,1,0
BRDA:78,6,0,0
BRDA:78,6,1,0
BRDA:90,7,0,0
BRDA:90,7,1,0
BRDA:94,8,0,0
BRDA:94,8,1,0
BRDA:101,9,0,0
BRDA:101,9,1,0
BRDA:110,10,0,0
BRDA:110,10,1,0
BRDA:124,11,0,0
BRDA:124,11,1,0
BRDA:134,12,0,0
BRDA:134,12,1,0
BRDA:142,13,0,0
BRDA:142,13,1,0
BRDA:142,14,0,0
BRDA:142,14,1,0
BRDA:143,15,0,0
BRDA:143,15,1,0
BRDA:150,16,0,0
BRDA:150,16,1,0
BRDA:163,17,0,0
BRDA:163,17,1,0
BRDA:164,18,0,0
BRDA:164,18,1,0
BRDA:184,19,0,0
BRDA:184,19,1,0
BRDA:190,20,0,0
BRDA:190,20,1,0
BRDA:192,21,0,0
BRDA:192,21,1,0
BRDA:192,22,0,0
BRDA:192,22,1,0
BRDA:197,23,0,0
BRDA:197,23,1,0
BRDA:197,24,0,0
BRDA:197,24,1,0
BRDA:197,24,2,0
BRDA:201,25,0,0
BRDA:201,25,1,0
BRDA:205,26,0,0
BRDA:205,26,1,0
BRDA:205,27,0,0
BRDA:205,27,1,0
BRDA:208,28,0,0
BRDA:208,28,1,0
BRDA:208,29,0,0
BRDA:208,29,1,0
BRDA:230,30,0,0
BRDA:230,30,1,0
BRDA:231,31,0,0
BRDA:231,31,1,0
BRDA:232,32,0,0
BRDA:232,32,1,0
BRDA:232,33,0,0
BRDA:232,33,1,0
BRDA:250,34,0,0
BRDA:250,34,1,0
BRDA:257,35,0,0
BRDA:257,35,1,0
BRDA:257,36,0,0
BRDA:257,36,1,0
BRDA:261,37,0,0
BRDA:261,37,1,0
BRDA:263,38,0,0
BRDA:263,38,1,0
BRDA:269,39,0,0
BRDA:269,39,1,0
BRDA:271,40,0,0
BRDA:271,40,1,0
BRDA:274,41,0,0
BRDA:274,41,1,0
BRDA:275,42,0,0
BRDA:275,42,1,0
BRDA:275,43,0,0
BRDA:275,43,1,0
BRDA:280,44,0,0
BRDA:280,44,1,0
BRDA:306,45,0,0
BRDA:306,45,1,0
BRDA:313,46,0,0
BRDA:313,46,1,0
BRDA:320,47,0,0
BRDA:320,47,1,0
BRDA:321,48,0,0
BRDA:321,48,1,0
BRDA:335,49,0,0
BRDA:335,49,1,0
BRDA:347,50,0,0
BRDA:347,50,1,0
BRDA:351,51,0,0
BRDA:351,51,1,4
BRDA:351,52,0,4
BRDA:351,52,1,0
BRDA:360,53,0,0
BRDA:360,53,1,0
BRDA:360,54,0,0
BRDA:360,54,1,0
BRDA:371,55,0,0
BRDA:371,55,1,0
BRDA:373,56,0,0
BRDA:373,56,1,0
BRDA:373,57,0,0
BRDA:373,57,1,0
BRDA:379,58,0,0
BRDA:379,58,1,0
BRDA:386,59,0,0
BRDA:386,59,1,0
BRDA:386,60,0,0
BRDA:386,60,1,0
BRDA:399,61,0,0
BRDA:399,61,1,0
BRDA:399,62,0,0
BRDA:399,62,1,0
BRDA:405,63,0,0
BRDA:405,63,1,0
BRDA:409,64,0,0
BRDA:409,64,1,0
BRDA:409,65,0,0
BRDA:409,65,1,0
BRDA:409,65,2,0
BRDA:420,66,0,0
BRDA:420,66,1,0
BRDA:428,67,0,0
BRDA:428,67,1,0
BRDA:435,68,0,0
BRDA:435,68,1,0
BRDA:444,69,0,0
BRDA:444,69,1,0
BRDA:454,70,0,0
BRDA:454,70,1,0
BRDA:455,71,0,0
BRDA:455,71,1,0
BRDA:457,72,0,0
BRDA:457,72,1,0
BRDA:458,73,0,0
BRDA:458,73,1,0
BRF:153
BRH:6
end_of_record
TN:
SF:bot/functions/web-login.js
FN:15,(anonymous_0)
FN:22,(anonymous_1)
FNF:2
FNH:0
FNDA:0,(anonymous_0)
FNDA:0,(anonymous_1)
DA:3,4
DA:4,4
DA:5,4
DA:6,4
DA:7,4
DA:9,4
DA:10,4
DA:11,4
DA:12,4
DA:15,4
DA:22,4
DA:23,0
DA:26,0
DA:27,0
DA:31,0
DA:32,0
DA:36,0
DA:37,0
DA:38,0
DA:43,0
DA:44,0
DA:46,0
DA:47,0
DA:50,0
DA:52,0
DA:53,0
DA:56,0
DA:57,0
DA:60,0
DA:66,0
DA:67,0
DA:68,0
DA:71,0
DA:73,0
DA:74,0
DA:78,0
DA:79,0
DA:81,0
DA:83,0
DA:84,0
DA:85,0
DA:89,0
DA:92,0
DA:95,0
DA:102,0
DA:103,0
DA:105,0
DA:123,0
DA:124,0
LF:49
LH:11
BRDA:12,0,0,4
BRDA:12,0,1,4
BRDA:16,1,0,0
BRDA:16,1,1,0
BRDA:26,2,0,0
BRDA:26,2,1,0
BRDA:31,3,0,0
BRDA:31,3,1,0
BRDA:36,4,0,0
BRDA:36,4,1,0
BRDA:36,5,0,0
BRDA:36,5,1,0
BRDA:36,5,2,0
BRDA:52,6,0,0
BRDA:52,6,1,0
BRDA:52,7,0,0
BRDA:52,7,1,0
BRDA:66,8,0,0
BRDA:66,8,1,0
BRDA:71,9,0,0
BRDA:71,9,1,0
BRDA:71,10,0,0
BRDA:71,10,1,0
BRDA:83,11,0,0
BRDA:83,11,1,0
BRDA:103,12,0,0
BRDA:103,12,1,0
BRF:27
BRH:2
end_of_record
TN:
SF:bot/functions/bot/bot.js
FN:75,(anonymous_0)
FN:116,(anonymous_1)
FNF:2
FNH:0
FNDA:0,(anonymous_0)
FNDA:0,(anonymous_1)
DA:4,0
DA:5,0
DA:8,0
DA:9,0
DA:10,0
DA:13,0
DA:14,0
DA:15,0
DA:19,0
DA:22,0
DA:23,0
DA:24,0
DA:25,0
DA:26,0
DA:34,0
DA:35,0
DA:37,0
DA:38,0
DA:41,0
DA:42,0
DA:46,0
DA:49,0
DA:51,0
DA:54,0
DA:55,0
DA:56,0
DA:58,0
DA:61,0
DA:64,0
DA:65,0
DA:68,0
DA:71,0
DA:72,0
DA:75,0
DA:76,0
DA:77,0
DA:78,0
DA:80,0
DA:81,0
DA:82,0
DA:83,0
DA:84,0
DA:85,0
DA:87,0
DA:91,0
DA:92,0
DA:95,0
DA:96,0
DA:97,0
DA:98,0
DA:102,0
DA:104,0
DA:105,0
DA:106,0
DA:107,0
DA:109,0
DA:110,0
DA:113,0
DA:116,0
DA:117,0
DA:119,0
DA:120,0
DA:121,0
DA:127,0
DA:128,0
DA:131,0
LF:66
LH:0
BRDA:41,0,0,0
BRDA:41,0,1,0
BRDA:41,1,0,0
BRDA:41,1,1,0
BRDA:41,1,2,0
BRDA:41,1,3,0
BRDA:41,1,4,0
BRDA:80,2,0,0
BRDA:80,2,1,0
BRDA:82,3,0,0
BRDA:82,3,1,0
BRDA:84,4,0,0
BRDA:84,4,1,0
BRDA:85,5,0,0
BRDA:85,5,1,0
BRDA:104,6,0,0
BRDA:104,6,1,0
BRDA:104,7,0,0
BRDA:104,7,1,0
BRDA:119,8,0,0
BRDA:119,8,1,0
BRDA:119,9,0,0
BRDA:119,9,1,0
BRF:23
BRH:0
end_of_record
TN:
SF:bot/functions/bot/handlers/payment-handlers.js
FN:8,createPreCheckoutQueryHandler
FN:9,(anonymous_1)
FN:31,createSuccessfulPaymentHandler
FN:32,(anonymous_3)
FN:74,handleSubscriptionPayment
FN:102,handleDeepAnalysisPayment
FNF:6
FNH:0
FNDA:0,createPreCheckoutQueryHandler
FNDA:0,(anonymous_1)
FNDA:0,createSuccessfulPaymentHandler
FNDA:0,(anonymous_3)
FNDA:0,handleSubscriptionPayment
FNDA:0,handleDeepAnalysisPayment
DA:9,0
DA:10,0
DA:11,0
DA:12,0
DA:13,0
DA:15,0
DA:16,0
DA:17,0
DA:32,0
DA:33,0
DA:35,0
DA:36,0
DA:37,0
DA:39,0
DA:40,0
DA:41,0
DA:44,0
DA:45,0
DA:47,0
DA:48,0
DA:49,0
DA:50,0
DA:51,0
DA:54,0
DA:55,0
DA:59,0
DA:60,0
DA:75,0
DA:76,0
DA:77,0
DA:79,0
DA:80,0
DA:81,0
DA:82,0
DA:85,0
DA:87,0
DA:89,0
DA:90,0
DA:103,0
DA:105,0
DA:106,0
DA:107,0
DA:108,0
DA:111,0
DA:114,0
DA:117,0
DA:119,0
DA:120,0
DA:123,0
LF:49
LH:0
BRDA:39,0,0,0
BRDA:39,0,1,0
BRDA:48,1,0,0
BRDA:48,1,1,0
BRDA:48,2,0,0
BRDA:48,2,1,0
BRDA:50,3,0,0
BRDA:50,3,1,0
BRDA:50,4,0,0
BRDA:50,4,1,0
BRDA:79,5,0,0
BRDA:79,5,1,0
BRDA:79,6,0,0
BRDA:79,6,1,0
BRDA:79,6,2,0
BRDA:105,7,0,0
BRDA:105,7,1,0
BRDA:105,8,0,0
BRDA:105,8,1,0
BRF:19
BRH:0
end_of_record
TN:
SF:bot/functions/bot/handlers/setpassword-command.js
FN:13,createSetPasswordCommandHandler
FN:14,(anonymous_1)
FNF:2
FNH:0
FNDA:0,createSetPasswordCommandHandler
FNDA:0,(anonymous_1)
DA:3,0
DA:4,0
DA:5,0
DA:14,0
DA:15,0
DA:16,0
DA:18,0
DA:19,0
DA:20,0
DA:23,0
DA:24,0
DA:26,0
DA:27,0
DA:28,0
DA:31,0
DA:33,0
DA:34,0
DA:35,0
DA:38,0
DA:40,0
DA:41,0
DA:43,0
DA:44,0
DA:48,0
DA:49,0
DA:50,0
DA:53,0
DA:54,0
DA:56,0
DA:57,0
DA:60,0
DA:61,0
DA:66,0
LF:33
LH:0
BRDA:18,0,0,0
BRDA:18,0,1,0
BRDA:26,1,0,0
BRDA:26,1,1,0
BRDA:33,2,0,0
BRDA:33,2,1,0
BRDA:43,3,0,0
BRDA:43,3,1,0
BRDA:61,4,0,0
BRDA:61,4,1,0
BRF:10
BRH:0
end_of_record
TN:
SF:bot/functions/bot/handlers/start-command.js
FN:10,createStartCommandHandler
FN:11,(anonymous_1)
FNF:2
FNH:0
FNDA:0,createStartCommandHandler
FNDA:0,(anonymous_1)
DA:11,0
DA:12,0
DA:13,0
DA:14,0
DA:18,0
DA:19,0
DA:20,0
DA:21,0
DA:25,0
DA:26,0
DA:27,0
DA:30,0
DA:32,0
DA:33,0
DA:34,0
DA:37,0
DA:38,0
DA:44,0
DA:45,0
DA:46,0
DA:47,0
DA:48,0
DA:50,0
DA:51,0
DA:52,0
DA:55,0
DA:58,0
DA:59,0
DA:63,0
DA:64,0
DA:69,0
DA:70,0
DA:74,0
DA:75,0
DA:78,0
DA:79,0
DA:84,0
LF:37
LH:0
BRDA:18,0,0,0
BRDA:18,0,1,0
BRDA:18,1,0,0
BRDA:18,1,1,0
BRDA:20,2,0,0
BRDA:20,2,1,0
BRDA:25,3,0,0
BRDA:25,3,1,0
BRDA:25,4,0,0
BRDA:25,4,1,0
BRDA:37,5,0,0
BRDA:37,5,1,0
BRDA:44,6,0,0
BRDA:44,6,1,0
BRDA:48,7,0,0
BRDA:48,7,1,0
BRDA:69,8,0,0
BRDA:69,8,1,0
BRF:18
BRH:0
end_of_record
TN:
SF:bot/functions/bot/handlers/text-message.js
FN:11,createTextMessageHandler
FN:12,(anonymous_1)
FNF:2
FNH:0
FNDA:0,createTextMessageHandler
FNDA:0,(anonymous_1)
DA:12,0
DA:13,0
DA:15,0
DA:16,0
DA:17,0
DA:18,0
DA:20,0
DA:21,0
DA:22,0
DA:26,0
DA:27,0
DA:28,0
DA:31,0
DA:35,0
DA:37,0
DA:38,0
DA:41,0
DA:42,0
DA:43,0
DA:47,0
DA:50,0
DA:51,0
DA:52,0
DA:53,0
DA:55,0
DA:58,0
DA:61,0
DA:62,0
DA:64,0
DA:67,0
DA:74,0
DA:77,0
DA:78,0
DA:82,0
DA:87,0
LF:35
LH:0
BRDA:20,0,0,0
BRDA:20,0,1,0
BRDA:20,1,0,0
BRDA:20,1,1,0
BRDA:26,2,0,0
BRDA:26,2,1,0
BRDA:42,3,0,0
BRDA:42,3,1,0
BRDA:52,4,0,0
BRDA:52,4,1,0
BRDA:77,5,0,0
BRDA:77,5,1,0
BRDA:82,6,0,0
BRDA:82,6,1,0
BRF:14
BRH:0
end_of_record
TN:
SF:bot/functions/bot/services/analysis-service.js
FN:6,(anonymous_0)
FN:15,(anonymous_1)
FN:32,(anonymous_2)
FNF:3
FNH:0
FNDA:0,(anonymous_0)
FNDA:0,(anonymous_1)
FNDA:0,(anonymous_2)
DA:3,0
DA:7,0
DA:16,0
DA:17,0
DA:18,0
DA:20,0
DA:21,0
DA:33,0
DA:35,0
DA:37,0
DA:38,0
DA:39,0
DA:42,0
DA:43,0
DA:51,0
DA:52,0
DA:55,0
DA:58,0
DA:59,0
DA:64,0
LF:20
LH:0
BRDA:51,0,0,0
BRDA:51,0,1,0
BRF:2
BRH:0
end_of_record
TN:
SF:bot/functions/bot/services/message-service.js
FN:4,(anonymous_0)
FN:12,(anonymous_1)
FN:23,(anonymous_2)
FN:38,(anonymous_3)
FN:55,(anonymous_4)
FN:70,(anonymous_5)
FN:79,(anonymous_6)
FNF:7
FNH:0
FNDA:0,(anonymous_0)
FNDA:0,(anonymous_1)
FNDA:0,(anonymous_2)
FNDA:0,(anonymous_3)
FNDA:0,(anonymous_4)
FNDA:0,(anonymous_5)
FNDA:0,(anonymous_6)
DA:5,0
DA:13,0
DA:24,0
DA:25,0
DA:27,0
DA:28,0
DA:39,0
DA:40,0
DA:41,0
DA:42,0
DA:44,0
DA:45,0
DA:56,0
DA:71,0
DA:80,0
DA:81,0
DA:86,0
LF:17
LH:0
BRDA:13,0,0,0
BRDA:13,0,1,0
BRDA:23,1,0,0
BRDA:80,2,0,0
BRDA:80,2,1,0
BRF:5
BRH:0
end_of_record
TN:
SF:bot/functions/bot/services/user-service.js
FN:6,(anonymous_0)
FN:16,(anonymous_1)
FN:105,(anonymous_2)
FN:124,(anonymous_3)
FN:143,(anonymous_4)
FN:160,(anonymous_5)
FN:180,(anonymous_6)
FNF:7
FNH:0
FNDA:0,(anonymous_0)
FNDA:0,(anonymous_1)
FNDA:0,(anonymous_2)
FNDA:0,(anonymous_3)
FNDA:0,(anonymous_4)
FNDA:0,(anonymous_5)
FNDA:0,(anonymous_6)
DA:3,0
DA:7,0
DA:8,0
DA:17,0
DA:18,0
DA:21,0
DA:23,0
DA:24,0
DA:25,0
DA:31,0
DA:32,0
DA:33,0
DA:36,0
DA:37,0
DA:38,0
DA:44,0
DA:45,0
DA:56,0
DA:57,0
DA:58,0
DA:59,0
DA:60,0
DA:66,0
DA:67,0
DA:69,0
DA:70,0
DA:71,0
DA:77,0
DA:80,0
DA:83,0
DA:84,0
DA:87,0
DA:88,0
DA:95,0
DA:96,0
DA:106,0
DA:111,0
DA:112,0
DA:113,0
DA:116,0
DA:125,0
DA:130,0
DA:131,0
DA:132,0
DA:135,0
DA:144,0
DA:147,0
DA:148,0
DA:151,0
DA:161,0
DA:167,0
DA:168,0
DA:169,0
DA:172,0
DA:181,0
DA:183,0
DA:184,0
DA:186,0
DA:187,0
DA:190,0
DA:191,0
DA:193,0
DA:194,0
DA:199,0
LF:64
LH:0
BRDA:17,0,0,0
BRDA:17,0,1,0
BRDA:31,1,0,0
BRDA:31,1,1,0
BRDA:31,2,0,0
BRDA:31,2,1,0
BRDA:36,3,0,0
BRDA:36,3,1,0
BRDA:40,4,0,0
BRDA:40,4,1,0
BRDA:56,5,0,0
BRDA:56,5,1,0
BRDA:58,6,0,0
BRDA:58,6,1,0
BRDA:66,7,0,0
BRDA:66,7,1,0
BRDA:69,8,0,0
BRDA:69,8,1,0
BRDA:73,9,0,0
BRDA:73,9,1,0
BRDA:83,10,0,0
BRDA:83,10,1,0
BRDA:111,11,0,0
BRDA:111,11,1,0
BRDA:130,12,0,0
BRDA:130,12,1,0
BRDA:147,13,0,0
BRDA:147,13,1,0
BRDA:167,14,0,0
BRDA:167,14,1,0
BRDA:186,15,0,0
BRDA:186,15,1,0
BRDA:186,16,0,0
BRDA:186,16,1,0
BRF:34
BRH:0
end_of_record
TN:
SF:bot/functions/shared/auth/telegram-validator.js
FN:39,validateTelegramData
FN:67,(anonymous_1)
FN:130,isInitDataValid
FNF:3
FNH:3
FNDA:11,validateTelegramData
FNDA:11,(anonymous_1)
FNDA:8,isInitDataValid
DA:7,6
DA:40,11
DA:43,11
DA:44,2
DA:45,2
DA:47,2
DA:51,9
DA:52,9
DA:54,9
DA:55,1
DA:56,1
DA:58,1
DA:62,8
DA:65,8
DA:66,8
DA:67,11
DA:68,8
DA:70,8
DA:72,8
DA:73,7
DA:75,7
DA:77,6
DA:79,6
DA:80,1
DA:81,1
DA:83,1
DA:86,5
DA:87,5
DA:90,4
DA:91,1
DA:92,1
DA:94,1
DA:97,3
DA:98,2
DA:101,3
DA:104,1
DA:105,1
DA:107,1
DA:110,1
DA:111,1
DA:113,1
DA:116,1
DA:117,1
DA:119,1
DA:131,8
DA:132,8
DA:133,8
DA:135,8
DA:136,3
DA:139,5
DA:140,5
DA:142,5
DA:144,0
DA:148,6
LF:54
LH:53
BRDA:39,0,0,10
BRDA:40,1,0,10
BRDA:43,2,0,2
BRDA:43,2,1,9
BRDA:43,3,0,11
BRDA:43,3,1,10
BRDA:44,4,0,2
BRDA:44,4,1,0
BRDA:54,5,0,1
BRDA:54,5,1,8
BRDA:55,6,0,1
BRDA:55,6,1,0
BRDA:75,7,0,6
BRDA:75,7,1,1
BRDA:79,8,0,1
BRDA:79,8,1,5
BRDA:80,9,0,1
BRDA:80,9,1,0
BRDA:90,10,0,1
BRDA:90,10,1,3
BRDA:90,11,0,4
BRDA:90,11,1,4
BRDA:91,12,0,1
BRDA:91,12,1,0
BRDA:97,13,0,2
BRDA:97,13,1,1
BRDA:104,14,0,1
BRDA:104,14,1,0
BRDA:110,15,0,1
BRDA:110,15,1,0
BRDA:116,16,0,1
BRDA:116,16,1,0
BRDA:130,17,0,6
BRDA:135,18,0,3
BRDA:135,18,1,5
BRF:35
BRH:28
end_of_record
TN:
SF:bot/functions/shared/database/queries.js
FN:28,createOptimizedClient
FN:112,(anonymous_1)
FN:120,(anonymous_2)
FN:146,(anonymous_3)
FN:167,(anonymous_4)
FN:186,(anonymous_5)
FN:207,(anonymous_6)
FN:225,(anonymous_7)
FN:243,(anonymous_8)
FN:261,(anonymous_9)
FNF:10
FNH:0
FNDA:0,createOptimizedClient
FNDA:0,(anonymous_1)
FNDA:0,(anonymous_2)
FNDA:0,(anonymous_3)
FNDA:0,(anonymous_4)
FNDA:0,(anonymous_5)
FNDA:0,(anonymous_6)
FNDA:0,(anonymous_7)
FNDA:0,(anonymous_8)
FNDA:0,(anonymous_9)
DA:4,5
DA:9,5
DA:29,0
DA:35,5
DA:113,0
DA:121,0
DA:123,0
DA:136,0
DA:137,0
DA:140,0
DA:147,0
DA:149,0
DA:156,0
DA:157,0
DA:160,0
DA:168,0
DA:171,0
DA:176,0
DA:177,0
DA:180,0
DA:187,0
DA:189,0
DA:196,0
DA:197,0
DA:200,0
DA:208,0
DA:210,0
DA:215,0
DA:216,0
DA:219,0
DA:226,0
DA:228,0
DA:233,0
DA:234,0
DA:237,0
DA:244,0
DA:246,0
DA:251,0
DA:252,0
DA:255,0
DA:262,0
DA:263,0
DA:266,0
DA:270,0
DA:271,0
DA:278,0
DA:284,0
DA:297,5
DA:383,5
LF:49
LH:5
BRDA:136,0,0,0
BRDA:136,0,1,0
BRDA:136,1,0,0
BRDA:136,1,1,0
BRDA:146,2,0,0
BRDA:156,3,0,0
BRDA:156,3,1,0
BRDA:160,4,0,0
BRDA:160,4,1,0
BRDA:176,5,0,0
BRDA:176,5,1,0
BRDA:186,6,0,0
BRDA:186,7,0,0
BRDA:196,8,0,0
BRDA:196,8,1,0
BRDA:200,9,0,0
BRDA:200,9,1,0
BRDA:215,10,0,0
BRDA:215,10,1,0
BRDA:233,11,0,0
BRDA:233,11,1,0
BRDA:251,12,0,0
BRDA:251,12,1,0
BRDA:270,13,0,0
BRDA:270,13,1,0
BRF:25
BRH:0
end_of_record
TN:
SF:bot/functions/shared/middleware/api-wrapper.js
FN:28,wrapApiHandler
FN:37,(anonymous_1)
FN:75,createApiError
FNF:3
FNH:1
FNDA:8,wrapApiHandler
FNDA:0,(anonymous_1)
FNDA:0,createApiError
DA:5,5
DA:10,5
DA:35,8
DA:37,8
DA:39,0
DA:42,0
DA:43,0
DA:44,0
DA:48,0
DA:49,0
DA:50,0
DA:51,0
DA:56,0
DA:57,0
DA:58,0
DA:59,0
DA:64,0
DA:65,0
DA:76,0
DA:77,0
DA:78,0
DA:81,5
LF:22
LH:5
BRDA:28,0,0,0
BRDA:30,1,0,0
BRDA:31,2,0,0
BRDA:32,3,0,0
BRDA:33,4,0,8
BRDA:34,5,0,8
BRDA:43,6,0,0
BRDA:43,6,1,0
BRDA:48,7,0,0
BRDA:48,7,1,0
BRDA:50,8,0,0
BRDA:50,8,1,0
BRDA:56,9,0,0
BRDA:56,9,1,0
BRDA:58,10,0,0
BRDA:58,10,1,0
BRDA:75,11,0,0
BRF:17
BRH:2
end_of_record
TN:
SF:bot/functions/shared/middleware/cors.js
FN:11,getCorsHeaders
FN:30,handleCorsPrelight
FNF:2
FNH:2
FNDA:18,getCorsHeaders
FNDA:11,handleCorsPrelight
DA:12,18
DA:13,18
DA:15,18
DA:31,11
DA:32,6
DA:38,5
DA:41,6
LF:7
LH:7
BRDA:11,0,0,2
BRDA:12,1,0,18
BRDA:12,1,1,3
BRDA:16,2,0,6
BRDA:16,2,1,12
BRDA:18,3,0,12
BRDA:18,3,1,6
BRDA:30,4,0,6
BRDA:31,5,0,6
BRDA:31,5,1,5
BRF:10
BRH:10
end_of_record
TN:
SF:bot/functions/shared/middleware/error-handler.js
FN:13,createErrorResponse
FN:35,createSuccessResponse
FN:56,validateHttpMethod
FN:76,validateEnvironmentConfig
FN:77,(anonymous_4)
FN:97,parseJsonBody
FN:121,withErrorHandler
FN:122,(anonymous_7)
FNF:8
FNH:0
FNDA:0,createErrorResponse
FNDA:0,createSuccessResponse
FNDA:0,validateHttpMethod
FNDA:0,validateEnvironmentConfig
FNDA:0,(anonymous_4)
FNDA:0,parseJsonBody
FNDA:0,withErrorHandler
FNDA:0,(anonymous_7)
DA:14,0
DA:36,0
DA:57,0
DA:59,0
DA:60,0
DA:67,0
DA:77,0
DA:79,0
DA:80,0
DA:81,0
DA:88,0
DA:98,0
DA:99,0
DA:100,0
DA:105,0
DA:106,0
DA:108,0
DA:109,0
DA:122,0
DA:123,0
DA:124,0
DA:126,0
DA:129,0
DA:130,0
DA:132,0
DA:137,5
LF:26
LH:1
BRDA:13,0,0,0
BRDA:13,1,0,0
BRDA:35,2,0,0
BRDA:35,3,0,0
BRDA:57,4,0,0
BRDA:57,4,1,0
BRDA:59,5,0,0
BRDA:59,5,1,0
BRDA:79,6,0,0
BRDA:79,6,1,0
BRDA:99,7,0,0
BRDA:99,7,1,0
BRDA:129,8,0,0
BRDA:129,8,1,0
BRDA:130,9,0,0
BRDA:130,9,1,0
BRF:16
BRH:0
end_of_record
TN:
SF:bot/functions/shared/middleware/metrics-middleware.js
FN:31,withMetricsTracking
FN:32,(anonymous_1)
FN:74,withDatabaseMetrics
FN:75,(anonymous_3)
FN:107,withBotMetrics
FN:108,(anonymous_5)
FN:131,withGeminiMetrics
FN:132,(anonymous_7)
FN:170,createMetricsContext
FN:181,(anonymous_9)
FN:194,(anonymous_10)
FN:207,(anonymous_11)
FN:219,(anonymous_12)
FN:231,sendBulkMetrics
FN:236,(anonymous_14)
FN:241,(anonymous_15)
FNF:16
FNH:0
FNDA:0,withMetricsTracking
FNDA:0,(anonymous_1)
FNDA:0,withDatabaseMetrics
FNDA:0,(anonymous_3)
FNDA:0,withBotMetrics
FNDA:0,(anonymous_5)
FNDA:0,withGeminiMetrics
FNDA:0,(anonymous_7)
FNDA:0,createMetricsContext
FNDA:0,(anonymous_9)
FNDA:0,(anonymous_10)
FNDA:0,(anonymous_11)
FNDA:0,(anonymous_12)
FNDA:0,sendBulkMetrics
FNDA:0,(anonymous_14)
FNDA:0,(anonymous_15)
DA:2,0
DA:4,0
DA:11,0
DA:12,0
DA:13,0
DA:15,0
DA:16,0
DA:17,0
DA:18,0
DA:20,0
DA:21,0
DA:22,0
DA:23,0
DA:25,0
DA:32,0
DA:33,0
DA:34,0
DA:35,0
DA:37,0
DA:39,0
DA:40,0
DA:41,0
DA:44,0
DA:45,0
DA:49,0
DA:51,0
DA:54,0
DA:55,0
DA:58,0
DA:59,0
DA:63,0
DA:66,0
DA:75,0
DA:76,0
DA:78,0
DA:79,0
DA:80,0
DA:83,0
DA:84,0
DA:87,0
DA:88,0
DA:91,0
DA:94,0
DA:95,0
DA:98,0
DA:99,0
DA:108,0
DA:109,0
DA:111,0
DA:112,0
DA:115,0
DA:119,0
DA:120,0
DA:123,0
DA:132,0
DA:133,0
DA:135,0
DA:136,0
DA:137,0
DA:140,0
DA:141,0
DA:142,0
DA:146,0
DA:147,0
DA:150,0
DA:151,0
DA:154,0
DA:157,0
DA:158,0
DA:161,0
DA:162,0
DA:171,0
DA:177,0
DA:182,0
DA:189,0
DA:190,0
DA:195,0
DA:202,0
DA:203,0
DA:208,0
DA:214,0
DA:215,0
DA:219,0
DA:232,0
DA:234,0
DA:236,0
DA:237,0
DA:242,0
DA:246,0
DA:247,0
DA:250,0
DA:254,0
LF:92
LH:0
BRDA:35,0,0,0
BRDA:35,0,1,0
BRDA:35,0,2,0
BRDA:41,1,0,0
BRDA:41,1,1,0
BRDA:44,2,0,0
BRDA:44,2,1,0
BRDA:55,3,0,0
BRDA:55,3,1,0
BRDA:58,4,0,0
BRDA:58,4,1,0
BRDA:83,5,0,0
BRDA:83,5,1,0
BRDA:94,6,0,0
BRDA:94,6,1,0
BRDA:108,7,0,0
BRDA:111,8,0,0
BRDA:111,8,1,0
BRDA:119,9,0,0
BRDA:119,9,1,0
BRDA:141,10,0,0
BRDA:141,10,1,0
BRDA:141,11,0,0
BRDA:141,11,1,0
BRDA:141,11,2,0
BRDA:142,12,0,0
BRDA:142,12,1,0
BRDA:146,13,0,0
BRDA:146,13,1,0
BRDA:157,14,0,0
BRDA:157,14,1,0
BRDA:170,15,0,0
BRDA:172,16,0,0
BRDA:172,16,1,0
BRF:34
BRH:0
end_of_record
TN:
SF:bot/functions/shared/prompts/dream-prompts.js
FN:58,(anonymous_0)
FN:71,(anonymous_1)
FN:80,(anonymous_2)
FN:93,(anonymous_3)
FN:106,(anonymous_4)
FNF:5
FNH:0
FNDA:0,(anonymous_0)
FNDA:0,(anonymous_1)
FNDA:0,(anonymous_2)
FNDA:0,(anonymous_3)
FNDA:0,(anonymous_4)
DA:7,5
DA:12,5
DA:59,0
DA:60,0
DA:61,0
DA:64,0
DA:72,0
DA:81,0
DA:82,0
DA:83,0
DA:85,0
DA:94,0
DA:95,0
DA:97,0
DA:107,0
DA:108,0
DA:111,0
DA:112,0
DA:115,0
DA:118,0
DA:119,0
DA:122,0
DA:127,5
LF:23
LH:3
BRDA:60,0,0,0
BRDA:60,0,1,0
BRDA:82,1,0,0
BRDA:82,1,1,0
BRDA:94,2,0,0
BRDA:94,2,1,0
BRDA:107,3,0,0
BRDA:107,3,1,0
BRDA:111,4,0,0
BRDA:111,4,1,0
BRDA:111,5,0,0
BRDA:111,5,1,0
BRDA:118,6,0,0
BRDA:118,6,1,0
BRF:14
BRH:0
end_of_record
TN:
SF:bot/functions/shared/services/cache-invalidation-service.js
FN:13,(anonymous_0)
FN:26,(anonymous_1)
FN:57,(anonymous_2)
FN:85,(anonymous_3)
FN:88,(anonymous_4)
FN:108,(anonymous_5)
FN:122,(anonymous_6)
FN:126,(anonymous_7)
FN:139,(anonymous_8)
FN:145,(anonymous_9)
FN:158,(anonymous_10)
FN:167,(anonymous_11)
FN:170,(anonymous_12)
FN:192,(anonymous_13)
FN:196,(anonymous_14)
FN:210,(anonymous_15)
FN:214,(anonymous_16)
FN:218,(anonymous_17)
FN:222,(anonymous_18)
FN:226,(anonymous_19)
FN:234,(anonymous_20)
FN:238,(anonymous_21)
FN:242,(anonymous_22)
FN:246,(anonymous_23)
FN:250,(anonymous_24)
FN:257,(anonymous_25)
FN:264,(anonymous_26)
FN:290,(anonymous_27)
FN:326,(anonymous_28)
FNF:29
FNH:0
FNDA:0,(anonymous_0)
FNDA:0,(anonymous_1)
FNDA:0,(anonymous_2)
FNDA:0,(anonymous_3)
FNDA:0,(anonymous_4)
FNDA:0,(anonymous_5)
FNDA:0,(anonymous_6)
FNDA:0,(anonymous_7)
FNDA:0,(anonymous_8)
FNDA:0,(anonymous_9)
FNDA:0,(anonymous_10)
FNDA:0,(anonymous_11)
FNDA:0,(anonymous_12)
FNDA:0,(anonymous_13)
FNDA:0,(anonymous_14)
FNDA:0,(anonymous_15)
FNDA:0,(anonymous_16)
FNDA:0,(anonymous_17)
FNDA:0,(anonymous_18)
FNDA:0,(anonymous_19)
FNDA:0,(anonymous_20)
FNDA:0,(anonymous_21)
FNDA:0,(anonymous_22)
FNDA:0,(anonymous_23)
FNDA:0,(anonymous_24)
FNDA:0,(anonymous_25)
FNDA:0,(anonymous_26)
FNDA:0,(anonymous_27)
FNDA:0,(anonymous_28)
DA:4,0
DA:5,0
DA:6,0
DA:14,0
DA:15,0
DA:18,0
DA:20,0
DA:27,0
DA:29,0
DA:31,0
DA:34,0
DA:37,0
DA:40,0
DA:43,0
DA:46,0
DA:49,0
DA:50,0
DA:58,0
DA:60,0
DA:62,0
DA:65,0
DA:68,0
DA:71,0
DA:74,0
DA:77,0
DA:78,0
DA:86,0
DA:88,0
DA:89,0
DA:90,0
DA:91,0
DA:95,0
DA:102,0
DA:109,0
DA:110,0
DA:111,0
DA:112,0
DA:113,0
DA:114,0
DA:116,0
DA:123,0
DA:125,0
DA:126,0
DA:127,0
DA:128,0
DA:132,0
DA:133,0
DA:140,0
DA:142,0
DA:143,0
DA:145,0
DA:146,0
DA:147,0
DA:148,0
DA:152,0
DA:159,0
DA:161,0
DA:164,0
DA:167,0
DA:168,0
DA:170,0
DA:171,0
DA:173,0
DA:176,0
DA:177,0
DA:180,0
DA:181,0
DA:185,0
DA:186,0
DA:193,0
DA:196,0
DA:211,0
DA:215,0
DA:219,0
DA:223,0
DA:227,0
DA:228,0
DA:229,0
DA:230,0
DA:231,0
DA:235,0
DA:239,0
DA:243,0
DA:247,0
DA:251,0
DA:252,0
DA:253,0
DA:254,0
DA:258,0
DA:266,0
DA:273,0
DA:280,0
DA:291,0
DA:294,0
DA:295,0
DA:297,0
DA:299,0
DA:300,0
DA:303,0
DA:304,0
DA:308,0
DA:309,0
DA:311,0
DA:312,0
DA:316,0
DA:319,0
DA:320,0
DA:327,0
DA:330,0
DA:331,0
DA:334,0
DA:335,0
DA:340,0
DA:342,0
LF:114
LH:0
BRDA:26,0,0,0
BRDA:29,1,0,0
BRDA:29,1,1,0
BRDA:29,1,2,0
BRDA:29,1,3,0
BRDA:29,1,4,0
BRDA:29,1,5,0
BRDA:29,1,6,0
BRDA:57,2,0,0
BRDA:60,3,0,0
BRDA:60,3,1,0
BRDA:60,3,2,0
BRDA:60,3,3,0
BRDA:60,3,4,0
BRDA:60,3,5,0
BRDA:85,4,0,0
BRDA:110,5,0,0
BRDA:110,5,1,0
BRDA:122,6,0,0
BRDA:127,7,0,0
BRDA:127,7,1,0
BRDA:139,8,0,0
BRDA:147,9,0,0
BRDA:147,9,1,0
BRDA:147,10,0,0
BRDA:147,10,1,0
BRDA:158,11,0,0
BRDA:168,12,0,0
BRDA:168,12,1,0
BRDA:168,12,2,0
BRDA:290,13,0,0
BRDA:297,14,0,0
BRDA:297,14,1,0
BRDA:299,15,0,0
BRDA:299,15,1,0
BRDA:303,16,0,0
BRDA:303,16,1,0
BRDA:311,17,0,0
BRDA:311,17,1,0
BRF:39
BRH:0
end_of_record
TN:
SF:bot/functions/shared/services/cache-manager.js
FN:15,(anonymous_0)
FN:32,(anonymous_1)
FN:61,(anonymous_2)
FN:102,(anonymous_3)
FN:147,(anonymous_4)
FN:171,(anonymous_5)
FN:194,(anonymous_6)
FN:218,(anonymous_7)
FN:252,(anonymous_8)
FN:278,(anonymous_9)
FN:304,(anonymous_10)
FN:354,(anonymous_11)
FNF:12
FNH:0
FNDA:0,(anonymous_0)
FNDA:0,(anonymous_1)
FNDA:0,(anonymous_2)
FNDA:0,(anonymous_3)
FNDA:0,(anonymous_4)
FNDA:0,(anonymous_5)
FNDA:0,(anonymous_6)
FNDA:0,(anonymous_7)
FNDA:0,(anonymous_8)
FNDA:0,(anonymous_9)
FNDA:0,(anonymous_10)
FNDA:0,(anonymous_11)
DA:4,0
DA:5,0
DA:6,0
DA:7,0
DA:8,0
DA:16,0
DA:24,0
DA:26,0
DA:33,0
DA:34,0
DA:37,0
DA:38,0
DA:41,0
DA:42,0
DA:43,0
DA:47,0
DA:49,0
DA:50,0
DA:53,0
DA:54,0
DA:62,0
DA:64,0
DA:65,0
DA:68,0
DA:69,0
DA:72,0
DA:73,0
DA:76,0
DA:77,0
DA:81,0
DA:82,0
DA:86,0
DA:87,0
DA:90,0
DA:91,0
DA:94,0
DA:95,0
DA:103,0
DA:104,0
DA:107,0
DA:108,0
DA:111,0
DA:112,0
DA:115,0
DA:116,0
DA:119,0
DA:120,0
DA:123,0
DA:124,0
DA:127,0
DA:128,0
DA:132,0
DA:133,0
DA:136,0
DA:139,0
DA:140,0
DA:148,0
DA:149,0
DA:152,0
DA:155,0
DA:156,0
DA:159,0
DA:160,0
DA:163,0
DA:164,0
DA:172,0
DA:173,0
DA:175,0
DA:178,0
DA:179,0
DA:182,0
DA:183,0
DA:186,0
DA:187,0
DA:195,0
DA:196,0
DA:210,0
DA:211,0
DA:219,0
DA:221,0
DA:222,0
DA:225,0
DA:226,0
DA:228,0
DA:230,0
DA:231,0
DA:234,0
DA:236,0
DA:240,0
DA:241,0
DA:244,0
DA:245,0
DA:253,0
DA:254,0
DA:256,0
DA:266,0
DA:267,0
DA:270,0
DA:271,0
DA:279,0
DA:281,0
DA:283,0
DA:286,0
DA:287,0
DA:288,0
DA:290,0
DA:292,0
DA:293,0
DA:296,0
DA:297,0
DA:305,0
DA:306,0
DA:314,0
DA:315,0
DA:317,0
DA:324,0
DA:325,0
DA:326,0
DA:330,0
DA:331,0
DA:338,0
DA:341,0
DA:351,0
DA:354,0
DA:355,0
DA:358,0
LF:126
LH:0
BRDA:33,0,0,0
BRDA:33,0,1,0
BRDA:41,1,0,0
BRDA:41,1,1,0
BRDA:61,2,0,0
BRDA:64,3,0,0
BRDA:64,3,1,0
BRDA:68,4,0,0
BRDA:68,4,1,0
BRDA:72,5,0,0
BRDA:72,5,1,0
BRDA:76,6,0,0
BRDA:76,6,1,0
BRDA:81,7,0,0
BRDA:81,7,1,0
BRDA:86,8,0,0
BRDA:86,8,1,0
BRDA:87,9,0,0
BRDA:87,9,1,0
BRDA:102,10,0,0
BRDA:107,11,0,0
BRDA:107,11,1,0
BRDA:111,12,0,0
BRDA:111,12,1,0
BRDA:115,13,0,0
BRDA:115,13,1,0
BRDA:119,14,0,0
BRDA:119,14,1,0
BRDA:123,15,0,0
BRDA:123,15,1,0
BRDA:127,16,0,0
BRDA:127,16,1,0
BRDA:132,17,0,0
BRDA:132,17,1,0
BRDA:147,18,0,0
BRDA:155,19,0,0
BRDA:155,19,1,0
BRDA:171,20,0,0
BRDA:178,21,0,0
BRDA:178,21,1,0
BRDA:226,22,0,0
BRDA:226,22,1,0
BRDA:228,23,0,0
BRDA:228,23,1,0
BRDA:234,24,0,0
BRDA:234,24,1,0
BRDA:315,25,0,0
BRDA:315,25,1,0
BRDA:318,26,0,0
BRDA:318,26,1,0
BRDA:324,27,0,0
BRDA:324,27,1,0
BRDA:332,28,0,0
BRDA:332,28,1,0
BRDA:334,29,0,0
BRDA:334,29,1,0
BRF:56
BRH:0
end_of_record
TN:
SF:bot/functions/shared/services/cache-service.js
FN:9,(anonymous_0)
FN:43,(anonymous_1)
FN:77,(anonymous_2)
FN:112,(anonymous_3)
FN:131,(anonymous_4)
FN:142,(anonymous_5)
FN:155,(anonymous_6)
FN:168,(anonymous_7)
FN:172,(anonymous_8)
FN:182,(anonymous_9)
FN:190,(anonymous_10)
FN:203,(anonymous_11)
FN:232,(anonymous_12)
FN:240,(anonymous_13)
FN:244,(anonymous_14)
FN:257,(anonymous_15)
FN:262,(anonymous_16)
FN:278,(anonymous_17)
FN:283,(anonymous_18)
FN:298,(anonymous_19)
FN:305,(anonymous_20)
FN:307,(anonymous_21)
FN:328,(anonymous_22)
FN:336,(anonymous_23)
FN:355,(anonymous_24)
FN:362,(anonymous_25)
FN:365,(anonymous_26)
FN:371,(anonymous_27)
FN:383,(anonymous_28)
FN:393,(anonymous_29)
FN:394,(anonymous_30)
FN:399,(anonymous_31)
FN:419,(anonymous_32)
FNF:33
FNH:2
FNDA:6,(anonymous_0)
FNDA:0,(anonymous_1)
FNDA:0,(anonymous_2)
FNDA:0,(anonymous_3)
FNDA:0,(anonymous_4)
FNDA:0,(anonymous_5)
FNDA:0,(anonymous_6)
FNDA:0,(anonymous_7)
FNDA:0,(anonymous_8)
FNDA:0,(anonymous_9)
FNDA:0,(anonymous_10)
FNDA:0,(anonymous_11)
FNDA:0,(anonymous_12)
FNDA:0,(anonymous_13)
FNDA:0,(anonymous_14)
FNDA:0,(anonymous_15)
FNDA:0,(anonymous_16)
FNDA:0,(anonymous_17)
FNDA:0,(anonymous_18)
FNDA:0,(anonymous_19)
FNDA:0,(anonymous_20)
FNDA:0,(anonymous_21)
FNDA:0,(anonymous_22)
FNDA:0,(anonymous_23)
FNDA:0,(anonymous_24)
FNDA:0,(anonymous_25)
FNDA:0,(anonymous_26)
FNDA:0,(anonymous_27)
FNDA:0,(anonymous_28)
FNDA:6,(anonymous_29)
FNDA:0,(anonymous_30)
FNDA:0,(anonymous_31)
FNDA:0,(anonymous_32)
DA:10,6
DA:11,6
DA:12,6
DA:13,6
DA:14,6
DA:17,6
DA:27,6
DA:28,6
DA:31,6
DA:33,6
DA:44,0
DA:46,0
DA:47,0
DA:50,0
DA:51,0
DA:53,0
DA:59,0
DA:60,0
DA:63,0
DA:64,0
DA:67,0
DA:69,0
DA:70,0
DA:78,0
DA:80,0
DA:81,0
DA:82,0
DA:83,0
DA:86,0
DA:87,0
DA:89,0
DA:90,0
DA:93,0
DA:94,0
DA:97,0
DA:100,0
DA:101,0
DA:103,0
DA:104,0
DA:105,0
DA:113,0
DA:114,0
DA:115,0
DA:117,0
DA:118,0
DA:121,0
DA:123,0
DA:124,0
DA:132,0
DA:133,0
DA:134,0
DA:136,0
DA:143,0
DA:144,0
DA:147,0
DA:148,0
DA:149,0
DA:156,0
DA:157,0
DA:158,0
DA:161,0
DA:162,0
DA:169,0
DA:171,0
DA:172,0
DA:176,0
DA:182,0
DA:183,0
DA:191,0
DA:192,0
DA:193,0
DA:194,0
DA:196,0
DA:197,0
DA:204,0
DA:205,0
DA:206,0
DA:207,0
DA:209,0
DA:232,0
DA:241,0
DA:242,0
DA:244,0
DA:245,0
DA:246,0
DA:250,0
DA:251,0
DA:258,0
DA:260,0
DA:262,0
DA:263,0
DA:264,0
DA:265,0
DA:266,0
DA:267,0
DA:272,0
DA:279,0
DA:280,0
DA:281,0
DA:283,0
DA:284,0
DA:285,0
DA:289,0
DA:291,0
DA:292,0
DA:299,0
DA:300,0
DA:301,0
DA:304,0
DA:305,0
DA:307,0
DA:309,0
DA:311,0
DA:312,0
DA:313,0
DA:314,0
DA:317,0
DA:321,0
DA:329,0
DA:330,0
DA:331,0
DA:333,0
DA:338,0
DA:339,0
DA:341,0
DA:342,0
DA:343,0
DA:344,0
DA:348,0
DA:349,0
DA:350,0
DA:351,0
DA:356,0
DA:357,0
DA:360,0
DA:361,0
DA:362,0
DA:364,0
DA:365,0
DA:366,0
DA:373,0
DA:375,0
DA:376,0
DA:377,0
DA:380,0
DA:384,0
DA:386,0
DA:387,0
DA:388,0
DA:390,0
DA:394,6
DA:395,0
DA:400,0
DA:401,0
DA:404,0
DA:405,0
DA:406,0
DA:407,0
DA:411,0
DA:412,0
DA:420,0
DA:421,0
DA:426,6
DA:433,6
LF:164
LH:13
BRDA:9,0,0,0
BRDA:12,1,0,6
BRDA:12,1,1,0
BRDA:13,2,0,6
BRDA:13,2,1,0
BRDA:14,3,0,6
BRDA:14,3,1,0
BRDA:28,4,0,6
BRDA:28,4,1,0
BRDA:43,5,0,0
BRDA:46,6,0,0
BRDA:46,6,1,0
BRDA:46,7,0,0
BRDA:46,7,1,0
BRDA:50,8,0,0
BRDA:50,8,1,0
BRDA:63,9,0,0
BRDA:63,9,1,0
BRDA:80,10,0,0
BRDA:80,10,1,0
BRDA:87,11,0,0
BRDA:87,11,1,0
BRDA:93,12,0,0
BRDA:93,12,1,0
BRDA:117,13,0,0
BRDA:117,13,1,0
BRDA:132,14,0,0
BRDA:132,14,1,0
BRDA:143,15,0,0
BRDA:143,15,1,0
BRDA:157,16,0,0
BRDA:157,16,1,0
BRDA:162,17,0,0
BRDA:162,17,1,0
BRDA:168,18,0,0
BRDA:171,19,0,0
BRDA:171,19,1,0
BRDA:183,20,0,0
BRDA:183,20,1,0
BRDA:207,21,0,0
BRDA:207,21,1,0
BRDA:231,22,0,0
BRDA:231,22,1,0
BRDA:245,23,0,0
BRDA:245,23,1,0
BRDA:257,24,0,0
BRDA:257,25,0,0
BRDA:260,26,0,0
BRDA:260,26,1,0
BRDA:260,27,0,0
BRDA:260,27,1,0
BRDA:264,28,0,0
BRDA:264,28,1,0
BRDA:265,29,0,0
BRDA:265,29,1,0
BRDA:280,30,0,0
BRDA:280,30,1,0
BRDA:284,31,0,0
BRDA:284,31,1,0
BRDA:299,32,0,0
BRDA:299,32,1,0
BRDA:313,33,0,0
BRDA:313,33,1,0
BRDA:330,34,0,0
BRDA:330,34,1,0
BRDA:342,35,0,0
BRDA:342,35,1,0
BRDA:348,36,0,0
BRDA:348,36,1,0
BRDA:356,37,0,0
BRDA:356,37,1,0
BRDA:360,38,0,0
BRDA:360,38,1,0
BRDA:384,39,0,0
BRDA:384,39,1,0
BRDA:405,40,0,0
BRDA:405,40,1,0
BRDA:411,41,0,0
BRDA:411,41,1,0
BRF:79
BRH:4
end_of_record
TN:
SF:bot/functions/shared/services/cache-warming-service.js
FN:13,(anonymous_0)
FN:34,(anonymous_1)
FN:78,(anonymous_2)
FN:84,(anonymous_3)
FN:105,(anonymous_4)
FN:121,(anonymous_5)
FN:150,(anonymous_6)
FN:154,(anonymous_7)
FN:176,(anonymous_8)
FN:204,(anonymous_9)
FN:207,(anonymous_10)
FN:218,(anonymous_11)
FN:224,(anonymous_12)
FN:233,(anonymous_13)
FN:250,(anonymous_14)
FN:274,(anonymous_15)
FN:277,(anonymous_16)
FN:278,(anonymous_17)
FN:279,(anonymous_18)
FN:282,(anonymous_19)
FN:285,(anonymous_20)
FN:292,(anonymous_21)
FN:299,(anonymous_22)
FN:306,(anonymous_23)
FN:311,(anonymous_24)
FN:312,(anonymous_25)
FN:316,(anonymous_26)
FN:322,(anonymous_27)
FN:337,(anonymous_28)
FN:349,(anonymous_29)
FN:357,(anonymous_30)
FN:360,(anonymous_31)
FN:365,(anonymous_32)
FN:370,(anonymous_33)
FN:377,(anonymous_34)
FNF:35
FNH:0
FNDA:0,(anonymous_0)
FNDA:0,(anonymous_1)
FNDA:0,(anonymous_2)
FNDA:0,(anonymous_3)
FNDA:0,(anonymous_4)
FNDA:0,(anonymous_5)
FNDA:0,(anonymous_6)
FNDA:0,(anonymous_7)
FNDA:0,(anonymous_8)
FNDA:0,(anonymous_9)
FNDA:0,(anonymous_10)
FNDA:0,(anonymous_11)
FNDA:0,(anonymous_12)
FNDA:0,(anonymous_13)
FNDA:0,(anonymous_14)
FNDA:0,(anonymous_15)
FNDA:0,(anonymous_16)
FNDA:0,(anonymous_17)
FNDA:0,(anonymous_18)
FNDA:0,(anonymous_19)
FNDA:0,(anonymous_20)
FNDA:0,(anonymous_21)
FNDA:0,(anonymous_22)
FNDA:0,(anonymous_23)
FNDA:0,(anonymous_24)
FNDA:0,(anonymous_25)
FNDA:0,(anonymous_26)
FNDA:0,(anonymous_27)
FNDA:0,(anonymous_28)
FNDA:0,(anonymous_29)
FNDA:0,(anonymous_30)
FNDA:0,(anonymous_31)
FNDA:0,(anonymous_32)
FNDA:0,(anonymous_33)
FNDA:0,(anonymous_34)
DA:4,0
DA:5,0
DA:6,0
DA:14,0
DA:15,0
DA:16,0
DA:17,0
DA:26,0
DA:28,0
DA:35,0
DA:36,0
DA:37,0
DA:40,0
DA:41,0
DA:42,0
DA:44,0
DA:45,0
DA:46,0
DA:49,0
DA:50,0
DA:57,0
DA:58,0
DA:61,0
DA:62,0
DA:69,0
DA:71,0
DA:79,0
DA:82,0
DA:84,0
DA:85,0
DA:86,0
DA:87,0
DA:88,0
DA:90,0
DA:91,0
DA:92,0
DA:96,0
DA:97,0
DA:99,0
DA:106,0
DA:108,0
DA:121,0
DA:122,0
DA:124,0
DA:126,0
DA:129,0
DA:132,0
DA:133,0
DA:135,0
DA:136,0
DA:137,0
DA:141,0
DA:142,0
DA:144,0
DA:151,0
DA:154,0
DA:156,0
DA:159,0
DA:160,0
DA:161,0
DA:164,0
DA:165,0
DA:169,0
DA:170,0
DA:177,0
DA:180,0
DA:182,0
DA:183,0
DA:186,0
DA:187,0
DA:188,0
DA:190,0
DA:194,0
DA:195,0
DA:198,0
DA:205,0
DA:207,0
DA:208,0
DA:209,0
DA:210,0
DA:219,0
DA:222,0
DA:224,0
DA:225,0
DA:226,0
DA:234,0
DA:251,0
DA:252,0
DA:253,0
DA:256,0
DA:257,0
DA:259,0
DA:260,0
DA:261,0
DA:263,0
DA:264,0
DA:267,0
DA:269,0
DA:270,0
DA:276,0
DA:277,0
DA:278,0
DA:279,0
DA:282,0
DA:286,0
DA:288,0
DA:293,0
DA:295,0
DA:300,0
DA:302,0
DA:308,0
DA:310,0
DA:311,0
DA:313,0
DA:314,0
DA:316,0
DA:319,0
DA:323,0
DA:326,0
DA:327,0
DA:330,0
DA:331,0
DA:334,0
DA:338,0
DA:340,0
DA:341,0
DA:344,0
DA:345,0
DA:352,0
DA:359,0
DA:360,0
DA:364,0
DA:365,0
DA:369,0
DA:370,0
DA:378,0
DA:379,0
DA:380,0
DA:385,0
DA:387,0
LF:140
LH:0
BRDA:34,0,0,0
BRDA:35,1,0,0
BRDA:35,1,1,0
BRDA:78,2,0,0
BRDA:126,3,0,0
BRDA:126,3,1,0
BRDA:150,4,0,0
BRDA:161,5,0,0
BRDA:161,5,1,0
BRDA:182,6,0,0
BRDA:182,6,1,0
BRDA:204,7,0,0
BRDA:208,8,0,0
BRDA:208,8,1,0
BRDA:252,9,0,0
BRDA:252,9,1,0
BRDA:286,10,0,0
BRDA:286,10,1,0
BRDA:293,11,0,0
BRDA:293,11,1,0
BRDA:300,12,0,0
BRDA:300,12,1,0
BRDA:308,13,0,0
BRDA:308,13,1,0
BRDA:316,14,0,0
BRDA:316,14,1,0
BRDA:326,15,0,0
BRDA:326,15,1,0
BRDA:330,16,0,0
BRDA:330,16,1,0
BRDA:338,17,0,0
BRDA:338,17,1,0
BRF:32
BRH:0
end_of_record
TN:
SF:bot/functions/shared/services/gemini-service.js
FN:12,(anonymous_0)
FN:32,(anonymous_1)
FN:65,(anonymous_2)
FN:78,(anonymous_3)
FN:101,(anonymous_4)
FN:115,(anonymous_5)
FN:138,(anonymous_6)
FN:169,(anonymous_7)
FN:177,(anonymous_8)
FN:189,(anonymous_9)
FN:198,(anonymous_10)
FN:207,(anonymous_11)
FN:220,(anonymous_12)
FN:242,(anonymous_13)
FN:251,(anonymous_14)
FN:269,(anonymous_15)
FN:272,(anonymous_16)
FN:291,(anonymous_17)
FN:292,(anonymous_18)
FN:298,(anonymous_19)
FN:315,(anonymous_20)
FNF:21
FNH:1
FNDA:6,(anonymous_0)
FNDA:0,(anonymous_1)
FNDA:0,(anonymous_2)
FNDA:0,(anonymous_3)
FNDA:0,(anonymous_4)
FNDA:0,(anonymous_5)
FNDA:0,(anonymous_6)
FNDA:0,(anonymous_7)
FNDA:0,(anonymous_8)
FNDA:0,(anonymous_9)
FNDA:0,(anonymous_10)
FNDA:0,(anonymous_11)
FNDA:0,(anonymous_12)
FNDA:0,(anonymous_13)
FNDA:0,(anonymous_14)
FNDA:0,(anonymous_15)
FNDA:0,(anonymous_16)
FNDA:0,(anonymous_17)
FNDA:0,(anonymous_18)
FNDA:0,(anonymous_19)
FNDA:0,(anonymous_20)
DA:4,6
DA:5,6
DA:13,6
DA:14,6
DA:15,6
DA:16,6
DA:17,6
DA:18,6
DA:21,6
DA:22,6
DA:25,6
DA:26,6
DA:33,0
DA:34,0
DA:37,0
DA:38,0
DA:41,0
DA:42,0
DA:44,0
DA:45,0
DA:46,0
DA:49,0
DA:50,0
DA:51,0
DA:53,0
DA:54,0
DA:56,0
DA:57,0
DA:58,0
DA:66,0
DA:69,0
DA:70,0
DA:71,0
DA:72,0
DA:73,0
DA:76,0
DA:78,0
DA:79,0
DA:80,0
DA:82,0
DA:83,0
DA:85,0
DA:87,0
DA:88,0
DA:91,0
DA:93,0
DA:94,0
DA:102,0
DA:103,0
DA:106,0
DA:107,0
DA:108,0
DA:109,0
DA:110,0
DA:113,0
DA:115,0
DA:116,0
DA:117,0
DA:119,0
DA:120,0
DA:122,0
DA:124,0
DA:125,0
DA:128,0
DA:130,0
DA:131,0
DA:141,0
DA:142,0
DA:143,0
DA:145,0
DA:146,0
DA:149,0
DA:150,0
DA:154,0
DA:155,0
DA:156,0
DA:157,0
DA:163,0
DA:170,0
DA:171,0
DA:178,0
DA:179,0
DA:181,0
DA:182,0
DA:190,0
DA:191,0
DA:199,0
DA:200,0
DA:208,0
DA:209,0
DA:221,0
DA:223,0
DA:224,0
DA:226,0
DA:227,0
DA:229,0
DA:230,0
DA:232,0
DA:233,0
DA:236,0
DA:243,0
DA:244,0
DA:245,0
DA:252,0
DA:254,0
DA:256,0
DA:258,0
DA:260,0
DA:262,0
DA:270,0
DA:272,0
DA:274,0
DA:275,0
DA:276,0
DA:277,0
DA:281,0
DA:285,0
DA:292,0
DA:299,0
DA:300,0
DA:316,0
DA:317,0
DA:318,0
DA:323,6
DA:324,6
LF:125
LH:14
BRDA:33,0,0,0
BRDA:33,0,1,0
BRDA:33,1,0,0
BRDA:33,1,1,0
BRDA:37,2,0,0
BRDA:37,2,1,0
BRDA:45,3,0,0
BRDA:45,3,1,0
BRDA:65,4,0,0
BRDA:71,5,0,0
BRDA:71,5,1,0
BRDA:102,6,0,0
BRDA:102,6,1,0
BRDA:102,7,0,0
BRDA:102,7,1,0
BRDA:108,8,0,0
BRDA:108,8,1,0
BRDA:149,9,0,0
BRDA:149,9,1,0
BRDA:154,10,0,0
BRDA:154,10,1,0
BRDA:178,11,0,0
BRDA:178,11,1,0
BRDA:178,12,0,0
BRDA:178,12,1,0
BRDA:181,13,0,0
BRDA:181,13,1,0
BRDA:190,14,0,0
BRDA:190,14,1,0
BRDA:199,15,0,0
BRDA:199,15,1,0
BRDA:199,16,0,0
BRDA:199,16,1,0
BRDA:208,17,0,0
BRDA:208,17,1,0
BRDA:210,18,0,0
BRDA:210,18,1,0
BRDA:210,18,2,0
BRDA:210,18,3,0
BRDA:221,19,0,0
BRDA:221,19,1,0
BRDA:223,20,0,0
BRDA:223,20,1,0
BRDA:226,21,0,0
BRDA:226,21,1,0
BRDA:226,22,0,0
BRDA:226,22,1,0
BRDA:226,22,2,0
BRDA:229,23,0,0
BRDA:229,23,1,0
BRDA:232,24,0,0
BRDA:232,24,1,0
BRDA:251,25,0,0
BRDA:254,26,0,0
BRDA:254,26,1,0
BRDA:254,26,2,0
BRDA:254,26,3,0
BRDA:275,27,0,0
BRDA:275,27,1,0
BRF:59
BRH:0
end_of_record
TN:
SF:bot/functions/shared/services/test-gemini-service.js
FN:6,testGeminiService
FNF:1
FNH:0
FNDA:0,testGeminiService
DA:4,0
DA:7,0
DA:9,0
DA:11,0
DA:12,0
DA:16,0
DA:19,0
DA:22,0
DA:23,0
DA:27,0
DA:29,0
DA:30,0
DA:32,0
DA:33,0
DA:38,0
DA:41,0
DA:42,0
LF:17
LH:0
BRDA:16,0,0,0
BRDA:16,0,1,0
BRDA:27,1,0,0
BRDA:27,1,1,0
BRDA:41,2,0,0
BRDA:41,2,1,0
BRF:6
BRH:0
end_of_record
TN:
SF:bot/functions/shared/services/user-cache-service.js
FN:11,(anonymous_0)
FN:23,(anonymous_1)
FN:36,(anonymous_2)
FN:44,(anonymous_3)
FN:57,(anonymous_4)
FN:65,(anonymous_5)
FN:78,(anonymous_6)
FN:86,(anonymous_7)
FN:99,(anonymous_8)
FN:107,(anonymous_9)
FN:120,(anonymous_10)
FN:128,(anonymous_11)
FN:136,(anonymous_12)
FN:144,(anonymous_13)
FN:152,(anonymous_14)
FN:160,(anonymous_15)
FN:168,(anonymous_16)
FN:176,(anonymous_17)
FN:184,(anonymous_18)
FN:202,(anonymous_19)
FN:206,(anonymous_20)
FN:216,(anonymous_21)
FN:239,(anonymous_22)
FN:256,(anonymous_23)
FN:265,(anonymous_24)
FN:269,(anonymous_25)
FN:273,(anonymous_26)
FN:277,(anonymous_27)
FN:281,(anonymous_28)
FN:292,(anonymous_29)
FN:313,(anonymous_30)
FN:324,(anonymous_31)
FNF:32
FNH:1
FNDA:4,(anonymous_0)
FNDA:0,(anonymous_1)
FNDA:0,(anonymous_2)
FNDA:0,(anonymous_3)
FNDA:0,(anonymous_4)
FNDA:0,(anonymous_5)
FNDA:0,(anonymous_6)
FNDA:0,(anonymous_7)
FNDA:0,(anonymous_8)
FNDA:0,(anonymous_9)
FNDA:0,(anonymous_10)
FNDA:0,(anonymous_11)
FNDA:0,(anonymous_12)
FNDA:0,(anonymous_13)
FNDA:0,(anonymous_14)
FNDA:0,(anonymous_15)
FNDA:0,(anonymous_16)
FNDA:0,(anonymous_17)
FNDA:0,(anonymous_18)
FNDA:0,(anonymous_19)
FNDA:0,(anonymous_20)
FNDA:0,(anonymous_21)
FNDA:0,(anonymous_22)
FNDA:0,(anonymous_23)
FNDA:0,(anonymous_24)
FNDA:0,(anonymous_25)
FNDA:0,(anonymous_26)
FNDA:0,(anonymous_27)
FNDA:0,(anonymous_28)
FNDA:0,(anonymous_29)
FNDA:0,(anonymous_30)
FNDA:0,(anonymous_31)
DA:4,4
DA:12,4
DA:13,4
DA:14,4
DA:15,4
DA:17,4
DA:24,0
DA:25,0
DA:37,0
DA:38,0
DA:45,0
DA:46,0
DA:58,0
DA:59,0
DA:66,0
DA:67,0
DA:79,0
DA:80,0
DA:87,0
DA:88,0
DA:100,0
DA:101,0
DA:108,0
DA:109,0
DA:121,0
DA:122,0
DA:129,0
DA:130,0
DA:137,0
DA:138,0
DA:145,0
DA:146,0
DA:153,0
DA:154,0
DA:161,0
DA:162,0
DA:169,0
DA:170,0
DA:177,0
DA:178,0
DA:185,0
DA:190,0
DA:192,0
DA:193,0
DA:203,0
DA:204,0
DA:206,0
DA:207,0
DA:210,0
DA:217,0
DA:219,0
DA:240,0
DA:241,0
DA:246,0
DA:247,0
DA:250,0
DA:257,0
DA:258,0
DA:266,0
DA:270,0
DA:274,0
DA:278,0
DA:282,0
DA:293,0
DA:295,0
DA:296,0
DA:297,0
DA:298,0
DA:299,0
DA:302,0
DA:303,0
DA:307,0
DA:314,0
DA:323,0
DA:324,0
DA:325,0
DA:328,0
DA:329,0
DA:334,4
DA:336,4
LF:80
LH:8
BRDA:192,0,0,0
BRDA:192,0,1,0
BRDA:241,1,0,0
BRDA:241,1,1,0
BRDA:247,2,0,0
BRDA:247,2,1,0
BRDA:292,3,0,0
BRDA:292,4,0,0
BRDA:295,5,0,0
BRDA:295,5,1,0
BRDA:298,6,0,0
BRDA:298,6,1,0
BRDA:298,7,0,0
BRDA:298,7,1,0
BRDA:299,8,0,0
BRDA:299,8,1,0
BRF:16
BRH:0
end_of_record
TN:
SF:bot/functions/shared/utils/logger.js
FN:18,generateCorrelationId
FN:27,(anonymous_1)
FN:56,(anonymous_2)
FN:111,(anonymous_3)
FN:117,(anonymous_4)
FN:123,(anonymous_5)
FN:129,(anonymous_6)
FN:139,(anonymous_7)
FN:161,(anonymous_8)
FN:165,(anonymous_9)
FN:169,(anonymous_10)
FN:173,(anonymous_11)
FN:180,(anonymous_12)
FN:194,(anonymous_13)
FN:206,(anonymous_14)
FN:219,(anonymous_15)
FN:230,(anonymous_16)
FN:242,(anonymous_17)
FN:254,(anonymous_18)
FN:267,(anonymous_19)
FN:277,(anonymous_20)
FN:290,(anonymous_21)
FN:302,(anonymous_22)
FN:332,(anonymous_23)
FNF:24
FNH:2
FNDA:0,generateCorrelationId
FNDA:0,(anonymous_1)
FNDA:0,(anonymous_2)
FNDA:8,(anonymous_3)
FNDA:0,(anonymous_4)
FNDA:0,(anonymous_5)
FNDA:0,(anonymous_6)
FNDA:0,(anonymous_7)
FNDA:0,(anonymous_8)
FNDA:0,(anonymous_9)
FNDA:0,(anonymous_10)
FNDA:0,(anonymous_11)
FNDA:0,(anonymous_12)
FNDA:0,(anonymous_13)
FNDA:0,(anonymous_14)
FNDA:0,(anonymous_15)
FNDA:0,(anonymous_16)
FNDA:0,(anonymous_17)
FNDA:0,(anonymous_18)
FNDA:0,(anonymous_19)
FNDA:0,(anonymous_20)
FNDA:0,(anonymous_21)
FNDA:0,(anonymous_22)
FNDA:4,(anonymous_23)
DA:2,4
DA:3,4
DA:6,4
DA:13,4
DA:14,4
DA:15,4
DA:19,0
DA:23,4
DA:28,0
DA:39,0
DA:40,0
DA:43,0
DA:48,4
DA:57,0
DA:60,0
DA:84,4
DA:85,0
DA:86,0
DA:101,4
DA:112,8
DA:113,8
DA:118,0
DA:119,0
DA:124,0
DA:125,0
DA:130,0
DA:134,0
DA:135,0
DA:140,0
DA:149,0
DA:150,0
DA:157,0
DA:162,0
DA:166,0
DA:170,0
DA:174,0
DA:181,0
DA:195,0
DA:207,0
DA:220,0
DA:231,0
DA:243,0
DA:255,0
DA:268,0
DA:278,0
DA:291,0
DA:303,0
DA:314,4
DA:315,4
DA:317,4
DA:318,4
DA:319,4
DA:320,0
DA:323,0
DA:327,4
DA:332,4
LF:56
LH:19
BRDA:13,0,0,4
BRDA:13,0,1,4
BRDA:32,1,0,0
BRDA:32,1,1,0
BRDA:34,2,0,0
BRDA:34,2,1,0
BRDA:35,3,0,0
BRDA:35,3,1,0
BRDA:39,4,0,0
BRDA:39,4,1,0
BRDA:52,5,0,0
BRDA:52,5,1,4
BRDA:57,6,0,0
BRDA:57,6,1,0
BRDA:57,7,0,0
BRDA:57,7,1,0
BRDA:60,8,0,0
BRDA:60,8,1,0
BRDA:84,9,0,0
BRDA:84,9,1,4
BRDA:84,10,0,4
BRDA:84,10,1,0
BRDA:89,11,0,0
BRDA:89,11,1,0
BRDA:111,12,0,4
BRDA:129,13,0,0
BRDA:139,14,0,0
BRDA:139,15,0,0
BRDA:142,16,0,0
BRDA:142,16,1,0
BRDA:149,17,0,0
BRDA:149,17,1,0
BRDA:161,18,0,0
BRDA:161,19,0,0
BRDA:165,20,0,0
BRDA:169,21,0,0
BRDA:173,22,0,0
BRDA:180,23,0,0
BRDA:180,24,0,0
BRDA:194,25,0,0
BRDA:194,26,0,0
BRDA:206,27,0,0
BRDA:206,28,0,0
BRDA:219,29,0,0
BRDA:230,30,0,0
BRDA:242,31,0,0
BRDA:242,32,0,0
BRDA:242,33,0,0
BRDA:254,34,0,0
BRDA:254,35,0,0
BRDA:267,36,0,0
BRDA:277,37,0,0
BRDA:277,38,0,0
BRDA:277,39,0,0
BRDA:290,40,0,0
BRDA:302,41,0,0
BRDA:302,42,0,0
BRDA:319,43,0,0
BRDA:319,43,1,4
BRDA:332,44,0,0
BRF:60
BRH:7
end_of_record
